[ 2026-05-25 23:59:01,856 ] 21 root - INFO - Data Ingestion Started
[ 2026-05-25 23:59:01,856 ] 41 root - INFO - Fetching gdp
[ 2026-05-25 23:59:01,941 ] 110 root - INFO - Saved gdp_raw.csv
[ 2026-05-25 23:59:01,941 ] 41 root - INFO - Fetching gdp_per_capita
[ 2026-05-25 23:59:02,043 ] 110 root - INFO - Saved gdp_per_capita_raw.csv
[ 2026-05-25 23:59:02,043 ] 41 root - INFO - Fetching population
[ 2026-05-25 23:59:02,119 ] 110 root - INFO - Saved population_raw.csv
[ 2026-05-25 23:59:02,120 ] 41 root - INFO - Fetching inflation
[ 2026-05-25 23:59:02,197 ] 110 root - INFO - Saved inflation_raw.csv
[ 2026-05-25 23:59:02,205 ] 41 root - INFO - Fetching unemployment
[ 2026-05-25 23:59:02,298 ] 110 root - INFO - Saved unemployment_raw.csv
[ 2026-05-25 23:59:02,298 ] 41 root - INFO - Fetching life_expectancy
[ 2026-05-25 23:59:02,380 ] 110 root - INFO - Saved life_expectancy_raw.csv
[ 2026-05-25 23:59:02,380 ] 41 root - INFO - Fetching exports
[ 2026-05-25 23:59:02,445 ] 110 root - INFO - Saved exports_raw.csv
[ 2026-05-25 23:59:02,445 ] 41 root - INFO - Fetching imports
[ 2026-05-25 23:59:02,526 ] 110 root - INFO - Saved imports_raw.csv
[ 2026-05-25 23:59:02,526 ] 41 root - INFO - Fetching forex_reserves
[ 2026-05-25 23:59:02,609 ] 110 root - INFO - Saved forex_reserves_raw.csv
[ 2026-05-25 23:59:02,609 ] 41 root - INFO - Fetching agriculture
[ 2026-05-25 23:59:02,690 ] 110 root - INFO - Saved agriculture_raw.csv
[ 2026-05-25 23:59:02,690 ] 41 root - INFO - Fetching industry
[ 2026-05-25 23:59:02,813 ] 110 root - INFO - Saved industry_raw.csv
[ 2026-05-25 23:59:02,814 ] 41 root - INFO - Fetching services
[ 2026-05-25 23:59:02,897 ] 110 root - INFO - Saved services_raw.csv
[ 2026-05-25 23:59:02,897 ] 41 root - INFO - Fetching trade_percent_gdp
[ 2026-05-25 23:59:02,992 ] 110 root - INFO - Saved trade_percent_gdp_raw.csv
[ 2026-05-25 23:59:02,992 ] 41 root - INFO - Fetching fdi
[ 2026-05-25 23:59:03,100 ] 110 root - INFO - Saved fdi_raw.csv
[ 2026-05-25 23:59:03,100 ] 41 root - INFO - Fetching interest_rate
[ 2026-05-25 23:59:03,200 ] 110 root - INFO - Saved interest_rate_raw.csv
[ 2026-05-25 23:59:03,200 ] 41 root - INFO - Fetching current_account_balance
[ 2026-05-25 23:59:03,269 ] 110 root - INFO - Saved current_account_balance_raw.csv
[ 2026-05-25 23:59:03,269 ] 41 root - INFO - Fetching population_growth
[ 2026-05-25 23:59:03,368 ] 110 root - INFO - Saved population_growth_raw.csv
[ 2026-05-25 23:59:03,368 ] 41 root - INFO - Fetching urbanization
[ 2026-05-25 23:59:03,467 ] 110 root - INFO - Saved urbanization_raw.csv
[ 2026-05-25 23:59:03,467 ] 41 root - INFO - Fetching birth_rate
[ 2026-05-25 23:59:03,568 ] 110 root - INFO - Saved birth_rate_raw.csv
[ 2026-05-25 23:59:03,568 ] 41 root - INFO - Fetching death_rate
[ 2026-05-25 23:59:03,665 ] 110 root - INFO - Saved death_rate_raw.csv
[ 2026-05-25 23:59:03,665 ] 41 root - INFO - Fetching population_density
[ 2026-05-25 23:59:03,895 ] 110 root - INFO - Saved population_density_raw.csv
[ 2026-05-25 23:59:03,895 ] 41 root - INFO - Fetching literacy_rate
[ 2026-05-25 23:59:03,982 ] 110 root - INFO - Saved literacy_rate_raw.csv
[ 2026-05-25 23:59:03,983 ] 41 root - INFO - Fetching internet_users
[ 2026-05-25 23:59:04,066 ] 110 root - INFO - Saved internet_users_raw.csv
[ 2026-05-25 23:59:04,066 ] 41 root - INFO - Fetching mobile_subscriptions
[ 2026-05-25 23:59:04,156 ] 110 root - INFO - Saved mobile_subscriptions_raw.csv
[ 2026-05-25 23:59:04,157 ] 41 root - INFO - Fetching broadband_subscriptions
[ 2026-05-25 23:59:04,238 ] 110 root - INFO - Saved broadband_subscriptions_raw.csv
[ 2026-05-25 23:59:04,238 ] 41 root - INFO - Fetching secure_servers
[ 2026-05-25 23:59:04,351 ] 110 root - INFO - Saved secure_servers_raw.csv
[ 2026-05-25 23:59:04,351 ] 41 root - INFO - Fetching high_tech_exports
[ 2026-05-25 23:59:04,426 ] 110 root - INFO - Saved high_tech_exports_raw.csv
[ 2026-05-25 23:59:04,426 ] 41 root - INFO - Fetching rnd_expenditure
[ 2026-05-25 23:59:04,530 ] 110 root - INFO - Saved rnd_expenditure_raw.csv
[ 2026-05-25 23:59:04,530 ] 41 root - INFO - Fetching renewable_energy
[ 2026-05-25 23:59:04,680 ] 110 root - INFO - Saved renewable_energy_raw.csv
[ 2026-05-25 23:59:04,680 ] 41 root - INFO - Fetching forest_area
[ 2026-05-25 23:59:04,810 ] 110 root - INFO - Saved forest_area_raw.csv
[ 2026-05-25 23:59:04,811 ] 41 root - INFO - Fetching air_pollution
[ 2026-05-25 23:59:04,967 ] 110 root - INFO - Saved air_pollution_raw.csv
[ 2026-05-25 23:59:04,967 ] 41 root - INFO - Fetching electricity_access
[ 2026-05-25 23:59:05,049 ] 110 root - INFO - Saved electricity_access_raw.csv
[ 2026-05-25 23:59:05,049 ] 41 root - INFO - Fetching military_expenditure
[ 2026-05-25 23:59:05,155 ] 110 root - INFO - Saved military_expenditure_raw.csv
[ 2026-05-25 23:59:05,155 ] 41 root - INFO - Fetching military_percent_gdp
[ 2026-05-25 23:59:05,563 ] 110 root - INFO - Saved military_percent_gdp_raw.csv
[ 2026-05-25 23:59:05,563 ] 41 root - INFO - Fetching armed_forces_personnel
[ 2026-05-25 23:59:05,651 ] 110 root - INFO - Saved armed_forces_personnel_raw.csv
[ 2026-05-25 23:59:05,655 ] 23 root - INFO - Data Ingestion Completed
[ 2026-05-25 23:59:05,657 ] 22 root - INFO - Loading data from artifacts\data_ingestion\raw_data\gdp_raw.csv
[ 2026-05-25 23:59:05,663 ] 26 root - INFO - Data loaded successfully
[ 2026-05-25 23:59:05,663 ] 396 root - INFO - Starting preprocessing pipeline
[ 2026-05-25 23:59:05,663 ] 53 root - INFO - Schema validation successful
[ 2026-05-25 23:59:05,664 ] 65 root - INFO - Standardizing columns
[ 2026-05-25 23:59:05,674 ] 94 root - INFO - Column standardization completed
[ 2026-05-25 23:59:05,674 ] 108 root - INFO - Converting datatypes
[ 2026-05-25 23:59:05,676 ] 125 root - INFO - Datatype conversion completed
[ 2026-05-25 23:59:05,676 ] 139 root - INFO - Handling missing values
[ 2026-05-25 23:59:05,684 ] 156 root - INFO - Missing value handling completed from (66, 5) to (65, 5)
[ 2026-05-25 23:59:05,684 ] 174 root - INFO - Removing duplicates
[ 2026-05-25 23:59:05,688 ] 188 root - INFO - Duplicates removed from (65, 5) to (65, 5)
[ 2026-05-25 23:59:05,688 ] 208 root - INFO - Filtering valid years
[ 2026-05-25 23:59:05,690 ] 217 root - INFO - Year filtering completed
[ 2026-05-25 23:59:05,691 ] 231 root - INFO - Sorting dataframe
[ 2026-05-25 23:59:05,696 ] 242 root - INFO - Sorting completed
[ 2026-05-25 23:59:05,699 ] 432 root - INFO - Preprocessing pipeline completed
[ 2026-05-25 23:59:05,708 ] 382 root - INFO - Processed dataframe saved at artifacts\data_processing\processed_data\gdp_data.csv
[ 2026-05-25 23:59:05,710 ] 354 root - INFO - Metadata saved at artifacts\data_processing\metadata\gdp_metadata.json
[ 2026-05-25 23:59:05,711 ] 484 root - INFO - GDP processing completed
[ 2026-05-25 23:59:05,719 ] 22 root - INFO - Loading data from artifacts\data_ingestion\raw_data\gdp_per_capita_raw.csv
[ 2026-05-25 23:59:05,766 ] 26 root - INFO - Data loaded successfully
[ 2026-05-25 23:59:05,766 ] 396 root - INFO - Starting preprocessing pipeline
[ 2026-05-25 23:59:05,767 ] 53 root - INFO - Schema validation successful
[ 2026-05-25 23:59:05,767 ] 65 root - INFO - Standardizing columns
[ 2026-05-25 23:59:05,772 ] 94 root - INFO - Column standardization completed
[ 2026-05-25 23:59:05,773 ] 108 root - INFO - Converting datatypes
[ 2026-05-25 23:59:05,775 ] 125 root - INFO - Datatype conversion completed
[ 2026-05-25 23:59:05,775 ] 139 root - INFO - Handling missing values
[ 2026-05-25 23:59:05,782 ] 156 root - INFO - Missing value handling completed from (66, 5) to (65, 5)
[ 2026-05-25 23:59:05,782 ] 174 root - INFO - Removing duplicates
[ 2026-05-25 23:59:05,785 ] 188 root - INFO - Duplicates removed from (65, 5) to (65, 5)
[ 2026-05-25 23:59:05,785 ] 208 root - INFO - Filtering valid years
[ 2026-05-25 23:59:05,788 ] 217 root - INFO - Year filtering completed
[ 2026-05-25 23:59:05,788 ] 231 root - INFO - Sorting dataframe
[ 2026-05-25 23:59:05,815 ] 242 root - INFO - Sorting completed
[ 2026-05-25 23:59:05,818 ] 432 root - INFO - Preprocessing pipeline completed
[ 2026-05-25 23:59:05,831 ] 382 root - INFO - Processed dataframe saved at artifacts\data_processing\processed_data\gdp_per_capita_data.csv
[ 2026-05-25 23:59:05,839 ] 354 root - INFO - Metadata saved at artifacts\data_processing\metadata\gdp_per_capita_metadata.json
[ 2026-05-25 23:59:05,840 ] 484 root - INFO - GDP_Per_Capita processing completed
[ 2026-05-25 23:59:05,851 ] 22 root - INFO - Loading data from artifacts\data_ingestion\raw_data\inflation_raw.csv
[ 2026-05-25 23:59:05,879 ] 26 root - INFO - Data loaded successfully
[ 2026-05-25 23:59:05,879 ] 396 root - INFO - Starting preprocessing pipeline
[ 2026-05-25 23:59:05,880 ] 53 root - INFO - Schema validation successful
[ 2026-05-25 23:59:05,880 ] 65 root - INFO - Standardizing columns
[ 2026-05-25 23:59:05,885 ] 94 root - INFO - Column standardization completed
[ 2026-05-25 23:59:05,885 ] 108 root - INFO - Converting datatypes
[ 2026-05-25 23:59:05,891 ] 125 root - INFO - Datatype conversion completed
[ 2026-05-25 23:59:05,891 ] 139 root - INFO - Handling missing values
[ 2026-05-25 23:59:05,904 ] 156 root - INFO - Missing value handling completed from (66, 5) to (65, 5)
[ 2026-05-25 23:59:05,905 ] 174 root - INFO - Removing duplicates
[ 2026-05-25 23:59:05,911 ] 188 root - INFO - Duplicates removed from (65, 5) to (65, 5)
[ 2026-05-25 23:59:05,912 ] 208 root - INFO - Filtering valid years
[ 2026-05-25 23:59:05,914 ] 217 root - INFO - Year filtering completed
[ 2026-05-25 23:59:05,914 ] 231 root - INFO - Sorting dataframe
[ 2026-05-25 23:59:05,924 ] 242 root - INFO - Sorting completed
[ 2026-05-25 23:59:05,927 ] 432 root - INFO - Preprocessing pipeline completed
[ 2026-05-25 23:59:05,939 ] 382 root - INFO - Processed dataframe saved at artifacts\data_processing\processed_data\inflation_data.csv
[ 2026-05-25 23:59:05,942 ] 354 root - INFO - Metadata saved at artifacts\data_processing\metadata\inflation_metadata.json
[ 2026-05-25 23:59:05,942 ] 484 root - INFO - Inflation processing completed
[ 2026-05-25 23:59:05,944 ] 22 root - INFO - Loading data from artifacts\data_ingestion\raw_data\interest_rate_raw.csv
[ 2026-05-25 23:59:05,954 ] 26 root - INFO - Data loaded successfully
[ 2026-05-25 23:59:05,954 ] 396 root - INFO - Starting preprocessing pipeline
[ 2026-05-25 23:59:05,954 ] 53 root - INFO - Schema validation successful
[ 2026-05-25 23:59:05,954 ] 65 root - INFO - Standardizing columns
[ 2026-05-25 23:59:05,958 ] 94 root - INFO - Column standardization completed
[ 2026-05-25 23:59:05,959 ] 108 root - INFO - Converting datatypes
[ 2026-05-25 23:59:05,960 ] 125 root - INFO - Datatype conversion completed
[ 2026-05-25 23:59:05,960 ] 139 root - INFO - Handling missing values
[ 2026-05-25 23:59:05,967 ] 156 root - INFO - Missing value handling completed from (66, 5) to (45, 5)
[ 2026-05-25 23:59:05,968 ] 174 root - INFO - Removing duplicates
[ 2026-05-25 23:59:05,970 ] 188 root - INFO - Duplicates removed from (45, 5) to (45, 5)
[ 2026-05-25 23:59:05,971 ] 208 root - INFO - Filtering valid years
[ 2026-05-25 23:59:05,972 ] 217 root - INFO - Year filtering completed
[ 2026-05-25 23:59:05,972 ] 231 root - INFO - Sorting dataframe
[ 2026-05-25 23:59:05,988 ] 242 root - INFO - Sorting completed
[ 2026-05-25 23:59:05,991 ] 432 root - INFO - Preprocessing pipeline completed
[ 2026-05-25 23:59:06,000 ] 382 root - INFO - Processed dataframe saved at artifacts\data_processing\processed_data\interest_rate_data.csv
[ 2026-05-25 23:59:06,007 ] 354 root - INFO - Metadata saved at artifacts\data_processing\metadata\interest_rate_metadata.json
[ 2026-05-25 23:59:06,008 ] 484 root - INFO - Interest_Rate processing completed
[ 2026-05-25 23:59:06,010 ] 22 root - INFO - Loading data from artifacts\data_ingestion\raw_data\forex_reserves_raw.csv
[ 2026-05-25 23:59:06,035 ] 26 root - INFO - Data loaded successfully
[ 2026-05-25 23:59:06,035 ] 396 root - INFO - Starting preprocessing pipeline
[ 2026-05-25 23:59:06,037 ] 53 root - INFO - Schema validation successful
[ 2026-05-25 23:59:06,038 ] 65 root - INFO - Standardizing columns
[ 2026-05-25 23:59:06,044 ] 94 root - INFO - Column standardization completed
[ 2026-05-25 23:59:06,044 ] 108 root - INFO - Converting datatypes
[ 2026-05-25 23:59:06,047 ] 125 root - INFO - Datatype conversion completed
[ 2026-05-25 23:59:06,047 ] 139 root - INFO - Handling missing values
[ 2026-05-25 23:59:06,058 ] 156 root - INFO - Missing value handling completed from (66, 5) to (65, 5)
[ 2026-05-25 23:59:06,058 ] 174 root - INFO - Removing duplicates
[ 2026-05-25 23:59:06,071 ] 188 root - INFO - Duplicates removed from (65, 5) to (65, 5)
[ 2026-05-25 23:59:06,072 ] 208 root - INFO - Filtering valid years
[ 2026-05-25 23:59:06,074 ] 217 root - INFO - Year filtering completed
[ 2026-05-25 23:59:06,075 ] 231 root - INFO - Sorting dataframe
[ 2026-05-25 23:59:06,084 ] 242 root - INFO - Sorting completed
[ 2026-05-25 23:59:06,092 ] 432 root - INFO - Preprocessing pipeline completed
[ 2026-05-25 23:59:06,105 ] 382 root - INFO - Processed dataframe saved at artifacts\data_processing\processed_data\forex_reserves_data.csv
[ 2026-05-25 23:59:06,109 ] 354 root - INFO - Metadata saved at artifacts\data_processing\metadata\forex_reserves_metadata.json
[ 2026-05-25 23:59:06,109 ] 484 root - INFO - Forex_Reserves processing completed
[ 2026-05-25 23:59:06,116 ] 22 root - INFO - Loading data from artifacts\data_ingestion\raw_data\current_account_balance_raw.csv
[ 2026-05-25 23:59:06,126 ] 26 root - INFO - Data loaded successfully
[ 2026-05-25 23:59:06,127 ] 396 root - INFO - Starting preprocessing pipeline
[ 2026-05-25 23:59:06,127 ] 53 root - INFO - Schema validation successful
[ 2026-05-25 23:59:06,128 ] 65 root - INFO - Standardizing columns
[ 2026-05-25 23:59:06,131 ] 94 root - INFO - Column standardization completed
[ 2026-05-25 23:59:06,131 ] 108 root - INFO - Converting datatypes
[ 2026-05-25 23:59:06,133 ] 125 root - INFO - Datatype conversion completed
[ 2026-05-25 23:59:06,133 ] 139 root - INFO - Handling missing values
[ 2026-05-25 23:59:06,142 ] 156 root - INFO - Missing value handling completed from (66, 5) to (50, 5)
[ 2026-05-25 23:59:06,142 ] 174 root - INFO - Removing duplicates
[ 2026-05-25 23:59:06,148 ] 188 root - INFO - Duplicates removed from (50, 5) to (50, 5)
[ 2026-05-25 23:59:06,148 ] 208 root - INFO - Filtering valid years
[ 2026-05-25 23:59:06,150 ] 217 root - INFO - Year filtering completed
[ 2026-05-25 23:59:06,150 ] 231 root - INFO - Sorting dataframe
[ 2026-05-25 23:59:06,156 ] 242 root - INFO - Sorting completed
[ 2026-05-25 23:59:06,159 ] 432 root - INFO - Preprocessing pipeline completed
[ 2026-05-25 23:59:06,167 ] 382 root - INFO - Processed dataframe saved at artifacts\data_processing\processed_data\current_account_balance_data.csv
[ 2026-05-25 23:59:06,170 ] 354 root - INFO - Metadata saved at artifacts\data_processing\metadata\current_account_balance_metadata.json
[ 2026-05-25 23:59:06,171 ] 484 root - INFO - Current_Account_Balance processing completed
[ 2026-05-25 23:59:06,175 ] 22 root - INFO - Loading data from artifacts\data_ingestion\raw_data\fdi_raw.csv
[ 2026-05-25 23:59:06,182 ] 26 root - INFO - Data loaded successfully
[ 2026-05-25 23:59:06,182 ] 396 root - INFO - Starting preprocessing pipeline
[ 2026-05-25 23:59:06,183 ] 53 root - INFO - Schema validation successful
[ 2026-05-25 23:59:06,183 ] 65 root - INFO - Standardizing columns
[ 2026-05-25 23:59:06,186 ] 94 root - INFO - Column standardization completed
[ 2026-05-25 23:59:06,186 ] 108 root - INFO - Converting datatypes
[ 2026-05-25 23:59:06,189 ] 125 root - INFO - Datatype conversion completed
[ 2026-05-25 23:59:06,189 ] 139 root - INFO - Handling missing values
[ 2026-05-25 23:59:06,195 ] 156 root - INFO - Missing value handling completed from (66, 5) to (55, 5)
[ 2026-05-25 23:59:06,195 ] 174 root - INFO - Removing duplicates
[ 2026-05-25 23:59:06,198 ] 188 root - INFO - Duplicates removed from (55, 5) to (55, 5)
[ 2026-05-25 23:59:06,198 ] 208 root - INFO - Filtering valid years
[ 2026-05-25 23:59:06,199 ] 217 root - INFO - Year filtering completed
[ 2026-05-25 23:59:06,199 ] 231 root - INFO - Sorting dataframe
[ 2026-05-25 23:59:06,203 ] 242 root - INFO - Sorting completed
[ 2026-05-25 23:59:06,207 ] 432 root - INFO - Preprocessing pipeline completed
[ 2026-05-25 23:59:06,215 ] 382 root - INFO - Processed dataframe saved at artifacts\data_processing\processed_data\fdi_data.csv
[ 2026-05-25 23:59:06,217 ] 354 root - INFO - Metadata saved at artifacts\data_processing\metadata\fdi_metadata.json
[ 2026-05-25 23:59:06,217 ] 484 root - INFO - FDI processing completed
[ 2026-05-25 23:59:06,221 ] 22 root - INFO - Loading data from artifacts\data_ingestion\raw_data\unemployment_raw.csv
[ 2026-05-25 23:59:06,227 ] 26 root - INFO - Data loaded successfully
[ 2026-05-25 23:59:06,227 ] 396 root - INFO - Starting preprocessing pipeline
[ 2026-05-25 23:59:06,227 ] 53 root - INFO - Schema validation successful
[ 2026-05-25 23:59:06,227 ] 65 root - INFO - Standardizing columns
[ 2026-05-25 23:59:06,230 ] 94 root - INFO - Column standardization completed
[ 2026-05-25 23:59:06,230 ] 108 root - INFO - Converting datatypes
[ 2026-05-25 23:59:06,231 ] 125 root - INFO - Datatype conversion completed
[ 2026-05-25 23:59:06,231 ] 139 root - INFO - Handling missing values
[ 2026-05-25 23:59:06,236 ] 156 root - INFO - Missing value handling completed from (66, 5) to (35, 5)
[ 2026-05-25 23:59:06,237 ] 174 root - INFO - Removing duplicates
[ 2026-05-25 23:59:06,239 ] 188 root - INFO - Duplicates removed from (35, 5) to (35, 5)
[ 2026-05-25 23:59:06,239 ] 208 root - INFO - Filtering valid years
[ 2026-05-25 23:59:06,240 ] 217 root - INFO - Year filtering completed
[ 2026-05-25 23:59:06,241 ] 231 root - INFO - Sorting dataframe
[ 2026-05-25 23:59:06,244 ] 242 root - INFO - Sorting completed
[ 2026-05-25 23:59:06,245 ] 432 root - INFO - Preprocessing pipeline completed
[ 2026-05-25 23:59:06,249 ] 382 root - INFO - Processed dataframe saved at artifacts\data_processing\processed_data\unemployment_data.csv
[ 2026-05-25 23:59:06,251 ] 354 root - INFO - Metadata saved at artifacts\data_processing\metadata\unemployment_metadata.json
[ 2026-05-25 23:59:06,251 ] 484 root - INFO - Unemployment processing completed
[ 2026-05-25 23:59:06,252 ] 22 root - INFO - Loading data from artifacts\data_ingestion\raw_data\population_raw.csv
[ 2026-05-25 23:59:06,257 ] 26 root - INFO - Data loaded successfully
[ 2026-05-25 23:59:06,257 ] 396 root - INFO - Starting preprocessing pipeline
[ 2026-05-25 23:59:06,257 ] 53 root - INFO - Schema validation successful
[ 2026-05-25 23:59:06,257 ] 65 root - INFO - Standardizing columns
[ 2026-05-25 23:59:06,261 ] 94 root - INFO - Column standardization completed
[ 2026-05-25 23:59:06,261 ] 108 root - INFO - Converting datatypes
[ 2026-05-25 23:59:06,262 ] 125 root - INFO - Datatype conversion completed
[ 2026-05-25 23:59:06,262 ] 139 root - INFO - Handling missing values
[ 2026-05-25 23:59:06,266 ] 156 root - INFO - Missing value handling completed from (66, 5) to (65, 5)
[ 2026-05-25 23:59:06,266 ] 174 root - INFO - Removing duplicates
[ 2026-05-25 23:59:06,267 ] 188 root - INFO - Duplicates removed from (65, 5) to (65, 5)
[ 2026-05-25 23:59:06,268 ] 208 root - INFO - Filtering valid years
[ 2026-05-25 23:59:06,268 ] 217 root - INFO - Year filtering completed
[ 2026-05-25 23:59:06,269 ] 231 root - INFO - Sorting dataframe
[ 2026-05-25 23:59:06,272 ] 242 root - INFO - Sorting completed
[ 2026-05-25 23:59:06,273 ] 432 root - INFO - Preprocessing pipeline completed
[ 2026-05-25 23:59:06,278 ] 382 root - INFO - Processed dataframe saved at artifacts\data_processing\processed_data\population_data.csv
[ 2026-05-25 23:59:06,279 ] 354 root - INFO - Metadata saved at artifacts\data_processing\metadata\population_metadata.json
[ 2026-05-25 23:59:06,279 ] 484 root - INFO - Population processing completed
[ 2026-05-25 23:59:06,280 ] 22 root - INFO - Loading data from artifacts\data_ingestion\raw_data\population_growth_raw.csv
[ 2026-05-25 23:59:06,286 ] 26 root - INFO - Data loaded successfully
[ 2026-05-25 23:59:06,286 ] 396 root - INFO - Starting preprocessing pipeline
[ 2026-05-25 23:59:06,286 ] 53 root - INFO - Schema validation successful
[ 2026-05-25 23:59:06,286 ] 65 root - INFO - Standardizing columns
[ 2026-05-25 23:59:06,288 ] 94 root - INFO - Column standardization completed
[ 2026-05-25 23:59:06,289 ] 108 root - INFO - Converting datatypes
[ 2026-05-25 23:59:06,289 ] 125 root - INFO - Datatype conversion completed
[ 2026-05-25 23:59:06,289 ] 139 root - INFO - Handling missing values
[ 2026-05-25 23:59:06,292 ] 156 root - INFO - Missing value handling completed from (66, 5) to (64, 5)
[ 2026-05-25 23:59:06,293 ] 174 root - INFO - Removing duplicates
[ 2026-05-25 23:59:06,294 ] 188 root - INFO - Duplicates removed from (64, 5) to (64, 5)
[ 2026-05-25 23:59:06,294 ] 208 root - INFO - Filtering valid years
[ 2026-05-25 23:59:06,295 ] 217 root - INFO - Year filtering completed
[ 2026-05-25 23:59:06,295 ] 231 root - INFO - Sorting dataframe
[ 2026-05-25 23:59:06,297 ] 242 root - INFO - Sorting completed
[ 2026-05-25 23:59:06,298 ] 432 root - INFO - Preprocessing pipeline completed
[ 2026-05-25 23:59:06,302 ] 382 root - INFO - Processed dataframe saved at artifacts\data_processing\processed_data\population_growth_data.csv
[ 2026-05-25 23:59:06,304 ] 354 root - INFO - Metadata saved at artifacts\data_processing\metadata\population_growth_metadata.json
[ 2026-05-25 23:59:06,304 ] 484 root - INFO - Population_Growth processing completed
[ 2026-05-25 23:59:06,306 ] 22 root - INFO - Loading data from artifacts\data_ingestion\raw_data\population_density_raw.csv
[ 2026-05-25 23:59:06,310 ] 26 root - INFO - Data loaded successfully
[ 2026-05-25 23:59:06,310 ] 396 root - INFO - Starting preprocessing pipeline
[ 2026-05-25 23:59:06,311 ] 53 root - INFO - Schema validation successful
[ 2026-05-25 23:59:06,311 ] 65 root - INFO - Standardizing columns
[ 2026-05-25 23:59:06,312 ] 94 root - INFO - Column standardization completed
[ 2026-05-25 23:59:06,312 ] 108 root - INFO - Converting datatypes
[ 2026-05-25 23:59:06,313 ] 125 root - INFO - Datatype conversion completed
[ 2026-05-25 23:59:06,313 ] 139 root - INFO - Handling missing values
[ 2026-05-25 23:59:06,316 ] 156 root - INFO - Missing value handling completed from (66, 5) to (63, 5)
[ 2026-05-25 23:59:06,316 ] 174 root - INFO - Removing duplicates
[ 2026-05-25 23:59:06,317 ] 188 root - INFO - Duplicates removed from (63, 5) to (63, 5)
[ 2026-05-25 23:59:06,318 ] 208 root - INFO - Filtering valid years
[ 2026-05-25 23:59:06,318 ] 217 root - INFO - Year filtering completed
[ 2026-05-25 23:59:06,318 ] 231 root - INFO - Sorting dataframe
[ 2026-05-25 23:59:06,321 ] 242 root - INFO - Sorting completed
[ 2026-05-25 23:59:06,323 ] 432 root - INFO - Preprocessing pipeline completed
[ 2026-05-25 23:59:06,327 ] 382 root - INFO - Processed dataframe saved at artifacts\data_processing\processed_data\population_density_data.csv
[ 2026-05-25 23:59:06,329 ] 354 root - INFO - Metadata saved at artifacts\data_processing\metadata\population_density_metadata.json
[ 2026-05-25 23:59:06,329 ] 484 root - INFO - Population_Density processing completed
[ 2026-05-25 23:59:06,331 ] 22 root - INFO - Loading data from artifacts\data_ingestion\raw_data\urbanization_raw.csv
[ 2026-05-25 23:59:06,336 ] 26 root - INFO - Data loaded successfully
[ 2026-05-25 23:59:06,337 ] 396 root - INFO - Starting preprocessing pipeline
[ 2026-05-25 23:59:06,337 ] 53 root - INFO - Schema validation successful
[ 2026-05-25 23:59:06,338 ] 65 root - INFO - Standardizing columns
[ 2026-05-25 23:59:06,340 ] 94 root - INFO - Column standardization completed
[ 2026-05-25 23:59:06,340 ] 108 root - INFO - Converting datatypes
[ 2026-05-25 23:59:06,341 ] 125 root - INFO - Datatype conversion completed
[ 2026-05-25 23:59:06,341 ] 139 root - INFO - Handling missing values
[ 2026-05-25 23:59:06,344 ] 156 root - INFO - Missing value handling completed from (66, 5) to (65, 5)
[ 2026-05-25 23:59:06,344 ] 174 root - INFO - Removing duplicates
[ 2026-05-25 23:59:06,346 ] 188 root - INFO - Duplicates removed from (65, 5) to (65, 5)
[ 2026-05-25 23:59:06,346 ] 208 root - INFO - Filtering valid years
[ 2026-05-25 23:59:06,347 ] 217 root - INFO - Year filtering completed
[ 2026-05-25 23:59:06,347 ] 231 root - INFO - Sorting dataframe
[ 2026-05-25 23:59:06,349 ] 242 root - INFO - Sorting completed
[ 2026-05-25 23:59:06,350 ] 432 root - INFO - Preprocessing pipeline completed
[ 2026-05-25 23:59:06,354 ] 382 root - INFO - Processed dataframe saved at artifacts\data_processing\processed_data\urbanization_data.csv
[ 2026-05-25 23:59:06,355 ] 354 root - INFO - Metadata saved at artifacts\data_processing\metadata\urbanization_metadata.json
[ 2026-05-25 23:59:06,355 ] 484 root - INFO - Urbanization processing completed
[ 2026-05-25 23:59:06,356 ] 22 root - INFO - Loading data from artifacts\data_ingestion\raw_data\birth_rate_raw.csv
[ 2026-05-25 23:59:06,360 ] 26 root - INFO - Data loaded successfully
[ 2026-05-25 23:59:06,360 ] 396 root - INFO - Starting preprocessing pipeline
[ 2026-05-25 23:59:06,361 ] 53 root - INFO - Schema validation successful
[ 2026-05-25 23:59:06,361 ] 65 root - INFO - Standardizing columns
[ 2026-05-25 23:59:06,362 ] 94 root - INFO - Column standardization completed
[ 2026-05-25 23:59:06,362 ] 108 root - INFO - Converting datatypes
[ 2026-05-25 23:59:06,363 ] 125 root - INFO - Datatype conversion completed
[ 2026-05-25 23:59:06,363 ] 139 root - INFO - Handling missing values
[ 2026-05-25 23:59:06,366 ] 156 root - INFO - Missing value handling completed from (66, 5) to (65, 5)
[ 2026-05-25 23:59:06,367 ] 174 root - INFO - Removing duplicates
[ 2026-05-25 23:59:06,368 ] 188 root - INFO - Duplicates removed from (65, 5) to (65, 5)
[ 2026-05-25 23:59:06,368 ] 208 root - INFO - Filtering valid years
[ 2026-05-25 23:59:06,369 ] 217 root - INFO - Year filtering completed
[ 2026-05-25 23:59:06,369 ] 231 root - INFO - Sorting dataframe
[ 2026-05-25 23:59:06,372 ] 242 root - INFO - Sorting completed
[ 2026-05-25 23:59:06,373 ] 432 root - INFO - Preprocessing pipeline completed
[ 2026-05-25 23:59:06,377 ] 382 root - INFO - Processed dataframe saved at artifacts\data_processing\processed_data\birth_rate_data.csv
[ 2026-05-25 23:59:06,379 ] 354 root - INFO - Metadata saved at artifacts\data_processing\metadata\birth_rate_metadata.json
[ 2026-05-25 23:59:06,379 ] 484 root - INFO - Birth_Rate processing completed
[ 2026-05-25 23:59:06,380 ] 22 root - INFO - Loading data from artifacts\data_ingestion\raw_data\death_rate_raw.csv
[ 2026-05-25 23:59:06,384 ] 26 root - INFO - Data loaded successfully
[ 2026-05-25 23:59:06,384 ] 396 root - INFO - Starting preprocessing pipeline
[ 2026-05-25 23:59:06,384 ] 53 root - INFO - Schema validation successful
[ 2026-05-25 23:59:06,386 ] 65 root - INFO - Standardizing columns
[ 2026-05-25 23:59:06,389 ] 94 root - INFO - Column standardization completed
[ 2026-05-25 23:59:06,389 ] 108 root - INFO - Converting datatypes
[ 2026-05-25 23:59:06,390 ] 125 root - INFO - Datatype conversion completed
[ 2026-05-25 23:59:06,390 ] 139 root - INFO - Handling missing values
[ 2026-05-25 23:59:06,395 ] 156 root - INFO - Missing value handling completed from (66, 5) to (65, 5)
[ 2026-05-25 23:59:06,395 ] 174 root - INFO - Removing duplicates
[ 2026-05-25 23:59:06,397 ] 188 root - INFO - Duplicates removed from (65, 5) to (65, 5)
[ 2026-05-25 23:59:06,397 ] 208 root - INFO - Filtering valid years
[ 2026-05-25 23:59:06,397 ] 217 root - INFO - Year filtering completed
[ 2026-05-25 23:59:06,398 ] 231 root - INFO - Sorting dataframe
[ 2026-05-25 23:59:06,400 ] 242 root - INFO - Sorting completed
[ 2026-05-25 23:59:06,402 ] 432 root - INFO - Preprocessing pipeline completed
[ 2026-05-25 23:59:06,407 ] 382 root - INFO - Processed dataframe saved at artifacts\data_processing\processed_data\death_rate_data.csv
[ 2026-05-25 23:59:06,409 ] 354 root - INFO - Metadata saved at artifacts\data_processing\metadata\death_rate_metadata.json
[ 2026-05-25 23:59:06,409 ] 484 root - INFO - Death_Rate processing completed
[ 2026-05-25 23:59:06,411 ] 22 root - INFO - Loading data from artifacts\data_ingestion\raw_data\life_expectancy_raw.csv
[ 2026-05-25 23:59:06,415 ] 26 root - INFO - Data loaded successfully
[ 2026-05-25 23:59:06,416 ] 396 root - INFO - Starting preprocessing pipeline
[ 2026-05-25 23:59:06,416 ] 53 root - INFO - Schema validation successful
[ 2026-05-25 23:59:06,416 ] 65 root - INFO - Standardizing columns
[ 2026-05-25 23:59:06,418 ] 94 root - INFO - Column standardization completed
[ 2026-05-25 23:59:06,418 ] 108 root - INFO - Converting datatypes
[ 2026-05-25 23:59:06,420 ] 125 root - INFO - Datatype conversion completed
[ 2026-05-25 23:59:06,420 ] 139 root - INFO - Handling missing values
[ 2026-05-25 23:59:06,424 ] 156 root - INFO - Missing value handling completed from (66, 5) to (65, 5)
[ 2026-05-25 23:59:06,424 ] 174 root - INFO - Removing duplicates
[ 2026-05-25 23:59:06,426 ] 188 root - INFO - Duplicates removed from (65, 5) to (65, 5)
[ 2026-05-25 23:59:06,426 ] 208 root - INFO - Filtering valid years
[ 2026-05-25 23:59:06,427 ] 217 root - INFO - Year filtering completed
[ 2026-05-25 23:59:06,427 ] 231 root - INFO - Sorting dataframe
[ 2026-05-25 23:59:06,431 ] 242 root - INFO - Sorting completed
[ 2026-05-25 23:59:06,432 ] 432 root - INFO - Preprocessing pipeline completed
[ 2026-05-25 23:59:06,437 ] 382 root - INFO - Processed dataframe saved at artifacts\data_processing\processed_data\life_expectancy_data.csv
[ 2026-05-25 23:59:06,438 ] 354 root - INFO - Metadata saved at artifacts\data_processing\metadata\life_expectancy_metadata.json
[ 2026-05-25 23:59:06,440 ] 484 root - INFO - Life_Expectancy processing completed
[ 2026-05-25 23:59:06,441 ] 22 root - INFO - Loading data from artifacts\data_ingestion\raw_data\literacy_rate_raw.csv
[ 2026-05-25 23:59:06,446 ] 26 root - INFO - Data loaded successfully
[ 2026-05-25 23:59:06,446 ] 396 root - INFO - Starting preprocessing pipeline
[ 2026-05-25 23:59:06,447 ] 53 root - INFO - Schema validation successful
[ 2026-05-25 23:59:06,447 ] 65 root - INFO - Standardizing columns
[ 2026-05-25 23:59:06,449 ] 94 root - INFO - Column standardization completed
[ 2026-05-25 23:59:06,449 ] 108 root - INFO - Converting datatypes
[ 2026-05-25 23:59:06,450 ] 125 root - INFO - Datatype conversion completed
[ 2026-05-25 23:59:06,450 ] 139 root - INFO - Handling missing values
[ 2026-05-25 23:59:06,455 ] 156 root - INFO - Missing value handling completed from (66, 5) to (14, 5)
[ 2026-05-25 23:59:06,455 ] 174 root - INFO - Removing duplicates
[ 2026-05-25 23:59:06,457 ] 188 root - INFO - Duplicates removed from (14, 5) to (14, 5)
[ 2026-05-25 23:59:06,457 ] 208 root - INFO - Filtering valid years
[ 2026-05-25 23:59:06,458 ] 217 root - INFO - Year filtering completed
[ 2026-05-25 23:59:06,458 ] 231 root - INFO - Sorting dataframe
[ 2026-05-25 23:59:06,460 ] 242 root - INFO - Sorting completed
[ 2026-05-25 23:59:06,462 ] 432 root - INFO - Preprocessing pipeline completed
[ 2026-05-25 23:59:06,467 ] 382 root - INFO - Processed dataframe saved at artifacts\data_processing\processed_data\literacy_rate_data.csv
[ 2026-05-25 23:59:06,469 ] 354 root - INFO - Metadata saved at artifacts\data_processing\metadata\literacy_rate_metadata.json
[ 2026-05-25 23:59:06,469 ] 484 root - INFO - Literacy_Rate processing completed
[ 2026-05-25 23:59:06,472 ] 22 root - INFO - Loading data from artifacts\data_ingestion\raw_data\exports_raw.csv
[ 2026-05-25 23:59:06,477 ] 26 root - INFO - Data loaded successfully
[ 2026-05-25 23:59:06,477 ] 396 root - INFO - Starting preprocessing pipeline
[ 2026-05-25 23:59:06,478 ] 53 root - INFO - Schema validation successful
[ 2026-05-25 23:59:06,478 ] 65 root - INFO - Standardizing columns
[ 2026-05-25 23:59:06,480 ] 94 root - INFO - Column standardization completed
[ 2026-05-25 23:59:06,480 ] 108 root - INFO - Converting datatypes
[ 2026-05-25 23:59:06,481 ] 125 root - INFO - Datatype conversion completed
[ 2026-05-25 23:59:06,481 ] 139 root - INFO - Handling missing values
[ 2026-05-25 23:59:06,485 ] 156 root - INFO - Missing value handling completed from (66, 5) to (65, 5)
[ 2026-05-25 23:59:06,485 ] 174 root - INFO - Removing duplicates
[ 2026-05-25 23:59:06,488 ] 188 root - INFO - Duplicates removed from (65, 5) to (65, 5)
[ 2026-05-25 23:59:06,488 ] 208 root - INFO - Filtering valid years
[ 2026-05-25 23:59:06,490 ] 217 root - INFO - Year filtering completed
[ 2026-05-25 23:59:06,490 ] 231 root - INFO - Sorting dataframe
[ 2026-05-25 23:59:06,493 ] 242 root - INFO - Sorting completed
[ 2026-05-25 23:59:06,494 ] 432 root - INFO - Preprocessing pipeline completed
[ 2026-05-25 23:59:06,498 ] 382 root - INFO - Processed dataframe saved at artifacts\data_processing\processed_data\exports_data.csv
[ 2026-05-25 23:59:06,500 ] 354 root - INFO - Metadata saved at artifacts\data_processing\metadata\exports_metadata.json
[ 2026-05-25 23:59:06,500 ] 484 root - INFO - Exports processing completed
[ 2026-05-25 23:59:06,502 ] 22 root - INFO - Loading data from artifacts\data_ingestion\raw_data\imports_raw.csv
[ 2026-05-25 23:59:06,507 ] 26 root - INFO - Data loaded successfully
[ 2026-05-25 23:59:06,507 ] 396 root - INFO - Starting preprocessing pipeline
[ 2026-05-25 23:59:06,508 ] 53 root - INFO - Schema validation successful
[ 2026-05-25 23:59:06,508 ] 65 root - INFO - Standardizing columns
[ 2026-05-25 23:59:06,510 ] 94 root - INFO - Column standardization completed
[ 2026-05-25 23:59:06,510 ] 108 root - INFO - Converting datatypes
[ 2026-05-25 23:59:06,510 ] 125 root - INFO - Datatype conversion completed
[ 2026-05-25 23:59:06,511 ] 139 root - INFO - Handling missing values
[ 2026-05-25 23:59:06,514 ] 156 root - INFO - Missing value handling completed from (66, 5) to (65, 5)
[ 2026-05-25 23:59:06,514 ] 174 root - INFO - Removing duplicates
[ 2026-05-25 23:59:06,515 ] 188 root - INFO - Duplicates removed from (65, 5) to (65, 5)
[ 2026-05-25 23:59:06,515 ] 208 root - INFO - Filtering valid years
[ 2026-05-25 23:59:06,516 ] 217 root - INFO - Year filtering completed
[ 2026-05-25 23:59:06,516 ] 231 root - INFO - Sorting dataframe
[ 2026-05-25 23:59:06,518 ] 242 root - INFO - Sorting completed
[ 2026-05-25 23:59:06,520 ] 432 root - INFO - Preprocessing pipeline completed
[ 2026-05-25 23:59:06,524 ] 382 root - INFO - Processed dataframe saved at artifacts\data_processing\processed_data\imports_data.csv
[ 2026-05-25 23:59:06,526 ] 354 root - INFO - Metadata saved at artifacts\data_processing\metadata\imports_metadata.json
[ 2026-05-25 23:59:06,526 ] 484 root - INFO - Imports processing completed
[ 2026-05-25 23:59:06,527 ] 22 root - INFO - Loading data from artifacts\data_ingestion\raw_data\trade_percent_gdp_raw.csv
[ 2026-05-25 23:59:06,531 ] 26 root - INFO - Data loaded successfully
[ 2026-05-25 23:59:06,531 ] 396 root - INFO - Starting preprocessing pipeline
[ 2026-05-25 23:59:06,531 ] 53 root - INFO - Schema validation successful
[ 2026-05-25 23:59:06,531 ] 65 root - INFO - Standardizing columns
[ 2026-05-25 23:59:06,533 ] 94 root - INFO - Column standardization completed
[ 2026-05-25 23:59:06,533 ] 108 root - INFO - Converting datatypes
[ 2026-05-25 23:59:06,534 ] 125 root - INFO - Datatype conversion completed
[ 2026-05-25 23:59:06,534 ] 139 root - INFO - Handling missing values
[ 2026-05-25 23:59:06,538 ] 156 root - INFO - Missing value handling completed from (66, 5) to (65, 5)
[ 2026-05-25 23:59:06,538 ] 174 root - INFO - Removing duplicates
[ 2026-05-25 23:59:06,540 ] 188 root - INFO - Duplicates removed from (65, 5) to (65, 5)
[ 2026-05-25 23:59:06,540 ] 208 root - INFO - Filtering valid years
[ 2026-05-25 23:59:06,540 ] 217 root - INFO - Year filtering completed
[ 2026-05-25 23:59:06,541 ] 231 root - INFO - Sorting dataframe
[ 2026-05-25 23:59:06,542 ] 242 root - INFO - Sorting completed
[ 2026-05-25 23:59:06,543 ] 432 root - INFO - Preprocessing pipeline completed
[ 2026-05-25 23:59:06,546 ] 382 root - INFO - Processed dataframe saved at artifacts\data_processing\processed_data\trade_percent_gdp_data.csv
[ 2026-05-25 23:59:06,547 ] 354 root - INFO - Metadata saved at artifacts\data_processing\metadata\trade_percent_gdp_metadata.json
[ 2026-05-25 23:59:06,547 ] 484 root - INFO - Trade_Percent_GDP processing completed
[ 2026-05-25 23:59:06,549 ] 22 root - INFO - Loading data from artifacts\data_ingestion\raw_data\high_tech_exports_raw.csv
[ 2026-05-25 23:59:06,552 ] 26 root - INFO - Data loaded successfully
[ 2026-05-25 23:59:06,553 ] 396 root - INFO - Starting preprocessing pipeline
[ 2026-05-25 23:59:06,553 ] 53 root - INFO - Schema validation successful
[ 2026-05-25 23:59:06,553 ] 65 root - INFO - Standardizing columns
[ 2026-05-25 23:59:06,555 ] 94 root - INFO - Column standardization completed
[ 2026-05-25 23:59:06,555 ] 108 root - INFO - Converting datatypes
[ 2026-05-25 23:59:06,556 ] 125 root - INFO - Datatype conversion completed
[ 2026-05-25 23:59:06,556 ] 139 root - INFO - Handling missing values
[ 2026-05-25 23:59:06,559 ] 156 root - INFO - Missing value handling completed from (66, 5) to (16, 5)
[ 2026-05-25 23:59:06,559 ] 174 root - INFO - Removing duplicates
[ 2026-05-25 23:59:06,560 ] 188 root - INFO - Duplicates removed from (16, 5) to (16, 5)
[ 2026-05-25 23:59:06,561 ] 208 root - INFO - Filtering valid years
[ 2026-05-25 23:59:06,561 ] 217 root - INFO - Year filtering completed
[ 2026-05-25 23:59:06,561 ] 231 root - INFO - Sorting dataframe
[ 2026-05-25 23:59:06,563 ] 242 root - INFO - Sorting completed
[ 2026-05-25 23:59:06,565 ] 432 root - INFO - Preprocessing pipeline completed
[ 2026-05-25 23:59:06,569 ] 382 root - INFO - Processed dataframe saved at artifacts\data_processing\processed_data\high_tech_exports_data.csv
[ 2026-05-25 23:59:06,570 ] 354 root - INFO - Metadata saved at artifacts\data_processing\metadata\high_tech_exports_metadata.json
[ 2026-05-25 23:59:06,570 ] 484 root - INFO - High_Tech_Exports processing completed
[ 2026-05-25 23:59:06,572 ] 22 root - INFO - Loading data from artifacts\data_ingestion\raw_data\internet_users_raw.csv
[ 2026-05-25 23:59:06,576 ] 26 root - INFO - Data loaded successfully
[ 2026-05-25 23:59:06,576 ] 396 root - INFO - Starting preprocessing pipeline
[ 2026-05-25 23:59:06,576 ] 53 root - INFO - Schema validation successful
[ 2026-05-25 23:59:06,576 ] 65 root - INFO - Standardizing columns
[ 2026-05-25 23:59:06,578 ] 94 root - INFO - Column standardization completed
[ 2026-05-25 23:59:06,578 ] 108 root - INFO - Converting datatypes
[ 2026-05-25 23:59:06,579 ] 125 root - INFO - Datatype conversion completed
[ 2026-05-25 23:59:06,579 ] 139 root - INFO - Handling missing values
[ 2026-05-25 23:59:06,582 ] 156 root - INFO - Missing value handling completed from (66, 5) to (35, 5)
[ 2026-05-25 23:59:06,582 ] 174 root - INFO - Removing duplicates
[ 2026-05-25 23:59:06,583 ] 188 root - INFO - Duplicates removed from (35, 5) to (35, 5)
[ 2026-05-25 23:59:06,583 ] 208 root - INFO - Filtering valid years
[ 2026-05-25 23:59:06,584 ] 217 root - INFO - Year filtering completed
[ 2026-05-25 23:59:06,584 ] 231 root - INFO - Sorting dataframe
[ 2026-05-25 23:59:06,586 ] 242 root - INFO - Sorting completed
[ 2026-05-25 23:59:06,587 ] 432 root - INFO - Preprocessing pipeline completed
[ 2026-05-25 23:59:06,591 ] 382 root - INFO - Processed dataframe saved at artifacts\data_processing\processed_data\internet_users_data.csv
[ 2026-05-25 23:59:06,593 ] 354 root - INFO - Metadata saved at artifacts\data_processing\metadata\internet_users_metadata.json
[ 2026-05-25 23:59:06,593 ] 484 root - INFO - Internet_Users processing completed
[ 2026-05-25 23:59:06,594 ] 22 root - INFO - Loading data from artifacts\data_ingestion\raw_data\mobile_subscriptions_raw.csv
[ 2026-05-25 23:59:06,598 ] 26 root - INFO - Data loaded successfully
[ 2026-05-25 23:59:06,599 ] 396 root - INFO - Starting preprocessing pipeline
[ 2026-05-25 23:59:06,599 ] 53 root - INFO - Schema validation successful
[ 2026-05-25 23:59:06,599 ] 65 root - INFO - Standardizing columns
[ 2026-05-25 23:59:06,601 ] 94 root - INFO - Column standardization completed
[ 2026-05-25 23:59:06,601 ] 108 root - INFO - Converting datatypes
[ 2026-05-25 23:59:06,602 ] 125 root - INFO - Datatype conversion completed
[ 2026-05-25 23:59:06,602 ] 139 root - INFO - Handling missing values
[ 2026-05-25 23:59:06,606 ] 156 root - INFO - Missing value handling completed from (66, 5) to (53, 5)
[ 2026-05-25 23:59:06,606 ] 174 root - INFO - Removing duplicates
[ 2026-05-25 23:59:06,607 ] 188 root - INFO - Duplicates removed from (53, 5) to (53, 5)
[ 2026-05-25 23:59:06,608 ] 208 root - INFO - Filtering valid years
[ 2026-05-25 23:59:06,608 ] 217 root - INFO - Year filtering completed
[ 2026-05-25 23:59:06,609 ] 231 root - INFO - Sorting dataframe
[ 2026-05-25 23:59:06,610 ] 242 root - INFO - Sorting completed
[ 2026-05-25 23:59:06,611 ] 432 root - INFO - Preprocessing pipeline completed
[ 2026-05-25 23:59:06,616 ] 382 root - INFO - Processed dataframe saved at artifacts\data_processing\processed_data\mobile_subscriptions_data.csv
[ 2026-05-25 23:59:06,618 ] 354 root - INFO - Metadata saved at artifacts\data_processing\metadata\mobile_subscriptions_metadata.json
[ 2026-05-25 23:59:06,618 ] 484 root - INFO - Mobile_Subscriptions processing completed
[ 2026-05-25 23:59:06,620 ] 22 root - INFO - Loading data from artifacts\data_ingestion\raw_data\broadband_subscriptions_raw.csv
[ 2026-05-25 23:59:06,624 ] 26 root - INFO - Data loaded successfully
[ 2026-05-25 23:59:06,624 ] 396 root - INFO - Starting preprocessing pipeline
[ 2026-05-25 23:59:06,624 ] 53 root - INFO - Schema validation successful
[ 2026-05-25 23:59:06,624 ] 65 root - INFO - Standardizing columns
[ 2026-05-25 23:59:06,626 ] 94 root - INFO - Column standardization completed
[ 2026-05-25 23:59:06,626 ] 108 root - INFO - Converting datatypes
[ 2026-05-25 23:59:06,627 ] 125 root - INFO - Datatype conversion completed
[ 2026-05-25 23:59:06,627 ] 139 root - INFO - Handling missing values
[ 2026-05-25 23:59:06,629 ] 156 root - INFO - Missing value handling completed from (66, 5) to (24, 5)
[ 2026-05-25 23:59:06,630 ] 174 root - INFO - Removing duplicates
[ 2026-05-25 23:59:06,630 ] 188 root - INFO - Duplicates removed from (24, 5) to (24, 5)
[ 2026-05-25 23:59:06,630 ] 208 root - INFO - Filtering valid years
[ 2026-05-25 23:59:06,631 ] 217 root - INFO - Year filtering completed
[ 2026-05-25 23:59:06,631 ] 231 root - INFO - Sorting dataframe
[ 2026-05-25 23:59:06,633 ] 242 root - INFO - Sorting completed
[ 2026-05-25 23:59:06,634 ] 432 root - INFO - Preprocessing pipeline completed
[ 2026-05-25 23:59:06,638 ] 382 root - INFO - Processed dataframe saved at artifacts\data_processing\processed_data\broadband_subscriptions_data.csv
[ 2026-05-25 23:59:06,639 ] 354 root - INFO - Metadata saved at artifacts\data_processing\metadata\broadband_subscriptions_metadata.json
[ 2026-05-25 23:59:06,639 ] 484 root - INFO - Broadband_Subscriptions processing completed
[ 2026-05-25 23:59:06,641 ] 22 root - INFO - Loading data from artifacts\data_ingestion\raw_data\secure_servers_raw.csv
[ 2026-05-25 23:59:06,644 ] 26 root - INFO - Data loaded successfully
[ 2026-05-25 23:59:06,644 ] 396 root - INFO - Starting preprocessing pipeline
[ 2026-05-25 23:59:06,644 ] 53 root - INFO - Schema validation successful
[ 2026-05-25 23:59:06,644 ] 65 root - INFO - Standardizing columns
[ 2026-05-25 23:59:06,646 ] 94 root - INFO - Column standardization completed
[ 2026-05-25 23:59:06,646 ] 108 root - INFO - Converting datatypes
[ 2026-05-25 23:59:06,647 ] 125 root - INFO - Datatype conversion completed
[ 2026-05-25 23:59:06,647 ] 139 root - INFO - Handling missing values
[ 2026-05-25 23:59:06,651 ] 156 root - INFO - Missing value handling completed from (66, 5) to (15, 5)
[ 2026-05-25 23:59:06,651 ] 174 root - INFO - Removing duplicates
[ 2026-05-25 23:59:06,652 ] 188 root - INFO - Duplicates removed from (15, 5) to (15, 5)
[ 2026-05-25 23:59:06,652 ] 208 root - INFO - Filtering valid years
[ 2026-05-25 23:59:06,653 ] 217 root - INFO - Year filtering completed
[ 2026-05-25 23:59:06,653 ] 231 root - INFO - Sorting dataframe
[ 2026-05-25 23:59:06,655 ] 242 root - INFO - Sorting completed
[ 2026-05-25 23:59:06,656 ] 432 root - INFO - Preprocessing pipeline completed
[ 2026-05-25 23:59:06,659 ] 382 root - INFO - Processed dataframe saved at artifacts\data_processing\processed_data\secure_servers_data.csv
[ 2026-05-25 23:59:06,660 ] 354 root - INFO - Metadata saved at artifacts\data_processing\metadata\secure_servers_metadata.json
[ 2026-05-25 23:59:06,660 ] 484 root - INFO - Secure_Servers processing completed
[ 2026-05-25 23:59:06,662 ] 22 root - INFO - Loading data from artifacts\data_ingestion\raw_data\rnd_expenditure_raw.csv
[ 2026-05-25 23:59:06,665 ] 26 root - INFO - Data loaded successfully
[ 2026-05-25 23:59:06,665 ] 396 root - INFO - Starting preprocessing pipeline
[ 2026-05-25 23:59:06,665 ] 53 root - INFO - Schema validation successful
[ 2026-05-25 23:59:06,665 ] 65 root - INFO - Standardizing columns
[ 2026-05-25 23:59:06,667 ] 94 root - INFO - Column standardization completed
[ 2026-05-25 23:59:06,667 ] 108 root - INFO - Converting datatypes
[ 2026-05-25 23:59:06,667 ] 125 root - INFO - Datatype conversion completed
[ 2026-05-25 23:59:06,667 ] 139 root - INFO - Handling missing values
[ 2026-05-25 23:59:06,671 ] 156 root - INFO - Missing value handling completed from (66, 5) to (25, 5)
[ 2026-05-25 23:59:06,671 ] 174 root - INFO - Removing duplicates
[ 2026-05-25 23:59:06,673 ] 188 root - INFO - Duplicates removed from (25, 5) to (25, 5)
[ 2026-05-25 23:59:06,673 ] 208 root - INFO - Filtering valid years
[ 2026-05-25 23:59:06,674 ] 217 root - INFO - Year filtering completed
[ 2026-05-25 23:59:06,674 ] 231 root - INFO - Sorting dataframe
[ 2026-05-25 23:59:06,675 ] 242 root - INFO - Sorting completed
[ 2026-05-25 23:59:06,677 ] 432 root - INFO - Preprocessing pipeline completed
[ 2026-05-25 23:59:06,680 ] 382 root - INFO - Processed dataframe saved at artifacts\data_processing\processed_data\rnd_expenditure_data.csv
[ 2026-05-25 23:59:06,682 ] 354 root - INFO - Metadata saved at artifacts\data_processing\metadata\rnd_expenditure_metadata.json
[ 2026-05-25 23:59:06,682 ] 484 root - INFO - RND_Expenditure processing completed
[ 2026-05-25 23:59:06,684 ] 22 root - INFO - Loading data from artifacts\data_ingestion\raw_data\air_pollution_raw.csv
[ 2026-05-25 23:59:06,691 ] 26 root - INFO - Data loaded successfully
[ 2026-05-25 23:59:06,691 ] 396 root - INFO - Starting preprocessing pipeline
[ 2026-05-25 23:59:06,691 ] 53 root - INFO - Schema validation successful
[ 2026-05-25 23:59:06,691 ] 65 root - INFO - Standardizing columns
[ 2026-05-25 23:59:06,694 ] 94 root - INFO - Column standardization completed
[ 2026-05-25 23:59:06,694 ] 108 root - INFO - Converting datatypes
[ 2026-05-25 23:59:06,695 ] 125 root - INFO - Datatype conversion completed
[ 2026-05-25 23:59:06,695 ] 139 root - INFO - Handling missing values
[ 2026-05-25 23:59:06,699 ] 156 root - INFO - Missing value handling completed from (66, 5) to (31, 5)
[ 2026-05-25 23:59:06,699 ] 174 root - INFO - Removing duplicates
[ 2026-05-25 23:59:06,701 ] 188 root - INFO - Duplicates removed from (31, 5) to (31, 5)
[ 2026-05-25 23:59:06,701 ] 208 root - INFO - Filtering valid years
[ 2026-05-25 23:59:06,702 ] 217 root - INFO - Year filtering completed
[ 2026-05-25 23:59:06,702 ] 231 root - INFO - Sorting dataframe
[ 2026-05-25 23:59:06,706 ] 242 root - INFO - Sorting completed
[ 2026-05-25 23:59:06,708 ] 432 root - INFO - Preprocessing pipeline completed
[ 2026-05-25 23:59:06,713 ] 382 root - INFO - Processed dataframe saved at artifacts\data_processing\processed_data\air_pollution_data.csv
[ 2026-05-25 23:59:06,715 ] 354 root - INFO - Metadata saved at artifacts\data_processing\metadata\air_pollution_metadata.json
[ 2026-05-25 23:59:06,715 ] 484 root - INFO - Air_Pollution processing completed
[ 2026-05-25 23:59:06,717 ] 22 root - INFO - Loading data from artifacts\data_ingestion\raw_data\forest_area_raw.csv
[ 2026-05-25 23:59:06,722 ] 26 root - INFO - Data loaded successfully
[ 2026-05-25 23:59:06,723 ] 396 root - INFO - Starting preprocessing pipeline
[ 2026-05-25 23:59:06,723 ] 53 root - INFO - Schema validation successful
[ 2026-05-25 23:59:06,723 ] 65 root - INFO - Standardizing columns
[ 2026-05-25 23:59:06,726 ] 94 root - INFO - Column standardization completed
[ 2026-05-25 23:59:06,726 ] 108 root - INFO - Converting datatypes
[ 2026-05-25 23:59:06,728 ] 125 root - INFO - Datatype conversion completed
[ 2026-05-25 23:59:06,728 ] 139 root - INFO - Handling missing values
[ 2026-05-25 23:59:06,737 ] 156 root - INFO - Missing value handling completed from (66, 5) to (34, 5)
[ 2026-05-25 23:59:06,737 ] 174 root - INFO - Removing duplicates
[ 2026-05-25 23:59:06,740 ] 188 root - INFO - Duplicates removed from (34, 5) to (34, 5)
[ 2026-05-25 23:59:06,740 ] 208 root - INFO - Filtering valid years
[ 2026-05-25 23:59:06,742 ] 217 root - INFO - Year filtering completed
[ 2026-05-25 23:59:06,742 ] 231 root - INFO - Sorting dataframe
[ 2026-05-25 23:59:06,746 ] 242 root - INFO - Sorting completed
[ 2026-05-25 23:59:06,750 ] 432 root - INFO - Preprocessing pipeline completed
[ 2026-05-25 23:59:06,756 ] 382 root - INFO - Processed dataframe saved at artifacts\data_processing\processed_data\forest_area_data.csv
[ 2026-05-25 23:59:06,759 ] 354 root - INFO - Metadata saved at artifacts\data_processing\metadata\forest_area_metadata.json
[ 2026-05-25 23:59:06,759 ] 484 root - INFO - Forest_Area processing completed
[ 2026-05-25 23:59:06,762 ] 22 root - INFO - Loading data from artifacts\data_ingestion\raw_data\renewable_energy_raw.csv
[ 2026-05-25 23:59:06,769 ] 26 root - INFO - Data loaded successfully
[ 2026-05-25 23:59:06,769 ] 396 root - INFO - Starting preprocessing pipeline
[ 2026-05-25 23:59:06,770 ] 53 root - INFO - Schema validation successful
[ 2026-05-25 23:59:06,771 ] 65 root - INFO - Standardizing columns
[ 2026-05-25 23:59:06,776 ] 94 root - INFO - Column standardization completed
[ 2026-05-25 23:59:06,776 ] 108 root - INFO - Converting datatypes
[ 2026-05-25 23:59:06,778 ] 125 root - INFO - Datatype conversion completed
[ 2026-05-25 23:59:06,778 ] 139 root - INFO - Handling missing values
[ 2026-05-25 23:59:06,786 ] 156 root - INFO - Missing value handling completed from (66, 5) to (32, 5)
[ 2026-05-25 23:59:06,786 ] 174 root - INFO - Removing duplicates
[ 2026-05-25 23:59:06,789 ] 188 root - INFO - Duplicates removed from (32, 5) to (32, 5)
[ 2026-05-25 23:59:06,789 ] 208 root - INFO - Filtering valid years
[ 2026-05-25 23:59:06,791 ] 217 root - INFO - Year filtering completed
[ 2026-05-25 23:59:06,791 ] 231 root - INFO - Sorting dataframe
[ 2026-05-25 23:59:06,796 ] 242 root - INFO - Sorting completed
[ 2026-05-25 23:59:06,799 ] 432 root - INFO - Preprocessing pipeline completed
[ 2026-05-25 23:59:06,805 ] 382 root - INFO - Processed dataframe saved at artifacts\data_processing\processed_data\renewable_energy_data.csv
[ 2026-05-25 23:59:06,808 ] 354 root - INFO - Metadata saved at artifacts\data_processing\metadata\renewable_energy_metadata.json
[ 2026-05-25 23:59:06,809 ] 484 root - INFO - Renewable_Energy processing completed
[ 2026-05-25 23:59:06,811 ] 22 root - INFO - Loading data from artifacts\data_ingestion\raw_data\electricity_access_raw.csv
[ 2026-05-25 23:59:06,816 ] 26 root - INFO - Data loaded successfully
[ 2026-05-25 23:59:06,816 ] 396 root - INFO - Starting preprocessing pipeline
[ 2026-05-25 23:59:06,817 ] 53 root - INFO - Schema validation successful
[ 2026-05-25 23:59:06,817 ] 65 root - INFO - Standardizing columns
[ 2026-05-25 23:59:06,820 ] 94 root - INFO - Column standardization completed
[ 2026-05-25 23:59:06,821 ] 108 root - INFO - Converting datatypes
[ 2026-05-25 23:59:06,823 ] 125 root - INFO - Datatype conversion completed
[ 2026-05-25 23:59:06,823 ] 139 root - INFO - Handling missing values
[ 2026-05-25 23:59:06,828 ] 156 root - INFO - Missing value handling completed from (66, 5) to (31, 5)
[ 2026-05-25 23:59:06,828 ] 174 root - INFO - Removing duplicates
[ 2026-05-25 23:59:06,830 ] 188 root - INFO - Duplicates removed from (31, 5) to (31, 5)
[ 2026-05-25 23:59:06,831 ] 208 root - INFO - Filtering valid years
[ 2026-05-25 23:59:06,832 ] 217 root - INFO - Year filtering completed
[ 2026-05-25 23:59:06,832 ] 231 root - INFO - Sorting dataframe
[ 2026-05-25 23:59:06,836 ] 242 root - INFO - Sorting completed
[ 2026-05-25 23:59:06,838 ] 432 root - INFO - Preprocessing pipeline completed
[ 2026-05-25 23:59:06,844 ] 382 root - INFO - Processed dataframe saved at artifacts\data_processing\processed_data\electricity_access_data.csv
[ 2026-05-25 23:59:06,845 ] 354 root - INFO - Metadata saved at artifacts\data_processing\metadata\electricity_access_metadata.json
[ 2026-05-25 23:59:06,845 ] 484 root - INFO - Electricity_Access processing completed
[ 2026-05-25 23:59:06,847 ] 22 root - INFO - Loading data from artifacts\data_ingestion\raw_data\agriculture_raw.csv
[ 2026-05-25 23:59:06,852 ] 26 root - INFO - Data loaded successfully
[ 2026-05-25 23:59:06,852 ] 396 root - INFO - Starting preprocessing pipeline
[ 2026-05-25 23:59:06,852 ] 53 root - INFO - Schema validation successful
[ 2026-05-25 23:59:06,853 ] 65 root - INFO - Standardizing columns
[ 2026-05-25 23:59:06,855 ] 94 root - INFO - Column standardization completed
[ 2026-05-25 23:59:06,855 ] 108 root - INFO - Converting datatypes
[ 2026-05-25 23:59:06,856 ] 125 root - INFO - Datatype conversion completed
[ 2026-05-25 23:59:06,856 ] 139 root - INFO - Handling missing values
[ 2026-05-25 23:59:06,860 ] 156 root - INFO - Missing value handling completed from (66, 5) to (65, 5)
[ 2026-05-25 23:59:06,861 ] 174 root - INFO - Removing duplicates
[ 2026-05-25 23:59:06,862 ] 188 root - INFO - Duplicates removed from (65, 5) to (65, 5)
[ 2026-05-25 23:59:06,862 ] 208 root - INFO - Filtering valid years
[ 2026-05-25 23:59:06,863 ] 217 root - INFO - Year filtering completed
[ 2026-05-25 23:59:06,863 ] 231 root - INFO - Sorting dataframe
[ 2026-05-25 23:59:06,865 ] 242 root - INFO - Sorting completed
[ 2026-05-25 23:59:06,867 ] 432 root - INFO - Preprocessing pipeline completed
[ 2026-05-25 23:59:06,871 ] 382 root - INFO - Processed dataframe saved at artifacts\data_processing\processed_data\agriculture_data.csv
[ 2026-05-25 23:59:06,873 ] 354 root - INFO - Metadata saved at artifacts\data_processing\metadata\agriculture_metadata.json
[ 2026-05-25 23:59:06,873 ] 484 root - INFO - Agriculture processing completed
[ 2026-05-25 23:59:06,874 ] 22 root - INFO - Loading data from artifacts\data_ingestion\raw_data\industry_raw.csv
[ 2026-05-25 23:59:06,878 ] 26 root - INFO - Data loaded successfully
[ 2026-05-25 23:59:06,879 ] 396 root - INFO - Starting preprocessing pipeline
[ 2026-05-25 23:59:06,879 ] 53 root - INFO - Schema validation successful
[ 2026-05-25 23:59:06,879 ] 65 root - INFO - Standardizing columns
[ 2026-05-25 23:59:06,881 ] 94 root - INFO - Column standardization completed
[ 2026-05-25 23:59:06,881 ] 108 root - INFO - Converting datatypes
[ 2026-05-25 23:59:06,881 ] 125 root - INFO - Datatype conversion completed
[ 2026-05-25 23:59:06,882 ] 139 root - INFO - Handling missing values
[ 2026-05-25 23:59:06,885 ] 156 root - INFO - Missing value handling completed from (66, 5) to (65, 5)
[ 2026-05-25 23:59:06,885 ] 174 root - INFO - Removing duplicates
[ 2026-05-25 23:59:06,886 ] 188 root - INFO - Duplicates removed from (65, 5) to (65, 5)
[ 2026-05-25 23:59:06,886 ] 208 root - INFO - Filtering valid years
[ 2026-05-25 23:59:06,887 ] 217 root - INFO - Year filtering completed
[ 2026-05-25 23:59:06,887 ] 231 root - INFO - Sorting dataframe
[ 2026-05-25 23:59:06,889 ] 242 root - INFO - Sorting completed
[ 2026-05-25 23:59:06,890 ] 432 root - INFO - Preprocessing pipeline completed
[ 2026-05-25 23:59:06,893 ] 382 root - INFO - Processed dataframe saved at artifacts\data_processing\processed_data\industry_data.csv
[ 2026-05-25 23:59:06,894 ] 354 root - INFO - Metadata saved at artifacts\data_processing\metadata\industry_metadata.json
[ 2026-05-25 23:59:06,894 ] 484 root - INFO - Industry processing completed
[ 2026-05-25 23:59:06,896 ] 22 root - INFO - Loading data from artifacts\data_ingestion\raw_data\services_raw.csv
[ 2026-05-25 23:59:06,899 ] 26 root - INFO - Data loaded successfully
[ 2026-05-25 23:59:06,899 ] 396 root - INFO - Starting preprocessing pipeline
[ 2026-05-25 23:59:06,899 ] 53 root - INFO - Schema validation successful
[ 2026-05-25 23:59:06,899 ] 65 root - INFO - Standardizing columns
[ 2026-05-25 23:59:06,901 ] 94 root - INFO - Column standardization completed
[ 2026-05-25 23:59:06,901 ] 108 root - INFO - Converting datatypes
[ 2026-05-25 23:59:06,902 ] 125 root - INFO - Datatype conversion completed
[ 2026-05-25 23:59:06,902 ] 139 root - INFO - Handling missing values
[ 2026-05-25 23:59:06,905 ] 156 root - INFO - Missing value handling completed from (66, 5) to (65, 5)
[ 2026-05-25 23:59:06,906 ] 174 root - INFO - Removing duplicates
[ 2026-05-25 23:59:06,907 ] 188 root - INFO - Duplicates removed from (65, 5) to (65, 5)
[ 2026-05-25 23:59:06,907 ] 208 root - INFO - Filtering valid years
[ 2026-05-25 23:59:06,908 ] 217 root - INFO - Year filtering completed
[ 2026-05-25 23:59:06,908 ] 231 root - INFO - Sorting dataframe
[ 2026-05-25 23:59:06,910 ] 242 root - INFO - Sorting completed
[ 2026-05-25 23:59:06,911 ] 432 root - INFO - Preprocessing pipeline completed
[ 2026-05-25 23:59:06,914 ] 382 root - INFO - Processed dataframe saved at artifacts\data_processing\processed_data\services_data.csv
[ 2026-05-25 23:59:06,915 ] 354 root - INFO - Metadata saved at artifacts\data_processing\metadata\services_metadata.json
[ 2026-05-25 23:59:06,915 ] 484 root - INFO - Services processing completed
[ 2026-05-25 23:59:06,916 ] 22 root - INFO - Loading data from artifacts\data_ingestion\raw_data\military_expenditure_raw.csv
[ 2026-05-25 23:59:06,919 ] 26 root - INFO - Data loaded successfully
[ 2026-05-25 23:59:06,919 ] 396 root - INFO - Starting preprocessing pipeline
[ 2026-05-25 23:59:06,919 ] 53 root - INFO - Schema validation successful
[ 2026-05-25 23:59:06,920 ] 65 root - INFO - Standardizing columns
[ 2026-05-25 23:59:06,921 ] 94 root - INFO - Column standardization completed
[ 2026-05-25 23:59:06,921 ] 108 root - INFO - Converting datatypes
[ 2026-05-25 23:59:06,922 ] 125 root - INFO - Datatype conversion completed
[ 2026-05-25 23:59:06,922 ] 139 root - INFO - Handling missing values
[ 2026-05-25 23:59:06,924 ] 156 root - INFO - Missing value handling completed from (66, 5) to (65, 5)
[ 2026-05-25 23:59:06,924 ] 174 root - INFO - Removing duplicates
[ 2026-05-25 23:59:06,925 ] 188 root - INFO - Duplicates removed from (65, 5) to (65, 5)
[ 2026-05-25 23:59:06,925 ] 208 root - INFO - Filtering valid years
[ 2026-05-25 23:59:06,925 ] 217 root - INFO - Year filtering completed
[ 2026-05-25 23:59:06,926 ] 231 root - INFO - Sorting dataframe
[ 2026-05-25 23:59:06,927 ] 242 root - INFO - Sorting completed
[ 2026-05-25 23:59:06,928 ] 432 root - INFO - Preprocessing pipeline completed
[ 2026-05-25 23:59:06,931 ] 382 root - INFO - Processed dataframe saved at artifacts\data_processing\processed_data\military_expenditure_data.csv
[ 2026-05-25 23:59:06,932 ] 354 root - INFO - Metadata saved at artifacts\data_processing\metadata\military_expenditure_metadata.json
[ 2026-05-25 23:59:06,932 ] 484 root - INFO - Military_Expenditure processing completed
[ 2026-05-25 23:59:06,933 ] 22 root - INFO - Loading data from artifacts\data_ingestion\raw_data\military_percent_gdp_raw.csv
[ 2026-05-25 23:59:06,937 ] 26 root - INFO - Data loaded successfully
[ 2026-05-25 23:59:06,937 ] 396 root - INFO - Starting preprocessing pipeline
[ 2026-05-25 23:59:06,937 ] 53 root - INFO - Schema validation successful
[ 2026-05-25 23:59:06,937 ] 65 root - INFO - Standardizing columns
[ 2026-05-25 23:59:06,938 ] 94 root - INFO - Column standardization completed
[ 2026-05-25 23:59:06,938 ] 108 root - INFO - Converting datatypes
[ 2026-05-25 23:59:06,939 ] 125 root - INFO - Datatype conversion completed
[ 2026-05-25 23:59:06,939 ] 139 root - INFO - Handling missing values
[ 2026-05-25 23:59:06,941 ] 156 root - INFO - Missing value handling completed from (66, 5) to (65, 5)
[ 2026-05-25 23:59:06,941 ] 174 root - INFO - Removing duplicates
[ 2026-05-25 23:59:06,942 ] 188 root - INFO - Duplicates removed from (65, 5) to (65, 5)
[ 2026-05-25 23:59:06,942 ] 208 root - INFO - Filtering valid years
[ 2026-05-25 23:59:06,943 ] 217 root - INFO - Year filtering completed
[ 2026-05-25 23:59:06,943 ] 231 root - INFO - Sorting dataframe
[ 2026-05-25 23:59:06,944 ] 242 root - INFO - Sorting completed
[ 2026-05-25 23:59:06,945 ] 432 root - INFO - Preprocessing pipeline completed
[ 2026-05-25 23:59:06,947 ] 382 root - INFO - Processed dataframe saved at artifacts\data_processing\processed_data\military_percent_gdp_data.csv
[ 2026-05-25 23:59:06,948 ] 354 root - INFO - Metadata saved at artifacts\data_processing\metadata\military_percent_gdp_metadata.json
[ 2026-05-25 23:59:06,948 ] 484 root - INFO - Military_Percent_GDP processing completed
[ 2026-05-25 23:59:06,950 ] 22 root - INFO - Loading data from artifacts\data_ingestion\raw_data\armed_forces_personnel_raw.csv
[ 2026-05-25 23:59:06,953 ] 26 root - INFO - Data loaded successfully
[ 2026-05-25 23:59:06,953 ] 396 root - INFO - Starting preprocessing pipeline
[ 2026-05-25 23:59:06,953 ] 53 root - INFO - Schema validation successful
[ 2026-05-25 23:59:06,953 ] 65 root - INFO - Standardizing columns
[ 2026-05-25 23:59:06,955 ] 94 root - INFO - Column standardization completed
[ 2026-05-25 23:59:06,955 ] 108 root - INFO - Converting datatypes
[ 2026-05-25 23:59:06,956 ] 125 root - INFO - Datatype conversion completed
[ 2026-05-25 23:59:06,956 ] 139 root - INFO - Handling missing values
[ 2026-05-25 23:59:06,958 ] 156 root - INFO - Missing value handling completed from (66, 5) to (33, 5)
[ 2026-05-25 23:59:06,958 ] 174 root - INFO - Removing duplicates
[ 2026-05-25 23:59:06,959 ] 188 root - INFO - Duplicates removed from (33, 5) to (33, 5)
[ 2026-05-25 23:59:06,959 ] 208 root - INFO - Filtering valid years
[ 2026-05-25 23:59:06,959 ] 217 root - INFO - Year filtering completed
[ 2026-05-25 23:59:06,959 ] 231 root - INFO - Sorting dataframe
[ 2026-05-25 23:59:06,960 ] 242 root - INFO - Sorting completed
[ 2026-05-25 23:59:06,961 ] 432 root - INFO - Preprocessing pipeline completed
[ 2026-05-25 23:59:06,963 ] 382 root - INFO - Processed dataframe saved at artifacts\data_processing\processed_data\armed_forces_personnel_data.csv
[ 2026-05-25 23:59:06,964 ] 354 root - INFO - Metadata saved at artifacts\data_processing\metadata\armed_forces_personnel_metadata.json
[ 2026-05-25 23:59:06,965 ] 484 root - INFO - Armed_Forces_Personnel processing completed
[ 2026-05-25 23:59:06,965 ] 46 root - INFO - Economy Section Processing Started
