[ 2026-05-25 22:30:23,681 ] 20 root - INFO - Data Ingestion Started
[ 2026-05-25 22:30:23,681 ] 41 root - INFO - Fetching gdp
[ 2026-05-25 22:30:23,812 ] 110 root - INFO - Saved gdp_raw.csv
[ 2026-05-25 22:30:23,812 ] 41 root - INFO - Fetching gdp_per_capita
[ 2026-05-25 22:30:23,930 ] 110 root - INFO - Saved gdp_per_capita_raw.csv
[ 2026-05-25 22:30:23,930 ] 41 root - INFO - Fetching population
[ 2026-05-25 22:30:24,058 ] 110 root - INFO - Saved population_raw.csv
[ 2026-05-25 22:30:24,058 ] 41 root - INFO - Fetching inflation
[ 2026-05-25 22:30:24,167 ] 110 root - INFO - Saved inflation_raw.csv
[ 2026-05-25 22:30:24,168 ] 41 root - INFO - Fetching unemployment
[ 2026-05-25 22:30:24,256 ] 110 root - INFO - Saved unemployment_raw.csv
[ 2026-05-25 22:30:24,256 ] 41 root - INFO - Fetching life_expectancy
[ 2026-05-25 22:30:24,357 ] 110 root - INFO - Saved life_expectancy_raw.csv
[ 2026-05-25 22:30:24,357 ] 41 root - INFO - Fetching exports
[ 2026-05-25 22:30:24,452 ] 110 root - INFO - Saved exports_raw.csv
[ 2026-05-25 22:30:24,452 ] 41 root - INFO - Fetching imports
[ 2026-05-25 22:30:24,522 ] 110 root - INFO - Saved imports_raw.csv
[ 2026-05-25 22:30:24,522 ] 41 root - INFO - Fetching forex_reserves
[ 2026-05-25 22:30:24,600 ] 110 root - INFO - Saved forex_reserves_raw.csv
[ 2026-05-25 22:30:24,600 ] 41 root - INFO - Fetching agriculture
[ 2026-05-25 22:30:24,676 ] 110 root - INFO - Saved agriculture_raw.csv
[ 2026-05-25 22:30:24,676 ] 41 root - INFO - Fetching industry
[ 2026-05-25 22:30:24,797 ] 110 root - INFO - Saved industry_raw.csv
[ 2026-05-25 22:30:24,797 ] 41 root - INFO - Fetching services
[ 2026-05-25 22:30:24,974 ] 110 root - INFO - Saved services_raw.csv
[ 2026-05-25 22:30:24,974 ] 41 root - INFO - Fetching trade_percent_gdp
[ 2026-05-25 22:30:25,115 ] 110 root - INFO - Saved trade_percent_gdp_raw.csv
[ 2026-05-25 22:30:25,115 ] 41 root - INFO - Fetching fdi
[ 2026-05-25 22:30:25,236 ] 110 root - INFO - Saved fdi_raw.csv
[ 2026-05-25 22:30:25,236 ] 41 root - INFO - Fetching interest_rate
[ 2026-05-25 22:30:25,341 ] 110 root - INFO - Saved interest_rate_raw.csv
[ 2026-05-25 22:30:25,341 ] 41 root - INFO - Fetching current_account_balance
[ 2026-05-25 22:30:25,463 ] 110 root - INFO - Saved current_account_balance_raw.csv
[ 2026-05-25 22:30:25,463 ] 41 root - INFO - Fetching population_growth
[ 2026-05-25 22:30:25,539 ] 110 root - INFO - Saved population_growth_raw.csv
[ 2026-05-25 22:30:25,540 ] 41 root - INFO - Fetching urbanization
[ 2026-05-25 22:30:25,620 ] 110 root - INFO - Saved urbanization_raw.csv
[ 2026-05-25 22:30:25,620 ] 41 root - INFO - Fetching birth_rate
[ 2026-05-25 22:30:25,698 ] 110 root - INFO - Saved birth_rate_raw.csv
[ 2026-05-25 22:30:25,698 ] 41 root - INFO - Fetching death_rate
[ 2026-05-25 22:30:25,789 ] 110 root - INFO - Saved death_rate_raw.csv
[ 2026-05-25 22:30:25,789 ] 41 root - INFO - Fetching population_density
[ 2026-05-25 22:30:25,873 ] 110 root - INFO - Saved population_density_raw.csv
[ 2026-05-25 22:30:25,874 ] 41 root - INFO - Fetching literacy_rate
[ 2026-05-25 22:30:25,957 ] 110 root - INFO - Saved literacy_rate_raw.csv
[ 2026-05-25 22:30:25,957 ] 41 root - INFO - Fetching internet_users
[ 2026-05-25 22:30:26,051 ] 110 root - INFO - Saved internet_users_raw.csv
[ 2026-05-25 22:30:26,051 ] 41 root - INFO - Fetching mobile_subscriptions
[ 2026-05-25 22:30:26,134 ] 110 root - INFO - Saved mobile_subscriptions_raw.csv
[ 2026-05-25 22:30:26,134 ] 41 root - INFO - Fetching broadband_subscriptions
[ 2026-05-25 22:30:26,218 ] 110 root - INFO - Saved broadband_subscriptions_raw.csv
[ 2026-05-25 22:30:26,218 ] 41 root - INFO - Fetching secure_servers
[ 2026-05-25 22:30:26,333 ] 110 root - INFO - Saved secure_servers_raw.csv
[ 2026-05-25 22:30:26,333 ] 41 root - INFO - Fetching high_tech_exports
[ 2026-05-25 22:30:26,410 ] 110 root - INFO - Saved high_tech_exports_raw.csv
[ 2026-05-25 22:30:26,410 ] 41 root - INFO - Fetching rnd_expenditure
[ 2026-05-25 22:30:26,479 ] 110 root - INFO - Saved rnd_expenditure_raw.csv
[ 2026-05-25 22:30:26,479 ] 41 root - INFO - Fetching renewable_energy
[ 2026-05-25 22:30:26,576 ] 110 root - INFO - Saved renewable_energy_raw.csv
[ 2026-05-25 22:30:26,576 ] 41 root - INFO - Fetching forest_area
[ 2026-05-25 22:30:26,684 ] 110 root - INFO - Saved forest_area_raw.csv
[ 2026-05-25 22:30:26,684 ] 41 root - INFO - Fetching air_pollution
[ 2026-05-25 22:30:26,791 ] 110 root - INFO - Saved air_pollution_raw.csv
[ 2026-05-25 22:30:26,791 ] 41 root - INFO - Fetching electricity_access
[ 2026-05-25 22:30:26,862 ] 110 root - INFO - Saved electricity_access_raw.csv
[ 2026-05-25 22:30:26,862 ] 41 root - INFO - Fetching military_expenditure
[ 2026-05-25 22:30:26,950 ] 110 root - INFO - Saved military_expenditure_raw.csv
[ 2026-05-25 22:30:26,950 ] 41 root - INFO - Fetching military_percent_gdp
[ 2026-05-25 22:30:27,045 ] 110 root - INFO - Saved military_percent_gdp_raw.csv
[ 2026-05-25 22:30:27,045 ] 41 root - INFO - Fetching armed_forces_personnel
[ 2026-05-25 22:30:27,125 ] 110 root - INFO - Saved armed_forces_personnel_raw.csv
[ 2026-05-25 22:30:27,126 ] 22 root - INFO - Data Ingestion Completed
[ 2026-05-25 22:30:27,127 ] 22 root - INFO - Loading data from artifacts\data_ingestion\raw_data\gdp_raw.csv
[ 2026-05-25 22:30:27,150 ] 26 root - INFO - Data loaded successfully
[ 2026-05-25 22:30:27,150 ] 396 root - INFO - Starting preprocessing pipeline
[ 2026-05-25 22:30:27,150 ] 53 root - INFO - Schema validation successful
[ 2026-05-25 22:30:27,150 ] 65 root - INFO - Standardizing columns
[ 2026-05-25 22:30:27,165 ] 94 root - INFO - Column standardization completed
[ 2026-05-25 22:30:27,165 ] 108 root - INFO - Converting datatypes
[ 2026-05-25 22:30:27,166 ] 125 root - INFO - Datatype conversion completed
[ 2026-05-25 22:30:27,166 ] 139 root - INFO - Handling missing values
[ 2026-05-25 22:30:27,176 ] 156 root - INFO - Missing value handling completed from (66, 5) to (65, 5)
[ 2026-05-25 22:30:27,176 ] 174 root - INFO - Removing duplicates
[ 2026-05-25 22:30:27,187 ] 188 root - INFO - Duplicates removed from (65, 5) to (65, 5)
[ 2026-05-25 22:30:27,187 ] 208 root - INFO - Filtering valid years
[ 2026-05-25 22:30:27,188 ] 217 root - INFO - Year filtering completed
[ 2026-05-25 22:30:27,188 ] 231 root - INFO - Sorting dataframe
[ 2026-05-25 22:30:27,199 ] 242 root - INFO - Sorting completed
[ 2026-05-25 22:30:27,201 ] 432 root - INFO - Preprocessing pipeline completed
[ 2026-05-25 22:30:27,203 ] 382 root - INFO - Processed dataframe saved at artifacts\data_processing\processed_data\gdp_data.csv
[ 2026-05-25 22:30:27,204 ] 354 root - INFO - Metadata saved at artifacts\data_processing\metadata\gdp_metadata.json
[ 2026-05-25 22:30:27,204 ] 484 root - INFO - GDP processing completed
[ 2026-05-25 22:30:27,205 ] 22 root - INFO - Loading data from artifacts\data_ingestion\raw_data\gdp_per_capita_raw.csv
[ 2026-05-25 22:30:27,207 ] 26 root - INFO - Data loaded successfully
[ 2026-05-25 22:30:27,207 ] 396 root - INFO - Starting preprocessing pipeline
[ 2026-05-25 22:30:27,208 ] 53 root - INFO - Schema validation successful
[ 2026-05-25 22:30:27,208 ] 65 root - INFO - Standardizing columns
[ 2026-05-25 22:30:27,209 ] 94 root - INFO - Column standardization completed
[ 2026-05-25 22:30:27,209 ] 108 root - INFO - Converting datatypes
[ 2026-05-25 22:30:27,209 ] 125 root - INFO - Datatype conversion completed
[ 2026-05-25 22:30:27,209 ] 139 root - INFO - Handling missing values
[ 2026-05-25 22:30:27,212 ] 156 root - INFO - Missing value handling completed from (66, 5) to (65, 5)
[ 2026-05-25 22:30:27,212 ] 174 root - INFO - Removing duplicates
[ 2026-05-25 22:30:27,213 ] 188 root - INFO - Duplicates removed from (65, 5) to (65, 5)
[ 2026-05-25 22:30:27,213 ] 208 root - INFO - Filtering valid years
[ 2026-05-25 22:30:27,214 ] 217 root - INFO - Year filtering completed
[ 2026-05-25 22:30:27,214 ] 231 root - INFO - Sorting dataframe
[ 2026-05-25 22:30:27,215 ] 242 root - INFO - Sorting completed
[ 2026-05-25 22:30:27,216 ] 432 root - INFO - Preprocessing pipeline completed
[ 2026-05-25 22:30:27,219 ] 382 root - INFO - Processed dataframe saved at artifacts\data_processing\processed_data\gdp_per_capita_data.csv
[ 2026-05-25 22:30:27,221 ] 354 root - INFO - Metadata saved at artifacts\data_processing\metadata\gdp_per_capita_metadata.json
[ 2026-05-25 22:30:27,221 ] 484 root - INFO - GDP_Per_Capita processing completed
[ 2026-05-25 22:30:27,223 ] 22 root - INFO - Loading data from artifacts\data_ingestion\raw_data\inflation_raw.csv
[ 2026-05-25 22:30:27,226 ] 26 root - INFO - Data loaded successfully
[ 2026-05-25 22:30:27,227 ] 396 root - INFO - Starting preprocessing pipeline
[ 2026-05-25 22:30:27,227 ] 53 root - INFO - Schema validation successful
[ 2026-05-25 22:30:27,227 ] 65 root - INFO - Standardizing columns
[ 2026-05-25 22:30:27,228 ] 94 root - INFO - Column standardization completed
[ 2026-05-25 22:30:27,229 ] 108 root - INFO - Converting datatypes
[ 2026-05-25 22:30:27,229 ] 125 root - INFO - Datatype conversion completed
[ 2026-05-25 22:30:27,229 ] 139 root - INFO - Handling missing values
[ 2026-05-25 22:30:27,232 ] 156 root - INFO - Missing value handling completed from (66, 5) to (65, 5)
[ 2026-05-25 22:30:27,232 ] 174 root - INFO - Removing duplicates
[ 2026-05-25 22:30:27,233 ] 188 root - INFO - Duplicates removed from (65, 5) to (65, 5)
[ 2026-05-25 22:30:27,233 ] 208 root - INFO - Filtering valid years
[ 2026-05-25 22:30:27,234 ] 217 root - INFO - Year filtering completed
[ 2026-05-25 22:30:27,234 ] 231 root - INFO - Sorting dataframe
[ 2026-05-25 22:30:27,236 ] 242 root - INFO - Sorting completed
[ 2026-05-25 22:30:27,237 ] 432 root - INFO - Preprocessing pipeline completed
[ 2026-05-25 22:30:27,241 ] 382 root - INFO - Processed dataframe saved at artifacts\data_processing\processed_data\inflation_data.csv
[ 2026-05-25 22:30:27,242 ] 354 root - INFO - Metadata saved at artifacts\data_processing\metadata\inflation_metadata.json
[ 2026-05-25 22:30:27,243 ] 484 root - INFO - Inflation processing completed
[ 2026-05-25 22:30:27,244 ] 22 root - INFO - Loading data from artifacts\data_ingestion\raw_data\interest_rate_raw.csv
[ 2026-05-25 22:30:27,247 ] 26 root - INFO - Data loaded successfully
[ 2026-05-25 22:30:27,248 ] 396 root - INFO - Starting preprocessing pipeline
[ 2026-05-25 22:30:27,248 ] 53 root - INFO - Schema validation successful
[ 2026-05-25 22:30:27,248 ] 65 root - INFO - Standardizing columns
[ 2026-05-25 22:30:27,249 ] 94 root - INFO - Column standardization completed
[ 2026-05-25 22:30:27,249 ] 108 root - INFO - Converting datatypes
[ 2026-05-25 22:30:27,250 ] 125 root - INFO - Datatype conversion completed
[ 2026-05-25 22:30:27,250 ] 139 root - INFO - Handling missing values
[ 2026-05-25 22:30:27,253 ] 156 root - INFO - Missing value handling completed from (66, 5) to (45, 5)
[ 2026-05-25 22:30:27,253 ] 174 root - INFO - Removing duplicates
[ 2026-05-25 22:30:27,255 ] 188 root - INFO - Duplicates removed from (45, 5) to (45, 5)
[ 2026-05-25 22:30:27,255 ] 208 root - INFO - Filtering valid years
[ 2026-05-25 22:30:27,256 ] 217 root - INFO - Year filtering completed
[ 2026-05-25 22:30:27,256 ] 231 root - INFO - Sorting dataframe
[ 2026-05-25 22:30:27,258 ] 242 root - INFO - Sorting completed
[ 2026-05-25 22:30:27,259 ] 432 root - INFO - Preprocessing pipeline completed
[ 2026-05-25 22:30:27,261 ] 382 root - INFO - Processed dataframe saved at artifacts\data_processing\processed_data\interest_rate_data.csv
[ 2026-05-25 22:30:27,262 ] 354 root - INFO - Metadata saved at artifacts\data_processing\metadata\interest_rate_metadata.json
[ 2026-05-25 22:30:27,262 ] 484 root - INFO - Interest_Rate processing completed
[ 2026-05-25 22:30:27,263 ] 22 root - INFO - Loading data from artifacts\data_ingestion\raw_data\forex_reserves_raw.csv
[ 2026-05-25 22:30:27,266 ] 26 root - INFO - Data loaded successfully
[ 2026-05-25 22:30:27,266 ] 396 root - INFO - Starting preprocessing pipeline
[ 2026-05-25 22:30:27,266 ] 53 root - INFO - Schema validation successful
[ 2026-05-25 22:30:27,266 ] 65 root - INFO - Standardizing columns
[ 2026-05-25 22:30:27,268 ] 94 root - INFO - Column standardization completed
[ 2026-05-25 22:30:27,268 ] 108 root - INFO - Converting datatypes
[ 2026-05-25 22:30:27,268 ] 125 root - INFO - Datatype conversion completed
[ 2026-05-25 22:30:27,268 ] 139 root - INFO - Handling missing values
[ 2026-05-25 22:30:27,271 ] 156 root - INFO - Missing value handling completed from (66, 5) to (65, 5)
[ 2026-05-25 22:30:27,271 ] 174 root - INFO - Removing duplicates
[ 2026-05-25 22:30:27,273 ] 188 root - INFO - Duplicates removed from (65, 5) to (65, 5)
[ 2026-05-25 22:30:27,273 ] 208 root - INFO - Filtering valid years
[ 2026-05-25 22:30:27,274 ] 217 root - INFO - Year filtering completed
[ 2026-05-25 22:30:27,274 ] 231 root - INFO - Sorting dataframe
[ 2026-05-25 22:30:27,275 ] 242 root - INFO - Sorting completed
[ 2026-05-25 22:30:27,277 ] 432 root - INFO - Preprocessing pipeline completed
[ 2026-05-25 22:30:27,279 ] 382 root - INFO - Processed dataframe saved at artifacts\data_processing\processed_data\forex_reserves_data.csv
[ 2026-05-25 22:30:27,279 ] 354 root - INFO - Metadata saved at artifacts\data_processing\metadata\forex_reserves_metadata.json
[ 2026-05-25 22:30:27,279 ] 484 root - INFO - Forex_Reserves processing completed
[ 2026-05-25 22:30:27,281 ] 22 root - INFO - Loading data from artifacts\data_ingestion\raw_data\current_account_balance_raw.csv
[ 2026-05-25 22:30:27,284 ] 26 root - INFO - Data loaded successfully
[ 2026-05-25 22:30:27,284 ] 396 root - INFO - Starting preprocessing pipeline
[ 2026-05-25 22:30:27,284 ] 53 root - INFO - Schema validation successful
[ 2026-05-25 22:30:27,284 ] 65 root - INFO - Standardizing columns
[ 2026-05-25 22:30:27,285 ] 94 root - INFO - Column standardization completed
[ 2026-05-25 22:30:27,285 ] 108 root - INFO - Converting datatypes
[ 2026-05-25 22:30:27,286 ] 125 root - INFO - Datatype conversion completed
[ 2026-05-25 22:30:27,286 ] 139 root - INFO - Handling missing values
[ 2026-05-25 22:30:27,288 ] 156 root - INFO - Missing value handling completed from (66, 5) to (50, 5)
[ 2026-05-25 22:30:27,289 ] 174 root - INFO - Removing duplicates
[ 2026-05-25 22:30:27,290 ] 188 root - INFO - Duplicates removed from (50, 5) to (50, 5)
[ 2026-05-25 22:30:27,290 ] 208 root - INFO - Filtering valid years
[ 2026-05-25 22:30:27,291 ] 217 root - INFO - Year filtering completed
[ 2026-05-25 22:30:27,291 ] 231 root - INFO - Sorting dataframe
[ 2026-05-25 22:30:27,292 ] 242 root - INFO - Sorting completed
[ 2026-05-25 22:30:27,293 ] 432 root - INFO - Preprocessing pipeline completed
[ 2026-05-25 22:30:27,295 ] 382 root - INFO - Processed dataframe saved at artifacts\data_processing\processed_data\current_account_balance_data.csv
[ 2026-05-25 22:30:27,296 ] 354 root - INFO - Metadata saved at artifacts\data_processing\metadata\current_account_balance_metadata.json
[ 2026-05-25 22:30:27,296 ] 484 root - INFO - Current_Account_Balance processing completed
[ 2026-05-25 22:30:27,297 ] 22 root - INFO - Loading data from artifacts\data_ingestion\raw_data\fdi_raw.csv
[ 2026-05-25 22:30:27,299 ] 26 root - INFO - Data loaded successfully
[ 2026-05-25 22:30:27,299 ] 396 root - INFO - Starting preprocessing pipeline
[ 2026-05-25 22:30:27,299 ] 53 root - INFO - Schema validation successful
[ 2026-05-25 22:30:27,300 ] 65 root - INFO - Standardizing columns
[ 2026-05-25 22:30:27,301 ] 94 root - INFO - Column standardization completed
[ 2026-05-25 22:30:27,301 ] 108 root - INFO - Converting datatypes
[ 2026-05-25 22:30:27,301 ] 125 root - INFO - Datatype conversion completed
[ 2026-05-25 22:30:27,301 ] 139 root - INFO - Handling missing values
[ 2026-05-25 22:30:27,303 ] 156 root - INFO - Missing value handling completed from (66, 5) to (55, 5)
[ 2026-05-25 22:30:27,303 ] 174 root - INFO - Removing duplicates
[ 2026-05-25 22:30:27,304 ] 188 root - INFO - Duplicates removed from (55, 5) to (55, 5)
[ 2026-05-25 22:30:27,304 ] 208 root - INFO - Filtering valid years
[ 2026-05-25 22:30:27,305 ] 217 root - INFO - Year filtering completed
[ 2026-05-25 22:30:27,305 ] 231 root - INFO - Sorting dataframe
[ 2026-05-25 22:30:27,306 ] 242 root - INFO - Sorting completed
[ 2026-05-25 22:30:27,307 ] 432 root - INFO - Preprocessing pipeline completed
[ 2026-05-25 22:30:27,311 ] 382 root - INFO - Processed dataframe saved at artifacts\data_processing\processed_data\fdi_data.csv
[ 2026-05-25 22:30:27,312 ] 354 root - INFO - Metadata saved at artifacts\data_processing\metadata\fdi_metadata.json
[ 2026-05-25 22:30:27,312 ] 484 root - INFO - FDI processing completed
[ 2026-05-25 22:30:27,313 ] 22 root - INFO - Loading data from artifacts\data_ingestion\raw_data\unemployment_raw.csv
[ 2026-05-25 22:30:27,322 ] 26 root - INFO - Data loaded successfully
[ 2026-05-25 22:30:27,322 ] 396 root - INFO - Starting preprocessing pipeline
[ 2026-05-25 22:30:27,322 ] 53 root - INFO - Schema validation successful
[ 2026-05-25 22:30:27,322 ] 65 root - INFO - Standardizing columns
[ 2026-05-25 22:30:27,324 ] 94 root - INFO - Column standardization completed
[ 2026-05-25 22:30:27,324 ] 108 root - INFO - Converting datatypes
[ 2026-05-25 22:30:27,345 ] 125 root - INFO - Datatype conversion completed
[ 2026-05-25 22:30:27,346 ] 139 root - INFO - Handling missing values
[ 2026-05-25 22:30:27,356 ] 156 root - INFO - Missing value handling completed from (66, 5) to (35, 5)
[ 2026-05-25 22:30:27,357 ] 174 root - INFO - Removing duplicates
[ 2026-05-25 22:30:27,360 ] 188 root - INFO - Duplicates removed from (35, 5) to (35, 5)
[ 2026-05-25 22:30:27,360 ] 208 root - INFO - Filtering valid years
[ 2026-05-25 22:30:27,362 ] 217 root - INFO - Year filtering completed
[ 2026-05-25 22:30:27,362 ] 231 root - INFO - Sorting dataframe
[ 2026-05-25 22:30:27,366 ] 242 root - INFO - Sorting completed
[ 2026-05-25 22:30:27,368 ] 432 root - INFO - Preprocessing pipeline completed
[ 2026-05-25 22:30:27,374 ] 382 root - INFO - Processed dataframe saved at artifacts\data_processing\processed_data\unemployment_data.csv
[ 2026-05-25 22:30:27,377 ] 354 root - INFO - Metadata saved at artifacts\data_processing\metadata\unemployment_metadata.json
[ 2026-05-25 22:30:27,377 ] 484 root - INFO - Unemployment processing completed
[ 2026-05-25 22:30:27,380 ] 22 root - INFO - Loading data from artifacts\data_ingestion\raw_data\population_raw.csv
[ 2026-05-25 22:30:27,390 ] 26 root - INFO - Data loaded successfully
[ 2026-05-25 22:30:27,390 ] 396 root - INFO - Starting preprocessing pipeline
[ 2026-05-25 22:30:27,390 ] 53 root - INFO - Schema validation successful
[ 2026-05-25 22:30:27,390 ] 65 root - INFO - Standardizing columns
[ 2026-05-25 22:30:27,393 ] 94 root - INFO - Column standardization completed
[ 2026-05-25 22:30:27,393 ] 108 root - INFO - Converting datatypes
[ 2026-05-25 22:30:27,394 ] 125 root - INFO - Datatype conversion completed
[ 2026-05-25 22:30:27,394 ] 139 root - INFO - Handling missing values
[ 2026-05-25 22:30:27,399 ] 156 root - INFO - Missing value handling completed from (66, 5) to (65, 5)
[ 2026-05-25 22:30:27,400 ] 174 root - INFO - Removing duplicates
[ 2026-05-25 22:30:27,402 ] 188 root - INFO - Duplicates removed from (65, 5) to (65, 5)
[ 2026-05-25 22:30:27,402 ] 208 root - INFO - Filtering valid years
[ 2026-05-25 22:30:27,403 ] 217 root - INFO - Year filtering completed
[ 2026-05-25 22:30:27,403 ] 231 root - INFO - Sorting dataframe
[ 2026-05-25 22:30:27,407 ] 242 root - INFO - Sorting completed
[ 2026-05-25 22:30:27,410 ] 432 root - INFO - Preprocessing pipeline completed
[ 2026-05-25 22:30:27,416 ] 382 root - INFO - Processed dataframe saved at artifacts\data_processing\processed_data\population_data.csv
[ 2026-05-25 22:30:27,418 ] 354 root - INFO - Metadata saved at artifacts\data_processing\metadata\population_metadata.json
[ 2026-05-25 22:30:27,418 ] 484 root - INFO - Population processing completed
[ 2026-05-25 22:30:27,420 ] 22 root - INFO - Loading data from artifacts\data_ingestion\raw_data\population_growth_raw.csv
[ 2026-05-25 22:30:27,425 ] 26 root - INFO - Data loaded successfully
[ 2026-05-25 22:30:27,425 ] 396 root - INFO - Starting preprocessing pipeline
[ 2026-05-25 22:30:27,425 ] 53 root - INFO - Schema validation successful
[ 2026-05-25 22:30:27,425 ] 65 root - INFO - Standardizing columns
[ 2026-05-25 22:30:27,427 ] 94 root - INFO - Column standardization completed
[ 2026-05-25 22:30:27,427 ] 108 root - INFO - Converting datatypes
[ 2026-05-25 22:30:27,428 ] 125 root - INFO - Datatype conversion completed
[ 2026-05-25 22:30:27,428 ] 139 root - INFO - Handling missing values
[ 2026-05-25 22:30:27,431 ] 156 root - INFO - Missing value handling completed from (66, 5) to (64, 5)
[ 2026-05-25 22:30:27,431 ] 174 root - INFO - Removing duplicates
[ 2026-05-25 22:30:27,432 ] 188 root - INFO - Duplicates removed from (64, 5) to (64, 5)
[ 2026-05-25 22:30:27,432 ] 208 root - INFO - Filtering valid years
[ 2026-05-25 22:30:27,433 ] 217 root - INFO - Year filtering completed
[ 2026-05-25 22:30:27,433 ] 231 root - INFO - Sorting dataframe
[ 2026-05-25 22:30:27,434 ] 242 root - INFO - Sorting completed
[ 2026-05-25 22:30:27,435 ] 432 root - INFO - Preprocessing pipeline completed
[ 2026-05-25 22:30:27,438 ] 382 root - INFO - Processed dataframe saved at artifacts\data_processing\processed_data\population_growth_data.csv
[ 2026-05-25 22:30:27,439 ] 354 root - INFO - Metadata saved at artifacts\data_processing\metadata\population_growth_metadata.json
[ 2026-05-25 22:30:27,440 ] 484 root - INFO - Population_Growth processing completed
[ 2026-05-25 22:30:27,441 ] 22 root - INFO - Loading data from artifacts\data_ingestion\raw_data\population_density_raw.csv
[ 2026-05-25 22:30:27,445 ] 26 root - INFO - Data loaded successfully
[ 2026-05-25 22:30:27,445 ] 396 root - INFO - Starting preprocessing pipeline
[ 2026-05-25 22:30:27,445 ] 53 root - INFO - Schema validation successful
[ 2026-05-25 22:30:27,445 ] 65 root - INFO - Standardizing columns
[ 2026-05-25 22:30:27,446 ] 94 root - INFO - Column standardization completed
[ 2026-05-25 22:30:27,446 ] 108 root - INFO - Converting datatypes
[ 2026-05-25 22:30:27,447 ] 125 root - INFO - Datatype conversion completed
[ 2026-05-25 22:30:27,447 ] 139 root - INFO - Handling missing values
[ 2026-05-25 22:30:27,448 ] 156 root - INFO - Missing value handling completed from (66, 5) to (63, 5)
[ 2026-05-25 22:30:27,448 ] 174 root - INFO - Removing duplicates
[ 2026-05-25 22:30:27,449 ] 188 root - INFO - Duplicates removed from (63, 5) to (63, 5)
[ 2026-05-25 22:30:27,451 ] 208 root - INFO - Filtering valid years
[ 2026-05-25 22:30:27,451 ] 217 root - INFO - Year filtering completed
[ 2026-05-25 22:30:27,451 ] 231 root - INFO - Sorting dataframe
[ 2026-05-25 22:30:27,452 ] 242 root - INFO - Sorting completed
[ 2026-05-25 22:30:27,452 ] 432 root - INFO - Preprocessing pipeline completed
[ 2026-05-25 22:30:27,455 ] 382 root - INFO - Processed dataframe saved at artifacts\data_processing\processed_data\population_density_data.csv
[ 2026-05-25 22:30:27,456 ] 354 root - INFO - Metadata saved at artifacts\data_processing\metadata\population_density_metadata.json
[ 2026-05-25 22:30:27,456 ] 484 root - INFO - Population_Density processing completed
[ 2026-05-25 22:30:27,457 ] 22 root - INFO - Loading data from artifacts\data_ingestion\raw_data\urbanization_raw.csv
[ 2026-05-25 22:30:27,461 ] 26 root - INFO - Data loaded successfully
[ 2026-05-25 22:30:27,461 ] 396 root - INFO - Starting preprocessing pipeline
[ 2026-05-25 22:30:27,461 ] 53 root - INFO - Schema validation successful
[ 2026-05-25 22:30:27,462 ] 65 root - INFO - Standardizing columns
[ 2026-05-25 22:30:27,463 ] 94 root - INFO - Column standardization completed
[ 2026-05-25 22:30:27,463 ] 108 root - INFO - Converting datatypes
[ 2026-05-25 22:30:27,464 ] 125 root - INFO - Datatype conversion completed
[ 2026-05-25 22:30:27,464 ] 139 root - INFO - Handling missing values
[ 2026-05-25 22:30:27,466 ] 156 root - INFO - Missing value handling completed from (66, 5) to (65, 5)
[ 2026-05-25 22:30:27,466 ] 174 root - INFO - Removing duplicates
[ 2026-05-25 22:30:27,467 ] 188 root - INFO - Duplicates removed from (65, 5) to (65, 5)
[ 2026-05-25 22:30:27,467 ] 208 root - INFO - Filtering valid years
[ 2026-05-25 22:30:27,467 ] 217 root - INFO - Year filtering completed
[ 2026-05-25 22:30:27,467 ] 231 root - INFO - Sorting dataframe
[ 2026-05-25 22:30:27,469 ] 242 root - INFO - Sorting completed
[ 2026-05-25 22:30:27,469 ] 432 root - INFO - Preprocessing pipeline completed
[ 2026-05-25 22:30:27,472 ] 382 root - INFO - Processed dataframe saved at artifacts\data_processing\processed_data\urbanization_data.csv
[ 2026-05-25 22:30:27,475 ] 354 root - INFO - Metadata saved at artifacts\data_processing\metadata\urbanization_metadata.json
[ 2026-05-25 22:30:27,475 ] 484 root - INFO - Urbanization processing completed
[ 2026-05-25 22:30:27,478 ] 22 root - INFO - Loading data from artifacts\data_ingestion\raw_data\birth_rate_raw.csv
[ 2026-05-25 22:30:27,481 ] 26 root - INFO - Data loaded successfully
[ 2026-05-25 22:30:27,481 ] 396 root - INFO - Starting preprocessing pipeline
[ 2026-05-25 22:30:27,482 ] 53 root - INFO - Schema validation successful
[ 2026-05-25 22:30:27,482 ] 65 root - INFO - Standardizing columns
[ 2026-05-25 22:30:27,484 ] 94 root - INFO - Column standardization completed
[ 2026-05-25 22:30:27,484 ] 108 root - INFO - Converting datatypes
[ 2026-05-25 22:30:27,485 ] 125 root - INFO - Datatype conversion completed
[ 2026-05-25 22:30:27,485 ] 139 root - INFO - Handling missing values
[ 2026-05-25 22:30:27,493 ] 156 root - INFO - Missing value handling completed from (66, 5) to (65, 5)
[ 2026-05-25 22:30:27,494 ] 174 root - INFO - Removing duplicates
[ 2026-05-25 22:30:27,496 ] 188 root - INFO - Duplicates removed from (65, 5) to (65, 5)
[ 2026-05-25 22:30:27,496 ] 208 root - INFO - Filtering valid years
[ 2026-05-25 22:30:27,498 ] 217 root - INFO - Year filtering completed
[ 2026-05-25 22:30:27,499 ] 231 root - INFO - Sorting dataframe
[ 2026-05-25 22:30:27,503 ] 242 root - INFO - Sorting completed
[ 2026-05-25 22:30:27,508 ] 432 root - INFO - Preprocessing pipeline completed
[ 2026-05-25 22:30:27,513 ] 382 root - INFO - Processed dataframe saved at artifacts\data_processing\processed_data\birth_rate_data.csv
[ 2026-05-25 22:30:27,514 ] 354 root - INFO - Metadata saved at artifacts\data_processing\metadata\birth_rate_metadata.json
[ 2026-05-25 22:30:27,515 ] 484 root - INFO - Birth_Rate processing completed
[ 2026-05-25 22:30:27,516 ] 22 root - INFO - Loading data from artifacts\data_ingestion\raw_data\death_rate_raw.csv
[ 2026-05-25 22:30:27,524 ] 26 root - INFO - Data loaded successfully
[ 2026-05-25 22:30:27,524 ] 396 root - INFO - Starting preprocessing pipeline
[ 2026-05-25 22:30:27,525 ] 53 root - INFO - Schema validation successful
[ 2026-05-25 22:30:27,525 ] 65 root - INFO - Standardizing columns
[ 2026-05-25 22:30:27,527 ] 94 root - INFO - Column standardization completed
[ 2026-05-25 22:30:27,528 ] 108 root - INFO - Converting datatypes
[ 2026-05-25 22:30:27,529 ] 125 root - INFO - Datatype conversion completed
[ 2026-05-25 22:30:27,529 ] 139 root - INFO - Handling missing values
[ 2026-05-25 22:30:27,533 ] 156 root - INFO - Missing value handling completed from (66, 5) to (65, 5)
[ 2026-05-25 22:30:27,533 ] 174 root - INFO - Removing duplicates
[ 2026-05-25 22:30:27,536 ] 188 root - INFO - Duplicates removed from (65, 5) to (65, 5)
[ 2026-05-25 22:30:27,537 ] 208 root - INFO - Filtering valid years
[ 2026-05-25 22:30:27,539 ] 217 root - INFO - Year filtering completed
[ 2026-05-25 22:30:27,539 ] 231 root - INFO - Sorting dataframe
[ 2026-05-25 22:30:27,542 ] 242 root - INFO - Sorting completed
[ 2026-05-25 22:30:27,545 ] 432 root - INFO - Preprocessing pipeline completed
[ 2026-05-25 22:30:27,551 ] 382 root - INFO - Processed dataframe saved at artifacts\data_processing\processed_data\death_rate_data.csv
[ 2026-05-25 22:30:27,556 ] 354 root - INFO - Metadata saved at artifacts\data_processing\metadata\death_rate_metadata.json
[ 2026-05-25 22:30:27,556 ] 484 root - INFO - Death_Rate processing completed
[ 2026-05-25 22:30:27,559 ] 22 root - INFO - Loading data from artifacts\data_ingestion\raw_data\life_expectancy_raw.csv
[ 2026-05-25 22:30:27,565 ] 26 root - INFO - Data loaded successfully
[ 2026-05-25 22:30:27,565 ] 396 root - INFO - Starting preprocessing pipeline
[ 2026-05-25 22:30:27,565 ] 53 root - INFO - Schema validation successful
[ 2026-05-25 22:30:27,566 ] 65 root - INFO - Standardizing columns
[ 2026-05-25 22:30:27,569 ] 94 root - INFO - Column standardization completed
[ 2026-05-25 22:30:27,569 ] 108 root - INFO - Converting datatypes
[ 2026-05-25 22:30:27,571 ] 125 root - INFO - Datatype conversion completed
[ 2026-05-25 22:30:27,571 ] 139 root - INFO - Handling missing values
[ 2026-05-25 22:30:27,583 ] 156 root - INFO - Missing value handling completed from (66, 5) to (65, 5)
[ 2026-05-25 22:30:27,583 ] 174 root - INFO - Removing duplicates
[ 2026-05-25 22:30:27,588 ] 188 root - INFO - Duplicates removed from (65, 5) to (65, 5)
[ 2026-05-25 22:30:27,589 ] 208 root - INFO - Filtering valid years
[ 2026-05-25 22:30:27,591 ] 217 root - INFO - Year filtering completed
[ 2026-05-25 22:30:27,591 ] 231 root - INFO - Sorting dataframe
[ 2026-05-25 22:30:27,595 ] 242 root - INFO - Sorting completed
[ 2026-05-25 22:30:27,597 ] 432 root - INFO - Preprocessing pipeline completed
[ 2026-05-25 22:30:27,606 ] 382 root - INFO - Processed dataframe saved at artifacts\data_processing\processed_data\life_expectancy_data.csv
[ 2026-05-25 22:30:27,608 ] 354 root - INFO - Metadata saved at artifacts\data_processing\metadata\life_expectancy_metadata.json
[ 2026-05-25 22:30:27,608 ] 484 root - INFO - Life_Expectancy processing completed
[ 2026-05-25 22:30:27,611 ] 22 root - INFO - Loading data from artifacts\data_ingestion\raw_data\literacy_rate_raw.csv
[ 2026-05-25 22:30:27,616 ] 26 root - INFO - Data loaded successfully
[ 2026-05-25 22:30:27,616 ] 396 root - INFO - Starting preprocessing pipeline
[ 2026-05-25 22:30:27,617 ] 53 root - INFO - Schema validation successful
[ 2026-05-25 22:30:27,617 ] 65 root - INFO - Standardizing columns
[ 2026-05-25 22:30:27,620 ] 94 root - INFO - Column standardization completed
[ 2026-05-25 22:30:27,620 ] 108 root - INFO - Converting datatypes
[ 2026-05-25 22:30:27,622 ] 125 root - INFO - Datatype conversion completed
[ 2026-05-25 22:30:27,622 ] 139 root - INFO - Handling missing values
[ 2026-05-25 22:30:27,625 ] 156 root - INFO - Missing value handling completed from (66, 5) to (14, 5)
[ 2026-05-25 22:30:27,626 ] 174 root - INFO - Removing duplicates
[ 2026-05-25 22:30:27,627 ] 188 root - INFO - Duplicates removed from (14, 5) to (14, 5)
[ 2026-05-25 22:30:27,628 ] 208 root - INFO - Filtering valid years
[ 2026-05-25 22:30:27,628 ] 217 root - INFO - Year filtering completed
[ 2026-05-25 22:30:27,628 ] 231 root - INFO - Sorting dataframe
[ 2026-05-25 22:30:27,631 ] 242 root - INFO - Sorting completed
[ 2026-05-25 22:30:27,632 ] 432 root - INFO - Preprocessing pipeline completed
[ 2026-05-25 22:30:27,635 ] 382 root - INFO - Processed dataframe saved at artifacts\data_processing\processed_data\literacy_rate_data.csv
[ 2026-05-25 22:30:27,638 ] 354 root - INFO - Metadata saved at artifacts\data_processing\metadata\literacy_rate_metadata.json
[ 2026-05-25 22:30:27,638 ] 484 root - INFO - Literacy_Rate processing completed
[ 2026-05-25 22:30:27,639 ] 22 root - INFO - Loading data from artifacts\data_ingestion\raw_data\exports_raw.csv
[ 2026-05-25 22:30:27,644 ] 26 root - INFO - Data loaded successfully
[ 2026-05-25 22:30:27,644 ] 396 root - INFO - Starting preprocessing pipeline
[ 2026-05-25 22:30:27,644 ] 53 root - INFO - Schema validation successful
[ 2026-05-25 22:30:27,644 ] 65 root - INFO - Standardizing columns
[ 2026-05-25 22:30:27,646 ] 94 root - INFO - Column standardization completed
[ 2026-05-25 22:30:27,646 ] 108 root - INFO - Converting datatypes
[ 2026-05-25 22:30:27,647 ] 125 root - INFO - Datatype conversion completed
[ 2026-05-25 22:30:27,647 ] 139 root - INFO - Handling missing values
[ 2026-05-25 22:30:27,651 ] 156 root - INFO - Missing value handling completed from (66, 5) to (65, 5)
[ 2026-05-25 22:30:27,651 ] 174 root - INFO - Removing duplicates
[ 2026-05-25 22:30:27,653 ] 188 root - INFO - Duplicates removed from (65, 5) to (65, 5)
[ 2026-05-25 22:30:27,653 ] 208 root - INFO - Filtering valid years
[ 2026-05-25 22:30:27,654 ] 217 root - INFO - Year filtering completed
[ 2026-05-25 22:30:27,654 ] 231 root - INFO - Sorting dataframe
[ 2026-05-25 22:30:27,656 ] 242 root - INFO - Sorting completed
[ 2026-05-25 22:30:27,657 ] 432 root - INFO - Preprocessing pipeline completed
[ 2026-05-25 22:30:27,660 ] 382 root - INFO - Processed dataframe saved at artifacts\data_processing\processed_data\exports_data.csv
[ 2026-05-25 22:30:27,661 ] 354 root - INFO - Metadata saved at artifacts\data_processing\metadata\exports_metadata.json
[ 2026-05-25 22:30:27,662 ] 484 root - INFO - Exports processing completed
[ 2026-05-25 22:30:27,663 ] 22 root - INFO - Loading data from artifacts\data_ingestion\raw_data\imports_raw.csv
[ 2026-05-25 22:30:27,666 ] 26 root - INFO - Data loaded successfully
[ 2026-05-25 22:30:27,667 ] 396 root - INFO - Starting preprocessing pipeline
[ 2026-05-25 22:30:27,667 ] 53 root - INFO - Schema validation successful
[ 2026-05-25 22:30:27,667 ] 65 root - INFO - Standardizing columns
[ 2026-05-25 22:30:27,670 ] 94 root - INFO - Column standardization completed
[ 2026-05-25 22:30:27,670 ] 108 root - INFO - Converting datatypes
[ 2026-05-25 22:30:27,671 ] 125 root - INFO - Datatype conversion completed
[ 2026-05-25 22:30:27,671 ] 139 root - INFO - Handling missing values
[ 2026-05-25 22:30:27,675 ] 156 root - INFO - Missing value handling completed from (66, 5) to (65, 5)
[ 2026-05-25 22:30:27,675 ] 174 root - INFO - Removing duplicates
[ 2026-05-25 22:30:27,676 ] 188 root - INFO - Duplicates removed from (65, 5) to (65, 5)
[ 2026-05-25 22:30:27,677 ] 208 root - INFO - Filtering valid years
[ 2026-05-25 22:30:27,677 ] 217 root - INFO - Year filtering completed
[ 2026-05-25 22:30:27,677 ] 231 root - INFO - Sorting dataframe
[ 2026-05-25 22:30:27,679 ] 242 root - INFO - Sorting completed
[ 2026-05-25 22:30:27,681 ] 432 root - INFO - Preprocessing pipeline completed
[ 2026-05-25 22:30:27,684 ] 382 root - INFO - Processed dataframe saved at artifacts\data_processing\processed_data\imports_data.csv
[ 2026-05-25 22:30:27,685 ] 354 root - INFO - Metadata saved at artifacts\data_processing\metadata\imports_metadata.json
[ 2026-05-25 22:30:27,685 ] 484 root - INFO - Imports processing completed
[ 2026-05-25 22:30:27,686 ] 22 root - INFO - Loading data from artifacts\data_ingestion\raw_data\trade_percent_gdp_raw.csv
[ 2026-05-25 22:30:27,690 ] 26 root - INFO - Data loaded successfully
[ 2026-05-25 22:30:27,690 ] 396 root - INFO - Starting preprocessing pipeline
[ 2026-05-25 22:30:27,690 ] 53 root - INFO - Schema validation successful
[ 2026-05-25 22:30:27,690 ] 65 root - INFO - Standardizing columns
[ 2026-05-25 22:30:27,692 ] 94 root - INFO - Column standardization completed
[ 2026-05-25 22:30:27,692 ] 108 root - INFO - Converting datatypes
[ 2026-05-25 22:30:27,692 ] 125 root - INFO - Datatype conversion completed
[ 2026-05-25 22:30:27,692 ] 139 root - INFO - Handling missing values
[ 2026-05-25 22:30:27,695 ] 156 root - INFO - Missing value handling completed from (66, 5) to (65, 5)
[ 2026-05-25 22:30:27,695 ] 174 root - INFO - Removing duplicates
[ 2026-05-25 22:30:27,696 ] 188 root - INFO - Duplicates removed from (65, 5) to (65, 5)
[ 2026-05-25 22:30:27,696 ] 208 root - INFO - Filtering valid years
[ 2026-05-25 22:30:27,697 ] 217 root - INFO - Year filtering completed
[ 2026-05-25 22:30:27,697 ] 231 root - INFO - Sorting dataframe
[ 2026-05-25 22:30:27,698 ] 242 root - INFO - Sorting completed
[ 2026-05-25 22:30:27,699 ] 432 root - INFO - Preprocessing pipeline completed
[ 2026-05-25 22:30:27,703 ] 382 root - INFO - Processed dataframe saved at artifacts\data_processing\processed_data\trade_percent_gdp_data.csv
[ 2026-05-25 22:30:27,704 ] 354 root - INFO - Metadata saved at artifacts\data_processing\metadata\trade_percent_gdp_metadata.json
[ 2026-05-25 22:30:27,705 ] 484 root - INFO - Trade_Percent_GDP processing completed
[ 2026-05-25 22:30:27,706 ] 22 root - INFO - Loading data from artifacts\data_ingestion\raw_data\high_tech_exports_raw.csv
[ 2026-05-25 22:30:27,710 ] 26 root - INFO - Data loaded successfully
[ 2026-05-25 22:30:27,710 ] 396 root - INFO - Starting preprocessing pipeline
[ 2026-05-25 22:30:27,710 ] 53 root - INFO - Schema validation successful
[ 2026-05-25 22:30:27,710 ] 65 root - INFO - Standardizing columns
[ 2026-05-25 22:30:27,712 ] 94 root - INFO - Column standardization completed
[ 2026-05-25 22:30:27,712 ] 108 root - INFO - Converting datatypes
[ 2026-05-25 22:30:27,713 ] 125 root - INFO - Datatype conversion completed
[ 2026-05-25 22:30:27,713 ] 139 root - INFO - Handling missing values
[ 2026-05-25 22:30:27,715 ] 156 root - INFO - Missing value handling completed from (66, 5) to (16, 5)
[ 2026-05-25 22:30:27,715 ] 174 root - INFO - Removing duplicates
[ 2026-05-25 22:30:27,716 ] 188 root - INFO - Duplicates removed from (16, 5) to (16, 5)
[ 2026-05-25 22:30:27,717 ] 208 root - INFO - Filtering valid years
[ 2026-05-25 22:30:27,717 ] 217 root - INFO - Year filtering completed
[ 2026-05-25 22:30:27,717 ] 231 root - INFO - Sorting dataframe
[ 2026-05-25 22:30:27,719 ] 242 root - INFO - Sorting completed
[ 2026-05-25 22:30:27,720 ] 432 root - INFO - Preprocessing pipeline completed
[ 2026-05-25 22:30:27,725 ] 382 root - INFO - Processed dataframe saved at artifacts\data_processing\processed_data\high_tech_exports_data.csv
[ 2026-05-25 22:30:27,727 ] 354 root - INFO - Metadata saved at artifacts\data_processing\metadata\high_tech_exports_metadata.json
[ 2026-05-25 22:30:27,727 ] 484 root - INFO - High_Tech_Exports processing completed
[ 2026-05-25 22:30:27,728 ] 22 root - INFO - Loading data from artifacts\data_ingestion\raw_data\internet_users_raw.csv
[ 2026-05-25 22:30:27,732 ] 26 root - INFO - Data loaded successfully
[ 2026-05-25 22:30:27,732 ] 396 root - INFO - Starting preprocessing pipeline
[ 2026-05-25 22:30:27,732 ] 53 root - INFO - Schema validation successful
[ 2026-05-25 22:30:27,732 ] 65 root - INFO - Standardizing columns
[ 2026-05-25 22:30:27,733 ] 94 root - INFO - Column standardization completed
[ 2026-05-25 22:30:27,733 ] 108 root - INFO - Converting datatypes
[ 2026-05-25 22:30:27,734 ] 125 root - INFO - Datatype conversion completed
[ 2026-05-25 22:30:27,734 ] 139 root - INFO - Handling missing values
[ 2026-05-25 22:30:27,739 ] 156 root - INFO - Missing value handling completed from (66, 5) to (35, 5)
[ 2026-05-25 22:30:27,739 ] 174 root - INFO - Removing duplicates
[ 2026-05-25 22:30:27,740 ] 188 root - INFO - Duplicates removed from (35, 5) to (35, 5)
[ 2026-05-25 22:30:27,741 ] 208 root - INFO - Filtering valid years
[ 2026-05-25 22:30:27,741 ] 217 root - INFO - Year filtering completed
[ 2026-05-25 22:30:27,742 ] 231 root - INFO - Sorting dataframe
[ 2026-05-25 22:30:27,744 ] 242 root - INFO - Sorting completed
[ 2026-05-25 22:30:27,746 ] 432 root - INFO - Preprocessing pipeline completed
[ 2026-05-25 22:30:27,749 ] 382 root - INFO - Processed dataframe saved at artifacts\data_processing\processed_data\internet_users_data.csv
[ 2026-05-25 22:30:27,751 ] 354 root - INFO - Metadata saved at artifacts\data_processing\metadata\internet_users_metadata.json
[ 2026-05-25 22:30:27,751 ] 484 root - INFO - Internet_Users processing completed
[ 2026-05-25 22:30:27,752 ] 22 root - INFO - Loading data from artifacts\data_ingestion\raw_data\mobile_subscriptions_raw.csv
[ 2026-05-25 22:30:27,755 ] 26 root - INFO - Data loaded successfully
[ 2026-05-25 22:30:27,756 ] 396 root - INFO - Starting preprocessing pipeline
[ 2026-05-25 22:30:27,756 ] 53 root - INFO - Schema validation successful
[ 2026-05-25 22:30:27,756 ] 65 root - INFO - Standardizing columns
[ 2026-05-25 22:30:27,758 ] 94 root - INFO - Column standardization completed
[ 2026-05-25 22:30:27,758 ] 108 root - INFO - Converting datatypes
[ 2026-05-25 22:30:27,759 ] 125 root - INFO - Datatype conversion completed
[ 2026-05-25 22:30:27,759 ] 139 root - INFO - Handling missing values
[ 2026-05-25 22:30:27,763 ] 156 root - INFO - Missing value handling completed from (66, 5) to (53, 5)
[ 2026-05-25 22:30:27,763 ] 174 root - INFO - Removing duplicates
[ 2026-05-25 22:30:27,765 ] 188 root - INFO - Duplicates removed from (53, 5) to (53, 5)
[ 2026-05-25 22:30:27,765 ] 208 root - INFO - Filtering valid years
[ 2026-05-25 22:30:27,765 ] 217 root - INFO - Year filtering completed
[ 2026-05-25 22:30:27,766 ] 231 root - INFO - Sorting dataframe
[ 2026-05-25 22:30:27,768 ] 242 root - INFO - Sorting completed
[ 2026-05-25 22:30:27,769 ] 432 root - INFO - Preprocessing pipeline completed
[ 2026-05-25 22:30:27,773 ] 382 root - INFO - Processed dataframe saved at artifacts\data_processing\processed_data\mobile_subscriptions_data.csv
[ 2026-05-25 22:30:27,775 ] 354 root - INFO - Metadata saved at artifacts\data_processing\metadata\mobile_subscriptions_metadata.json
[ 2026-05-25 22:30:27,775 ] 484 root - INFO - Mobile_Subscriptions processing completed
[ 2026-05-25 22:30:27,776 ] 22 root - INFO - Loading data from artifacts\data_ingestion\raw_data\broadband_subscriptions_raw.csv
[ 2026-05-25 22:30:27,780 ] 26 root - INFO - Data loaded successfully
[ 2026-05-25 22:30:27,780 ] 396 root - INFO - Starting preprocessing pipeline
[ 2026-05-25 22:30:27,780 ] 53 root - INFO - Schema validation successful
[ 2026-05-25 22:30:27,780 ] 65 root - INFO - Standardizing columns
[ 2026-05-25 22:30:27,782 ] 94 root - INFO - Column standardization completed
[ 2026-05-25 22:30:27,782 ] 108 root - INFO - Converting datatypes
[ 2026-05-25 22:30:27,782 ] 125 root - INFO - Datatype conversion completed
[ 2026-05-25 22:30:27,782 ] 139 root - INFO - Handling missing values
[ 2026-05-25 22:30:27,786 ] 156 root - INFO - Missing value handling completed from (66, 5) to (24, 5)
[ 2026-05-25 22:30:27,786 ] 174 root - INFO - Removing duplicates
[ 2026-05-25 22:30:27,789 ] 188 root - INFO - Duplicates removed from (24, 5) to (24, 5)
[ 2026-05-25 22:30:27,789 ] 208 root - INFO - Filtering valid years
[ 2026-05-25 22:30:27,790 ] 217 root - INFO - Year filtering completed
[ 2026-05-25 22:30:27,790 ] 231 root - INFO - Sorting dataframe
[ 2026-05-25 22:30:27,793 ] 242 root - INFO - Sorting completed
[ 2026-05-25 22:30:27,794 ] 432 root - INFO - Preprocessing pipeline completed
[ 2026-05-25 22:30:27,798 ] 382 root - INFO - Processed dataframe saved at artifacts\data_processing\processed_data\broadband_subscriptions_data.csv
[ 2026-05-25 22:30:27,800 ] 354 root - INFO - Metadata saved at artifacts\data_processing\metadata\broadband_subscriptions_metadata.json
[ 2026-05-25 22:30:27,800 ] 484 root - INFO - Broadband_Subscriptions processing completed
[ 2026-05-25 22:30:27,802 ] 22 root - INFO - Loading data from artifacts\data_ingestion\raw_data\secure_servers_raw.csv
[ 2026-05-25 22:30:27,807 ] 26 root - INFO - Data loaded successfully
[ 2026-05-25 22:30:27,807 ] 396 root - INFO - Starting preprocessing pipeline
[ 2026-05-25 22:30:27,808 ] 53 root - INFO - Schema validation successful
[ 2026-05-25 22:30:27,808 ] 65 root - INFO - Standardizing columns
[ 2026-05-25 22:30:27,810 ] 94 root - INFO - Column standardization completed
[ 2026-05-25 22:30:27,810 ] 108 root - INFO - Converting datatypes
[ 2026-05-25 22:30:27,811 ] 125 root - INFO - Datatype conversion completed
[ 2026-05-25 22:30:27,811 ] 139 root - INFO - Handling missing values
[ 2026-05-25 22:30:27,814 ] 156 root - INFO - Missing value handling completed from (66, 5) to (15, 5)
[ 2026-05-25 22:30:27,814 ] 174 root - INFO - Removing duplicates
[ 2026-05-25 22:30:27,816 ] 188 root - INFO - Duplicates removed from (15, 5) to (15, 5)
[ 2026-05-25 22:30:27,816 ] 208 root - INFO - Filtering valid years
[ 2026-05-25 22:30:27,817 ] 217 root - INFO - Year filtering completed
[ 2026-05-25 22:30:27,817 ] 231 root - INFO - Sorting dataframe
[ 2026-05-25 22:30:27,820 ] 242 root - INFO - Sorting completed
[ 2026-05-25 22:30:27,821 ] 432 root - INFO - Preprocessing pipeline completed
[ 2026-05-25 22:30:27,824 ] 382 root - INFO - Processed dataframe saved at artifacts\data_processing\processed_data\secure_servers_data.csv
[ 2026-05-25 22:30:27,826 ] 354 root - INFO - Metadata saved at artifacts\data_processing\metadata\secure_servers_metadata.json
[ 2026-05-25 22:30:27,826 ] 484 root - INFO - Secure_Servers processing completed
[ 2026-05-25 22:30:27,827 ] 22 root - INFO - Loading data from artifacts\data_ingestion\raw_data\rnd_expenditure_raw.csv
[ 2026-05-25 22:30:27,831 ] 26 root - INFO - Data loaded successfully
[ 2026-05-25 22:30:27,831 ] 396 root - INFO - Starting preprocessing pipeline
[ 2026-05-25 22:30:27,831 ] 53 root - INFO - Schema validation successful
[ 2026-05-25 22:30:27,831 ] 65 root - INFO - Standardizing columns
[ 2026-05-25 22:30:27,832 ] 94 root - INFO - Column standardization completed
[ 2026-05-25 22:30:27,832 ] 108 root - INFO - Converting datatypes
[ 2026-05-25 22:30:27,834 ] 125 root - INFO - Datatype conversion completed
[ 2026-05-25 22:30:27,834 ] 139 root - INFO - Handling missing values
[ 2026-05-25 22:30:27,836 ] 156 root - INFO - Missing value handling completed from (66, 5) to (25, 5)
[ 2026-05-25 22:30:27,837 ] 174 root - INFO - Removing duplicates
[ 2026-05-25 22:30:27,838 ] 188 root - INFO - Duplicates removed from (25, 5) to (25, 5)
[ 2026-05-25 22:30:27,838 ] 208 root - INFO - Filtering valid years
[ 2026-05-25 22:30:27,839 ] 217 root - INFO - Year filtering completed
[ 2026-05-25 22:30:27,839 ] 231 root - INFO - Sorting dataframe
[ 2026-05-25 22:30:27,840 ] 242 root - INFO - Sorting completed
[ 2026-05-25 22:30:27,841 ] 432 root - INFO - Preprocessing pipeline completed
[ 2026-05-25 22:30:27,844 ] 382 root - INFO - Processed dataframe saved at artifacts\data_processing\processed_data\rnd_expenditure_data.csv
[ 2026-05-25 22:30:27,846 ] 354 root - INFO - Metadata saved at artifacts\data_processing\metadata\rnd_expenditure_metadata.json
[ 2026-05-25 22:30:27,846 ] 484 root - INFO - RND_Expenditure processing completed
[ 2026-05-25 22:30:27,847 ] 22 root - INFO - Loading data from artifacts\data_ingestion\raw_data\air_pollution_raw.csv
[ 2026-05-25 22:30:27,851 ] 26 root - INFO - Data loaded successfully
[ 2026-05-25 22:30:27,851 ] 396 root - INFO - Starting preprocessing pipeline
[ 2026-05-25 22:30:27,851 ] 53 root - INFO - Schema validation successful
[ 2026-05-25 22:30:27,851 ] 65 root - INFO - Standardizing columns
[ 2026-05-25 22:30:27,853 ] 94 root - INFO - Column standardization completed
[ 2026-05-25 22:30:27,853 ] 108 root - INFO - Converting datatypes
[ 2026-05-25 22:30:27,853 ] 125 root - INFO - Datatype conversion completed
[ 2026-05-25 22:30:27,853 ] 139 root - INFO - Handling missing values
[ 2026-05-25 22:30:27,856 ] 156 root - INFO - Missing value handling completed from (66, 5) to (31, 5)
[ 2026-05-25 22:30:27,856 ] 174 root - INFO - Removing duplicates
[ 2026-05-25 22:30:27,858 ] 188 root - INFO - Duplicates removed from (31, 5) to (31, 5)
[ 2026-05-25 22:30:27,858 ] 208 root - INFO - Filtering valid years
[ 2026-05-25 22:30:27,858 ] 217 root - INFO - Year filtering completed
[ 2026-05-25 22:30:27,859 ] 231 root - INFO - Sorting dataframe
[ 2026-05-25 22:30:27,860 ] 242 root - INFO - Sorting completed
[ 2026-05-25 22:30:27,861 ] 432 root - INFO - Preprocessing pipeline completed
[ 2026-05-25 22:30:27,864 ] 382 root - INFO - Processed dataframe saved at artifacts\data_processing\processed_data\air_pollution_data.csv
[ 2026-05-25 22:30:27,865 ] 354 root - INFO - Metadata saved at artifacts\data_processing\metadata\air_pollution_metadata.json
[ 2026-05-25 22:30:27,866 ] 484 root - INFO - Air_Pollution processing completed
[ 2026-05-25 22:30:27,867 ] 22 root - INFO - Loading data from artifacts\data_ingestion\raw_data\forest_area_raw.csv
[ 2026-05-25 22:30:27,870 ] 26 root - INFO - Data loaded successfully
[ 2026-05-25 22:30:27,870 ] 396 root - INFO - Starting preprocessing pipeline
[ 2026-05-25 22:30:27,871 ] 53 root - INFO - Schema validation successful
[ 2026-05-25 22:30:27,871 ] 65 root - INFO - Standardizing columns
[ 2026-05-25 22:30:27,872 ] 94 root - INFO - Column standardization completed
[ 2026-05-25 22:30:27,872 ] 108 root - INFO - Converting datatypes
[ 2026-05-25 22:30:27,873 ] 125 root - INFO - Datatype conversion completed
[ 2026-05-25 22:30:27,873 ] 139 root - INFO - Handling missing values
[ 2026-05-25 22:30:27,876 ] 156 root - INFO - Missing value handling completed from (66, 5) to (34, 5)
[ 2026-05-25 22:30:27,877 ] 174 root - INFO - Removing duplicates
[ 2026-05-25 22:30:27,879 ] 188 root - INFO - Duplicates removed from (34, 5) to (34, 5)
[ 2026-05-25 22:30:27,879 ] 208 root - INFO - Filtering valid years
[ 2026-05-25 22:30:27,880 ] 217 root - INFO - Year filtering completed
[ 2026-05-25 22:30:27,880 ] 231 root - INFO - Sorting dataframe
[ 2026-05-25 22:30:27,882 ] 242 root - INFO - Sorting completed
[ 2026-05-25 22:30:27,883 ] 432 root - INFO - Preprocessing pipeline completed
[ 2026-05-25 22:30:27,885 ] 382 root - INFO - Processed dataframe saved at artifacts\data_processing\processed_data\forest_area_data.csv
[ 2026-05-25 22:30:27,887 ] 354 root - INFO - Metadata saved at artifacts\data_processing\metadata\forest_area_metadata.json
[ 2026-05-25 22:30:27,887 ] 484 root - INFO - Forest_Area processing completed
[ 2026-05-25 22:30:27,888 ] 22 root - INFO - Loading data from artifacts\data_ingestion\raw_data\renewable_energy_raw.csv
[ 2026-05-25 22:30:27,891 ] 26 root - INFO - Data loaded successfully
[ 2026-05-25 22:30:27,891 ] 396 root - INFO - Starting preprocessing pipeline
[ 2026-05-25 22:30:27,891 ] 53 root - INFO - Schema validation successful
[ 2026-05-25 22:30:27,891 ] 65 root - INFO - Standardizing columns
[ 2026-05-25 22:30:27,893 ] 94 root - INFO - Column standardization completed
[ 2026-05-25 22:30:27,893 ] 108 root - INFO - Converting datatypes
[ 2026-05-25 22:30:27,893 ] 125 root - INFO - Datatype conversion completed
[ 2026-05-25 22:30:27,893 ] 139 root - INFO - Handling missing values
[ 2026-05-25 22:30:27,895 ] 156 root - INFO - Missing value handling completed from (66, 5) to (32, 5)
[ 2026-05-25 22:30:27,895 ] 174 root - INFO - Removing duplicates
[ 2026-05-25 22:30:27,896 ] 188 root - INFO - Duplicates removed from (32, 5) to (32, 5)
[ 2026-05-25 22:30:27,896 ] 208 root - INFO - Filtering valid years
[ 2026-05-25 22:30:27,897 ] 217 root - INFO - Year filtering completed
[ 2026-05-25 22:30:27,897 ] 231 root - INFO - Sorting dataframe
[ 2026-05-25 22:30:27,898 ] 242 root - INFO - Sorting completed
[ 2026-05-25 22:30:27,899 ] 432 root - INFO - Preprocessing pipeline completed
[ 2026-05-25 22:30:27,902 ] 382 root - INFO - Processed dataframe saved at artifacts\data_processing\processed_data\renewable_energy_data.csv
[ 2026-05-25 22:30:27,903 ] 354 root - INFO - Metadata saved at artifacts\data_processing\metadata\renewable_energy_metadata.json
[ 2026-05-25 22:30:27,903 ] 484 root - INFO - Renewable_Energy processing completed
[ 2026-05-25 22:30:27,904 ] 22 root - INFO - Loading data from artifacts\data_ingestion\raw_data\electricity_access_raw.csv
[ 2026-05-25 22:30:27,906 ] 26 root - INFO - Data loaded successfully
[ 2026-05-25 22:30:27,906 ] 396 root - INFO - Starting preprocessing pipeline
[ 2026-05-25 22:30:27,907 ] 53 root - INFO - Schema validation successful
[ 2026-05-25 22:30:27,907 ] 65 root - INFO - Standardizing columns
[ 2026-05-25 22:30:27,908 ] 94 root - INFO - Column standardization completed
[ 2026-05-25 22:30:27,908 ] 108 root - INFO - Converting datatypes
[ 2026-05-25 22:30:27,908 ] 125 root - INFO - Datatype conversion completed
[ 2026-05-25 22:30:27,908 ] 139 root - INFO - Handling missing values
[ 2026-05-25 22:30:27,910 ] 156 root - INFO - Missing value handling completed from (66, 5) to (31, 5)
[ 2026-05-25 22:30:27,910 ] 174 root - INFO - Removing duplicates
[ 2026-05-25 22:30:27,911 ] 188 root - INFO - Duplicates removed from (31, 5) to (31, 5)
[ 2026-05-25 22:30:27,911 ] 208 root - INFO - Filtering valid years
[ 2026-05-25 22:30:27,912 ] 217 root - INFO - Year filtering completed
[ 2026-05-25 22:30:27,912 ] 231 root - INFO - Sorting dataframe
[ 2026-05-25 22:30:27,913 ] 242 root - INFO - Sorting completed
[ 2026-05-25 22:30:27,914 ] 432 root - INFO - Preprocessing pipeline completed
[ 2026-05-25 22:30:27,916 ] 382 root - INFO - Processed dataframe saved at artifacts\data_processing\processed_data\electricity_access_data.csv
[ 2026-05-25 22:30:27,917 ] 354 root - INFO - Metadata saved at artifacts\data_processing\metadata\electricity_access_metadata.json
[ 2026-05-25 22:30:27,917 ] 484 root - INFO - Electricity_Access processing completed
[ 2026-05-25 22:30:27,918 ] 22 root - INFO - Loading data from artifacts\data_ingestion\raw_data\agriculture_raw.csv
[ 2026-05-25 22:30:27,921 ] 26 root - INFO - Data loaded successfully
[ 2026-05-25 22:30:27,921 ] 396 root - INFO - Starting preprocessing pipeline
[ 2026-05-25 22:30:27,922 ] 53 root - INFO - Schema validation successful
[ 2026-05-25 22:30:27,922 ] 65 root - INFO - Standardizing columns
[ 2026-05-25 22:30:27,923 ] 94 root - INFO - Column standardization completed
[ 2026-05-25 22:30:27,924 ] 108 root - INFO - Converting datatypes
[ 2026-05-25 22:30:27,924 ] 125 root - INFO - Datatype conversion completed
[ 2026-05-25 22:30:27,924 ] 139 root - INFO - Handling missing values
[ 2026-05-25 22:30:27,926 ] 156 root - INFO - Missing value handling completed from (66, 5) to (65, 5)
[ 2026-05-25 22:30:27,926 ] 174 root - INFO - Removing duplicates
[ 2026-05-25 22:30:27,928 ] 188 root - INFO - Duplicates removed from (65, 5) to (65, 5)
[ 2026-05-25 22:30:27,928 ] 208 root - INFO - Filtering valid years
[ 2026-05-25 22:30:27,928 ] 217 root - INFO - Year filtering completed
[ 2026-05-25 22:30:27,928 ] 231 root - INFO - Sorting dataframe
[ 2026-05-25 22:30:27,930 ] 242 root - INFO - Sorting completed
[ 2026-05-25 22:30:27,931 ] 432 root - INFO - Preprocessing pipeline completed
[ 2026-05-25 22:30:27,933 ] 382 root - INFO - Processed dataframe saved at artifacts\data_processing\processed_data\agriculture_data.csv
[ 2026-05-25 22:30:27,934 ] 354 root - INFO - Metadata saved at artifacts\data_processing\metadata\agriculture_metadata.json
[ 2026-05-25 22:30:27,934 ] 484 root - INFO - Agriculture processing completed
[ 2026-05-25 22:30:27,935 ] 22 root - INFO - Loading data from artifacts\data_ingestion\raw_data\industry_raw.csv
[ 2026-05-25 22:30:27,937 ] 26 root - INFO - Data loaded successfully
[ 2026-05-25 22:30:27,937 ] 396 root - INFO - Starting preprocessing pipeline
[ 2026-05-25 22:30:27,937 ] 53 root - INFO - Schema validation successful
[ 2026-05-25 22:30:27,937 ] 65 root - INFO - Standardizing columns
[ 2026-05-25 22:30:27,939 ] 94 root - INFO - Column standardization completed
[ 2026-05-25 22:30:27,939 ] 108 root - INFO - Converting datatypes
[ 2026-05-25 22:30:27,939 ] 125 root - INFO - Datatype conversion completed
[ 2026-05-25 22:30:27,939 ] 139 root - INFO - Handling missing values
[ 2026-05-25 22:30:27,942 ] 156 root - INFO - Missing value handling completed from (66, 5) to (65, 5)
[ 2026-05-25 22:30:27,942 ] 174 root - INFO - Removing duplicates
[ 2026-05-25 22:30:27,942 ] 188 root - INFO - Duplicates removed from (65, 5) to (65, 5)
[ 2026-05-25 22:30:27,943 ] 208 root - INFO - Filtering valid years
[ 2026-05-25 22:30:27,943 ] 217 root - INFO - Year filtering completed
[ 2026-05-25 22:30:27,943 ] 231 root - INFO - Sorting dataframe
[ 2026-05-25 22:30:27,944 ] 242 root - INFO - Sorting completed
[ 2026-05-25 22:30:27,945 ] 432 root - INFO - Preprocessing pipeline completed
[ 2026-05-25 22:30:27,947 ] 382 root - INFO - Processed dataframe saved at artifacts\data_processing\processed_data\industry_data.csv
[ 2026-05-25 22:30:27,948 ] 354 root - INFO - Metadata saved at artifacts\data_processing\metadata\industry_metadata.json
[ 2026-05-25 22:30:27,948 ] 484 root - INFO - Industry processing completed
[ 2026-05-25 22:30:27,949 ] 22 root - INFO - Loading data from artifacts\data_ingestion\raw_data\services_raw.csv
[ 2026-05-25 22:30:27,951 ] 26 root - INFO - Data loaded successfully
[ 2026-05-25 22:30:27,951 ] 396 root - INFO - Starting preprocessing pipeline
[ 2026-05-25 22:30:27,951 ] 53 root - INFO - Schema validation successful
[ 2026-05-25 22:30:27,951 ] 65 root - INFO - Standardizing columns
[ 2026-05-25 22:30:27,952 ] 94 root - INFO - Column standardization completed
[ 2026-05-25 22:30:27,952 ] 108 root - INFO - Converting datatypes
[ 2026-05-25 22:30:27,953 ] 125 root - INFO - Datatype conversion completed
[ 2026-05-25 22:30:27,953 ] 139 root - INFO - Handling missing values
[ 2026-05-25 22:30:27,955 ] 156 root - INFO - Missing value handling completed from (66, 5) to (65, 5)
[ 2026-05-25 22:30:27,956 ] 174 root - INFO - Removing duplicates
[ 2026-05-25 22:30:27,957 ] 188 root - INFO - Duplicates removed from (65, 5) to (65, 5)
[ 2026-05-25 22:30:27,957 ] 208 root - INFO - Filtering valid years
[ 2026-05-25 22:30:27,957 ] 217 root - INFO - Year filtering completed
[ 2026-05-25 22:30:27,958 ] 231 root - INFO - Sorting dataframe
[ 2026-05-25 22:30:27,959 ] 242 root - INFO - Sorting completed
[ 2026-05-25 22:30:27,960 ] 432 root - INFO - Preprocessing pipeline completed
[ 2026-05-25 22:30:27,962 ] 382 root - INFO - Processed dataframe saved at artifacts\data_processing\processed_data\services_data.csv
[ 2026-05-25 22:30:27,962 ] 354 root - INFO - Metadata saved at artifacts\data_processing\metadata\services_metadata.json
[ 2026-05-25 22:30:27,962 ] 484 root - INFO - Services processing completed
[ 2026-05-25 22:30:27,963 ] 22 root - INFO - Loading data from artifacts\data_ingestion\raw_data\military_expenditure_raw.csv
[ 2026-05-25 22:30:27,965 ] 26 root - INFO - Data loaded successfully
[ 2026-05-25 22:30:27,965 ] 396 root - INFO - Starting preprocessing pipeline
[ 2026-05-25 22:30:27,965 ] 53 root - INFO - Schema validation successful
[ 2026-05-25 22:30:27,966 ] 65 root - INFO - Standardizing columns
[ 2026-05-25 22:30:27,966 ] 94 root - INFO - Column standardization completed
[ 2026-05-25 22:30:27,967 ] 108 root - INFO - Converting datatypes
[ 2026-05-25 22:30:27,967 ] 125 root - INFO - Datatype conversion completed
[ 2026-05-25 22:30:27,967 ] 139 root - INFO - Handling missing values
[ 2026-05-25 22:30:27,969 ] 156 root - INFO - Missing value handling completed from (66, 5) to (65, 5)
[ 2026-05-25 22:30:27,969 ] 174 root - INFO - Removing duplicates
[ 2026-05-25 22:30:27,970 ] 188 root - INFO - Duplicates removed from (65, 5) to (65, 5)
[ 2026-05-25 22:30:27,970 ] 208 root - INFO - Filtering valid years
[ 2026-05-25 22:30:27,971 ] 217 root - INFO - Year filtering completed
[ 2026-05-25 22:30:27,971 ] 231 root - INFO - Sorting dataframe
[ 2026-05-25 22:30:27,973 ] 242 root - INFO - Sorting completed
[ 2026-05-25 22:30:27,973 ] 432 root - INFO - Preprocessing pipeline completed
[ 2026-05-25 22:30:27,976 ] 382 root - INFO - Processed dataframe saved at artifacts\data_processing\processed_data\military_expenditure_data.csv
[ 2026-05-25 22:30:27,977 ] 354 root - INFO - Metadata saved at artifacts\data_processing\metadata\military_expenditure_metadata.json
[ 2026-05-25 22:30:27,977 ] 484 root - INFO - Military_Expenditure processing completed
[ 2026-05-25 22:30:27,978 ] 22 root - INFO - Loading data from artifacts\data_ingestion\raw_data\military_percent_gdp_raw.csv
[ 2026-05-25 22:30:27,980 ] 26 root - INFO - Data loaded successfully
[ 2026-05-25 22:30:27,980 ] 396 root - INFO - Starting preprocessing pipeline
[ 2026-05-25 22:30:27,980 ] 53 root - INFO - Schema validation successful
[ 2026-05-25 22:30:27,981 ] 65 root - INFO - Standardizing columns
[ 2026-05-25 22:30:27,982 ] 94 root - INFO - Column standardization completed
[ 2026-05-25 22:30:27,982 ] 108 root - INFO - Converting datatypes
[ 2026-05-25 22:30:27,982 ] 125 root - INFO - Datatype conversion completed
[ 2026-05-25 22:30:27,982 ] 139 root - INFO - Handling missing values
[ 2026-05-25 22:30:27,984 ] 156 root - INFO - Missing value handling completed from (66, 5) to (65, 5)
[ 2026-05-25 22:30:27,984 ] 174 root - INFO - Removing duplicates
[ 2026-05-25 22:30:27,985 ] 188 root - INFO - Duplicates removed from (65, 5) to (65, 5)
[ 2026-05-25 22:30:27,985 ] 208 root - INFO - Filtering valid years
[ 2026-05-25 22:30:27,985 ] 217 root - INFO - Year filtering completed
[ 2026-05-25 22:30:27,985 ] 231 root - INFO - Sorting dataframe
[ 2026-05-25 22:30:27,986 ] 242 root - INFO - Sorting completed
[ 2026-05-25 22:30:27,987 ] 432 root - INFO - Preprocessing pipeline completed
[ 2026-05-25 22:30:27,990 ] 382 root - INFO - Processed dataframe saved at artifacts\data_processing\processed_data\military_percent_gdp_data.csv
[ 2026-05-25 22:30:27,991 ] 354 root - INFO - Metadata saved at artifacts\data_processing\metadata\military_percent_gdp_metadata.json
[ 2026-05-25 22:30:27,991 ] 484 root - INFO - Military_Percent_GDP processing completed
[ 2026-05-25 22:30:27,992 ] 22 root - INFO - Loading data from artifacts\data_ingestion\raw_data\armed_forces_personnel_raw.csv
[ 2026-05-25 22:30:27,994 ] 26 root - INFO - Data loaded successfully
[ 2026-05-25 22:30:27,994 ] 396 root - INFO - Starting preprocessing pipeline
[ 2026-05-25 22:30:27,994 ] 53 root - INFO - Schema validation successful
[ 2026-05-25 22:30:27,994 ] 65 root - INFO - Standardizing columns
[ 2026-05-25 22:30:27,996 ] 94 root - INFO - Column standardization completed
[ 2026-05-25 22:30:27,996 ] 108 root - INFO - Converting datatypes
[ 2026-05-25 22:30:27,996 ] 125 root - INFO - Datatype conversion completed
[ 2026-05-25 22:30:27,996 ] 139 root - INFO - Handling missing values
[ 2026-05-25 22:30:27,998 ] 156 root - INFO - Missing value handling completed from (66, 5) to (33, 5)
[ 2026-05-25 22:30:27,998 ] 174 root - INFO - Removing duplicates
[ 2026-05-25 22:30:27,999 ] 188 root - INFO - Duplicates removed from (33, 5) to (33, 5)
[ 2026-05-25 22:30:27,999 ] 208 root - INFO - Filtering valid years
[ 2026-05-25 22:30:27,999 ] 217 root - INFO - Year filtering completed
[ 2026-05-25 22:30:28,000 ] 231 root - INFO - Sorting dataframe
[ 2026-05-25 22:30:28,001 ] 242 root - INFO - Sorting completed
[ 2026-05-25 22:30:28,001 ] 432 root - INFO - Preprocessing pipeline completed
[ 2026-05-25 22:30:28,004 ] 382 root - INFO - Processed dataframe saved at artifacts\data_processing\processed_data\armed_forces_personnel_data.csv
[ 2026-05-25 22:30:28,005 ] 354 root - INFO - Metadata saved at artifacts\data_processing\metadata\armed_forces_personnel_metadata.json
[ 2026-05-25 22:30:28,005 ] 484 root - INFO - Armed_Forces_Personnel processing completed
