[ 2026-05-25 23:45:33,289 ] 21 root - INFO - Data Ingestion Started
[ 2026-05-25 23:45:33,289 ] 41 root - INFO - Fetching gdp
[ 2026-05-25 23:45:33,500 ] 110 root - INFO - Saved gdp_raw.csv
[ 2026-05-25 23:45:33,500 ] 41 root - INFO - Fetching gdp_per_capita
[ 2026-05-25 23:45:33,571 ] 110 root - INFO - Saved gdp_per_capita_raw.csv
[ 2026-05-25 23:45:33,571 ] 41 root - INFO - Fetching population
[ 2026-05-25 23:45:33,692 ] 110 root - INFO - Saved population_raw.csv
[ 2026-05-25 23:45:33,692 ] 41 root - INFO - Fetching inflation
[ 2026-05-25 23:45:33,763 ] 110 root - INFO - Saved inflation_raw.csv
[ 2026-05-25 23:45:33,771 ] 41 root - INFO - Fetching unemployment
[ 2026-05-25 23:45:33,845 ] 110 root - INFO - Saved unemployment_raw.csv
[ 2026-05-25 23:45:33,845 ] 41 root - INFO - Fetching life_expectancy
[ 2026-05-25 23:45:33,939 ] 110 root - INFO - Saved life_expectancy_raw.csv
[ 2026-05-25 23:45:33,939 ] 41 root - INFO - Fetching exports
[ 2026-05-25 23:45:34,017 ] 110 root - INFO - Saved exports_raw.csv
[ 2026-05-25 23:45:34,017 ] 41 root - INFO - Fetching imports
[ 2026-05-25 23:45:34,094 ] 110 root - INFO - Saved imports_raw.csv
[ 2026-05-25 23:45:34,094 ] 41 root - INFO - Fetching forex_reserves
[ 2026-05-25 23:45:34,180 ] 110 root - INFO - Saved forex_reserves_raw.csv
[ 2026-05-25 23:45:34,180 ] 41 root - INFO - Fetching agriculture
[ 2026-05-25 23:45:34,270 ] 110 root - INFO - Saved agriculture_raw.csv
[ 2026-05-25 23:45:34,270 ] 41 root - INFO - Fetching industry
[ 2026-05-25 23:45:34,374 ] 110 root - INFO - Saved industry_raw.csv
[ 2026-05-25 23:45:34,374 ] 41 root - INFO - Fetching services
[ 2026-05-25 23:45:34,480 ] 110 root - INFO - Saved services_raw.csv
[ 2026-05-25 23:45:34,480 ] 41 root - INFO - Fetching trade_percent_gdp
[ 2026-05-25 23:45:34,576 ] 110 root - INFO - Saved trade_percent_gdp_raw.csv
[ 2026-05-25 23:45:34,576 ] 41 root - INFO - Fetching fdi
[ 2026-05-25 23:45:34,685 ] 110 root - INFO - Saved fdi_raw.csv
[ 2026-05-25 23:45:34,685 ] 41 root - INFO - Fetching interest_rate
[ 2026-05-25 23:45:34,808 ] 110 root - INFO - Saved interest_rate_raw.csv
[ 2026-05-25 23:45:34,808 ] 41 root - INFO - Fetching current_account_balance
[ 2026-05-25 23:45:34,903 ] 110 root - INFO - Saved current_account_balance_raw.csv
[ 2026-05-25 23:45:34,903 ] 41 root - INFO - Fetching population_growth
[ 2026-05-25 23:45:34,983 ] 110 root - INFO - Saved population_growth_raw.csv
[ 2026-05-25 23:45:34,983 ] 41 root - INFO - Fetching urbanization
[ 2026-05-25 23:45:35,074 ] 110 root - INFO - Saved urbanization_raw.csv
[ 2026-05-25 23:45:35,074 ] 41 root - INFO - Fetching birth_rate
[ 2026-05-25 23:45:35,170 ] 110 root - INFO - Saved birth_rate_raw.csv
[ 2026-05-25 23:45:35,170 ] 41 root - INFO - Fetching death_rate
[ 2026-05-25 23:45:35,269 ] 110 root - INFO - Saved death_rate_raw.csv
[ 2026-05-25 23:45:35,269 ] 41 root - INFO - Fetching population_density
[ 2026-05-25 23:45:35,342 ] 110 root - INFO - Saved population_density_raw.csv
[ 2026-05-25 23:45:35,342 ] 41 root - INFO - Fetching literacy_rate
[ 2026-05-25 23:45:35,412 ] 110 root - INFO - Saved literacy_rate_raw.csv
[ 2026-05-25 23:45:35,412 ] 41 root - INFO - Fetching internet_users
[ 2026-05-25 23:45:35,476 ] 110 root - INFO - Saved internet_users_raw.csv
[ 2026-05-25 23:45:35,476 ] 41 root - INFO - Fetching mobile_subscriptions
[ 2026-05-25 23:45:35,780 ] 110 root - INFO - Saved mobile_subscriptions_raw.csv
[ 2026-05-25 23:45:35,780 ] 41 root - INFO - Fetching broadband_subscriptions
[ 2026-05-25 23:45:35,889 ] 110 root - INFO - Saved broadband_subscriptions_raw.csv
[ 2026-05-25 23:45:35,889 ] 41 root - INFO - Fetching secure_servers
[ 2026-05-25 23:45:35,977 ] 110 root - INFO - Saved secure_servers_raw.csv
[ 2026-05-25 23:45:35,977 ] 41 root - INFO - Fetching high_tech_exports
[ 2026-05-25 23:45:36,053 ] 110 root - INFO - Saved high_tech_exports_raw.csv
[ 2026-05-25 23:45:36,053 ] 41 root - INFO - Fetching rnd_expenditure
[ 2026-05-25 23:45:36,131 ] 110 root - INFO - Saved rnd_expenditure_raw.csv
[ 2026-05-25 23:45:36,131 ] 41 root - INFO - Fetching renewable_energy
[ 2026-05-25 23:45:36,199 ] 110 root - INFO - Saved renewable_energy_raw.csv
[ 2026-05-25 23:45:36,199 ] 41 root - INFO - Fetching forest_area
[ 2026-05-25 23:45:36,286 ] 110 root - INFO - Saved forest_area_raw.csv
[ 2026-05-25 23:45:36,286 ] 41 root - INFO - Fetching air_pollution
[ 2026-05-25 23:45:36,382 ] 110 root - INFO - Saved air_pollution_raw.csv
[ 2026-05-25 23:45:36,382 ] 41 root - INFO - Fetching electricity_access
[ 2026-05-25 23:45:36,475 ] 110 root - INFO - Saved electricity_access_raw.csv
[ 2026-05-25 23:45:36,475 ] 41 root - INFO - Fetching military_expenditure
[ 2026-05-25 23:45:36,544 ] 110 root - INFO - Saved military_expenditure_raw.csv
[ 2026-05-25 23:45:36,544 ] 41 root - INFO - Fetching military_percent_gdp
[ 2026-05-25 23:45:36,625 ] 110 root - INFO - Saved military_percent_gdp_raw.csv
[ 2026-05-25 23:45:36,625 ] 41 root - INFO - Fetching armed_forces_personnel
[ 2026-05-25 23:45:36,692 ] 110 root - INFO - Saved armed_forces_personnel_raw.csv
[ 2026-05-25 23:45:36,693 ] 23 root - INFO - Data Ingestion Completed
[ 2026-05-25 23:45:36,694 ] 22 root - INFO - Loading data from artifacts\data_ingestion\raw_data\gdp_raw.csv
[ 2026-05-25 23:45:36,696 ] 26 root - INFO - Data loaded successfully
[ 2026-05-25 23:45:36,696 ] 396 root - INFO - Starting preprocessing pipeline
[ 2026-05-25 23:45:36,697 ] 53 root - INFO - Schema validation successful
[ 2026-05-25 23:45:36,697 ] 65 root - INFO - Standardizing columns
[ 2026-05-25 23:45:36,699 ] 94 root - INFO - Column standardization completed
[ 2026-05-25 23:45:36,699 ] 108 root - INFO - Converting datatypes
[ 2026-05-25 23:45:36,699 ] 125 root - INFO - Datatype conversion completed
[ 2026-05-25 23:45:36,699 ] 139 root - INFO - Handling missing values
[ 2026-05-25 23:45:36,701 ] 156 root - INFO - Missing value handling completed from (66, 5) to (65, 5)
[ 2026-05-25 23:45:36,701 ] 174 root - INFO - Removing duplicates
[ 2026-05-25 23:45:36,703 ] 188 root - INFO - Duplicates removed from (65, 5) to (65, 5)
[ 2026-05-25 23:45:36,703 ] 208 root - INFO - Filtering valid years
[ 2026-05-25 23:45:36,703 ] 217 root - INFO - Year filtering completed
[ 2026-05-25 23:45:36,704 ] 231 root - INFO - Sorting dataframe
[ 2026-05-25 23:45:36,705 ] 242 root - INFO - Sorting completed
[ 2026-05-25 23:45:36,706 ] 432 root - INFO - Preprocessing pipeline completed
[ 2026-05-25 23:45:36,708 ] 382 root - INFO - Processed dataframe saved at artifacts\data_processing\processed_data\gdp_data.csv
[ 2026-05-25 23:45:36,708 ] 354 root - INFO - Metadata saved at artifacts\data_processing\metadata\gdp_metadata.json
[ 2026-05-25 23:45:36,708 ] 484 root - INFO - GDP processing completed
[ 2026-05-25 23:45:36,710 ] 22 root - INFO - Loading data from artifacts\data_ingestion\raw_data\gdp_per_capita_raw.csv
[ 2026-05-25 23:45:36,712 ] 26 root - INFO - Data loaded successfully
[ 2026-05-25 23:45:36,712 ] 396 root - INFO - Starting preprocessing pipeline
[ 2026-05-25 23:45:36,714 ] 53 root - INFO - Schema validation successful
[ 2026-05-25 23:45:36,714 ] 65 root - INFO - Standardizing columns
[ 2026-05-25 23:45:36,716 ] 94 root - INFO - Column standardization completed
[ 2026-05-25 23:45:36,716 ] 108 root - INFO - Converting datatypes
[ 2026-05-25 23:45:36,717 ] 125 root - INFO - Datatype conversion completed
[ 2026-05-25 23:45:36,717 ] 139 root - INFO - Handling missing values
[ 2026-05-25 23:45:36,720 ] 156 root - INFO - Missing value handling completed from (66, 5) to (65, 5)
[ 2026-05-25 23:45:36,720 ] 174 root - INFO - Removing duplicates
[ 2026-05-25 23:45:36,723 ] 188 root - INFO - Duplicates removed from (65, 5) to (65, 5)
[ 2026-05-25 23:45:36,723 ] 208 root - INFO - Filtering valid years
[ 2026-05-25 23:45:36,724 ] 217 root - INFO - Year filtering completed
[ 2026-05-25 23:45:36,724 ] 231 root - INFO - Sorting dataframe
[ 2026-05-25 23:45:36,727 ] 242 root - INFO - Sorting completed
[ 2026-05-25 23:45:36,728 ] 432 root - INFO - Preprocessing pipeline completed
[ 2026-05-25 23:45:36,732 ] 382 root - INFO - Processed dataframe saved at artifacts\data_processing\processed_data\gdp_per_capita_data.csv
[ 2026-05-25 23:45:36,735 ] 354 root - INFO - Metadata saved at artifacts\data_processing\metadata\gdp_per_capita_metadata.json
[ 2026-05-25 23:45:36,735 ] 484 root - INFO - GDP_Per_Capita processing completed
[ 2026-05-25 23:45:36,737 ] 22 root - INFO - Loading data from artifacts\data_ingestion\raw_data\inflation_raw.csv
[ 2026-05-25 23:45:36,743 ] 26 root - INFO - Data loaded successfully
[ 2026-05-25 23:45:36,743 ] 396 root - INFO - Starting preprocessing pipeline
[ 2026-05-25 23:45:36,743 ] 53 root - INFO - Schema validation successful
[ 2026-05-25 23:45:36,743 ] 65 root - INFO - Standardizing columns
[ 2026-05-25 23:45:36,746 ] 94 root - INFO - Column standardization completed
[ 2026-05-25 23:45:36,746 ] 108 root - INFO - Converting datatypes
[ 2026-05-25 23:45:36,747 ] 125 root - INFO - Datatype conversion completed
[ 2026-05-25 23:45:36,747 ] 139 root - INFO - Handling missing values
[ 2026-05-25 23:45:36,754 ] 156 root - INFO - Missing value handling completed from (66, 5) to (65, 5)
[ 2026-05-25 23:45:36,754 ] 174 root - INFO - Removing duplicates
[ 2026-05-25 23:45:36,758 ] 188 root - INFO - Duplicates removed from (65, 5) to (65, 5)
[ 2026-05-25 23:45:36,758 ] 208 root - INFO - Filtering valid years
[ 2026-05-25 23:45:36,759 ] 217 root - INFO - Year filtering completed
[ 2026-05-25 23:45:36,759 ] 231 root - INFO - Sorting dataframe
[ 2026-05-25 23:45:36,763 ] 242 root - INFO - Sorting completed
[ 2026-05-25 23:45:36,765 ] 432 root - INFO - Preprocessing pipeline completed
[ 2026-05-25 23:45:36,772 ] 382 root - INFO - Processed dataframe saved at artifacts\data_processing\processed_data\inflation_data.csv
[ 2026-05-25 23:45:36,775 ] 354 root - INFO - Metadata saved at artifacts\data_processing\metadata\inflation_metadata.json
[ 2026-05-25 23:45:36,775 ] 484 root - INFO - Inflation processing completed
[ 2026-05-25 23:45:36,777 ] 22 root - INFO - Loading data from artifacts\data_ingestion\raw_data\interest_rate_raw.csv
[ 2026-05-25 23:45:36,785 ] 26 root - INFO - Data loaded successfully
[ 2026-05-25 23:45:36,785 ] 396 root - INFO - Starting preprocessing pipeline
[ 2026-05-25 23:45:36,785 ] 53 root - INFO - Schema validation successful
[ 2026-05-25 23:45:36,785 ] 65 root - INFO - Standardizing columns
[ 2026-05-25 23:45:36,789 ] 94 root - INFO - Column standardization completed
[ 2026-05-25 23:45:36,789 ] 108 root - INFO - Converting datatypes
[ 2026-05-25 23:45:36,791 ] 125 root - INFO - Datatype conversion completed
[ 2026-05-25 23:45:36,791 ] 139 root - INFO - Handling missing values
[ 2026-05-25 23:45:36,796 ] 156 root - INFO - Missing value handling completed from (66, 5) to (45, 5)
[ 2026-05-25 23:45:36,796 ] 174 root - INFO - Removing duplicates
[ 2026-05-25 23:45:36,798 ] 188 root - INFO - Duplicates removed from (45, 5) to (45, 5)
[ 2026-05-25 23:45:36,798 ] 208 root - INFO - Filtering valid years
[ 2026-05-25 23:45:36,799 ] 217 root - INFO - Year filtering completed
[ 2026-05-25 23:45:36,799 ] 231 root - INFO - Sorting dataframe
[ 2026-05-25 23:45:36,802 ] 242 root - INFO - Sorting completed
[ 2026-05-25 23:45:36,805 ] 432 root - INFO - Preprocessing pipeline completed
[ 2026-05-25 23:45:36,810 ] 382 root - INFO - Processed dataframe saved at artifacts\data_processing\processed_data\interest_rate_data.csv
[ 2026-05-25 23:45:36,812 ] 354 root - INFO - Metadata saved at artifacts\data_processing\metadata\interest_rate_metadata.json
[ 2026-05-25 23:45:36,812 ] 484 root - INFO - Interest_Rate processing completed
[ 2026-05-25 23:45:36,814 ] 22 root - INFO - Loading data from artifacts\data_ingestion\raw_data\forex_reserves_raw.csv
[ 2026-05-25 23:45:36,819 ] 26 root - INFO - Data loaded successfully
[ 2026-05-25 23:45:36,820 ] 396 root - INFO - Starting preprocessing pipeline
[ 2026-05-25 23:45:36,820 ] 53 root - INFO - Schema validation successful
[ 2026-05-25 23:45:36,820 ] 65 root - INFO - Standardizing columns
[ 2026-05-25 23:45:36,822 ] 94 root - INFO - Column standardization completed
[ 2026-05-25 23:45:36,822 ] 108 root - INFO - Converting datatypes
[ 2026-05-25 23:45:36,823 ] 125 root - INFO - Datatype conversion completed
[ 2026-05-25 23:45:36,823 ] 139 root - INFO - Handling missing values
[ 2026-05-25 23:45:36,826 ] 156 root - INFO - Missing value handling completed from (66, 5) to (65, 5)
[ 2026-05-25 23:45:36,826 ] 174 root - INFO - Removing duplicates
[ 2026-05-25 23:45:36,828 ] 188 root - INFO - Duplicates removed from (65, 5) to (65, 5)
[ 2026-05-25 23:45:36,828 ] 208 root - INFO - Filtering valid years
[ 2026-05-25 23:45:36,828 ] 217 root - INFO - Year filtering completed
[ 2026-05-25 23:45:36,828 ] 231 root - INFO - Sorting dataframe
[ 2026-05-25 23:45:36,831 ] 242 root - INFO - Sorting completed
[ 2026-05-25 23:45:36,832 ] 432 root - INFO - Preprocessing pipeline completed
[ 2026-05-25 23:45:36,836 ] 382 root - INFO - Processed dataframe saved at artifacts\data_processing\processed_data\forex_reserves_data.csv
[ 2026-05-25 23:45:36,838 ] 354 root - INFO - Metadata saved at artifacts\data_processing\metadata\forex_reserves_metadata.json
[ 2026-05-25 23:45:36,838 ] 484 root - INFO - Forex_Reserves processing completed
[ 2026-05-25 23:45:36,839 ] 22 root - INFO - Loading data from artifacts\data_ingestion\raw_data\current_account_balance_raw.csv
[ 2026-05-25 23:45:36,843 ] 26 root - INFO - Data loaded successfully
[ 2026-05-25 23:45:36,843 ] 396 root - INFO - Starting preprocessing pipeline
[ 2026-05-25 23:45:36,843 ] 53 root - INFO - Schema validation successful
[ 2026-05-25 23:45:36,843 ] 65 root - INFO - Standardizing columns
[ 2026-05-25 23:45:36,845 ] 94 root - INFO - Column standardization completed
[ 2026-05-25 23:45:36,845 ] 108 root - INFO - Converting datatypes
[ 2026-05-25 23:45:36,845 ] 125 root - INFO - Datatype conversion completed
[ 2026-05-25 23:45:36,845 ] 139 root - INFO - Handling missing values
[ 2026-05-25 23:45:36,848 ] 156 root - INFO - Missing value handling completed from (66, 5) to (50, 5)
[ 2026-05-25 23:45:36,848 ] 174 root - INFO - Removing duplicates
[ 2026-05-25 23:45:36,849 ] 188 root - INFO - Duplicates removed from (50, 5) to (50, 5)
[ 2026-05-25 23:45:36,849 ] 208 root - INFO - Filtering valid years
[ 2026-05-25 23:45:36,850 ] 217 root - INFO - Year filtering completed
[ 2026-05-25 23:45:36,850 ] 231 root - INFO - Sorting dataframe
[ 2026-05-25 23:45:36,851 ] 242 root - INFO - Sorting completed
[ 2026-05-25 23:45:36,852 ] 432 root - INFO - Preprocessing pipeline completed
[ 2026-05-25 23:45:36,856 ] 382 root - INFO - Processed dataframe saved at artifacts\data_processing\processed_data\current_account_balance_data.csv
[ 2026-05-25 23:45:36,857 ] 354 root - INFO - Metadata saved at artifacts\data_processing\metadata\current_account_balance_metadata.json
[ 2026-05-25 23:45:36,857 ] 484 root - INFO - Current_Account_Balance processing completed
[ 2026-05-25 23:45:36,858 ] 22 root - INFO - Loading data from artifacts\data_ingestion\raw_data\fdi_raw.csv
[ 2026-05-25 23:45:36,862 ] 26 root - INFO - Data loaded successfully
[ 2026-05-25 23:45:36,862 ] 396 root - INFO - Starting preprocessing pipeline
[ 2026-05-25 23:45:36,863 ] 53 root - INFO - Schema validation successful
[ 2026-05-25 23:45:36,863 ] 65 root - INFO - Standardizing columns
[ 2026-05-25 23:45:36,865 ] 94 root - INFO - Column standardization completed
[ 2026-05-25 23:45:36,865 ] 108 root - INFO - Converting datatypes
[ 2026-05-25 23:45:36,865 ] 125 root - INFO - Datatype conversion completed
[ 2026-05-25 23:45:36,865 ] 139 root - INFO - Handling missing values
[ 2026-05-25 23:45:36,868 ] 156 root - INFO - Missing value handling completed from (66, 5) to (55, 5)
[ 2026-05-25 23:45:36,868 ] 174 root - INFO - Removing duplicates
[ 2026-05-25 23:45:36,869 ] 188 root - INFO - Duplicates removed from (55, 5) to (55, 5)
[ 2026-05-25 23:45:36,870 ] 208 root - INFO - Filtering valid years
[ 2026-05-25 23:45:36,870 ] 217 root - INFO - Year filtering completed
[ 2026-05-25 23:45:36,870 ] 231 root - INFO - Sorting dataframe
[ 2026-05-25 23:45:36,872 ] 242 root - INFO - Sorting completed
[ 2026-05-25 23:45:36,874 ] 432 root - INFO - Preprocessing pipeline completed
[ 2026-05-25 23:45:36,876 ] 382 root - INFO - Processed dataframe saved at artifacts\data_processing\processed_data\fdi_data.csv
[ 2026-05-25 23:45:36,878 ] 354 root - INFO - Metadata saved at artifacts\data_processing\metadata\fdi_metadata.json
[ 2026-05-25 23:45:36,878 ] 484 root - INFO - FDI processing completed
[ 2026-05-25 23:45:36,879 ] 22 root - INFO - Loading data from artifacts\data_ingestion\raw_data\unemployment_raw.csv
[ 2026-05-25 23:45:36,882 ] 26 root - INFO - Data loaded successfully
[ 2026-05-25 23:45:36,882 ] 396 root - INFO - Starting preprocessing pipeline
[ 2026-05-25 23:45:36,882 ] 53 root - INFO - Schema validation successful
[ 2026-05-25 23:45:36,883 ] 65 root - INFO - Standardizing columns
[ 2026-05-25 23:45:36,884 ] 94 root - INFO - Column standardization completed
[ 2026-05-25 23:45:36,884 ] 108 root - INFO - Converting datatypes
[ 2026-05-25 23:45:36,884 ] 125 root - INFO - Datatype conversion completed
[ 2026-05-25 23:45:36,884 ] 139 root - INFO - Handling missing values
[ 2026-05-25 23:45:36,887 ] 156 root - INFO - Missing value handling completed from (66, 5) to (35, 5)
[ 2026-05-25 23:45:36,887 ] 174 root - INFO - Removing duplicates
[ 2026-05-25 23:45:36,889 ] 188 root - INFO - Duplicates removed from (35, 5) to (35, 5)
[ 2026-05-25 23:45:36,889 ] 208 root - INFO - Filtering valid years
[ 2026-05-25 23:45:36,890 ] 217 root - INFO - Year filtering completed
[ 2026-05-25 23:45:36,890 ] 231 root - INFO - Sorting dataframe
[ 2026-05-25 23:45:36,893 ] 242 root - INFO - Sorting completed
[ 2026-05-25 23:45:36,894 ] 432 root - INFO - Preprocessing pipeline completed
[ 2026-05-25 23:45:36,898 ] 382 root - INFO - Processed dataframe saved at artifacts\data_processing\processed_data\unemployment_data.csv
[ 2026-05-25 23:45:36,899 ] 354 root - INFO - Metadata saved at artifacts\data_processing\metadata\unemployment_metadata.json
[ 2026-05-25 23:45:36,899 ] 484 root - INFO - Unemployment processing completed
[ 2026-05-25 23:45:36,900 ] 22 root - INFO - Loading data from artifacts\data_ingestion\raw_data\population_raw.csv
[ 2026-05-25 23:45:36,904 ] 26 root - INFO - Data loaded successfully
[ 2026-05-25 23:45:36,905 ] 396 root - INFO - Starting preprocessing pipeline
[ 2026-05-25 23:45:36,905 ] 53 root - INFO - Schema validation successful
[ 2026-05-25 23:45:36,905 ] 65 root - INFO - Standardizing columns
[ 2026-05-25 23:45:36,907 ] 94 root - INFO - Column standardization completed
[ 2026-05-25 23:45:36,907 ] 108 root - INFO - Converting datatypes
[ 2026-05-25 23:45:36,907 ] 125 root - INFO - Datatype conversion completed
[ 2026-05-25 23:45:36,908 ] 139 root - INFO - Handling missing values
[ 2026-05-25 23:45:36,912 ] 156 root - INFO - Missing value handling completed from (66, 5) to (65, 5)
[ 2026-05-25 23:45:36,912 ] 174 root - INFO - Removing duplicates
[ 2026-05-25 23:45:36,914 ] 188 root - INFO - Duplicates removed from (65, 5) to (65, 5)
[ 2026-05-25 23:45:36,914 ] 208 root - INFO - Filtering valid years
[ 2026-05-25 23:45:36,914 ] 217 root - INFO - Year filtering completed
[ 2026-05-25 23:45:36,915 ] 231 root - INFO - Sorting dataframe
[ 2026-05-25 23:45:36,916 ] 242 root - INFO - Sorting completed
[ 2026-05-25 23:45:36,917 ] 432 root - INFO - Preprocessing pipeline completed
[ 2026-05-25 23:45:36,920 ] 382 root - INFO - Processed dataframe saved at artifacts\data_processing\processed_data\population_data.csv
[ 2026-05-25 23:45:36,922 ] 354 root - INFO - Metadata saved at artifacts\data_processing\metadata\population_metadata.json
[ 2026-05-25 23:45:36,922 ] 484 root - INFO - Population processing completed
[ 2026-05-25 23:45:36,923 ] 22 root - INFO - Loading data from artifacts\data_ingestion\raw_data\population_growth_raw.csv
[ 2026-05-25 23:45:36,926 ] 26 root - INFO - Data loaded successfully
[ 2026-05-25 23:45:36,926 ] 396 root - INFO - Starting preprocessing pipeline
[ 2026-05-25 23:45:36,926 ] 53 root - INFO - Schema validation successful
[ 2026-05-25 23:45:36,926 ] 65 root - INFO - Standardizing columns
[ 2026-05-25 23:45:36,928 ] 94 root - INFO - Column standardization completed
[ 2026-05-25 23:45:36,928 ] 108 root - INFO - Converting datatypes
[ 2026-05-25 23:45:36,928 ] 125 root - INFO - Datatype conversion completed
[ 2026-05-25 23:45:36,928 ] 139 root - INFO - Handling missing values
[ 2026-05-25 23:45:36,931 ] 156 root - INFO - Missing value handling completed from (66, 5) to (64, 5)
[ 2026-05-25 23:45:36,931 ] 174 root - INFO - Removing duplicates
[ 2026-05-25 23:45:36,932 ] 188 root - INFO - Duplicates removed from (64, 5) to (64, 5)
[ 2026-05-25 23:45:36,932 ] 208 root - INFO - Filtering valid years
[ 2026-05-25 23:45:36,933 ] 217 root - INFO - Year filtering completed
[ 2026-05-25 23:45:36,933 ] 231 root - INFO - Sorting dataframe
[ 2026-05-25 23:45:36,936 ] 242 root - INFO - Sorting completed
[ 2026-05-25 23:45:36,939 ] 432 root - INFO - Preprocessing pipeline completed
[ 2026-05-25 23:45:36,942 ] 382 root - INFO - Processed dataframe saved at artifacts\data_processing\processed_data\population_growth_data.csv
[ 2026-05-25 23:45:36,943 ] 354 root - INFO - Metadata saved at artifacts\data_processing\metadata\population_growth_metadata.json
[ 2026-05-25 23:45:36,943 ] 484 root - INFO - Population_Growth processing completed
[ 2026-05-25 23:45:36,944 ] 22 root - INFO - Loading data from artifacts\data_ingestion\raw_data\population_density_raw.csv
[ 2026-05-25 23:45:36,947 ] 26 root - INFO - Data loaded successfully
[ 2026-05-25 23:45:36,947 ] 396 root - INFO - Starting preprocessing pipeline
[ 2026-05-25 23:45:36,947 ] 53 root - INFO - Schema validation successful
[ 2026-05-25 23:45:36,948 ] 65 root - INFO - Standardizing columns
[ 2026-05-25 23:45:36,949 ] 94 root - INFO - Column standardization completed
[ 2026-05-25 23:45:36,949 ] 108 root - INFO - Converting datatypes
[ 2026-05-25 23:45:36,950 ] 125 root - INFO - Datatype conversion completed
[ 2026-05-25 23:45:36,950 ] 139 root - INFO - Handling missing values
[ 2026-05-25 23:45:36,952 ] 156 root - INFO - Missing value handling completed from (66, 5) to (63, 5)
[ 2026-05-25 23:45:36,952 ] 174 root - INFO - Removing duplicates
[ 2026-05-25 23:45:36,954 ] 188 root - INFO - Duplicates removed from (63, 5) to (63, 5)
[ 2026-05-25 23:45:36,954 ] 208 root - INFO - Filtering valid years
[ 2026-05-25 23:45:36,954 ] 217 root - INFO - Year filtering completed
[ 2026-05-25 23:45:36,954 ] 231 root - INFO - Sorting dataframe
[ 2026-05-25 23:45:36,956 ] 242 root - INFO - Sorting completed
[ 2026-05-25 23:45:36,956 ] 432 root - INFO - Preprocessing pipeline completed
[ 2026-05-25 23:45:36,960 ] 382 root - INFO - Processed dataframe saved at artifacts\data_processing\processed_data\population_density_data.csv
[ 2026-05-25 23:45:36,961 ] 354 root - INFO - Metadata saved at artifacts\data_processing\metadata\population_density_metadata.json
[ 2026-05-25 23:45:36,961 ] 484 root - INFO - Population_Density processing completed
[ 2026-05-25 23:45:36,962 ] 22 root - INFO - Loading data from artifacts\data_ingestion\raw_data\urbanization_raw.csv
[ 2026-05-25 23:45:36,965 ] 26 root - INFO - Data loaded successfully
[ 2026-05-25 23:45:36,965 ] 396 root - INFO - Starting preprocessing pipeline
[ 2026-05-25 23:45:36,966 ] 53 root - INFO - Schema validation successful
[ 2026-05-25 23:45:36,966 ] 65 root - INFO - Standardizing columns
[ 2026-05-25 23:45:36,967 ] 94 root - INFO - Column standardization completed
[ 2026-05-25 23:45:36,967 ] 108 root - INFO - Converting datatypes
[ 2026-05-25 23:45:36,968 ] 125 root - INFO - Datatype conversion completed
[ 2026-05-25 23:45:36,968 ] 139 root - INFO - Handling missing values
[ 2026-05-25 23:45:36,971 ] 156 root - INFO - Missing value handling completed from (66, 5) to (65, 5)
[ 2026-05-25 23:45:36,971 ] 174 root - INFO - Removing duplicates
[ 2026-05-25 23:45:36,973 ] 188 root - INFO - Duplicates removed from (65, 5) to (65, 5)
[ 2026-05-25 23:45:36,973 ] 208 root - INFO - Filtering valid years
[ 2026-05-25 23:45:36,974 ] 217 root - INFO - Year filtering completed
[ 2026-05-25 23:45:36,974 ] 231 root - INFO - Sorting dataframe
[ 2026-05-25 23:45:36,976 ] 242 root - INFO - Sorting completed
[ 2026-05-25 23:45:36,977 ] 432 root - INFO - Preprocessing pipeline completed
[ 2026-05-25 23:45:36,980 ] 382 root - INFO - Processed dataframe saved at artifacts\data_processing\processed_data\urbanization_data.csv
[ 2026-05-25 23:45:36,981 ] 354 root - INFO - Metadata saved at artifacts\data_processing\metadata\urbanization_metadata.json
[ 2026-05-25 23:45:36,981 ] 484 root - INFO - Urbanization processing completed
[ 2026-05-25 23:45:36,982 ] 22 root - INFO - Loading data from artifacts\data_ingestion\raw_data\birth_rate_raw.csv
[ 2026-05-25 23:45:36,986 ] 26 root - INFO - Data loaded successfully
[ 2026-05-25 23:45:36,986 ] 396 root - INFO - Starting preprocessing pipeline
[ 2026-05-25 23:45:36,986 ] 53 root - INFO - Schema validation successful
[ 2026-05-25 23:45:36,986 ] 65 root - INFO - Standardizing columns
[ 2026-05-25 23:45:36,988 ] 94 root - INFO - Column standardization completed
[ 2026-05-25 23:45:36,988 ] 108 root - INFO - Converting datatypes
[ 2026-05-25 23:45:36,989 ] 125 root - INFO - Datatype conversion completed
[ 2026-05-25 23:45:36,989 ] 139 root - INFO - Handling missing values
[ 2026-05-25 23:45:36,992 ] 156 root - INFO - Missing value handling completed from (66, 5) to (65, 5)
[ 2026-05-25 23:45:36,992 ] 174 root - INFO - Removing duplicates
[ 2026-05-25 23:45:36,993 ] 188 root - INFO - Duplicates removed from (65, 5) to (65, 5)
[ 2026-05-25 23:45:36,993 ] 208 root - INFO - Filtering valid years
[ 2026-05-25 23:45:36,994 ] 217 root - INFO - Year filtering completed
[ 2026-05-25 23:45:36,994 ] 231 root - INFO - Sorting dataframe
[ 2026-05-25 23:45:36,996 ] 242 root - INFO - Sorting completed
[ 2026-05-25 23:45:36,997 ] 432 root - INFO - Preprocessing pipeline completed
[ 2026-05-25 23:45:37,000 ] 382 root - INFO - Processed dataframe saved at artifacts\data_processing\processed_data\birth_rate_data.csv
[ 2026-05-25 23:45:37,001 ] 354 root - INFO - Metadata saved at artifacts\data_processing\metadata\birth_rate_metadata.json
[ 2026-05-25 23:45:37,001 ] 484 root - INFO - Birth_Rate processing completed
[ 2026-05-25 23:45:37,003 ] 22 root - INFO - Loading data from artifacts\data_ingestion\raw_data\death_rate_raw.csv
[ 2026-05-25 23:45:37,006 ] 26 root - INFO - Data loaded successfully
[ 2026-05-25 23:45:37,006 ] 396 root - INFO - Starting preprocessing pipeline
[ 2026-05-25 23:45:37,006 ] 53 root - INFO - Schema validation successful
[ 2026-05-25 23:45:37,006 ] 65 root - INFO - Standardizing columns
[ 2026-05-25 23:45:37,008 ] 94 root - INFO - Column standardization completed
[ 2026-05-25 23:45:37,008 ] 108 root - INFO - Converting datatypes
[ 2026-05-25 23:45:37,008 ] 125 root - INFO - Datatype conversion completed
[ 2026-05-25 23:45:37,009 ] 139 root - INFO - Handling missing values
[ 2026-05-25 23:45:37,011 ] 156 root - INFO - Missing value handling completed from (66, 5) to (65, 5)
[ 2026-05-25 23:45:37,011 ] 174 root - INFO - Removing duplicates
[ 2026-05-25 23:45:37,012 ] 188 root - INFO - Duplicates removed from (65, 5) to (65, 5)
[ 2026-05-25 23:45:37,012 ] 208 root - INFO - Filtering valid years
[ 2026-05-25 23:45:37,013 ] 217 root - INFO - Year filtering completed
[ 2026-05-25 23:45:37,013 ] 231 root - INFO - Sorting dataframe
[ 2026-05-25 23:45:37,015 ] 242 root - INFO - Sorting completed
[ 2026-05-25 23:45:37,016 ] 432 root - INFO - Preprocessing pipeline completed
[ 2026-05-25 23:45:37,019 ] 382 root - INFO - Processed dataframe saved at artifacts\data_processing\processed_data\death_rate_data.csv
[ 2026-05-25 23:45:37,021 ] 354 root - INFO - Metadata saved at artifacts\data_processing\metadata\death_rate_metadata.json
[ 2026-05-25 23:45:37,021 ] 484 root - INFO - Death_Rate processing completed
[ 2026-05-25 23:45:37,022 ] 22 root - INFO - Loading data from artifacts\data_ingestion\raw_data\life_expectancy_raw.csv
[ 2026-05-25 23:45:37,026 ] 26 root - INFO - Data loaded successfully
[ 2026-05-25 23:45:37,026 ] 396 root - INFO - Starting preprocessing pipeline
[ 2026-05-25 23:45:37,027 ] 53 root - INFO - Schema validation successful
[ 2026-05-25 23:45:37,027 ] 65 root - INFO - Standardizing columns
[ 2026-05-25 23:45:37,028 ] 94 root - INFO - Column standardization completed
[ 2026-05-25 23:45:37,028 ] 108 root - INFO - Converting datatypes
[ 2026-05-25 23:45:37,028 ] 125 root - INFO - Datatype conversion completed
[ 2026-05-25 23:45:37,029 ] 139 root - INFO - Handling missing values
[ 2026-05-25 23:45:37,033 ] 156 root - INFO - Missing value handling completed from (66, 5) to (65, 5)
[ 2026-05-25 23:45:37,033 ] 174 root - INFO - Removing duplicates
[ 2026-05-25 23:45:37,034 ] 188 root - INFO - Duplicates removed from (65, 5) to (65, 5)
[ 2026-05-25 23:45:37,034 ] 208 root - INFO - Filtering valid years
[ 2026-05-25 23:45:37,035 ] 217 root - INFO - Year filtering completed
[ 2026-05-25 23:45:37,035 ] 231 root - INFO - Sorting dataframe
[ 2026-05-25 23:45:37,038 ] 242 root - INFO - Sorting completed
[ 2026-05-25 23:45:37,040 ] 432 root - INFO - Preprocessing pipeline completed
[ 2026-05-25 23:45:37,043 ] 382 root - INFO - Processed dataframe saved at artifacts\data_processing\processed_data\life_expectancy_data.csv
[ 2026-05-25 23:45:37,046 ] 354 root - INFO - Metadata saved at artifacts\data_processing\metadata\life_expectancy_metadata.json
[ 2026-05-25 23:45:37,046 ] 484 root - INFO - Life_Expectancy processing completed
[ 2026-05-25 23:45:37,047 ] 22 root - INFO - Loading data from artifacts\data_ingestion\raw_data\literacy_rate_raw.csv
[ 2026-05-25 23:45:37,051 ] 26 root - INFO - Data loaded successfully
[ 2026-05-25 23:45:37,051 ] 396 root - INFO - Starting preprocessing pipeline
[ 2026-05-25 23:45:37,051 ] 53 root - INFO - Schema validation successful
[ 2026-05-25 23:45:37,051 ] 65 root - INFO - Standardizing columns
[ 2026-05-25 23:45:37,055 ] 94 root - INFO - Column standardization completed
[ 2026-05-25 23:45:37,055 ] 108 root - INFO - Converting datatypes
[ 2026-05-25 23:45:37,056 ] 125 root - INFO - Datatype conversion completed
[ 2026-05-25 23:45:37,056 ] 139 root - INFO - Handling missing values
[ 2026-05-25 23:45:37,061 ] 156 root - INFO - Missing value handling completed from (66, 5) to (14, 5)
[ 2026-05-25 23:45:37,061 ] 174 root - INFO - Removing duplicates
[ 2026-05-25 23:45:37,064 ] 188 root - INFO - Duplicates removed from (14, 5) to (14, 5)
[ 2026-05-25 23:45:37,064 ] 208 root - INFO - Filtering valid years
[ 2026-05-25 23:45:37,066 ] 217 root - INFO - Year filtering completed
[ 2026-05-25 23:45:37,066 ] 231 root - INFO - Sorting dataframe
[ 2026-05-25 23:45:37,069 ] 242 root - INFO - Sorting completed
[ 2026-05-25 23:45:37,071 ] 432 root - INFO - Preprocessing pipeline completed
[ 2026-05-25 23:45:37,076 ] 382 root - INFO - Processed dataframe saved at artifacts\data_processing\processed_data\literacy_rate_data.csv
[ 2026-05-25 23:45:37,079 ] 354 root - INFO - Metadata saved at artifacts\data_processing\metadata\literacy_rate_metadata.json
[ 2026-05-25 23:45:37,079 ] 484 root - INFO - Literacy_Rate processing completed
[ 2026-05-25 23:45:37,080 ] 22 root - INFO - Loading data from artifacts\data_ingestion\raw_data\exports_raw.csv
[ 2026-05-25 23:45:37,084 ] 26 root - INFO - Data loaded successfully
[ 2026-05-25 23:45:37,084 ] 396 root - INFO - Starting preprocessing pipeline
[ 2026-05-25 23:45:37,084 ] 53 root - INFO - Schema validation successful
[ 2026-05-25 23:45:37,084 ] 65 root - INFO - Standardizing columns
[ 2026-05-25 23:45:37,087 ] 94 root - INFO - Column standardization completed
[ 2026-05-25 23:45:37,089 ] 108 root - INFO - Converting datatypes
[ 2026-05-25 23:45:37,089 ] 125 root - INFO - Datatype conversion completed
[ 2026-05-25 23:45:37,089 ] 139 root - INFO - Handling missing values
[ 2026-05-25 23:45:37,094 ] 156 root - INFO - Missing value handling completed from (66, 5) to (65, 5)
[ 2026-05-25 23:45:37,094 ] 174 root - INFO - Removing duplicates
[ 2026-05-25 23:45:37,096 ] 188 root - INFO - Duplicates removed from (65, 5) to (65, 5)
[ 2026-05-25 23:45:37,097 ] 208 root - INFO - Filtering valid years
[ 2026-05-25 23:45:37,097 ] 217 root - INFO - Year filtering completed
[ 2026-05-25 23:45:37,098 ] 231 root - INFO - Sorting dataframe
[ 2026-05-25 23:45:37,100 ] 242 root - INFO - Sorting completed
[ 2026-05-25 23:45:37,101 ] 432 root - INFO - Preprocessing pipeline completed
[ 2026-05-25 23:45:37,107 ] 382 root - INFO - Processed dataframe saved at artifacts\data_processing\processed_data\exports_data.csv
[ 2026-05-25 23:45:37,108 ] 354 root - INFO - Metadata saved at artifacts\data_processing\metadata\exports_metadata.json
[ 2026-05-25 23:45:37,108 ] 484 root - INFO - Exports processing completed
[ 2026-05-25 23:45:37,111 ] 22 root - INFO - Loading data from artifacts\data_ingestion\raw_data\imports_raw.csv
[ 2026-05-25 23:45:37,115 ] 26 root - INFO - Data loaded successfully
[ 2026-05-25 23:45:37,115 ] 396 root - INFO - Starting preprocessing pipeline
[ 2026-05-25 23:45:37,115 ] 53 root - INFO - Schema validation successful
[ 2026-05-25 23:45:37,115 ] 65 root - INFO - Standardizing columns
[ 2026-05-25 23:45:37,118 ] 94 root - INFO - Column standardization completed
[ 2026-05-25 23:45:37,118 ] 108 root - INFO - Converting datatypes
[ 2026-05-25 23:45:37,118 ] 125 root - INFO - Datatype conversion completed
[ 2026-05-25 23:45:37,118 ] 139 root - INFO - Handling missing values
[ 2026-05-25 23:45:37,123 ] 156 root - INFO - Missing value handling completed from (66, 5) to (65, 5)
[ 2026-05-25 23:45:37,123 ] 174 root - INFO - Removing duplicates
[ 2026-05-25 23:45:37,126 ] 188 root - INFO - Duplicates removed from (65, 5) to (65, 5)
[ 2026-05-25 23:45:37,127 ] 208 root - INFO - Filtering valid years
[ 2026-05-25 23:45:37,128 ] 217 root - INFO - Year filtering completed
[ 2026-05-25 23:45:37,128 ] 231 root - INFO - Sorting dataframe
[ 2026-05-25 23:45:37,130 ] 242 root - INFO - Sorting completed
[ 2026-05-25 23:45:37,132 ] 432 root - INFO - Preprocessing pipeline completed
[ 2026-05-25 23:45:37,136 ] 382 root - INFO - Processed dataframe saved at artifacts\data_processing\processed_data\imports_data.csv
[ 2026-05-25 23:45:37,138 ] 354 root - INFO - Metadata saved at artifacts\data_processing\metadata\imports_metadata.json
[ 2026-05-25 23:45:37,138 ] 484 root - INFO - Imports processing completed
[ 2026-05-25 23:45:37,140 ] 22 root - INFO - Loading data from artifacts\data_ingestion\raw_data\trade_percent_gdp_raw.csv
[ 2026-05-25 23:45:37,145 ] 26 root - INFO - Data loaded successfully
[ 2026-05-25 23:45:37,145 ] 396 root - INFO - Starting preprocessing pipeline
[ 2026-05-25 23:45:37,146 ] 53 root - INFO - Schema validation successful
[ 2026-05-25 23:45:37,146 ] 65 root - INFO - Standardizing columns
[ 2026-05-25 23:45:37,147 ] 94 root - INFO - Column standardization completed
[ 2026-05-25 23:45:37,148 ] 108 root - INFO - Converting datatypes
[ 2026-05-25 23:45:37,148 ] 125 root - INFO - Datatype conversion completed
[ 2026-05-25 23:45:37,148 ] 139 root - INFO - Handling missing values
[ 2026-05-25 23:45:37,152 ] 156 root - INFO - Missing value handling completed from (66, 5) to (65, 5)
[ 2026-05-25 23:45:37,152 ] 174 root - INFO - Removing duplicates
[ 2026-05-25 23:45:37,154 ] 188 root - INFO - Duplicates removed from (65, 5) to (65, 5)
[ 2026-05-25 23:45:37,154 ] 208 root - INFO - Filtering valid years
[ 2026-05-25 23:45:37,155 ] 217 root - INFO - Year filtering completed
[ 2026-05-25 23:45:37,155 ] 231 root - INFO - Sorting dataframe
[ 2026-05-25 23:45:37,158 ] 242 root - INFO - Sorting completed
[ 2026-05-25 23:45:37,160 ] 432 root - INFO - Preprocessing pipeline completed
[ 2026-05-25 23:45:37,164 ] 382 root - INFO - Processed dataframe saved at artifacts\data_processing\processed_data\trade_percent_gdp_data.csv
[ 2026-05-25 23:45:37,166 ] 354 root - INFO - Metadata saved at artifacts\data_processing\metadata\trade_percent_gdp_metadata.json
[ 2026-05-25 23:45:37,166 ] 484 root - INFO - Trade_Percent_GDP processing completed
[ 2026-05-25 23:45:37,168 ] 22 root - INFO - Loading data from artifacts\data_ingestion\raw_data\high_tech_exports_raw.csv
[ 2026-05-25 23:45:37,173 ] 26 root - INFO - Data loaded successfully
[ 2026-05-25 23:45:37,173 ] 396 root - INFO - Starting preprocessing pipeline
[ 2026-05-25 23:45:37,174 ] 53 root - INFO - Schema validation successful
[ 2026-05-25 23:45:37,174 ] 65 root - INFO - Standardizing columns
[ 2026-05-25 23:45:37,176 ] 94 root - INFO - Column standardization completed
[ 2026-05-25 23:45:37,176 ] 108 root - INFO - Converting datatypes
[ 2026-05-25 23:45:37,178 ] 125 root - INFO - Datatype conversion completed
[ 2026-05-25 23:45:37,178 ] 139 root - INFO - Handling missing values
[ 2026-05-25 23:45:37,182 ] 156 root - INFO - Missing value handling completed from (66, 5) to (16, 5)
[ 2026-05-25 23:45:37,183 ] 174 root - INFO - Removing duplicates
[ 2026-05-25 23:45:37,184 ] 188 root - INFO - Duplicates removed from (16, 5) to (16, 5)
[ 2026-05-25 23:45:37,184 ] 208 root - INFO - Filtering valid years
[ 2026-05-25 23:45:37,185 ] 217 root - INFO - Year filtering completed
[ 2026-05-25 23:45:37,185 ] 231 root - INFO - Sorting dataframe
[ 2026-05-25 23:45:37,187 ] 242 root - INFO - Sorting completed
[ 2026-05-25 23:45:37,189 ] 432 root - INFO - Preprocessing pipeline completed
[ 2026-05-25 23:45:37,194 ] 382 root - INFO - Processed dataframe saved at artifacts\data_processing\processed_data\high_tech_exports_data.csv
[ 2026-05-25 23:45:37,196 ] 354 root - INFO - Metadata saved at artifacts\data_processing\metadata\high_tech_exports_metadata.json
[ 2026-05-25 23:45:37,196 ] 484 root - INFO - High_Tech_Exports processing completed
[ 2026-05-25 23:45:37,197 ] 22 root - INFO - Loading data from artifacts\data_ingestion\raw_data\internet_users_raw.csv
[ 2026-05-25 23:45:37,202 ] 26 root - INFO - Data loaded successfully
[ 2026-05-25 23:45:37,203 ] 396 root - INFO - Starting preprocessing pipeline
[ 2026-05-25 23:45:37,203 ] 53 root - INFO - Schema validation successful
[ 2026-05-25 23:45:37,204 ] 65 root - INFO - Standardizing columns
[ 2026-05-25 23:45:37,207 ] 94 root - INFO - Column standardization completed
[ 2026-05-25 23:45:37,207 ] 108 root - INFO - Converting datatypes
[ 2026-05-25 23:45:37,208 ] 125 root - INFO - Datatype conversion completed
[ 2026-05-25 23:45:37,208 ] 139 root - INFO - Handling missing values
[ 2026-05-25 23:45:37,214 ] 156 root - INFO - Missing value handling completed from (66, 5) to (35, 5)
[ 2026-05-25 23:45:37,214 ] 174 root - INFO - Removing duplicates
[ 2026-05-25 23:45:37,217 ] 188 root - INFO - Duplicates removed from (35, 5) to (35, 5)
[ 2026-05-25 23:45:37,217 ] 208 root - INFO - Filtering valid years
[ 2026-05-25 23:45:37,218 ] 217 root - INFO - Year filtering completed
[ 2026-05-25 23:45:37,219 ] 231 root - INFO - Sorting dataframe
[ 2026-05-25 23:45:37,223 ] 242 root - INFO - Sorting completed
[ 2026-05-25 23:45:37,224 ] 432 root - INFO - Preprocessing pipeline completed
[ 2026-05-25 23:45:37,230 ] 382 root - INFO - Processed dataframe saved at artifacts\data_processing\processed_data\internet_users_data.csv
[ 2026-05-25 23:45:37,232 ] 354 root - INFO - Metadata saved at artifacts\data_processing\metadata\internet_users_metadata.json
[ 2026-05-25 23:45:37,232 ] 484 root - INFO - Internet_Users processing completed
[ 2026-05-25 23:45:37,234 ] 22 root - INFO - Loading data from artifacts\data_ingestion\raw_data\mobile_subscriptions_raw.csv
[ 2026-05-25 23:45:37,239 ] 26 root - INFO - Data loaded successfully
[ 2026-05-25 23:45:37,240 ] 396 root - INFO - Starting preprocessing pipeline
[ 2026-05-25 23:45:37,240 ] 53 root - INFO - Schema validation successful
[ 2026-05-25 23:45:37,240 ] 65 root - INFO - Standardizing columns
[ 2026-05-25 23:45:37,243 ] 94 root - INFO - Column standardization completed
[ 2026-05-25 23:45:37,243 ] 108 root - INFO - Converting datatypes
[ 2026-05-25 23:45:37,244 ] 125 root - INFO - Datatype conversion completed
[ 2026-05-25 23:45:37,245 ] 139 root - INFO - Handling missing values
[ 2026-05-25 23:45:37,251 ] 156 root - INFO - Missing value handling completed from (66, 5) to (53, 5)
[ 2026-05-25 23:45:37,251 ] 174 root - INFO - Removing duplicates
[ 2026-05-25 23:45:37,255 ] 188 root - INFO - Duplicates removed from (53, 5) to (53, 5)
[ 2026-05-25 23:45:37,256 ] 208 root - INFO - Filtering valid years
[ 2026-05-25 23:45:37,257 ] 217 root - INFO - Year filtering completed
[ 2026-05-25 23:45:37,257 ] 231 root - INFO - Sorting dataframe
[ 2026-05-25 23:45:37,261 ] 242 root - INFO - Sorting completed
[ 2026-05-25 23:45:37,262 ] 432 root - INFO - Preprocessing pipeline completed
[ 2026-05-25 23:45:37,267 ] 382 root - INFO - Processed dataframe saved at artifacts\data_processing\processed_data\mobile_subscriptions_data.csv
[ 2026-05-25 23:45:37,270 ] 354 root - INFO - Metadata saved at artifacts\data_processing\metadata\mobile_subscriptions_metadata.json
[ 2026-05-25 23:45:37,271 ] 484 root - INFO - Mobile_Subscriptions processing completed
[ 2026-05-25 23:45:37,274 ] 22 root - INFO - Loading data from artifacts\data_ingestion\raw_data\broadband_subscriptions_raw.csv
[ 2026-05-25 23:45:37,282 ] 26 root - INFO - Data loaded successfully
[ 2026-05-25 23:45:37,282 ] 396 root - INFO - Starting preprocessing pipeline
[ 2026-05-25 23:45:37,282 ] 53 root - INFO - Schema validation successful
[ 2026-05-25 23:45:37,282 ] 65 root - INFO - Standardizing columns
[ 2026-05-25 23:45:37,286 ] 94 root - INFO - Column standardization completed
[ 2026-05-25 23:45:37,286 ] 108 root - INFO - Converting datatypes
[ 2026-05-25 23:45:37,290 ] 125 root - INFO - Datatype conversion completed
[ 2026-05-25 23:45:37,290 ] 139 root - INFO - Handling missing values
[ 2026-05-25 23:45:37,297 ] 156 root - INFO - Missing value handling completed from (66, 5) to (24, 5)
[ 2026-05-25 23:45:37,298 ] 174 root - INFO - Removing duplicates
[ 2026-05-25 23:45:37,299 ] 188 root - INFO - Duplicates removed from (24, 5) to (24, 5)
[ 2026-05-25 23:45:37,300 ] 208 root - INFO - Filtering valid years
[ 2026-05-25 23:45:37,301 ] 217 root - INFO - Year filtering completed
[ 2026-05-25 23:45:37,301 ] 231 root - INFO - Sorting dataframe
[ 2026-05-25 23:45:37,306 ] 242 root - INFO - Sorting completed
[ 2026-05-25 23:45:37,309 ] 432 root - INFO - Preprocessing pipeline completed
[ 2026-05-25 23:45:37,313 ] 382 root - INFO - Processed dataframe saved at artifacts\data_processing\processed_data\broadband_subscriptions_data.csv
[ 2026-05-25 23:45:37,316 ] 354 root - INFO - Metadata saved at artifacts\data_processing\metadata\broadband_subscriptions_metadata.json
[ 2026-05-25 23:45:37,316 ] 484 root - INFO - Broadband_Subscriptions processing completed
[ 2026-05-25 23:45:37,319 ] 22 root - INFO - Loading data from artifacts\data_ingestion\raw_data\secure_servers_raw.csv
[ 2026-05-25 23:45:37,327 ] 26 root - INFO - Data loaded successfully
[ 2026-05-25 23:45:37,327 ] 396 root - INFO - Starting preprocessing pipeline
[ 2026-05-25 23:45:37,327 ] 53 root - INFO - Schema validation successful
[ 2026-05-25 23:45:37,327 ] 65 root - INFO - Standardizing columns
[ 2026-05-25 23:45:37,331 ] 94 root - INFO - Column standardization completed
[ 2026-05-25 23:45:37,332 ] 108 root - INFO - Converting datatypes
[ 2026-05-25 23:45:37,343 ] 125 root - INFO - Datatype conversion completed
[ 2026-05-25 23:45:37,343 ] 139 root - INFO - Handling missing values
[ 2026-05-25 23:45:37,350 ] 156 root - INFO - Missing value handling completed from (66, 5) to (15, 5)
[ 2026-05-25 23:45:37,350 ] 174 root - INFO - Removing duplicates
[ 2026-05-25 23:45:37,352 ] 188 root - INFO - Duplicates removed from (15, 5) to (15, 5)
[ 2026-05-25 23:45:37,352 ] 208 root - INFO - Filtering valid years
[ 2026-05-25 23:45:37,353 ] 217 root - INFO - Year filtering completed
[ 2026-05-25 23:45:37,353 ] 231 root - INFO - Sorting dataframe
[ 2026-05-25 23:45:37,357 ] 242 root - INFO - Sorting completed
[ 2026-05-25 23:45:37,359 ] 432 root - INFO - Preprocessing pipeline completed
[ 2026-05-25 23:45:37,364 ] 382 root - INFO - Processed dataframe saved at artifacts\data_processing\processed_data\secure_servers_data.csv
[ 2026-05-25 23:45:37,367 ] 354 root - INFO - Metadata saved at artifacts\data_processing\metadata\secure_servers_metadata.json
[ 2026-05-25 23:45:37,367 ] 484 root - INFO - Secure_Servers processing completed
[ 2026-05-25 23:45:37,369 ] 22 root - INFO - Loading data from artifacts\data_ingestion\raw_data\rnd_expenditure_raw.csv
[ 2026-05-25 23:45:37,375 ] 26 root - INFO - Data loaded successfully
[ 2026-05-25 23:45:37,375 ] 396 root - INFO - Starting preprocessing pipeline
[ 2026-05-25 23:45:37,376 ] 53 root - INFO - Schema validation successful
[ 2026-05-25 23:45:37,376 ] 65 root - INFO - Standardizing columns
[ 2026-05-25 23:45:37,379 ] 94 root - INFO - Column standardization completed
[ 2026-05-25 23:45:37,379 ] 108 root - INFO - Converting datatypes
[ 2026-05-25 23:45:37,382 ] 125 root - INFO - Datatype conversion completed
[ 2026-05-25 23:45:37,382 ] 139 root - INFO - Handling missing values
[ 2026-05-25 23:45:37,386 ] 156 root - INFO - Missing value handling completed from (66, 5) to (25, 5)
[ 2026-05-25 23:45:37,387 ] 174 root - INFO - Removing duplicates
[ 2026-05-25 23:45:37,389 ] 188 root - INFO - Duplicates removed from (25, 5) to (25, 5)
[ 2026-05-25 23:45:37,390 ] 208 root - INFO - Filtering valid years
[ 2026-05-25 23:45:37,391 ] 217 root - INFO - Year filtering completed
[ 2026-05-25 23:45:37,391 ] 231 root - INFO - Sorting dataframe
[ 2026-05-25 23:45:37,395 ] 242 root - INFO - Sorting completed
[ 2026-05-25 23:45:37,398 ] 432 root - INFO - Preprocessing pipeline completed
[ 2026-05-25 23:45:37,403 ] 382 root - INFO - Processed dataframe saved at artifacts\data_processing\processed_data\rnd_expenditure_data.csv
[ 2026-05-25 23:45:37,405 ] 354 root - INFO - Metadata saved at artifacts\data_processing\metadata\rnd_expenditure_metadata.json
[ 2026-05-25 23:45:37,406 ] 484 root - INFO - RND_Expenditure processing completed
[ 2026-05-25 23:45:37,408 ] 22 root - INFO - Loading data from artifacts\data_ingestion\raw_data\air_pollution_raw.csv
[ 2026-05-25 23:45:37,414 ] 26 root - INFO - Data loaded successfully
[ 2026-05-25 23:45:37,415 ] 396 root - INFO - Starting preprocessing pipeline
[ 2026-05-25 23:45:37,415 ] 53 root - INFO - Schema validation successful
[ 2026-05-25 23:45:37,415 ] 65 root - INFO - Standardizing columns
[ 2026-05-25 23:45:37,417 ] 94 root - INFO - Column standardization completed
[ 2026-05-25 23:45:37,417 ] 108 root - INFO - Converting datatypes
[ 2026-05-25 23:45:37,419 ] 125 root - INFO - Datatype conversion completed
[ 2026-05-25 23:45:37,419 ] 139 root - INFO - Handling missing values
[ 2026-05-25 23:45:37,425 ] 156 root - INFO - Missing value handling completed from (66, 5) to (31, 5)
[ 2026-05-25 23:45:37,425 ] 174 root - INFO - Removing duplicates
[ 2026-05-25 23:45:37,427 ] 188 root - INFO - Duplicates removed from (31, 5) to (31, 5)
[ 2026-05-25 23:45:37,427 ] 208 root - INFO - Filtering valid years
[ 2026-05-25 23:45:37,428 ] 217 root - INFO - Year filtering completed
[ 2026-05-25 23:45:37,428 ] 231 root - INFO - Sorting dataframe
[ 2026-05-25 23:45:37,430 ] 242 root - INFO - Sorting completed
[ 2026-05-25 23:45:37,432 ] 432 root - INFO - Preprocessing pipeline completed
[ 2026-05-25 23:45:37,436 ] 382 root - INFO - Processed dataframe saved at artifacts\data_processing\processed_data\air_pollution_data.csv
[ 2026-05-25 23:45:37,439 ] 354 root - INFO - Metadata saved at artifacts\data_processing\metadata\air_pollution_metadata.json
[ 2026-05-25 23:45:37,439 ] 484 root - INFO - Air_Pollution processing completed
[ 2026-05-25 23:45:37,441 ] 22 root - INFO - Loading data from artifacts\data_ingestion\raw_data\forest_area_raw.csv
[ 2026-05-25 23:45:37,447 ] 26 root - INFO - Data loaded successfully
[ 2026-05-25 23:45:37,448 ] 396 root - INFO - Starting preprocessing pipeline
[ 2026-05-25 23:45:37,448 ] 53 root - INFO - Schema validation successful
[ 2026-05-25 23:45:37,448 ] 65 root - INFO - Standardizing columns
[ 2026-05-25 23:45:37,450 ] 94 root - INFO - Column standardization completed
[ 2026-05-25 23:45:37,450 ] 108 root - INFO - Converting datatypes
[ 2026-05-25 23:45:37,451 ] 125 root - INFO - Datatype conversion completed
[ 2026-05-25 23:45:37,451 ] 139 root - INFO - Handling missing values
[ 2026-05-25 23:45:37,454 ] 156 root - INFO - Missing value handling completed from (66, 5) to (34, 5)
[ 2026-05-25 23:45:37,455 ] 174 root - INFO - Removing duplicates
[ 2026-05-25 23:45:37,457 ] 188 root - INFO - Duplicates removed from (34, 5) to (34, 5)
[ 2026-05-25 23:45:37,457 ] 208 root - INFO - Filtering valid years
[ 2026-05-25 23:45:37,459 ] 217 root - INFO - Year filtering completed
[ 2026-05-25 23:45:37,459 ] 231 root - INFO - Sorting dataframe
[ 2026-05-25 23:45:37,462 ] 242 root - INFO - Sorting completed
[ 2026-05-25 23:45:37,463 ] 432 root - INFO - Preprocessing pipeline completed
[ 2026-05-25 23:45:37,467 ] 382 root - INFO - Processed dataframe saved at artifacts\data_processing\processed_data\forest_area_data.csv
[ 2026-05-25 23:45:37,468 ] 354 root - INFO - Metadata saved at artifacts\data_processing\metadata\forest_area_metadata.json
[ 2026-05-25 23:45:37,469 ] 484 root - INFO - Forest_Area processing completed
[ 2026-05-25 23:45:37,470 ] 22 root - INFO - Loading data from artifacts\data_ingestion\raw_data\renewable_energy_raw.csv
[ 2026-05-25 23:45:37,475 ] 26 root - INFO - Data loaded successfully
[ 2026-05-25 23:45:37,475 ] 396 root - INFO - Starting preprocessing pipeline
[ 2026-05-25 23:45:37,475 ] 53 root - INFO - Schema validation successful
[ 2026-05-25 23:45:37,475 ] 65 root - INFO - Standardizing columns
[ 2026-05-25 23:45:37,477 ] 94 root - INFO - Column standardization completed
[ 2026-05-25 23:45:37,477 ] 108 root - INFO - Converting datatypes
[ 2026-05-25 23:45:37,478 ] 125 root - INFO - Datatype conversion completed
[ 2026-05-25 23:45:37,478 ] 139 root - INFO - Handling missing values
[ 2026-05-25 23:45:37,481 ] 156 root - INFO - Missing value handling completed from (66, 5) to (32, 5)
[ 2026-05-25 23:45:37,481 ] 174 root - INFO - Removing duplicates
[ 2026-05-25 23:45:37,482 ] 188 root - INFO - Duplicates removed from (32, 5) to (32, 5)
[ 2026-05-25 23:45:37,482 ] 208 root - INFO - Filtering valid years
[ 2026-05-25 23:45:37,484 ] 217 root - INFO - Year filtering completed
[ 2026-05-25 23:45:37,484 ] 231 root - INFO - Sorting dataframe
[ 2026-05-25 23:45:37,486 ] 242 root - INFO - Sorting completed
[ 2026-05-25 23:45:37,488 ] 432 root - INFO - Preprocessing pipeline completed
[ 2026-05-25 23:45:37,494 ] 382 root - INFO - Processed dataframe saved at artifacts\data_processing\processed_data\renewable_energy_data.csv
[ 2026-05-25 23:45:37,496 ] 354 root - INFO - Metadata saved at artifacts\data_processing\metadata\renewable_energy_metadata.json
[ 2026-05-25 23:45:37,496 ] 484 root - INFO - Renewable_Energy processing completed
[ 2026-05-25 23:45:37,497 ] 22 root - INFO - Loading data from artifacts\data_ingestion\raw_data\electricity_access_raw.csv
[ 2026-05-25 23:45:37,501 ] 26 root - INFO - Data loaded successfully
[ 2026-05-25 23:45:37,501 ] 396 root - INFO - Starting preprocessing pipeline
[ 2026-05-25 23:45:37,501 ] 53 root - INFO - Schema validation successful
[ 2026-05-25 23:45:37,501 ] 65 root - INFO - Standardizing columns
[ 2026-05-25 23:45:37,503 ] 94 root - INFO - Column standardization completed
[ 2026-05-25 23:45:37,503 ] 108 root - INFO - Converting datatypes
[ 2026-05-25 23:45:37,504 ] 125 root - INFO - Datatype conversion completed
[ 2026-05-25 23:45:37,504 ] 139 root - INFO - Handling missing values
[ 2026-05-25 23:45:37,508 ] 156 root - INFO - Missing value handling completed from (66, 5) to (31, 5)
[ 2026-05-25 23:45:37,508 ] 174 root - INFO - Removing duplicates
[ 2026-05-25 23:45:37,510 ] 188 root - INFO - Duplicates removed from (31, 5) to (31, 5)
[ 2026-05-25 23:45:37,510 ] 208 root - INFO - Filtering valid years
[ 2026-05-25 23:45:37,510 ] 217 root - INFO - Year filtering completed
[ 2026-05-25 23:45:37,510 ] 231 root - INFO - Sorting dataframe
[ 2026-05-25 23:45:37,512 ] 242 root - INFO - Sorting completed
[ 2026-05-25 23:45:37,513 ] 432 root - INFO - Preprocessing pipeline completed
[ 2026-05-25 23:45:37,516 ] 382 root - INFO - Processed dataframe saved at artifacts\data_processing\processed_data\electricity_access_data.csv
[ 2026-05-25 23:45:37,517 ] 354 root - INFO - Metadata saved at artifacts\data_processing\metadata\electricity_access_metadata.json
[ 2026-05-25 23:45:37,517 ] 484 root - INFO - Electricity_Access processing completed
[ 2026-05-25 23:45:37,519 ] 22 root - INFO - Loading data from artifacts\data_ingestion\raw_data\agriculture_raw.csv
[ 2026-05-25 23:45:37,523 ] 26 root - INFO - Data loaded successfully
[ 2026-05-25 23:45:37,523 ] 396 root - INFO - Starting preprocessing pipeline
[ 2026-05-25 23:45:37,524 ] 53 root - INFO - Schema validation successful
[ 2026-05-25 23:45:37,524 ] 65 root - INFO - Standardizing columns
[ 2026-05-25 23:45:37,525 ] 94 root - INFO - Column standardization completed
[ 2026-05-25 23:45:37,526 ] 108 root - INFO - Converting datatypes
[ 2026-05-25 23:45:37,526 ] 125 root - INFO - Datatype conversion completed
[ 2026-05-25 23:45:37,526 ] 139 root - INFO - Handling missing values
[ 2026-05-25 23:45:37,529 ] 156 root - INFO - Missing value handling completed from (66, 5) to (65, 5)
[ 2026-05-25 23:45:37,529 ] 174 root - INFO - Removing duplicates
[ 2026-05-25 23:45:37,530 ] 188 root - INFO - Duplicates removed from (65, 5) to (65, 5)
[ 2026-05-25 23:45:37,531 ] 208 root - INFO - Filtering valid years
[ 2026-05-25 23:45:37,531 ] 217 root - INFO - Year filtering completed
[ 2026-05-25 23:45:37,531 ] 231 root - INFO - Sorting dataframe
[ 2026-05-25 23:45:37,533 ] 242 root - INFO - Sorting completed
[ 2026-05-25 23:45:37,534 ] 432 root - INFO - Preprocessing pipeline completed
[ 2026-05-25 23:45:37,538 ] 382 root - INFO - Processed dataframe saved at artifacts\data_processing\processed_data\agriculture_data.csv
[ 2026-05-25 23:45:37,540 ] 354 root - INFO - Metadata saved at artifacts\data_processing\metadata\agriculture_metadata.json
[ 2026-05-25 23:45:37,540 ] 484 root - INFO - Agriculture processing completed
[ 2026-05-25 23:45:37,541 ] 22 root - INFO - Loading data from artifacts\data_ingestion\raw_data\industry_raw.csv
[ 2026-05-25 23:45:37,545 ] 26 root - INFO - Data loaded successfully
[ 2026-05-25 23:45:37,545 ] 396 root - INFO - Starting preprocessing pipeline
[ 2026-05-25 23:45:37,545 ] 53 root - INFO - Schema validation successful
[ 2026-05-25 23:45:37,545 ] 65 root - INFO - Standardizing columns
[ 2026-05-25 23:45:37,547 ] 94 root - INFO - Column standardization completed
[ 2026-05-25 23:45:37,547 ] 108 root - INFO - Converting datatypes
[ 2026-05-25 23:45:37,547 ] 125 root - INFO - Datatype conversion completed
[ 2026-05-25 23:45:37,547 ] 139 root - INFO - Handling missing values
[ 2026-05-25 23:45:37,550 ] 156 root - INFO - Missing value handling completed from (66, 5) to (65, 5)
[ 2026-05-25 23:45:37,550 ] 174 root - INFO - Removing duplicates
[ 2026-05-25 23:45:37,551 ] 188 root - INFO - Duplicates removed from (65, 5) to (65, 5)
[ 2026-05-25 23:45:37,551 ] 208 root - INFO - Filtering valid years
[ 2026-05-25 23:45:37,552 ] 217 root - INFO - Year filtering completed
[ 2026-05-25 23:45:37,552 ] 231 root - INFO - Sorting dataframe
[ 2026-05-25 23:45:37,556 ] 242 root - INFO - Sorting completed
[ 2026-05-25 23:45:37,558 ] 432 root - INFO - Preprocessing pipeline completed
[ 2026-05-25 23:45:37,562 ] 382 root - INFO - Processed dataframe saved at artifacts\data_processing\processed_data\industry_data.csv
[ 2026-05-25 23:45:37,563 ] 354 root - INFO - Metadata saved at artifacts\data_processing\metadata\industry_metadata.json
[ 2026-05-25 23:45:37,563 ] 484 root - INFO - Industry processing completed
[ 2026-05-25 23:45:37,565 ] 22 root - INFO - Loading data from artifacts\data_ingestion\raw_data\services_raw.csv
[ 2026-05-25 23:45:37,569 ] 26 root - INFO - Data loaded successfully
[ 2026-05-25 23:45:37,569 ] 396 root - INFO - Starting preprocessing pipeline
[ 2026-05-25 23:45:37,569 ] 53 root - INFO - Schema validation successful
[ 2026-05-25 23:45:37,569 ] 65 root - INFO - Standardizing columns
[ 2026-05-25 23:45:37,573 ] 94 root - INFO - Column standardization completed
[ 2026-05-25 23:45:37,573 ] 108 root - INFO - Converting datatypes
[ 2026-05-25 23:45:37,574 ] 125 root - INFO - Datatype conversion completed
[ 2026-05-25 23:45:37,574 ] 139 root - INFO - Handling missing values
[ 2026-05-25 23:45:37,578 ] 156 root - INFO - Missing value handling completed from (66, 5) to (65, 5)
[ 2026-05-25 23:45:37,578 ] 174 root - INFO - Removing duplicates
[ 2026-05-25 23:45:37,580 ] 188 root - INFO - Duplicates removed from (65, 5) to (65, 5)
[ 2026-05-25 23:45:37,580 ] 208 root - INFO - Filtering valid years
[ 2026-05-25 23:45:37,581 ] 217 root - INFO - Year filtering completed
[ 2026-05-25 23:45:37,581 ] 231 root - INFO - Sorting dataframe
[ 2026-05-25 23:45:37,583 ] 242 root - INFO - Sorting completed
[ 2026-05-25 23:45:37,586 ] 432 root - INFO - Preprocessing pipeline completed
[ 2026-05-25 23:45:37,593 ] 382 root - INFO - Processed dataframe saved at artifacts\data_processing\processed_data\services_data.csv
[ 2026-05-25 23:45:37,596 ] 354 root - INFO - Metadata saved at artifacts\data_processing\metadata\services_metadata.json
[ 2026-05-25 23:45:37,597 ] 484 root - INFO - Services processing completed
[ 2026-05-25 23:45:37,599 ] 22 root - INFO - Loading data from artifacts\data_ingestion\raw_data\military_expenditure_raw.csv
[ 2026-05-25 23:45:37,605 ] 26 root - INFO - Data loaded successfully
[ 2026-05-25 23:45:37,606 ] 396 root - INFO - Starting preprocessing pipeline
[ 2026-05-25 23:45:37,606 ] 53 root - INFO - Schema validation successful
[ 2026-05-25 23:45:37,606 ] 65 root - INFO - Standardizing columns
[ 2026-05-25 23:45:37,610 ] 94 root - INFO - Column standardization completed
[ 2026-05-25 23:45:37,610 ] 108 root - INFO - Converting datatypes
[ 2026-05-25 23:45:37,611 ] 125 root - INFO - Datatype conversion completed
[ 2026-05-25 23:45:37,612 ] 139 root - INFO - Handling missing values
[ 2026-05-25 23:45:37,617 ] 156 root - INFO - Missing value handling completed from (66, 5) to (65, 5)
[ 2026-05-25 23:45:37,617 ] 174 root - INFO - Removing duplicates
[ 2026-05-25 23:45:37,619 ] 188 root - INFO - Duplicates removed from (65, 5) to (65, 5)
[ 2026-05-25 23:45:37,619 ] 208 root - INFO - Filtering valid years
[ 2026-05-25 23:45:37,621 ] 217 root - INFO - Year filtering completed
[ 2026-05-25 23:45:37,621 ] 231 root - INFO - Sorting dataframe
[ 2026-05-25 23:45:37,625 ] 242 root - INFO - Sorting completed
[ 2026-05-25 23:45:37,628 ] 432 root - INFO - Preprocessing pipeline completed
[ 2026-05-25 23:45:37,634 ] 382 root - INFO - Processed dataframe saved at artifacts\data_processing\processed_data\military_expenditure_data.csv
[ 2026-05-25 23:45:37,636 ] 354 root - INFO - Metadata saved at artifacts\data_processing\metadata\military_expenditure_metadata.json
[ 2026-05-25 23:45:37,636 ] 484 root - INFO - Military_Expenditure processing completed
[ 2026-05-25 23:45:37,639 ] 22 root - INFO - Loading data from artifacts\data_ingestion\raw_data\military_percent_gdp_raw.csv
[ 2026-05-25 23:45:37,645 ] 26 root - INFO - Data loaded successfully
[ 2026-05-25 23:45:37,646 ] 396 root - INFO - Starting preprocessing pipeline
[ 2026-05-25 23:45:37,646 ] 53 root - INFO - Schema validation successful
[ 2026-05-25 23:45:37,646 ] 65 root - INFO - Standardizing columns
[ 2026-05-25 23:45:37,649 ] 94 root - INFO - Column standardization completed
[ 2026-05-25 23:45:37,649 ] 108 root - INFO - Converting datatypes
[ 2026-05-25 23:45:37,650 ] 125 root - INFO - Datatype conversion completed
[ 2026-05-25 23:45:37,650 ] 139 root - INFO - Handling missing values
[ 2026-05-25 23:45:37,656 ] 156 root - INFO - Missing value handling completed from (66, 5) to (65, 5)
[ 2026-05-25 23:45:37,656 ] 174 root - INFO - Removing duplicates
[ 2026-05-25 23:45:37,660 ] 188 root - INFO - Duplicates removed from (65, 5) to (65, 5)
[ 2026-05-25 23:45:37,660 ] 208 root - INFO - Filtering valid years
[ 2026-05-25 23:45:37,661 ] 217 root - INFO - Year filtering completed
[ 2026-05-25 23:45:37,661 ] 231 root - INFO - Sorting dataframe
[ 2026-05-25 23:45:37,665 ] 242 root - INFO - Sorting completed
[ 2026-05-25 23:45:37,667 ] 432 root - INFO - Preprocessing pipeline completed
[ 2026-05-25 23:45:37,672 ] 382 root - INFO - Processed dataframe saved at artifacts\data_processing\processed_data\military_percent_gdp_data.csv
[ 2026-05-25 23:45:37,675 ] 354 root - INFO - Metadata saved at artifacts\data_processing\metadata\military_percent_gdp_metadata.json
[ 2026-05-25 23:45:37,675 ] 484 root - INFO - Military_Percent_GDP processing completed
[ 2026-05-25 23:45:37,677 ] 22 root - INFO - Loading data from artifacts\data_ingestion\raw_data\armed_forces_personnel_raw.csv
[ 2026-05-25 23:45:37,681 ] 26 root - INFO - Data loaded successfully
[ 2026-05-25 23:45:37,682 ] 396 root - INFO - Starting preprocessing pipeline
[ 2026-05-25 23:45:37,682 ] 53 root - INFO - Schema validation successful
[ 2026-05-25 23:45:37,682 ] 65 root - INFO - Standardizing columns
[ 2026-05-25 23:45:37,684 ] 94 root - INFO - Column standardization completed
[ 2026-05-25 23:45:37,684 ] 108 root - INFO - Converting datatypes
[ 2026-05-25 23:45:37,685 ] 125 root - INFO - Datatype conversion completed
[ 2026-05-25 23:45:37,685 ] 139 root - INFO - Handling missing values
[ 2026-05-25 23:45:37,690 ] 156 root - INFO - Missing value handling completed from (66, 5) to (33, 5)
[ 2026-05-25 23:45:37,691 ] 174 root - INFO - Removing duplicates
[ 2026-05-25 23:45:37,692 ] 188 root - INFO - Duplicates removed from (33, 5) to (33, 5)
[ 2026-05-25 23:45:37,693 ] 208 root - INFO - Filtering valid years
[ 2026-05-25 23:45:37,694 ] 217 root - INFO - Year filtering completed
[ 2026-05-25 23:45:37,694 ] 231 root - INFO - Sorting dataframe
[ 2026-05-25 23:45:37,696 ] 242 root - INFO - Sorting completed
[ 2026-05-25 23:45:37,698 ] 432 root - INFO - Preprocessing pipeline completed
[ 2026-05-25 23:45:37,702 ] 382 root - INFO - Processed dataframe saved at artifacts\data_processing\processed_data\armed_forces_personnel_data.csv
[ 2026-05-25 23:45:37,703 ] 354 root - INFO - Metadata saved at artifacts\data_processing\metadata\armed_forces_personnel_metadata.json
[ 2026-05-25 23:45:37,704 ] 484 root - INFO - Armed_Forces_Personnel processing completed
[ 2026-05-25 23:45:37,704 ] 46 root - INFO - Economy Section Processing Started
