[ 2026-05-25 05:22:24,116 ] 16 root - INFO - Data Ingestion Started
[ 2026-05-25 05:22:24,116 ] 41 root - INFO - Fetching gdp
[ 2026-05-25 05:22:24,804 ] 110 root - INFO - Saved gdp_raw.csv
[ 2026-05-25 05:22:24,804 ] 41 root - INFO - Fetching gdp_per_capita
[ 2026-05-25 05:22:25,746 ] 110 root - INFO - Saved gdp_per_capita_raw.csv
[ 2026-05-25 05:22:25,746 ] 41 root - INFO - Fetching population
[ 2026-05-25 05:22:26,298 ] 110 root - INFO - Saved population_raw.csv
[ 2026-05-25 05:22:26,298 ] 41 root - INFO - Fetching inflation
[ 2026-05-25 05:22:27,079 ] 110 root - INFO - Saved inflation_raw.csv
[ 2026-05-25 05:22:27,079 ] 41 root - INFO - Fetching unemployment
[ 2026-05-25 05:22:27,592 ] 110 root - INFO - Saved unemployment_raw.csv
[ 2026-05-25 05:22:27,592 ] 41 root - INFO - Fetching agriculture
[ 2026-05-25 05:22:28,464 ] 110 root - INFO - Saved agriculture_raw.csv
[ 2026-05-25 05:22:28,465 ] 41 root - INFO - Fetching industry
[ 2026-05-25 05:22:29,246 ] 110 root - INFO - Saved industry_raw.csv
[ 2026-05-25 05:22:29,247 ] 41 root - INFO - Fetching services
[ 2026-05-25 05:22:30,084 ] 110 root - INFO - Saved services_raw.csv
[ 2026-05-25 05:22:30,085 ] 41 root - INFO - Fetching urbanization
[ 2026-05-25 05:22:30,609 ] 110 root - INFO - Saved urbanization_raw.csv
[ 2026-05-25 05:22:30,609 ] 41 root - INFO - Fetching life_expectancy
[ 2026-05-25 05:22:31,129 ] 110 root - INFO - Saved life_expectancy_raw.csv
[ 2026-05-25 05:22:31,129 ] 41 root - INFO - Fetching fdi
[ 2026-05-25 05:22:33,843 ] 110 root - INFO - Saved fdi_raw.csv
[ 2026-05-25 05:22:33,843 ] 41 root - INFO - Fetching forex_reserves
[ 2026-05-25 05:22:34,337 ] 110 root - INFO - Saved forex_reserves_raw.csv
[ 2026-05-25 05:22:34,337 ] 41 root - INFO - Fetching exports
[ 2026-05-25 05:22:35,020 ] 110 root - INFO - Saved exports_raw.csv
[ 2026-05-25 05:22:35,020 ] 41 root - INFO - Fetching imports
[ 2026-05-25 05:22:35,555 ] 110 root - INFO - Saved imports_raw.csv
[ 2026-05-25 05:22:35,562 ] 18 root - INFO - Data Ingestion Completed
