[ 2026-05-26 01:10:42,663 ] 21 root - INFO - Data Ingestion Started
[ 2026-05-26 01:10:42,663 ] 41 root - INFO - Fetching gdp
[ 2026-05-26 01:10:42,769 ] 110 root - INFO - Saved gdp_raw.csv
[ 2026-05-26 01:10:42,769 ] 41 root - INFO - Fetching gdp_per_capita
[ 2026-05-26 01:10:42,868 ] 110 root - INFO - Saved gdp_per_capita_raw.csv
[ 2026-05-26 01:10:42,868 ] 41 root - INFO - Fetching population
[ 2026-05-26 01:10:42,952 ] 110 root - INFO - Saved population_raw.csv
[ 2026-05-26 01:10:42,952 ] 41 root - INFO - Fetching inflation
[ 2026-05-26 01:10:43,022 ] 110 root - INFO - Saved inflation_raw.csv
[ 2026-05-26 01:10:43,023 ] 41 root - INFO - Fetching unemployment
[ 2026-05-26 01:10:43,117 ] 110 root - INFO - Saved unemployment_raw.csv
[ 2026-05-26 01:10:43,117 ] 41 root - INFO - Fetching life_expectancy
[ 2026-05-26 01:10:43,224 ] 110 root - INFO - Saved life_expectancy_raw.csv
[ 2026-05-26 01:10:43,225 ] 41 root - INFO - Fetching exports
[ 2026-05-26 01:10:43,313 ] 110 root - INFO - Saved exports_raw.csv
[ 2026-05-26 01:10:43,313 ] 41 root - INFO - Fetching imports
[ 2026-05-26 01:10:43,406 ] 110 root - INFO - Saved imports_raw.csv
[ 2026-05-26 01:10:43,406 ] 41 root - INFO - Fetching forex_reserves
[ 2026-05-26 01:10:43,503 ] 110 root - INFO - Saved forex_reserves_raw.csv
[ 2026-05-26 01:10:43,503 ] 41 root - INFO - Fetching agriculture
[ 2026-05-26 01:10:43,587 ] 110 root - INFO - Saved agriculture_raw.csv
[ 2026-05-26 01:10:43,587 ] 41 root - INFO - Fetching industry
[ 2026-05-26 01:10:43,674 ] 110 root - INFO - Saved industry_raw.csv
[ 2026-05-26 01:10:43,674 ] 41 root - INFO - Fetching services
[ 2026-05-26 01:10:43,756 ] 110 root - INFO - Saved services_raw.csv
[ 2026-05-26 01:10:43,756 ] 41 root - INFO - Fetching trade_percent_gdp
[ 2026-05-26 01:10:43,831 ] 110 root - INFO - Saved trade_percent_gdp_raw.csv
[ 2026-05-26 01:10:43,832 ] 41 root - INFO - Fetching fdi
[ 2026-05-26 01:10:43,923 ] 110 root - INFO - Saved fdi_raw.csv
[ 2026-05-26 01:10:43,923 ] 41 root - INFO - Fetching interest_rate
[ 2026-05-26 01:10:44,022 ] 110 root - INFO - Saved interest_rate_raw.csv
[ 2026-05-26 01:10:44,022 ] 41 root - INFO - Fetching current_account_balance
[ 2026-05-26 01:10:44,122 ] 110 root - INFO - Saved current_account_balance_raw.csv
[ 2026-05-26 01:10:44,122 ] 41 root - INFO - Fetching population_growth
[ 2026-05-26 01:10:44,202 ] 110 root - INFO - Saved population_growth_raw.csv
[ 2026-05-26 01:10:44,202 ] 41 root - INFO - Fetching urbanization
[ 2026-05-26 01:10:44,278 ] 110 root - INFO - Saved urbanization_raw.csv
[ 2026-05-26 01:10:44,278 ] 41 root - INFO - Fetching birth_rate
[ 2026-05-26 01:10:44,368 ] 110 root - INFO - Saved birth_rate_raw.csv
[ 2026-05-26 01:10:44,368 ] 41 root - INFO - Fetching death_rate
[ 2026-05-26 01:10:44,471 ] 110 root - INFO - Saved death_rate_raw.csv
[ 2026-05-26 01:10:44,471 ] 41 root - INFO - Fetching population_density
[ 2026-05-26 01:10:44,550 ] 110 root - INFO - Saved population_density_raw.csv
[ 2026-05-26 01:10:44,550 ] 41 root - INFO - Fetching literacy_rate
[ 2026-05-26 01:10:44,623 ] 110 root - INFO - Saved literacy_rate_raw.csv
[ 2026-05-26 01:10:44,623 ] 41 root - INFO - Fetching internet_users
[ 2026-05-26 01:10:44,785 ] 110 root - INFO - Saved internet_users_raw.csv
[ 2026-05-26 01:10:44,785 ] 41 root - INFO - Fetching mobile_subscriptions
[ 2026-05-26 01:10:44,877 ] 110 root - INFO - Saved mobile_subscriptions_raw.csv
[ 2026-05-26 01:10:44,877 ] 41 root - INFO - Fetching broadband_subscriptions
[ 2026-05-26 01:10:44,946 ] 110 root - INFO - Saved broadband_subscriptions_raw.csv
[ 2026-05-26 01:10:44,946 ] 41 root - INFO - Fetching secure_servers
[ 2026-05-26 01:10:45,008 ] 110 root - INFO - Saved secure_servers_raw.csv
[ 2026-05-26 01:10:45,008 ] 41 root - INFO - Fetching high_tech_exports
[ 2026-05-26 01:10:45,083 ] 110 root - INFO - Saved high_tech_exports_raw.csv
[ 2026-05-26 01:10:45,083 ] 41 root - INFO - Fetching rnd_expenditure
[ 2026-05-26 01:10:45,165 ] 110 root - INFO - Saved rnd_expenditure_raw.csv
[ 2026-05-26 01:10:45,166 ] 41 root - INFO - Fetching renewable_energy
[ 2026-05-26 01:10:45,236 ] 110 root - INFO - Saved renewable_energy_raw.csv
[ 2026-05-26 01:10:45,237 ] 41 root - INFO - Fetching forest_area
[ 2026-05-26 01:10:45,309 ] 110 root - INFO - Saved forest_area_raw.csv
[ 2026-05-26 01:10:45,311 ] 41 root - INFO - Fetching air_pollution
[ 2026-05-26 01:10:45,403 ] 110 root - INFO - Saved air_pollution_raw.csv
[ 2026-05-26 01:10:45,403 ] 41 root - INFO - Fetching electricity_access
[ 2026-05-26 01:10:45,544 ] 110 root - INFO - Saved electricity_access_raw.csv
[ 2026-05-26 01:10:45,545 ] 41 root - INFO - Fetching military_expenditure
[ 2026-05-26 01:10:45,649 ] 110 root - INFO - Saved military_expenditure_raw.csv
[ 2026-05-26 01:10:45,649 ] 41 root - INFO - Fetching military_percent_gdp
[ 2026-05-26 01:10:45,730 ] 110 root - INFO - Saved military_percent_gdp_raw.csv
[ 2026-05-26 01:10:45,731 ] 41 root - INFO - Fetching armed_forces_personnel
[ 2026-05-26 01:10:45,832 ] 110 root - INFO - Saved armed_forces_personnel_raw.csv
[ 2026-05-26 01:10:45,837 ] 23 root - INFO - Data Ingestion Completed
[ 2026-05-26 01:10:45,840 ] 22 root - INFO - Loading data from artifacts\data_ingestion\raw_data\gdp_raw.csv
[ 2026-05-26 01:10:45,854 ] 26 root - INFO - Data loaded successfully
[ 2026-05-26 01:10:45,854 ] 396 root - INFO - Starting preprocessing pipeline
[ 2026-05-26 01:10:45,855 ] 53 root - INFO - Schema validation successful
[ 2026-05-26 01:10:45,855 ] 65 root - INFO - Standardizing columns
[ 2026-05-26 01:10:45,877 ] 94 root - INFO - Column standardization completed
[ 2026-05-26 01:10:45,878 ] 108 root - INFO - Converting datatypes
[ 2026-05-26 01:10:45,881 ] 125 root - INFO - Datatype conversion completed
[ 2026-05-26 01:10:45,881 ] 139 root - INFO - Handling missing values
[ 2026-05-26 01:10:45,895 ] 156 root - INFO - Missing value handling completed from (66, 5) to (65, 5)
[ 2026-05-26 01:10:45,896 ] 174 root - INFO - Removing duplicates
[ 2026-05-26 01:10:45,900 ] 188 root - INFO - Duplicates removed from (65, 5) to (65, 5)
[ 2026-05-26 01:10:45,901 ] 208 root - INFO - Filtering valid years
[ 2026-05-26 01:10:45,905 ] 217 root - INFO - Year filtering completed
[ 2026-05-26 01:10:45,905 ] 231 root - INFO - Sorting dataframe
[ 2026-05-26 01:10:45,910 ] 242 root - INFO - Sorting completed
[ 2026-05-26 01:10:45,913 ] 432 root - INFO - Preprocessing pipeline completed
[ 2026-05-26 01:10:45,924 ] 382 root - INFO - Processed dataframe saved at artifacts\data_processing\processed_data\gdp_data.csv
[ 2026-05-26 01:10:45,927 ] 354 root - INFO - Metadata saved at artifacts\data_processing\metadata\gdp_metadata.json
[ 2026-05-26 01:10:45,927 ] 484 root - INFO - GDP processing completed
[ 2026-05-26 01:10:45,932 ] 22 root - INFO - Loading data from artifacts\data_ingestion\raw_data\gdp_per_capita_raw.csv
[ 2026-05-26 01:10:45,951 ] 26 root - INFO - Data loaded successfully
[ 2026-05-26 01:10:45,951 ] 396 root - INFO - Starting preprocessing pipeline
[ 2026-05-26 01:10:45,952 ] 53 root - INFO - Schema validation successful
[ 2026-05-26 01:10:45,952 ] 65 root - INFO - Standardizing columns
[ 2026-05-26 01:10:45,956 ] 94 root - INFO - Column standardization completed
[ 2026-05-26 01:10:45,956 ] 108 root - INFO - Converting datatypes
[ 2026-05-26 01:10:45,957 ] 125 root - INFO - Datatype conversion completed
[ 2026-05-26 01:10:45,958 ] 139 root - INFO - Handling missing values
[ 2026-05-26 01:10:45,967 ] 156 root - INFO - Missing value handling completed from (66, 5) to (65, 5)
[ 2026-05-26 01:10:45,967 ] 174 root - INFO - Removing duplicates
[ 2026-05-26 01:10:45,969 ] 188 root - INFO - Duplicates removed from (65, 5) to (65, 5)
[ 2026-05-26 01:10:45,970 ] 208 root - INFO - Filtering valid years
[ 2026-05-26 01:10:45,971 ] 217 root - INFO - Year filtering completed
[ 2026-05-26 01:10:45,972 ] 231 root - INFO - Sorting dataframe
[ 2026-05-26 01:10:45,975 ] 242 root - INFO - Sorting completed
[ 2026-05-26 01:10:45,979 ] 432 root - INFO - Preprocessing pipeline completed
[ 2026-05-26 01:10:45,986 ] 382 root - INFO - Processed dataframe saved at artifacts\data_processing\processed_data\gdp_per_capita_data.csv
[ 2026-05-26 01:10:45,988 ] 354 root - INFO - Metadata saved at artifacts\data_processing\metadata\gdp_per_capita_metadata.json
[ 2026-05-26 01:10:45,988 ] 484 root - INFO - GDP_Per_Capita processing completed
[ 2026-05-26 01:10:45,990 ] 22 root - INFO - Loading data from artifacts\data_ingestion\raw_data\inflation_raw.csv
[ 2026-05-26 01:10:45,996 ] 26 root - INFO - Data loaded successfully
[ 2026-05-26 01:10:45,996 ] 396 root - INFO - Starting preprocessing pipeline
[ 2026-05-26 01:10:45,996 ] 53 root - INFO - Schema validation successful
[ 2026-05-26 01:10:45,996 ] 65 root - INFO - Standardizing columns
[ 2026-05-26 01:10:45,999 ] 94 root - INFO - Column standardization completed
[ 2026-05-26 01:10:45,999 ] 108 root - INFO - Converting datatypes
[ 2026-05-26 01:10:46,000 ] 125 root - INFO - Datatype conversion completed
[ 2026-05-26 01:10:46,000 ] 139 root - INFO - Handling missing values
[ 2026-05-26 01:10:46,005 ] 156 root - INFO - Missing value handling completed from (66, 5) to (65, 5)
[ 2026-05-26 01:10:46,005 ] 174 root - INFO - Removing duplicates
[ 2026-05-26 01:10:46,007 ] 188 root - INFO - Duplicates removed from (65, 5) to (65, 5)
[ 2026-05-26 01:10:46,007 ] 208 root - INFO - Filtering valid years
[ 2026-05-26 01:10:46,008 ] 217 root - INFO - Year filtering completed
[ 2026-05-26 01:10:46,008 ] 231 root - INFO - Sorting dataframe
[ 2026-05-26 01:10:46,012 ] 242 root - INFO - Sorting completed
[ 2026-05-26 01:10:46,013 ] 432 root - INFO - Preprocessing pipeline completed
[ 2026-05-26 01:10:46,018 ] 382 root - INFO - Processed dataframe saved at artifacts\data_processing\processed_data\inflation_data.csv
[ 2026-05-26 01:10:46,019 ] 354 root - INFO - Metadata saved at artifacts\data_processing\metadata\inflation_metadata.json
[ 2026-05-26 01:10:46,019 ] 484 root - INFO - Inflation processing completed
[ 2026-05-26 01:10:46,020 ] 22 root - INFO - Loading data from artifacts\data_ingestion\raw_data\interest_rate_raw.csv
[ 2026-05-26 01:10:46,024 ] 26 root - INFO - Data loaded successfully
[ 2026-05-26 01:10:46,024 ] 396 root - INFO - Starting preprocessing pipeline
[ 2026-05-26 01:10:46,024 ] 53 root - INFO - Schema validation successful
[ 2026-05-26 01:10:46,025 ] 65 root - INFO - Standardizing columns
[ 2026-05-26 01:10:46,027 ] 94 root - INFO - Column standardization completed
[ 2026-05-26 01:10:46,027 ] 108 root - INFO - Converting datatypes
[ 2026-05-26 01:10:46,028 ] 125 root - INFO - Datatype conversion completed
[ 2026-05-26 01:10:46,028 ] 139 root - INFO - Handling missing values
[ 2026-05-26 01:10:46,031 ] 156 root - INFO - Missing value handling completed from (66, 5) to (45, 5)
[ 2026-05-26 01:10:46,031 ] 174 root - INFO - Removing duplicates
[ 2026-05-26 01:10:46,032 ] 188 root - INFO - Duplicates removed from (45, 5) to (45, 5)
[ 2026-05-26 01:10:46,032 ] 208 root - INFO - Filtering valid years
[ 2026-05-26 01:10:46,033 ] 217 root - INFO - Year filtering completed
[ 2026-05-26 01:10:46,033 ] 231 root - INFO - Sorting dataframe
[ 2026-05-26 01:10:46,035 ] 242 root - INFO - Sorting completed
[ 2026-05-26 01:10:46,036 ] 432 root - INFO - Preprocessing pipeline completed
[ 2026-05-26 01:10:46,039 ] 382 root - INFO - Processed dataframe saved at artifacts\data_processing\processed_data\interest_rate_data.csv
[ 2026-05-26 01:10:46,040 ] 354 root - INFO - Metadata saved at artifacts\data_processing\metadata\interest_rate_metadata.json
[ 2026-05-26 01:10:46,040 ] 484 root - INFO - Interest_Rate processing completed
[ 2026-05-26 01:10:46,041 ] 22 root - INFO - Loading data from artifacts\data_ingestion\raw_data\forex_reserves_raw.csv
[ 2026-05-26 01:10:46,044 ] 26 root - INFO - Data loaded successfully
[ 2026-05-26 01:10:46,045 ] 396 root - INFO - Starting preprocessing pipeline
[ 2026-05-26 01:10:46,045 ] 53 root - INFO - Schema validation successful
[ 2026-05-26 01:10:46,045 ] 65 root - INFO - Standardizing columns
[ 2026-05-26 01:10:46,046 ] 94 root - INFO - Column standardization completed
[ 2026-05-26 01:10:46,047 ] 108 root - INFO - Converting datatypes
[ 2026-05-26 01:10:46,047 ] 125 root - INFO - Datatype conversion completed
[ 2026-05-26 01:10:46,047 ] 139 root - INFO - Handling missing values
[ 2026-05-26 01:10:46,050 ] 156 root - INFO - Missing value handling completed from (66, 5) to (65, 5)
[ 2026-05-26 01:10:46,050 ] 174 root - INFO - Removing duplicates
[ 2026-05-26 01:10:46,051 ] 188 root - INFO - Duplicates removed from (65, 5) to (65, 5)
[ 2026-05-26 01:10:46,051 ] 208 root - INFO - Filtering valid years
[ 2026-05-26 01:10:46,052 ] 217 root - INFO - Year filtering completed
[ 2026-05-26 01:10:46,052 ] 231 root - INFO - Sorting dataframe
[ 2026-05-26 01:10:46,054 ] 242 root - INFO - Sorting completed
[ 2026-05-26 01:10:46,054 ] 432 root - INFO - Preprocessing pipeline completed
[ 2026-05-26 01:10:46,057 ] 382 root - INFO - Processed dataframe saved at artifacts\data_processing\processed_data\forex_reserves_data.csv
[ 2026-05-26 01:10:46,058 ] 354 root - INFO - Metadata saved at artifacts\data_processing\metadata\forex_reserves_metadata.json
[ 2026-05-26 01:10:46,058 ] 484 root - INFO - Forex_Reserves processing completed
[ 2026-05-26 01:10:46,059 ] 22 root - INFO - Loading data from artifacts\data_ingestion\raw_data\current_account_balance_raw.csv
[ 2026-05-26 01:10:46,062 ] 26 root - INFO - Data loaded successfully
[ 2026-05-26 01:10:46,062 ] 396 root - INFO - Starting preprocessing pipeline
[ 2026-05-26 01:10:46,062 ] 53 root - INFO - Schema validation successful
[ 2026-05-26 01:10:46,062 ] 65 root - INFO - Standardizing columns
[ 2026-05-26 01:10:46,064 ] 94 root - INFO - Column standardization completed
[ 2026-05-26 01:10:46,064 ] 108 root - INFO - Converting datatypes
[ 2026-05-26 01:10:46,064 ] 125 root - INFO - Datatype conversion completed
[ 2026-05-26 01:10:46,064 ] 139 root - INFO - Handling missing values
[ 2026-05-26 01:10:46,067 ] 156 root - INFO - Missing value handling completed from (66, 5) to (50, 5)
[ 2026-05-26 01:10:46,067 ] 174 root - INFO - Removing duplicates
[ 2026-05-26 01:10:46,068 ] 188 root - INFO - Duplicates removed from (50, 5) to (50, 5)
[ 2026-05-26 01:10:46,068 ] 208 root - INFO - Filtering valid years
[ 2026-05-26 01:10:46,069 ] 217 root - INFO - Year filtering completed
[ 2026-05-26 01:10:46,069 ] 231 root - INFO - Sorting dataframe
[ 2026-05-26 01:10:46,070 ] 242 root - INFO - Sorting completed
[ 2026-05-26 01:10:46,071 ] 432 root - INFO - Preprocessing pipeline completed
[ 2026-05-26 01:10:46,073 ] 382 root - INFO - Processed dataframe saved at artifacts\data_processing\processed_data\current_account_balance_data.csv
[ 2026-05-26 01:10:46,074 ] 354 root - INFO - Metadata saved at artifacts\data_processing\metadata\current_account_balance_metadata.json
[ 2026-05-26 01:10:46,074 ] 484 root - INFO - Current_Account_Balance processing completed
[ 2026-05-26 01:10:46,075 ] 22 root - INFO - Loading data from artifacts\data_ingestion\raw_data\fdi_raw.csv
[ 2026-05-26 01:10:46,090 ] 26 root - INFO - Data loaded successfully
[ 2026-05-26 01:10:46,091 ] 396 root - INFO - Starting preprocessing pipeline
[ 2026-05-26 01:10:46,091 ] 53 root - INFO - Schema validation successful
[ 2026-05-26 01:10:46,091 ] 65 root - INFO - Standardizing columns
[ 2026-05-26 01:10:46,093 ] 94 root - INFO - Column standardization completed
[ 2026-05-26 01:10:46,093 ] 108 root - INFO - Converting datatypes
[ 2026-05-26 01:10:46,093 ] 125 root - INFO - Datatype conversion completed
[ 2026-05-26 01:10:46,093 ] 139 root - INFO - Handling missing values
[ 2026-05-26 01:10:46,095 ] 156 root - INFO - Missing value handling completed from (66, 5) to (55, 5)
[ 2026-05-26 01:10:46,095 ] 174 root - INFO - Removing duplicates
[ 2026-05-26 01:10:46,096 ] 188 root - INFO - Duplicates removed from (55, 5) to (55, 5)
[ 2026-05-26 01:10:46,096 ] 208 root - INFO - Filtering valid years
[ 2026-05-26 01:10:46,096 ] 217 root - INFO - Year filtering completed
[ 2026-05-26 01:10:46,097 ] 231 root - INFO - Sorting dataframe
[ 2026-05-26 01:10:46,098 ] 242 root - INFO - Sorting completed
[ 2026-05-26 01:10:46,098 ] 432 root - INFO - Preprocessing pipeline completed
[ 2026-05-26 01:10:46,100 ] 382 root - INFO - Processed dataframe saved at artifacts\data_processing\processed_data\fdi_data.csv
[ 2026-05-26 01:10:46,101 ] 354 root - INFO - Metadata saved at artifacts\data_processing\metadata\fdi_metadata.json
[ 2026-05-26 01:10:46,101 ] 484 root - INFO - FDI processing completed
[ 2026-05-26 01:10:46,102 ] 22 root - INFO - Loading data from artifacts\data_ingestion\raw_data\unemployment_raw.csv
[ 2026-05-26 01:10:46,104 ] 26 root - INFO - Data loaded successfully
[ 2026-05-26 01:10:46,104 ] 396 root - INFO - Starting preprocessing pipeline
[ 2026-05-26 01:10:46,104 ] 53 root - INFO - Schema validation successful
[ 2026-05-26 01:10:46,104 ] 65 root - INFO - Standardizing columns
[ 2026-05-26 01:10:46,105 ] 94 root - INFO - Column standardization completed
[ 2026-05-26 01:10:46,105 ] 108 root - INFO - Converting datatypes
[ 2026-05-26 01:10:46,105 ] 125 root - INFO - Datatype conversion completed
[ 2026-05-26 01:10:46,105 ] 139 root - INFO - Handling missing values
[ 2026-05-26 01:10:46,107 ] 156 root - INFO - Missing value handling completed from (66, 5) to (35, 5)
[ 2026-05-26 01:10:46,107 ] 174 root - INFO - Removing duplicates
[ 2026-05-26 01:10:46,108 ] 188 root - INFO - Duplicates removed from (35, 5) to (35, 5)
[ 2026-05-26 01:10:46,108 ] 208 root - INFO - Filtering valid years
[ 2026-05-26 01:10:46,108 ] 217 root - INFO - Year filtering completed
[ 2026-05-26 01:10:46,108 ] 231 root - INFO - Sorting dataframe
[ 2026-05-26 01:10:46,109 ] 242 root - INFO - Sorting completed
[ 2026-05-26 01:10:46,111 ] 432 root - INFO - Preprocessing pipeline completed
[ 2026-05-26 01:10:46,113 ] 382 root - INFO - Processed dataframe saved at artifacts\data_processing\processed_data\unemployment_data.csv
[ 2026-05-26 01:10:46,114 ] 354 root - INFO - Metadata saved at artifacts\data_processing\metadata\unemployment_metadata.json
[ 2026-05-26 01:10:46,114 ] 484 root - INFO - Unemployment processing completed
[ 2026-05-26 01:10:46,115 ] 22 root - INFO - Loading data from artifacts\data_ingestion\raw_data\population_raw.csv
[ 2026-05-26 01:10:46,117 ] 26 root - INFO - Data loaded successfully
[ 2026-05-26 01:10:46,117 ] 396 root - INFO - Starting preprocessing pipeline
[ 2026-05-26 01:10:46,118 ] 53 root - INFO - Schema validation successful
[ 2026-05-26 01:10:46,118 ] 65 root - INFO - Standardizing columns
[ 2026-05-26 01:10:46,119 ] 94 root - INFO - Column standardization completed
[ 2026-05-26 01:10:46,119 ] 108 root - INFO - Converting datatypes
[ 2026-05-26 01:10:46,119 ] 125 root - INFO - Datatype conversion completed
[ 2026-05-26 01:10:46,119 ] 139 root - INFO - Handling missing values
[ 2026-05-26 01:10:46,121 ] 156 root - INFO - Missing value handling completed from (66, 5) to (65, 5)
[ 2026-05-26 01:10:46,121 ] 174 root - INFO - Removing duplicates
[ 2026-05-26 01:10:46,121 ] 188 root - INFO - Duplicates removed from (65, 5) to (65, 5)
[ 2026-05-26 01:10:46,121 ] 208 root - INFO - Filtering valid years
[ 2026-05-26 01:10:46,122 ] 217 root - INFO - Year filtering completed
[ 2026-05-26 01:10:46,122 ] 231 root - INFO - Sorting dataframe
[ 2026-05-26 01:10:46,123 ] 242 root - INFO - Sorting completed
[ 2026-05-26 01:10:46,124 ] 432 root - INFO - Preprocessing pipeline completed
[ 2026-05-26 01:10:46,127 ] 382 root - INFO - Processed dataframe saved at artifacts\data_processing\processed_data\population_data.csv
[ 2026-05-26 01:10:46,128 ] 354 root - INFO - Metadata saved at artifacts\data_processing\metadata\population_metadata.json
[ 2026-05-26 01:10:46,128 ] 484 root - INFO - Population processing completed
[ 2026-05-26 01:10:46,128 ] 22 root - INFO - Loading data from artifacts\data_ingestion\raw_data\population_growth_raw.csv
[ 2026-05-26 01:10:46,131 ] 26 root - INFO - Data loaded successfully
[ 2026-05-26 01:10:46,131 ] 396 root - INFO - Starting preprocessing pipeline
[ 2026-05-26 01:10:46,132 ] 53 root - INFO - Schema validation successful
[ 2026-05-26 01:10:46,132 ] 65 root - INFO - Standardizing columns
[ 2026-05-26 01:10:46,133 ] 94 root - INFO - Column standardization completed
[ 2026-05-26 01:10:46,134 ] 108 root - INFO - Converting datatypes
[ 2026-05-26 01:10:46,134 ] 125 root - INFO - Datatype conversion completed
[ 2026-05-26 01:10:46,134 ] 139 root - INFO - Handling missing values
[ 2026-05-26 01:10:46,136 ] 156 root - INFO - Missing value handling completed from (66, 5) to (64, 5)
[ 2026-05-26 01:10:46,136 ] 174 root - INFO - Removing duplicates
[ 2026-05-26 01:10:46,137 ] 188 root - INFO - Duplicates removed from (64, 5) to (64, 5)
[ 2026-05-26 01:10:46,137 ] 208 root - INFO - Filtering valid years
[ 2026-05-26 01:10:46,138 ] 217 root - INFO - Year filtering completed
[ 2026-05-26 01:10:46,138 ] 231 root - INFO - Sorting dataframe
[ 2026-05-26 01:10:46,140 ] 242 root - INFO - Sorting completed
[ 2026-05-26 01:10:46,141 ] 432 root - INFO - Preprocessing pipeline completed
[ 2026-05-26 01:10:46,144 ] 382 root - INFO - Processed dataframe saved at artifacts\data_processing\processed_data\population_growth_data.csv
[ 2026-05-26 01:10:46,145 ] 354 root - INFO - Metadata saved at artifacts\data_processing\metadata\population_growth_metadata.json
[ 2026-05-26 01:10:46,145 ] 484 root - INFO - Population_Growth processing completed
[ 2026-05-26 01:10:46,147 ] 22 root - INFO - Loading data from artifacts\data_ingestion\raw_data\population_density_raw.csv
[ 2026-05-26 01:10:46,150 ] 26 root - INFO - Data loaded successfully
[ 2026-05-26 01:10:46,151 ] 396 root - INFO - Starting preprocessing pipeline
[ 2026-05-26 01:10:46,151 ] 53 root - INFO - Schema validation successful
[ 2026-05-26 01:10:46,151 ] 65 root - INFO - Standardizing columns
[ 2026-05-26 01:10:46,153 ] 94 root - INFO - Column standardization completed
[ 2026-05-26 01:10:46,154 ] 108 root - INFO - Converting datatypes
[ 2026-05-26 01:10:46,155 ] 125 root - INFO - Datatype conversion completed
[ 2026-05-26 01:10:46,155 ] 139 root - INFO - Handling missing values
[ 2026-05-26 01:10:46,160 ] 156 root - INFO - Missing value handling completed from (66, 5) to (63, 5)
[ 2026-05-26 01:10:46,160 ] 174 root - INFO - Removing duplicates
[ 2026-05-26 01:10:46,162 ] 188 root - INFO - Duplicates removed from (63, 5) to (63, 5)
[ 2026-05-26 01:10:46,162 ] 208 root - INFO - Filtering valid years
[ 2026-05-26 01:10:46,165 ] 217 root - INFO - Year filtering completed
[ 2026-05-26 01:10:46,165 ] 231 root - INFO - Sorting dataframe
[ 2026-05-26 01:10:46,168 ] 242 root - INFO - Sorting completed
[ 2026-05-26 01:10:46,170 ] 432 root - INFO - Preprocessing pipeline completed
[ 2026-05-26 01:10:46,175 ] 382 root - INFO - Processed dataframe saved at artifacts\data_processing\processed_data\population_density_data.csv
[ 2026-05-26 01:10:46,177 ] 354 root - INFO - Metadata saved at artifacts\data_processing\metadata\population_density_metadata.json
[ 2026-05-26 01:10:46,178 ] 484 root - INFO - Population_Density processing completed
[ 2026-05-26 01:10:46,180 ] 22 root - INFO - Loading data from artifacts\data_ingestion\raw_data\urbanization_raw.csv
[ 2026-05-26 01:10:46,187 ] 26 root - INFO - Data loaded successfully
[ 2026-05-26 01:10:46,187 ] 396 root - INFO - Starting preprocessing pipeline
[ 2026-05-26 01:10:46,187 ] 53 root - INFO - Schema validation successful
[ 2026-05-26 01:10:46,187 ] 65 root - INFO - Standardizing columns
[ 2026-05-26 01:10:46,190 ] 94 root - INFO - Column standardization completed
[ 2026-05-26 01:10:46,191 ] 108 root - INFO - Converting datatypes
[ 2026-05-26 01:10:46,192 ] 125 root - INFO - Datatype conversion completed
[ 2026-05-26 01:10:46,192 ] 139 root - INFO - Handling missing values
[ 2026-05-26 01:10:46,200 ] 156 root - INFO - Missing value handling completed from (66, 5) to (65, 5)
[ 2026-05-26 01:10:46,200 ] 174 root - INFO - Removing duplicates
[ 2026-05-26 01:10:46,204 ] 188 root - INFO - Duplicates removed from (65, 5) to (65, 5)
[ 2026-05-26 01:10:46,204 ] 208 root - INFO - Filtering valid years
[ 2026-05-26 01:10:46,207 ] 217 root - INFO - Year filtering completed
[ 2026-05-26 01:10:46,207 ] 231 root - INFO - Sorting dataframe
[ 2026-05-26 01:10:46,211 ] 242 root - INFO - Sorting completed
[ 2026-05-26 01:10:46,215 ] 432 root - INFO - Preprocessing pipeline completed
[ 2026-05-26 01:10:46,223 ] 382 root - INFO - Processed dataframe saved at artifacts\data_processing\processed_data\urbanization_data.csv
[ 2026-05-26 01:10:46,227 ] 354 root - INFO - Metadata saved at artifacts\data_processing\metadata\urbanization_metadata.json
[ 2026-05-26 01:10:46,227 ] 484 root - INFO - Urbanization processing completed
[ 2026-05-26 01:10:46,230 ] 22 root - INFO - Loading data from artifacts\data_ingestion\raw_data\birth_rate_raw.csv
[ 2026-05-26 01:10:46,240 ] 26 root - INFO - Data loaded successfully
[ 2026-05-26 01:10:46,240 ] 396 root - INFO - Starting preprocessing pipeline
[ 2026-05-26 01:10:46,241 ] 53 root - INFO - Schema validation successful
[ 2026-05-26 01:10:46,241 ] 65 root - INFO - Standardizing columns
[ 2026-05-26 01:10:46,246 ] 94 root - INFO - Column standardization completed
[ 2026-05-26 01:10:46,246 ] 108 root - INFO - Converting datatypes
[ 2026-05-26 01:10:46,249 ] 125 root - INFO - Datatype conversion completed
[ 2026-05-26 01:10:46,249 ] 139 root - INFO - Handling missing values
[ 2026-05-26 01:10:46,258 ] 156 root - INFO - Missing value handling completed from (66, 5) to (65, 5)
[ 2026-05-26 01:10:46,258 ] 174 root - INFO - Removing duplicates
[ 2026-05-26 01:10:46,262 ] 188 root - INFO - Duplicates removed from (65, 5) to (65, 5)
[ 2026-05-26 01:10:46,263 ] 208 root - INFO - Filtering valid years
[ 2026-05-26 01:10:46,265 ] 217 root - INFO - Year filtering completed
[ 2026-05-26 01:10:46,265 ] 231 root - INFO - Sorting dataframe
[ 2026-05-26 01:10:46,269 ] 242 root - INFO - Sorting completed
[ 2026-05-26 01:10:46,273 ] 432 root - INFO - Preprocessing pipeline completed
[ 2026-05-26 01:10:46,280 ] 382 root - INFO - Processed dataframe saved at artifacts\data_processing\processed_data\birth_rate_data.csv
[ 2026-05-26 01:10:46,282 ] 354 root - INFO - Metadata saved at artifacts\data_processing\metadata\birth_rate_metadata.json
[ 2026-05-26 01:10:46,283 ] 484 root - INFO - Birth_Rate processing completed
[ 2026-05-26 01:10:46,285 ] 22 root - INFO - Loading data from artifacts\data_ingestion\raw_data\death_rate_raw.csv
[ 2026-05-26 01:10:46,291 ] 26 root - INFO - Data loaded successfully
[ 2026-05-26 01:10:46,291 ] 396 root - INFO - Starting preprocessing pipeline
[ 2026-05-26 01:10:46,292 ] 53 root - INFO - Schema validation successful
[ 2026-05-26 01:10:46,292 ] 65 root - INFO - Standardizing columns
[ 2026-05-26 01:10:46,296 ] 94 root - INFO - Column standardization completed
[ 2026-05-26 01:10:46,296 ] 108 root - INFO - Converting datatypes
[ 2026-05-26 01:10:46,297 ] 125 root - INFO - Datatype conversion completed
[ 2026-05-26 01:10:46,297 ] 139 root - INFO - Handling missing values
[ 2026-05-26 01:10:46,302 ] 156 root - INFO - Missing value handling completed from (66, 5) to (65, 5)
[ 2026-05-26 01:10:46,302 ] 174 root - INFO - Removing duplicates
[ 2026-05-26 01:10:46,304 ] 188 root - INFO - Duplicates removed from (65, 5) to (65, 5)
[ 2026-05-26 01:10:46,304 ] 208 root - INFO - Filtering valid years
[ 2026-05-26 01:10:46,305 ] 217 root - INFO - Year filtering completed
[ 2026-05-26 01:10:46,305 ] 231 root - INFO - Sorting dataframe
[ 2026-05-26 01:10:46,307 ] 242 root - INFO - Sorting completed
[ 2026-05-26 01:10:46,309 ] 432 root - INFO - Preprocessing pipeline completed
[ 2026-05-26 01:10:46,314 ] 382 root - INFO - Processed dataframe saved at artifacts\data_processing\processed_data\death_rate_data.csv
[ 2026-05-26 01:10:46,316 ] 354 root - INFO - Metadata saved at artifacts\data_processing\metadata\death_rate_metadata.json
[ 2026-05-26 01:10:46,316 ] 484 root - INFO - Death_Rate processing completed
[ 2026-05-26 01:10:46,318 ] 22 root - INFO - Loading data from artifacts\data_ingestion\raw_data\life_expectancy_raw.csv
[ 2026-05-26 01:10:46,323 ] 26 root - INFO - Data loaded successfully
[ 2026-05-26 01:10:46,323 ] 396 root - INFO - Starting preprocessing pipeline
[ 2026-05-26 01:10:46,323 ] 53 root - INFO - Schema validation successful
[ 2026-05-26 01:10:46,323 ] 65 root - INFO - Standardizing columns
[ 2026-05-26 01:10:46,325 ] 94 root - INFO - Column standardization completed
[ 2026-05-26 01:10:46,325 ] 108 root - INFO - Converting datatypes
[ 2026-05-26 01:10:46,326 ] 125 root - INFO - Datatype conversion completed
[ 2026-05-26 01:10:46,326 ] 139 root - INFO - Handling missing values
[ 2026-05-26 01:10:46,329 ] 156 root - INFO - Missing value handling completed from (66, 5) to (65, 5)
[ 2026-05-26 01:10:46,330 ] 174 root - INFO - Removing duplicates
[ 2026-05-26 01:10:46,331 ] 188 root - INFO - Duplicates removed from (65, 5) to (65, 5)
[ 2026-05-26 01:10:46,331 ] 208 root - INFO - Filtering valid years
[ 2026-05-26 01:10:46,332 ] 217 root - INFO - Year filtering completed
[ 2026-05-26 01:10:46,332 ] 231 root - INFO - Sorting dataframe
[ 2026-05-26 01:10:46,334 ] 242 root - INFO - Sorting completed
[ 2026-05-26 01:10:46,335 ] 432 root - INFO - Preprocessing pipeline completed
[ 2026-05-26 01:10:46,338 ] 382 root - INFO - Processed dataframe saved at artifacts\data_processing\processed_data\life_expectancy_data.csv
[ 2026-05-26 01:10:46,339 ] 354 root - INFO - Metadata saved at artifacts\data_processing\metadata\life_expectancy_metadata.json
[ 2026-05-26 01:10:46,339 ] 484 root - INFO - Life_Expectancy processing completed
[ 2026-05-26 01:10:46,341 ] 22 root - INFO - Loading data from artifacts\data_ingestion\raw_data\literacy_rate_raw.csv
[ 2026-05-26 01:10:46,346 ] 26 root - INFO - Data loaded successfully
[ 2026-05-26 01:10:46,346 ] 396 root - INFO - Starting preprocessing pipeline
[ 2026-05-26 01:10:46,346 ] 53 root - INFO - Schema validation successful
[ 2026-05-26 01:10:46,347 ] 65 root - INFO - Standardizing columns
[ 2026-05-26 01:10:46,348 ] 94 root - INFO - Column standardization completed
[ 2026-05-26 01:10:46,348 ] 108 root - INFO - Converting datatypes
[ 2026-05-26 01:10:46,349 ] 125 root - INFO - Datatype conversion completed
[ 2026-05-26 01:10:46,349 ] 139 root - INFO - Handling missing values
[ 2026-05-26 01:10:46,351 ] 156 root - INFO - Missing value handling completed from (66, 5) to (14, 5)
[ 2026-05-26 01:10:46,351 ] 174 root - INFO - Removing duplicates
[ 2026-05-26 01:10:46,353 ] 188 root - INFO - Duplicates removed from (14, 5) to (14, 5)
[ 2026-05-26 01:10:46,353 ] 208 root - INFO - Filtering valid years
[ 2026-05-26 01:10:46,353 ] 217 root - INFO - Year filtering completed
[ 2026-05-26 01:10:46,353 ] 231 root - INFO - Sorting dataframe
[ 2026-05-26 01:10:46,355 ] 242 root - INFO - Sorting completed
[ 2026-05-26 01:10:46,356 ] 432 root - INFO - Preprocessing pipeline completed
[ 2026-05-26 01:10:46,358 ] 382 root - INFO - Processed dataframe saved at artifacts\data_processing\processed_data\literacy_rate_data.csv
[ 2026-05-26 01:10:46,359 ] 354 root - INFO - Metadata saved at artifacts\data_processing\metadata\literacy_rate_metadata.json
[ 2026-05-26 01:10:46,359 ] 484 root - INFO - Literacy_Rate processing completed
[ 2026-05-26 01:10:46,360 ] 22 root - INFO - Loading data from artifacts\data_ingestion\raw_data\exports_raw.csv
[ 2026-05-26 01:10:46,363 ] 26 root - INFO - Data loaded successfully
[ 2026-05-26 01:10:46,364 ] 396 root - INFO - Starting preprocessing pipeline
[ 2026-05-26 01:10:46,364 ] 53 root - INFO - Schema validation successful
[ 2026-05-26 01:10:46,364 ] 65 root - INFO - Standardizing columns
[ 2026-05-26 01:10:46,365 ] 94 root - INFO - Column standardization completed
[ 2026-05-26 01:10:46,365 ] 108 root - INFO - Converting datatypes
[ 2026-05-26 01:10:46,366 ] 125 root - INFO - Datatype conversion completed
[ 2026-05-26 01:10:46,366 ] 139 root - INFO - Handling missing values
[ 2026-05-26 01:10:46,369 ] 156 root - INFO - Missing value handling completed from (66, 5) to (65, 5)
[ 2026-05-26 01:10:46,369 ] 174 root - INFO - Removing duplicates
[ 2026-05-26 01:10:46,371 ] 188 root - INFO - Duplicates removed from (65, 5) to (65, 5)
[ 2026-05-26 01:10:46,371 ] 208 root - INFO - Filtering valid years
[ 2026-05-26 01:10:46,372 ] 217 root - INFO - Year filtering completed
[ 2026-05-26 01:10:46,372 ] 231 root - INFO - Sorting dataframe
[ 2026-05-26 01:10:46,374 ] 242 root - INFO - Sorting completed
[ 2026-05-26 01:10:46,375 ] 432 root - INFO - Preprocessing pipeline completed
[ 2026-05-26 01:10:46,379 ] 382 root - INFO - Processed dataframe saved at artifacts\data_processing\processed_data\exports_data.csv
[ 2026-05-26 01:10:46,380 ] 354 root - INFO - Metadata saved at artifacts\data_processing\metadata\exports_metadata.json
[ 2026-05-26 01:10:46,380 ] 484 root - INFO - Exports processing completed
[ 2026-05-26 01:10:46,381 ] 22 root - INFO - Loading data from artifacts\data_ingestion\raw_data\imports_raw.csv
[ 2026-05-26 01:10:46,384 ] 26 root - INFO - Data loaded successfully
[ 2026-05-26 01:10:46,384 ] 396 root - INFO - Starting preprocessing pipeline
[ 2026-05-26 01:10:46,384 ] 53 root - INFO - Schema validation successful
[ 2026-05-26 01:10:46,384 ] 65 root - INFO - Standardizing columns
[ 2026-05-26 01:10:46,386 ] 94 root - INFO - Column standardization completed
[ 2026-05-26 01:10:46,386 ] 108 root - INFO - Converting datatypes
[ 2026-05-26 01:10:46,386 ] 125 root - INFO - Datatype conversion completed
[ 2026-05-26 01:10:46,386 ] 139 root - INFO - Handling missing values
[ 2026-05-26 01:10:46,388 ] 156 root - INFO - Missing value handling completed from (66, 5) to (65, 5)
[ 2026-05-26 01:10:46,389 ] 174 root - INFO - Removing duplicates
[ 2026-05-26 01:10:46,389 ] 188 root - INFO - Duplicates removed from (65, 5) to (65, 5)
[ 2026-05-26 01:10:46,390 ] 208 root - INFO - Filtering valid years
[ 2026-05-26 01:10:46,390 ] 217 root - INFO - Year filtering completed
[ 2026-05-26 01:10:46,390 ] 231 root - INFO - Sorting dataframe
[ 2026-05-26 01:10:46,391 ] 242 root - INFO - Sorting completed
[ 2026-05-26 01:10:46,392 ] 432 root - INFO - Preprocessing pipeline completed
[ 2026-05-26 01:10:46,395 ] 382 root - INFO - Processed dataframe saved at artifacts\data_processing\processed_data\imports_data.csv
[ 2026-05-26 01:10:46,396 ] 354 root - INFO - Metadata saved at artifacts\data_processing\metadata\imports_metadata.json
[ 2026-05-26 01:10:46,396 ] 484 root - INFO - Imports processing completed
[ 2026-05-26 01:10:46,397 ] 22 root - INFO - Loading data from artifacts\data_ingestion\raw_data\trade_percent_gdp_raw.csv
[ 2026-05-26 01:10:46,400 ] 26 root - INFO - Data loaded successfully
[ 2026-05-26 01:10:46,400 ] 396 root - INFO - Starting preprocessing pipeline
[ 2026-05-26 01:10:46,400 ] 53 root - INFO - Schema validation successful
[ 2026-05-26 01:10:46,400 ] 65 root - INFO - Standardizing columns
[ 2026-05-26 01:10:46,402 ] 94 root - INFO - Column standardization completed
[ 2026-05-26 01:10:46,402 ] 108 root - INFO - Converting datatypes
[ 2026-05-26 01:10:46,402 ] 125 root - INFO - Datatype conversion completed
[ 2026-05-26 01:10:46,402 ] 139 root - INFO - Handling missing values
[ 2026-05-26 01:10:46,405 ] 156 root - INFO - Missing value handling completed from (66, 5) to (65, 5)
[ 2026-05-26 01:10:46,405 ] 174 root - INFO - Removing duplicates
[ 2026-05-26 01:10:46,406 ] 188 root - INFO - Duplicates removed from (65, 5) to (65, 5)
[ 2026-05-26 01:10:46,406 ] 208 root - INFO - Filtering valid years
[ 2026-05-26 01:10:46,406 ] 217 root - INFO - Year filtering completed
[ 2026-05-26 01:10:46,406 ] 231 root - INFO - Sorting dataframe
[ 2026-05-26 01:10:46,408 ] 242 root - INFO - Sorting completed
[ 2026-05-26 01:10:46,409 ] 432 root - INFO - Preprocessing pipeline completed
[ 2026-05-26 01:10:46,414 ] 382 root - INFO - Processed dataframe saved at artifacts\data_processing\processed_data\trade_percent_gdp_data.csv
[ 2026-05-26 01:10:46,416 ] 354 root - INFO - Metadata saved at artifacts\data_processing\metadata\trade_percent_gdp_metadata.json
[ 2026-05-26 01:10:46,416 ] 484 root - INFO - Trade_Percent_GDP processing completed
[ 2026-05-26 01:10:46,418 ] 22 root - INFO - Loading data from artifacts\data_ingestion\raw_data\high_tech_exports_raw.csv
[ 2026-05-26 01:10:46,424 ] 26 root - INFO - Data loaded successfully
[ 2026-05-26 01:10:46,425 ] 396 root - INFO - Starting preprocessing pipeline
[ 2026-05-26 01:10:46,425 ] 53 root - INFO - Schema validation successful
[ 2026-05-26 01:10:46,425 ] 65 root - INFO - Standardizing columns
[ 2026-05-26 01:10:46,429 ] 94 root - INFO - Column standardization completed
[ 2026-05-26 01:10:46,429 ] 108 root - INFO - Converting datatypes
[ 2026-05-26 01:10:46,430 ] 125 root - INFO - Datatype conversion completed
[ 2026-05-26 01:10:46,430 ] 139 root - INFO - Handling missing values
[ 2026-05-26 01:10:46,437 ] 156 root - INFO - Missing value handling completed from (66, 5) to (16, 5)
[ 2026-05-26 01:10:46,437 ] 174 root - INFO - Removing duplicates
[ 2026-05-26 01:10:46,440 ] 188 root - INFO - Duplicates removed from (16, 5) to (16, 5)
[ 2026-05-26 01:10:46,440 ] 208 root - INFO - Filtering valid years
[ 2026-05-26 01:10:46,442 ] 217 root - INFO - Year filtering completed
[ 2026-05-26 01:10:46,442 ] 231 root - INFO - Sorting dataframe
[ 2026-05-26 01:10:46,450 ] 242 root - INFO - Sorting completed
[ 2026-05-26 01:10:46,453 ] 432 root - INFO - Preprocessing pipeline completed
[ 2026-05-26 01:10:46,462 ] 382 root - INFO - Processed dataframe saved at artifacts\data_processing\processed_data\high_tech_exports_data.csv
[ 2026-05-26 01:10:46,466 ] 354 root - INFO - Metadata saved at artifacts\data_processing\metadata\high_tech_exports_metadata.json
[ 2026-05-26 01:10:46,467 ] 484 root - INFO - High_Tech_Exports processing completed
[ 2026-05-26 01:10:46,472 ] 22 root - INFO - Loading data from artifacts\data_ingestion\raw_data\internet_users_raw.csv
[ 2026-05-26 01:10:46,484 ] 26 root - INFO - Data loaded successfully
[ 2026-05-26 01:10:46,484 ] 396 root - INFO - Starting preprocessing pipeline
[ 2026-05-26 01:10:46,485 ] 53 root - INFO - Schema validation successful
[ 2026-05-26 01:10:46,485 ] 65 root - INFO - Standardizing columns
[ 2026-05-26 01:10:46,492 ] 94 root - INFO - Column standardization completed
[ 2026-05-26 01:10:46,492 ] 108 root - INFO - Converting datatypes
[ 2026-05-26 01:10:46,498 ] 125 root - INFO - Datatype conversion completed
[ 2026-05-26 01:10:46,499 ] 139 root - INFO - Handling missing values
[ 2026-05-26 01:10:46,522 ] 156 root - INFO - Missing value handling completed from (66, 5) to (35, 5)
[ 2026-05-26 01:10:46,522 ] 174 root - INFO - Removing duplicates
[ 2026-05-26 01:10:46,529 ] 188 root - INFO - Duplicates removed from (35, 5) to (35, 5)
[ 2026-05-26 01:10:46,530 ] 208 root - INFO - Filtering valid years
[ 2026-05-26 01:10:46,532 ] 217 root - INFO - Year filtering completed
[ 2026-05-26 01:10:46,533 ] 231 root - INFO - Sorting dataframe
[ 2026-05-26 01:10:46,538 ] 242 root - INFO - Sorting completed
[ 2026-05-26 01:10:46,541 ] 432 root - INFO - Preprocessing pipeline completed
[ 2026-05-26 01:10:46,551 ] 382 root - INFO - Processed dataframe saved at artifacts\data_processing\processed_data\internet_users_data.csv
[ 2026-05-26 01:10:46,555 ] 354 root - INFO - Metadata saved at artifacts\data_processing\metadata\internet_users_metadata.json
[ 2026-05-26 01:10:46,555 ] 484 root - INFO - Internet_Users processing completed
[ 2026-05-26 01:10:46,560 ] 22 root - INFO - Loading data from artifacts\data_ingestion\raw_data\mobile_subscriptions_raw.csv
[ 2026-05-26 01:10:46,570 ] 26 root - INFO - Data loaded successfully
[ 2026-05-26 01:10:46,570 ] 396 root - INFO - Starting preprocessing pipeline
[ 2026-05-26 01:10:46,571 ] 53 root - INFO - Schema validation successful
[ 2026-05-26 01:10:46,571 ] 65 root - INFO - Standardizing columns
[ 2026-05-26 01:10:46,574 ] 94 root - INFO - Column standardization completed
[ 2026-05-26 01:10:46,574 ] 108 root - INFO - Converting datatypes
[ 2026-05-26 01:10:46,575 ] 125 root - INFO - Datatype conversion completed
[ 2026-05-26 01:10:46,576 ] 139 root - INFO - Handling missing values
[ 2026-05-26 01:10:46,582 ] 156 root - INFO - Missing value handling completed from (66, 5) to (53, 5)
[ 2026-05-26 01:10:46,582 ] 174 root - INFO - Removing duplicates
[ 2026-05-26 01:10:46,584 ] 188 root - INFO - Duplicates removed from (53, 5) to (53, 5)
[ 2026-05-26 01:10:46,584 ] 208 root - INFO - Filtering valid years
[ 2026-05-26 01:10:46,585 ] 217 root - INFO - Year filtering completed
[ 2026-05-26 01:10:46,586 ] 231 root - INFO - Sorting dataframe
[ 2026-05-26 01:10:46,588 ] 242 root - INFO - Sorting completed
[ 2026-05-26 01:10:46,590 ] 432 root - INFO - Preprocessing pipeline completed
[ 2026-05-26 01:10:46,596 ] 382 root - INFO - Processed dataframe saved at artifacts\data_processing\processed_data\mobile_subscriptions_data.csv
[ 2026-05-26 01:10:46,598 ] 354 root - INFO - Metadata saved at artifacts\data_processing\metadata\mobile_subscriptions_metadata.json
[ 2026-05-26 01:10:46,598 ] 484 root - INFO - Mobile_Subscriptions processing completed
[ 2026-05-26 01:10:46,600 ] 22 root - INFO - Loading data from artifacts\data_ingestion\raw_data\broadband_subscriptions_raw.csv
[ 2026-05-26 01:10:46,605 ] 26 root - INFO - Data loaded successfully
[ 2026-05-26 01:10:46,606 ] 396 root - INFO - Starting preprocessing pipeline
[ 2026-05-26 01:10:46,606 ] 53 root - INFO - Schema validation successful
[ 2026-05-26 01:10:46,606 ] 65 root - INFO - Standardizing columns
[ 2026-05-26 01:10:46,608 ] 94 root - INFO - Column standardization completed
[ 2026-05-26 01:10:46,608 ] 108 root - INFO - Converting datatypes
[ 2026-05-26 01:10:46,610 ] 125 root - INFO - Datatype conversion completed
[ 2026-05-26 01:10:46,610 ] 139 root - INFO - Handling missing values
[ 2026-05-26 01:10:46,615 ] 156 root - INFO - Missing value handling completed from (66, 5) to (24, 5)
[ 2026-05-26 01:10:46,616 ] 174 root - INFO - Removing duplicates
[ 2026-05-26 01:10:46,617 ] 188 root - INFO - Duplicates removed from (24, 5) to (24, 5)
[ 2026-05-26 01:10:46,617 ] 208 root - INFO - Filtering valid years
[ 2026-05-26 01:10:46,618 ] 217 root - INFO - Year filtering completed
[ 2026-05-26 01:10:46,618 ] 231 root - INFO - Sorting dataframe
[ 2026-05-26 01:10:46,621 ] 242 root - INFO - Sorting completed
[ 2026-05-26 01:10:46,622 ] 432 root - INFO - Preprocessing pipeline completed
[ 2026-05-26 01:10:46,627 ] 382 root - INFO - Processed dataframe saved at artifacts\data_processing\processed_data\broadband_subscriptions_data.csv
[ 2026-05-26 01:10:46,630 ] 354 root - INFO - Metadata saved at artifacts\data_processing\metadata\broadband_subscriptions_metadata.json
[ 2026-05-26 01:10:46,630 ] 484 root - INFO - Broadband_Subscriptions processing completed
[ 2026-05-26 01:10:46,632 ] 22 root - INFO - Loading data from artifacts\data_ingestion\raw_data\secure_servers_raw.csv
[ 2026-05-26 01:10:46,636 ] 26 root - INFO - Data loaded successfully
[ 2026-05-26 01:10:46,636 ] 396 root - INFO - Starting preprocessing pipeline
[ 2026-05-26 01:10:46,636 ] 53 root - INFO - Schema validation successful
[ 2026-05-26 01:10:46,636 ] 65 root - INFO - Standardizing columns
[ 2026-05-26 01:10:46,638 ] 94 root - INFO - Column standardization completed
[ 2026-05-26 01:10:46,639 ] 108 root - INFO - Converting datatypes
[ 2026-05-26 01:10:46,639 ] 125 root - INFO - Datatype conversion completed
[ 2026-05-26 01:10:46,639 ] 139 root - INFO - Handling missing values
[ 2026-05-26 01:10:46,643 ] 156 root - INFO - Missing value handling completed from (66, 5) to (15, 5)
[ 2026-05-26 01:10:46,643 ] 174 root - INFO - Removing duplicates
[ 2026-05-26 01:10:46,645 ] 188 root - INFO - Duplicates removed from (15, 5) to (15, 5)
[ 2026-05-26 01:10:46,645 ] 208 root - INFO - Filtering valid years
[ 2026-05-26 01:10:46,646 ] 217 root - INFO - Year filtering completed
[ 2026-05-26 01:10:46,646 ] 231 root - INFO - Sorting dataframe
[ 2026-05-26 01:10:46,648 ] 242 root - INFO - Sorting completed
[ 2026-05-26 01:10:46,649 ] 432 root - INFO - Preprocessing pipeline completed
[ 2026-05-26 01:10:46,652 ] 382 root - INFO - Processed dataframe saved at artifacts\data_processing\processed_data\secure_servers_data.csv
[ 2026-05-26 01:10:46,654 ] 354 root - INFO - Metadata saved at artifacts\data_processing\metadata\secure_servers_metadata.json
[ 2026-05-26 01:10:46,654 ] 484 root - INFO - Secure_Servers processing completed
[ 2026-05-26 01:10:46,655 ] 22 root - INFO - Loading data from artifacts\data_ingestion\raw_data\rnd_expenditure_raw.csv
[ 2026-05-26 01:10:46,660 ] 26 root - INFO - Data loaded successfully
[ 2026-05-26 01:10:46,660 ] 396 root - INFO - Starting preprocessing pipeline
[ 2026-05-26 01:10:46,660 ] 53 root - INFO - Schema validation successful
[ 2026-05-26 01:10:46,660 ] 65 root - INFO - Standardizing columns
[ 2026-05-26 01:10:46,663 ] 94 root - INFO - Column standardization completed
[ 2026-05-26 01:10:46,663 ] 108 root - INFO - Converting datatypes
[ 2026-05-26 01:10:46,664 ] 125 root - INFO - Datatype conversion completed
[ 2026-05-26 01:10:46,664 ] 139 root - INFO - Handling missing values
[ 2026-05-26 01:10:46,667 ] 156 root - INFO - Missing value handling completed from (66, 5) to (25, 5)
[ 2026-05-26 01:10:46,667 ] 174 root - INFO - Removing duplicates
[ 2026-05-26 01:10:46,669 ] 188 root - INFO - Duplicates removed from (25, 5) to (25, 5)
[ 2026-05-26 01:10:46,669 ] 208 root - INFO - Filtering valid years
[ 2026-05-26 01:10:46,670 ] 217 root - INFO - Year filtering completed
[ 2026-05-26 01:10:46,670 ] 231 root - INFO - Sorting dataframe
[ 2026-05-26 01:10:46,672 ] 242 root - INFO - Sorting completed
[ 2026-05-26 01:10:46,674 ] 432 root - INFO - Preprocessing pipeline completed
[ 2026-05-26 01:10:46,677 ] 382 root - INFO - Processed dataframe saved at artifacts\data_processing\processed_data\rnd_expenditure_data.csv
[ 2026-05-26 01:10:46,679 ] 354 root - INFO - Metadata saved at artifacts\data_processing\metadata\rnd_expenditure_metadata.json
[ 2026-05-26 01:10:46,679 ] 484 root - INFO - RND_Expenditure processing completed
[ 2026-05-26 01:10:46,680 ] 22 root - INFO - Loading data from artifacts\data_ingestion\raw_data\air_pollution_raw.csv
[ 2026-05-26 01:10:46,684 ] 26 root - INFO - Data loaded successfully
[ 2026-05-26 01:10:46,684 ] 396 root - INFO - Starting preprocessing pipeline
[ 2026-05-26 01:10:46,685 ] 53 root - INFO - Schema validation successful
[ 2026-05-26 01:10:46,685 ] 65 root - INFO - Standardizing columns
[ 2026-05-26 01:10:46,686 ] 94 root - INFO - Column standardization completed
[ 2026-05-26 01:10:46,686 ] 108 root - INFO - Converting datatypes
[ 2026-05-26 01:10:46,687 ] 125 root - INFO - Datatype conversion completed
[ 2026-05-26 01:10:46,687 ] 139 root - INFO - Handling missing values
[ 2026-05-26 01:10:46,691 ] 156 root - INFO - Missing value handling completed from (66, 5) to (31, 5)
[ 2026-05-26 01:10:46,691 ] 174 root - INFO - Removing duplicates
[ 2026-05-26 01:10:46,692 ] 188 root - INFO - Duplicates removed from (31, 5) to (31, 5)
[ 2026-05-26 01:10:46,692 ] 208 root - INFO - Filtering valid years
[ 2026-05-26 01:10:46,694 ] 217 root - INFO - Year filtering completed
[ 2026-05-26 01:10:46,694 ] 231 root - INFO - Sorting dataframe
[ 2026-05-26 01:10:46,696 ] 242 root - INFO - Sorting completed
[ 2026-05-26 01:10:46,697 ] 432 root - INFO - Preprocessing pipeline completed
[ 2026-05-26 01:10:46,700 ] 382 root - INFO - Processed dataframe saved at artifacts\data_processing\processed_data\air_pollution_data.csv
[ 2026-05-26 01:10:46,702 ] 354 root - INFO - Metadata saved at artifacts\data_processing\metadata\air_pollution_metadata.json
[ 2026-05-26 01:10:46,702 ] 484 root - INFO - Air_Pollution processing completed
[ 2026-05-26 01:10:46,704 ] 22 root - INFO - Loading data from artifacts\data_ingestion\raw_data\forest_area_raw.csv
[ 2026-05-26 01:10:46,708 ] 26 root - INFO - Data loaded successfully
[ 2026-05-26 01:10:46,708 ] 396 root - INFO - Starting preprocessing pipeline
[ 2026-05-26 01:10:46,708 ] 53 root - INFO - Schema validation successful
[ 2026-05-26 01:10:46,708 ] 65 root - INFO - Standardizing columns
[ 2026-05-26 01:10:46,710 ] 94 root - INFO - Column standardization completed
[ 2026-05-26 01:10:46,711 ] 108 root - INFO - Converting datatypes
[ 2026-05-26 01:10:46,711 ] 125 root - INFO - Datatype conversion completed
[ 2026-05-26 01:10:46,711 ] 139 root - INFO - Handling missing values
[ 2026-05-26 01:10:46,714 ] 156 root - INFO - Missing value handling completed from (66, 5) to (34, 5)
[ 2026-05-26 01:10:46,715 ] 174 root - INFO - Removing duplicates
[ 2026-05-26 01:10:46,716 ] 188 root - INFO - Duplicates removed from (34, 5) to (34, 5)
[ 2026-05-26 01:10:46,716 ] 208 root - INFO - Filtering valid years
[ 2026-05-26 01:10:46,717 ] 217 root - INFO - Year filtering completed
[ 2026-05-26 01:10:46,717 ] 231 root - INFO - Sorting dataframe
[ 2026-05-26 01:10:46,719 ] 242 root - INFO - Sorting completed
[ 2026-05-26 01:10:46,720 ] 432 root - INFO - Preprocessing pipeline completed
[ 2026-05-26 01:10:46,723 ] 382 root - INFO - Processed dataframe saved at artifacts\data_processing\processed_data\forest_area_data.csv
[ 2026-05-26 01:10:46,724 ] 354 root - INFO - Metadata saved at artifacts\data_processing\metadata\forest_area_metadata.json
[ 2026-05-26 01:10:46,724 ] 484 root - INFO - Forest_Area processing completed
[ 2026-05-26 01:10:46,725 ] 22 root - INFO - Loading data from artifacts\data_ingestion\raw_data\renewable_energy_raw.csv
[ 2026-05-26 01:10:46,729 ] 26 root - INFO - Data loaded successfully
[ 2026-05-26 01:10:46,730 ] 396 root - INFO - Starting preprocessing pipeline
[ 2026-05-26 01:10:46,730 ] 53 root - INFO - Schema validation successful
[ 2026-05-26 01:10:46,730 ] 65 root - INFO - Standardizing columns
[ 2026-05-26 01:10:46,732 ] 94 root - INFO - Column standardization completed
[ 2026-05-26 01:10:46,733 ] 108 root - INFO - Converting datatypes
[ 2026-05-26 01:10:46,733 ] 125 root - INFO - Datatype conversion completed
[ 2026-05-26 01:10:46,733 ] 139 root - INFO - Handling missing values
[ 2026-05-26 01:10:46,738 ] 156 root - INFO - Missing value handling completed from (66, 5) to (32, 5)
[ 2026-05-26 01:10:46,738 ] 174 root - INFO - Removing duplicates
[ 2026-05-26 01:10:46,740 ] 188 root - INFO - Duplicates removed from (32, 5) to (32, 5)
[ 2026-05-26 01:10:46,740 ] 208 root - INFO - Filtering valid years
[ 2026-05-26 01:10:46,741 ] 217 root - INFO - Year filtering completed
[ 2026-05-26 01:10:46,741 ] 231 root - INFO - Sorting dataframe
[ 2026-05-26 01:10:46,744 ] 242 root - INFO - Sorting completed
[ 2026-05-26 01:10:46,745 ] 432 root - INFO - Preprocessing pipeline completed
[ 2026-05-26 01:10:46,751 ] 382 root - INFO - Processed dataframe saved at artifacts\data_processing\processed_data\renewable_energy_data.csv
[ 2026-05-26 01:10:46,753 ] 354 root - INFO - Metadata saved at artifacts\data_processing\metadata\renewable_energy_metadata.json
[ 2026-05-26 01:10:46,753 ] 484 root - INFO - Renewable_Energy processing completed
[ 2026-05-26 01:10:46,754 ] 22 root - INFO - Loading data from artifacts\data_ingestion\raw_data\electricity_access_raw.csv
[ 2026-05-26 01:10:46,759 ] 26 root - INFO - Data loaded successfully
[ 2026-05-26 01:10:46,759 ] 396 root - INFO - Starting preprocessing pipeline
[ 2026-05-26 01:10:46,759 ] 53 root - INFO - Schema validation successful
[ 2026-05-26 01:10:46,759 ] 65 root - INFO - Standardizing columns
[ 2026-05-26 01:10:46,761 ] 94 root - INFO - Column standardization completed
[ 2026-05-26 01:10:46,762 ] 108 root - INFO - Converting datatypes
[ 2026-05-26 01:10:46,763 ] 125 root - INFO - Datatype conversion completed
[ 2026-05-26 01:10:46,763 ] 139 root - INFO - Handling missing values
[ 2026-05-26 01:10:46,767 ] 156 root - INFO - Missing value handling completed from (66, 5) to (31, 5)
[ 2026-05-26 01:10:46,767 ] 174 root - INFO - Removing duplicates
[ 2026-05-26 01:10:46,769 ] 188 root - INFO - Duplicates removed from (31, 5) to (31, 5)
[ 2026-05-26 01:10:46,769 ] 208 root - INFO - Filtering valid years
[ 2026-05-26 01:10:46,770 ] 217 root - INFO - Year filtering completed
[ 2026-05-26 01:10:46,770 ] 231 root - INFO - Sorting dataframe
[ 2026-05-26 01:10:46,773 ] 242 root - INFO - Sorting completed
[ 2026-05-26 01:10:46,775 ] 432 root - INFO - Preprocessing pipeline completed
[ 2026-05-26 01:10:46,780 ] 382 root - INFO - Processed dataframe saved at artifacts\data_processing\processed_data\electricity_access_data.csv
[ 2026-05-26 01:10:46,782 ] 354 root - INFO - Metadata saved at artifacts\data_processing\metadata\electricity_access_metadata.json
[ 2026-05-26 01:10:46,782 ] 484 root - INFO - Electricity_Access processing completed
[ 2026-05-26 01:10:46,783 ] 22 root - INFO - Loading data from artifacts\data_ingestion\raw_data\agriculture_raw.csv
[ 2026-05-26 01:10:46,788 ] 26 root - INFO - Data loaded successfully
[ 2026-05-26 01:10:46,788 ] 396 root - INFO - Starting preprocessing pipeline
[ 2026-05-26 01:10:46,788 ] 53 root - INFO - Schema validation successful
[ 2026-05-26 01:10:46,788 ] 65 root - INFO - Standardizing columns
[ 2026-05-26 01:10:46,791 ] 94 root - INFO - Column standardization completed
[ 2026-05-26 01:10:46,791 ] 108 root - INFO - Converting datatypes
[ 2026-05-26 01:10:46,792 ] 125 root - INFO - Datatype conversion completed
[ 2026-05-26 01:10:46,793 ] 139 root - INFO - Handling missing values
[ 2026-05-26 01:10:46,797 ] 156 root - INFO - Missing value handling completed from (66, 5) to (65, 5)
[ 2026-05-26 01:10:46,797 ] 174 root - INFO - Removing duplicates
[ 2026-05-26 01:10:46,800 ] 188 root - INFO - Duplicates removed from (65, 5) to (65, 5)
[ 2026-05-26 01:10:46,800 ] 208 root - INFO - Filtering valid years
[ 2026-05-26 01:10:46,803 ] 217 root - INFO - Year filtering completed
[ 2026-05-26 01:10:46,803 ] 231 root - INFO - Sorting dataframe
[ 2026-05-26 01:10:46,807 ] 242 root - INFO - Sorting completed
[ 2026-05-26 01:10:46,808 ] 432 root - INFO - Preprocessing pipeline completed
[ 2026-05-26 01:10:46,814 ] 382 root - INFO - Processed dataframe saved at artifacts\data_processing\processed_data\agriculture_data.csv
[ 2026-05-26 01:10:46,816 ] 354 root - INFO - Metadata saved at artifacts\data_processing\metadata\agriculture_metadata.json
[ 2026-05-26 01:10:46,816 ] 484 root - INFO - Agriculture processing completed
[ 2026-05-26 01:10:46,819 ] 22 root - INFO - Loading data from artifacts\data_ingestion\raw_data\industry_raw.csv
[ 2026-05-26 01:10:46,825 ] 26 root - INFO - Data loaded successfully
[ 2026-05-26 01:10:46,825 ] 396 root - INFO - Starting preprocessing pipeline
[ 2026-05-26 01:10:46,826 ] 53 root - INFO - Schema validation successful
[ 2026-05-26 01:10:46,826 ] 65 root - INFO - Standardizing columns
[ 2026-05-26 01:10:46,832 ] 94 root - INFO - Column standardization completed
[ 2026-05-26 01:10:46,832 ] 108 root - INFO - Converting datatypes
[ 2026-05-26 01:10:46,834 ] 125 root - INFO - Datatype conversion completed
[ 2026-05-26 01:10:46,834 ] 139 root - INFO - Handling missing values
[ 2026-05-26 01:10:46,840 ] 156 root - INFO - Missing value handling completed from (66, 5) to (65, 5)
[ 2026-05-26 01:10:46,840 ] 174 root - INFO - Removing duplicates
[ 2026-05-26 01:10:46,844 ] 188 root - INFO - Duplicates removed from (65, 5) to (65, 5)
[ 2026-05-26 01:10:46,844 ] 208 root - INFO - Filtering valid years
[ 2026-05-26 01:10:46,847 ] 217 root - INFO - Year filtering completed
[ 2026-05-26 01:10:46,847 ] 231 root - INFO - Sorting dataframe
[ 2026-05-26 01:10:46,850 ] 242 root - INFO - Sorting completed
[ 2026-05-26 01:10:46,852 ] 432 root - INFO - Preprocessing pipeline completed
[ 2026-05-26 01:10:46,857 ] 382 root - INFO - Processed dataframe saved at artifacts\data_processing\processed_data\industry_data.csv
[ 2026-05-26 01:10:46,859 ] 354 root - INFO - Metadata saved at artifacts\data_processing\metadata\industry_metadata.json
[ 2026-05-26 01:10:46,860 ] 484 root - INFO - Industry processing completed
[ 2026-05-26 01:10:46,862 ] 22 root - INFO - Loading data from artifacts\data_ingestion\raw_data\services_raw.csv
[ 2026-05-26 01:10:46,868 ] 26 root - INFO - Data loaded successfully
[ 2026-05-26 01:10:46,868 ] 396 root - INFO - Starting preprocessing pipeline
[ 2026-05-26 01:10:46,868 ] 53 root - INFO - Schema validation successful
[ 2026-05-26 01:10:46,868 ] 65 root - INFO - Standardizing columns
[ 2026-05-26 01:10:46,870 ] 94 root - INFO - Column standardization completed
[ 2026-05-26 01:10:46,870 ] 108 root - INFO - Converting datatypes
[ 2026-05-26 01:10:46,871 ] 125 root - INFO - Datatype conversion completed
[ 2026-05-26 01:10:46,871 ] 139 root - INFO - Handling missing values
[ 2026-05-26 01:10:46,878 ] 156 root - INFO - Missing value handling completed from (66, 5) to (65, 5)
[ 2026-05-26 01:10:46,878 ] 174 root - INFO - Removing duplicates
[ 2026-05-26 01:10:46,881 ] 188 root - INFO - Duplicates removed from (65, 5) to (65, 5)
[ 2026-05-26 01:10:46,881 ] 208 root - INFO - Filtering valid years
[ 2026-05-26 01:10:46,883 ] 217 root - INFO - Year filtering completed
[ 2026-05-26 01:10:46,883 ] 231 root - INFO - Sorting dataframe
[ 2026-05-26 01:10:46,886 ] 242 root - INFO - Sorting completed
[ 2026-05-26 01:10:46,887 ] 432 root - INFO - Preprocessing pipeline completed
[ 2026-05-26 01:10:46,891 ] 382 root - INFO - Processed dataframe saved at artifacts\data_processing\processed_data\services_data.csv
[ 2026-05-26 01:10:46,894 ] 354 root - INFO - Metadata saved at artifacts\data_processing\metadata\services_metadata.json
[ 2026-05-26 01:10:46,894 ] 484 root - INFO - Services processing completed
[ 2026-05-26 01:10:46,896 ] 22 root - INFO - Loading data from artifacts\data_ingestion\raw_data\military_expenditure_raw.csv
[ 2026-05-26 01:10:46,901 ] 26 root - INFO - Data loaded successfully
[ 2026-05-26 01:10:46,901 ] 396 root - INFO - Starting preprocessing pipeline
[ 2026-05-26 01:10:46,902 ] 53 root - INFO - Schema validation successful
[ 2026-05-26 01:10:46,902 ] 65 root - INFO - Standardizing columns
[ 2026-05-26 01:10:46,905 ] 94 root - INFO - Column standardization completed
[ 2026-05-26 01:10:46,905 ] 108 root - INFO - Converting datatypes
[ 2026-05-26 01:10:46,906 ] 125 root - INFO - Datatype conversion completed
[ 2026-05-26 01:10:46,906 ] 139 root - INFO - Handling missing values
[ 2026-05-26 01:10:46,911 ] 156 root - INFO - Missing value handling completed from (66, 5) to (65, 5)
[ 2026-05-26 01:10:46,911 ] 174 root - INFO - Removing duplicates
[ 2026-05-26 01:10:46,913 ] 188 root - INFO - Duplicates removed from (65, 5) to (65, 5)
[ 2026-05-26 01:10:46,913 ] 208 root - INFO - Filtering valid years
[ 2026-05-26 01:10:46,916 ] 217 root - INFO - Year filtering completed
[ 2026-05-26 01:10:46,916 ] 231 root - INFO - Sorting dataframe
[ 2026-05-26 01:10:46,919 ] 242 root - INFO - Sorting completed
[ 2026-05-26 01:10:46,921 ] 432 root - INFO - Preprocessing pipeline completed
[ 2026-05-26 01:10:46,926 ] 382 root - INFO - Processed dataframe saved at artifacts\data_processing\processed_data\military_expenditure_data.csv
[ 2026-05-26 01:10:46,928 ] 354 root - INFO - Metadata saved at artifacts\data_processing\metadata\military_expenditure_metadata.json
[ 2026-05-26 01:10:46,929 ] 484 root - INFO - Military_Expenditure processing completed
[ 2026-05-26 01:10:46,931 ] 22 root - INFO - Loading data from artifacts\data_ingestion\raw_data\military_percent_gdp_raw.csv
[ 2026-05-26 01:10:46,938 ] 26 root - INFO - Data loaded successfully
[ 2026-05-26 01:10:46,943 ] 396 root - INFO - Starting preprocessing pipeline
[ 2026-05-26 01:10:46,944 ] 53 root - INFO - Schema validation successful
[ 2026-05-26 01:10:46,944 ] 65 root - INFO - Standardizing columns
[ 2026-05-26 01:10:46,949 ] 94 root - INFO - Column standardization completed
[ 2026-05-26 01:10:46,949 ] 108 root - INFO - Converting datatypes
[ 2026-05-26 01:10:46,951 ] 125 root - INFO - Datatype conversion completed
[ 2026-05-26 01:10:46,951 ] 139 root - INFO - Handling missing values
[ 2026-05-26 01:10:46,957 ] 156 root - INFO - Missing value handling completed from (66, 5) to (65, 5)
[ 2026-05-26 01:10:46,957 ] 174 root - INFO - Removing duplicates
[ 2026-05-26 01:10:46,961 ] 188 root - INFO - Duplicates removed from (65, 5) to (65, 5)
[ 2026-05-26 01:10:46,961 ] 208 root - INFO - Filtering valid years
[ 2026-05-26 01:10:46,962 ] 217 root - INFO - Year filtering completed
[ 2026-05-26 01:10:46,962 ] 231 root - INFO - Sorting dataframe
[ 2026-05-26 01:10:46,965 ] 242 root - INFO - Sorting completed
[ 2026-05-26 01:10:46,968 ] 432 root - INFO - Preprocessing pipeline completed
[ 2026-05-26 01:10:46,973 ] 382 root - INFO - Processed dataframe saved at artifacts\data_processing\processed_data\military_percent_gdp_data.csv
[ 2026-05-26 01:10:46,975 ] 354 root - INFO - Metadata saved at artifacts\data_processing\metadata\military_percent_gdp_metadata.json
[ 2026-05-26 01:10:46,976 ] 484 root - INFO - Military_Percent_GDP processing completed
[ 2026-05-26 01:10:46,980 ] 22 root - INFO - Loading data from artifacts\data_ingestion\raw_data\armed_forces_personnel_raw.csv
[ 2026-05-26 01:10:46,986 ] 26 root - INFO - Data loaded successfully
[ 2026-05-26 01:10:46,987 ] 396 root - INFO - Starting preprocessing pipeline
[ 2026-05-26 01:10:46,987 ] 53 root - INFO - Schema validation successful
[ 2026-05-26 01:10:46,987 ] 65 root - INFO - Standardizing columns
[ 2026-05-26 01:10:46,990 ] 94 root - INFO - Column standardization completed
[ 2026-05-26 01:10:46,991 ] 108 root - INFO - Converting datatypes
[ 2026-05-26 01:10:46,992 ] 125 root - INFO - Datatype conversion completed
[ 2026-05-26 01:10:46,993 ] 139 root - INFO - Handling missing values
[ 2026-05-26 01:10:47,001 ] 156 root - INFO - Missing value handling completed from (66, 5) to (33, 5)
[ 2026-05-26 01:10:47,002 ] 174 root - INFO - Removing duplicates
[ 2026-05-26 01:10:47,005 ] 188 root - INFO - Duplicates removed from (33, 5) to (33, 5)
[ 2026-05-26 01:10:47,005 ] 208 root - INFO - Filtering valid years
[ 2026-05-26 01:10:47,007 ] 217 root - INFO - Year filtering completed
[ 2026-05-26 01:10:47,007 ] 231 root - INFO - Sorting dataframe
[ 2026-05-26 01:10:47,013 ] 242 root - INFO - Sorting completed
[ 2026-05-26 01:10:47,016 ] 432 root - INFO - Preprocessing pipeline completed
[ 2026-05-26 01:10:47,022 ] 382 root - INFO - Processed dataframe saved at artifacts\data_processing\processed_data\armed_forces_personnel_data.csv
[ 2026-05-26 01:10:47,024 ] 354 root - INFO - Metadata saved at artifacts\data_processing\metadata\armed_forces_personnel_metadata.json
[ 2026-05-26 01:10:47,024 ] 484 root - INFO - Armed_Forces_Personnel processing completed
[ 2026-05-26 01:10:47,026 ] 46 root - INFO - Economy Section Processing Started
[ 2026-05-26 01:10:47,026 ] 53 root - INFO - economy section processing started
[ 2026-05-26 01:10:47,116 ] 65 root - INFO - economy csv files fetched to dataframes.
[ 2026-05-26 01:10:47,196 ] 57 root - INFO - economy section processing completed
[ 2026-05-26 01:10:47,197 ] 53 root - INFO - demographics section processing started
[ 2026-05-26 01:10:47,307 ] 65 root - INFO - demographics csv files fetched to dataframes.
[ 2026-05-26 01:10:47,350 ] 57 root - INFO - demographics section processing completed
[ 2026-05-26 01:10:47,350 ] 53 root - INFO - trade section processing started
[ 2026-05-26 01:10:47,385 ] 65 root - INFO - trade csv files fetched to dataframes.
[ 2026-05-26 01:10:47,403 ] 57 root - INFO - trade section processing completed
[ 2026-05-26 01:10:47,403 ] 53 root - INFO - technology section processing started
[ 2026-05-26 01:10:47,448 ] 65 root - INFO - technology csv files fetched to dataframes.
[ 2026-05-26 01:10:47,486 ] 57 root - INFO - technology section processing completed
[ 2026-05-26 01:10:47,486 ] 53 root - INFO - environment section processing started
[ 2026-05-26 01:10:47,531 ] 65 root - INFO - environment csv files fetched to dataframes.
[ 2026-05-26 01:10:47,552 ] 57 root - INFO - environment section processing completed
[ 2026-05-26 01:10:47,552 ] 53 root - INFO - industry section processing started
[ 2026-05-26 01:10:47,578 ] 65 root - INFO - industry csv files fetched to dataframes.
[ 2026-05-26 01:10:47,589 ] 57 root - INFO - industry section processing completed
[ 2026-05-26 01:10:47,589 ] 53 root - INFO - military section processing started
[ 2026-05-26 01:10:47,612 ] 65 root - INFO - military csv files fetched to dataframes.
[ 2026-05-26 01:10:47,624 ] 57 root - INFO - military section processing completed
[ 2026-05-26 01:10:47,624 ] 59 root - INFO - Economy Section Processing Completed
