[ 2026-05-25 23:51:11,396 ] 21 root - INFO - Data Ingestion Started
[ 2026-05-25 23:51:11,396 ] 41 root - INFO - Fetching gdp
[ 2026-05-25 23:51:11,521 ] 110 root - INFO - Saved gdp_raw.csv
[ 2026-05-25 23:51:11,521 ] 41 root - INFO - Fetching gdp_per_capita
[ 2026-05-25 23:51:11,617 ] 110 root - INFO - Saved gdp_per_capita_raw.csv
[ 2026-05-25 23:51:11,617 ] 41 root - INFO - Fetching population
[ 2026-05-25 23:51:11,712 ] 110 root - INFO - Saved population_raw.csv
[ 2026-05-25 23:51:11,712 ] 41 root - INFO - Fetching inflation
[ 2026-05-25 23:51:11,972 ] 110 root - INFO - Saved inflation_raw.csv
[ 2026-05-25 23:51:11,982 ] 41 root - INFO - Fetching unemployment
[ 2026-05-25 23:51:12,102 ] 110 root - INFO - Saved unemployment_raw.csv
[ 2026-05-25 23:51:12,102 ] 41 root - INFO - Fetching life_expectancy
[ 2026-05-25 23:51:12,224 ] 110 root - INFO - Saved life_expectancy_raw.csv
[ 2026-05-25 23:51:12,225 ] 41 root - INFO - Fetching exports
[ 2026-05-25 23:51:12,341 ] 110 root - INFO - Saved exports_raw.csv
[ 2026-05-25 23:51:12,341 ] 41 root - INFO - Fetching imports
[ 2026-05-25 23:51:12,435 ] 110 root - INFO - Saved imports_raw.csv
[ 2026-05-25 23:51:12,435 ] 41 root - INFO - Fetching forex_reserves
[ 2026-05-25 23:51:12,554 ] 110 root - INFO - Saved forex_reserves_raw.csv
[ 2026-05-25 23:51:12,554 ] 41 root - INFO - Fetching agriculture
[ 2026-05-25 23:51:12,654 ] 110 root - INFO - Saved agriculture_raw.csv
[ 2026-05-25 23:51:12,654 ] 41 root - INFO - Fetching industry
[ 2026-05-25 23:51:12,732 ] 110 root - INFO - Saved industry_raw.csv
[ 2026-05-25 23:51:12,732 ] 41 root - INFO - Fetching services
[ 2026-05-25 23:51:12,836 ] 110 root - INFO - Saved services_raw.csv
[ 2026-05-25 23:51:12,836 ] 41 root - INFO - Fetching trade_percent_gdp
[ 2026-05-25 23:51:12,928 ] 110 root - INFO - Saved trade_percent_gdp_raw.csv
[ 2026-05-25 23:51:12,928 ] 41 root - INFO - Fetching fdi
[ 2026-05-25 23:51:13,013 ] 110 root - INFO - Saved fdi_raw.csv
[ 2026-05-25 23:51:13,013 ] 41 root - INFO - Fetching interest_rate
[ 2026-05-25 23:51:13,096 ] 110 root - INFO - Saved interest_rate_raw.csv
[ 2026-05-25 23:51:13,096 ] 41 root - INFO - Fetching current_account_balance
[ 2026-05-25 23:51:13,186 ] 110 root - INFO - Saved current_account_balance_raw.csv
[ 2026-05-25 23:51:13,186 ] 41 root - INFO - Fetching population_growth
[ 2026-05-25 23:51:13,302 ] 110 root - INFO - Saved population_growth_raw.csv
[ 2026-05-25 23:51:13,302 ] 41 root - INFO - Fetching urbanization
[ 2026-05-25 23:51:13,365 ] 110 root - INFO - Saved urbanization_raw.csv
[ 2026-05-25 23:51:13,365 ] 41 root - INFO - Fetching birth_rate
[ 2026-05-25 23:51:13,450 ] 110 root - INFO - Saved birth_rate_raw.csv
[ 2026-05-25 23:51:13,450 ] 41 root - INFO - Fetching death_rate
[ 2026-05-25 23:51:13,532 ] 110 root - INFO - Saved death_rate_raw.csv
[ 2026-05-25 23:51:13,532 ] 41 root - INFO - Fetching population_density
[ 2026-05-25 23:51:13,602 ] 110 root - INFO - Saved population_density_raw.csv
[ 2026-05-25 23:51:13,602 ] 41 root - INFO - Fetching literacy_rate
[ 2026-05-25 23:51:13,692 ] 110 root - INFO - Saved literacy_rate_raw.csv
[ 2026-05-25 23:51:13,692 ] 41 root - INFO - Fetching internet_users
[ 2026-05-25 23:51:13,777 ] 110 root - INFO - Saved internet_users_raw.csv
[ 2026-05-25 23:51:13,777 ] 41 root - INFO - Fetching mobile_subscriptions
[ 2026-05-25 23:51:13,854 ] 110 root - INFO - Saved mobile_subscriptions_raw.csv
[ 2026-05-25 23:51:13,854 ] 41 root - INFO - Fetching broadband_subscriptions
[ 2026-05-25 23:51:13,939 ] 110 root - INFO - Saved broadband_subscriptions_raw.csv
[ 2026-05-25 23:51:13,939 ] 41 root - INFO - Fetching secure_servers
[ 2026-05-25 23:51:14,011 ] 110 root - INFO - Saved secure_servers_raw.csv
[ 2026-05-25 23:51:14,011 ] 41 root - INFO - Fetching high_tech_exports
[ 2026-05-25 23:51:14,083 ] 110 root - INFO - Saved high_tech_exports_raw.csv
[ 2026-05-25 23:51:14,083 ] 41 root - INFO - Fetching rnd_expenditure
[ 2026-05-25 23:51:14,175 ] 110 root - INFO - Saved rnd_expenditure_raw.csv
[ 2026-05-25 23:51:14,175 ] 41 root - INFO - Fetching renewable_energy
[ 2026-05-25 23:51:14,321 ] 110 root - INFO - Saved renewable_energy_raw.csv
[ 2026-05-25 23:51:14,321 ] 41 root - INFO - Fetching forest_area
[ 2026-05-25 23:51:14,416 ] 110 root - INFO - Saved forest_area_raw.csv
[ 2026-05-25 23:51:14,416 ] 41 root - INFO - Fetching air_pollution
[ 2026-05-25 23:51:14,505 ] 110 root - INFO - Saved air_pollution_raw.csv
[ 2026-05-25 23:51:14,505 ] 41 root - INFO - Fetching electricity_access
[ 2026-05-25 23:51:14,588 ] 110 root - INFO - Saved electricity_access_raw.csv
[ 2026-05-25 23:51:14,588 ] 41 root - INFO - Fetching military_expenditure
[ 2026-05-25 23:51:14,682 ] 110 root - INFO - Saved military_expenditure_raw.csv
[ 2026-05-25 23:51:14,682 ] 41 root - INFO - Fetching military_percent_gdp
[ 2026-05-25 23:51:14,759 ] 110 root - INFO - Saved military_percent_gdp_raw.csv
[ 2026-05-25 23:51:14,759 ] 41 root - INFO - Fetching armed_forces_personnel
[ 2026-05-25 23:51:14,841 ] 110 root - INFO - Saved armed_forces_personnel_raw.csv
[ 2026-05-25 23:51:14,843 ] 23 root - INFO - Data Ingestion Completed
[ 2026-05-25 23:51:14,844 ] 22 root - INFO - Loading data from artifacts\data_ingestion\raw_data\gdp_raw.csv
[ 2026-05-25 23:51:14,849 ] 26 root - INFO - Data loaded successfully
[ 2026-05-25 23:51:14,849 ] 396 root - INFO - Starting preprocessing pipeline
[ 2026-05-25 23:51:14,850 ] 53 root - INFO - Schema validation successful
[ 2026-05-25 23:51:14,850 ] 65 root - INFO - Standardizing columns
[ 2026-05-25 23:51:14,856 ] 94 root - INFO - Column standardization completed
[ 2026-05-25 23:51:14,857 ] 108 root - INFO - Converting datatypes
[ 2026-05-25 23:51:14,858 ] 125 root - INFO - Datatype conversion completed
[ 2026-05-25 23:51:14,858 ] 139 root - INFO - Handling missing values
[ 2026-05-25 23:51:14,863 ] 156 root - INFO - Missing value handling completed from (66, 5) to (65, 5)
[ 2026-05-25 23:51:14,864 ] 174 root - INFO - Removing duplicates
[ 2026-05-25 23:51:14,865 ] 188 root - INFO - Duplicates removed from (65, 5) to (65, 5)
[ 2026-05-25 23:51:14,865 ] 208 root - INFO - Filtering valid years
[ 2026-05-25 23:51:14,866 ] 217 root - INFO - Year filtering completed
[ 2026-05-25 23:51:14,866 ] 231 root - INFO - Sorting dataframe
[ 2026-05-25 23:51:14,868 ] 242 root - INFO - Sorting completed
[ 2026-05-25 23:51:14,870 ] 432 root - INFO - Preprocessing pipeline completed
[ 2026-05-25 23:51:14,873 ] 382 root - INFO - Processed dataframe saved at artifacts\data_processing\processed_data\gdp_data.csv
[ 2026-05-25 23:51:14,874 ] 354 root - INFO - Metadata saved at artifacts\data_processing\metadata\gdp_metadata.json
[ 2026-05-25 23:51:14,874 ] 484 root - INFO - GDP processing completed
[ 2026-05-25 23:51:14,876 ] 22 root - INFO - Loading data from artifacts\data_ingestion\raw_data\gdp_per_capita_raw.csv
[ 2026-05-25 23:51:14,881 ] 26 root - INFO - Data loaded successfully
[ 2026-05-25 23:51:14,881 ] 396 root - INFO - Starting preprocessing pipeline
[ 2026-05-25 23:51:14,881 ] 53 root - INFO - Schema validation successful
[ 2026-05-25 23:51:14,881 ] 65 root - INFO - Standardizing columns
[ 2026-05-25 23:51:14,883 ] 94 root - INFO - Column standardization completed
[ 2026-05-25 23:51:14,883 ] 108 root - INFO - Converting datatypes
[ 2026-05-25 23:51:14,884 ] 125 root - INFO - Datatype conversion completed
[ 2026-05-25 23:51:14,884 ] 139 root - INFO - Handling missing values
[ 2026-05-25 23:51:14,887 ] 156 root - INFO - Missing value handling completed from (66, 5) to (65, 5)
[ 2026-05-25 23:51:14,888 ] 174 root - INFO - Removing duplicates
[ 2026-05-25 23:51:14,889 ] 188 root - INFO - Duplicates removed from (65, 5) to (65, 5)
[ 2026-05-25 23:51:14,889 ] 208 root - INFO - Filtering valid years
[ 2026-05-25 23:51:14,890 ] 217 root - INFO - Year filtering completed
[ 2026-05-25 23:51:14,890 ] 231 root - INFO - Sorting dataframe
[ 2026-05-25 23:51:14,892 ] 242 root - INFO - Sorting completed
[ 2026-05-25 23:51:14,893 ] 432 root - INFO - Preprocessing pipeline completed
[ 2026-05-25 23:51:14,897 ] 382 root - INFO - Processed dataframe saved at artifacts\data_processing\processed_data\gdp_per_capita_data.csv
[ 2026-05-25 23:51:14,898 ] 354 root - INFO - Metadata saved at artifacts\data_processing\metadata\gdp_per_capita_metadata.json
[ 2026-05-25 23:51:14,898 ] 484 root - INFO - GDP_Per_Capita processing completed
[ 2026-05-25 23:51:14,899 ] 22 root - INFO - Loading data from artifacts\data_ingestion\raw_data\inflation_raw.csv
[ 2026-05-25 23:51:14,902 ] 26 root - INFO - Data loaded successfully
[ 2026-05-25 23:51:14,902 ] 396 root - INFO - Starting preprocessing pipeline
[ 2026-05-25 23:51:14,903 ] 53 root - INFO - Schema validation successful
[ 2026-05-25 23:51:14,903 ] 65 root - INFO - Standardizing columns
[ 2026-05-25 23:51:14,904 ] 94 root - INFO - Column standardization completed
[ 2026-05-25 23:51:14,905 ] 108 root - INFO - Converting datatypes
[ 2026-05-25 23:51:14,905 ] 125 root - INFO - Datatype conversion completed
[ 2026-05-25 23:51:14,905 ] 139 root - INFO - Handling missing values
[ 2026-05-25 23:51:14,908 ] 156 root - INFO - Missing value handling completed from (66, 5) to (65, 5)
[ 2026-05-25 23:51:14,908 ] 174 root - INFO - Removing duplicates
[ 2026-05-25 23:51:14,909 ] 188 root - INFO - Duplicates removed from (65, 5) to (65, 5)
[ 2026-05-25 23:51:14,909 ] 208 root - INFO - Filtering valid years
[ 2026-05-25 23:51:14,910 ] 217 root - INFO - Year filtering completed
[ 2026-05-25 23:51:14,910 ] 231 root - INFO - Sorting dataframe
[ 2026-05-25 23:51:14,912 ] 242 root - INFO - Sorting completed
[ 2026-05-25 23:51:14,913 ] 432 root - INFO - Preprocessing pipeline completed
[ 2026-05-25 23:51:14,916 ] 382 root - INFO - Processed dataframe saved at artifacts\data_processing\processed_data\inflation_data.csv
[ 2026-05-25 23:51:14,917 ] 354 root - INFO - Metadata saved at artifacts\data_processing\metadata\inflation_metadata.json
[ 2026-05-25 23:51:14,917 ] 484 root - INFO - Inflation processing completed
[ 2026-05-25 23:51:14,918 ] 22 root - INFO - Loading data from artifacts\data_ingestion\raw_data\interest_rate_raw.csv
[ 2026-05-25 23:51:14,922 ] 26 root - INFO - Data loaded successfully
[ 2026-05-25 23:51:14,922 ] 396 root - INFO - Starting preprocessing pipeline
[ 2026-05-25 23:51:14,922 ] 53 root - INFO - Schema validation successful
[ 2026-05-25 23:51:14,922 ] 65 root - INFO - Standardizing columns
[ 2026-05-25 23:51:14,923 ] 94 root - INFO - Column standardization completed
[ 2026-05-25 23:51:14,923 ] 108 root - INFO - Converting datatypes
[ 2026-05-25 23:51:14,924 ] 125 root - INFO - Datatype conversion completed
[ 2026-05-25 23:51:14,924 ] 139 root - INFO - Handling missing values
[ 2026-05-25 23:51:14,926 ] 156 root - INFO - Missing value handling completed from (66, 5) to (45, 5)
[ 2026-05-25 23:51:14,926 ] 174 root - INFO - Removing duplicates
[ 2026-05-25 23:51:14,927 ] 188 root - INFO - Duplicates removed from (45, 5) to (45, 5)
[ 2026-05-25 23:51:14,927 ] 208 root - INFO - Filtering valid years
[ 2026-05-25 23:51:14,928 ] 217 root - INFO - Year filtering completed
[ 2026-05-25 23:51:14,928 ] 231 root - INFO - Sorting dataframe
[ 2026-05-25 23:51:14,929 ] 242 root - INFO - Sorting completed
[ 2026-05-25 23:51:14,930 ] 432 root - INFO - Preprocessing pipeline completed
[ 2026-05-25 23:51:14,933 ] 382 root - INFO - Processed dataframe saved at artifacts\data_processing\processed_data\interest_rate_data.csv
[ 2026-05-25 23:51:14,933 ] 354 root - INFO - Metadata saved at artifacts\data_processing\metadata\interest_rate_metadata.json
[ 2026-05-25 23:51:14,934 ] 484 root - INFO - Interest_Rate processing completed
[ 2026-05-25 23:51:14,934 ] 22 root - INFO - Loading data from artifacts\data_ingestion\raw_data\forex_reserves_raw.csv
[ 2026-05-25 23:51:14,937 ] 26 root - INFO - Data loaded successfully
[ 2026-05-25 23:51:14,937 ] 396 root - INFO - Starting preprocessing pipeline
[ 2026-05-25 23:51:14,937 ] 53 root - INFO - Schema validation successful
[ 2026-05-25 23:51:14,937 ] 65 root - INFO - Standardizing columns
[ 2026-05-25 23:51:14,938 ] 94 root - INFO - Column standardization completed
[ 2026-05-25 23:51:14,938 ] 108 root - INFO - Converting datatypes
[ 2026-05-25 23:51:14,938 ] 125 root - INFO - Datatype conversion completed
[ 2026-05-25 23:51:14,938 ] 139 root - INFO - Handling missing values
[ 2026-05-25 23:51:14,940 ] 156 root - INFO - Missing value handling completed from (66, 5) to (65, 5)
[ 2026-05-25 23:51:14,940 ] 174 root - INFO - Removing duplicates
[ 2026-05-25 23:51:14,941 ] 188 root - INFO - Duplicates removed from (65, 5) to (65, 5)
[ 2026-05-25 23:51:14,941 ] 208 root - INFO - Filtering valid years
[ 2026-05-25 23:51:14,942 ] 217 root - INFO - Year filtering completed
[ 2026-05-25 23:51:14,942 ] 231 root - INFO - Sorting dataframe
[ 2026-05-25 23:51:14,943 ] 242 root - INFO - Sorting completed
[ 2026-05-25 23:51:14,944 ] 432 root - INFO - Preprocessing pipeline completed
[ 2026-05-25 23:51:14,947 ] 382 root - INFO - Processed dataframe saved at artifacts\data_processing\processed_data\forex_reserves_data.csv
[ 2026-05-25 23:51:14,948 ] 354 root - INFO - Metadata saved at artifacts\data_processing\metadata\forex_reserves_metadata.json
[ 2026-05-25 23:51:14,948 ] 484 root - INFO - Forex_Reserves processing completed
[ 2026-05-25 23:51:14,949 ] 22 root - INFO - Loading data from artifacts\data_ingestion\raw_data\current_account_balance_raw.csv
[ 2026-05-25 23:51:14,951 ] 26 root - INFO - Data loaded successfully
[ 2026-05-25 23:51:14,952 ] 396 root - INFO - Starting preprocessing pipeline
[ 2026-05-25 23:51:14,952 ] 53 root - INFO - Schema validation successful
[ 2026-05-25 23:51:14,952 ] 65 root - INFO - Standardizing columns
[ 2026-05-25 23:51:14,953 ] 94 root - INFO - Column standardization completed
[ 2026-05-25 23:51:14,953 ] 108 root - INFO - Converting datatypes
[ 2026-05-25 23:51:14,953 ] 125 root - INFO - Datatype conversion completed
[ 2026-05-25 23:51:14,954 ] 139 root - INFO - Handling missing values
[ 2026-05-25 23:51:14,956 ] 156 root - INFO - Missing value handling completed from (66, 5) to (50, 5)
[ 2026-05-25 23:51:14,956 ] 174 root - INFO - Removing duplicates
[ 2026-05-25 23:51:14,957 ] 188 root - INFO - Duplicates removed from (50, 5) to (50, 5)
[ 2026-05-25 23:51:14,957 ] 208 root - INFO - Filtering valid years
[ 2026-05-25 23:51:14,957 ] 217 root - INFO - Year filtering completed
[ 2026-05-25 23:51:14,957 ] 231 root - INFO - Sorting dataframe
[ 2026-05-25 23:51:14,958 ] 242 root - INFO - Sorting completed
[ 2026-05-25 23:51:14,959 ] 432 root - INFO - Preprocessing pipeline completed
[ 2026-05-25 23:51:14,961 ] 382 root - INFO - Processed dataframe saved at artifacts\data_processing\processed_data\current_account_balance_data.csv
[ 2026-05-25 23:51:14,962 ] 354 root - INFO - Metadata saved at artifacts\data_processing\metadata\current_account_balance_metadata.json
[ 2026-05-25 23:51:14,962 ] 484 root - INFO - Current_Account_Balance processing completed
[ 2026-05-25 23:51:14,963 ] 22 root - INFO - Loading data from artifacts\data_ingestion\raw_data\fdi_raw.csv
[ 2026-05-25 23:51:14,966 ] 26 root - INFO - Data loaded successfully
[ 2026-05-25 23:51:14,966 ] 396 root - INFO - Starting preprocessing pipeline
[ 2026-05-25 23:51:14,966 ] 53 root - INFO - Schema validation successful
[ 2026-05-25 23:51:14,966 ] 65 root - INFO - Standardizing columns
[ 2026-05-25 23:51:14,967 ] 94 root - INFO - Column standardization completed
[ 2026-05-25 23:51:14,967 ] 108 root - INFO - Converting datatypes
[ 2026-05-25 23:51:14,967 ] 125 root - INFO - Datatype conversion completed
[ 2026-05-25 23:51:14,967 ] 139 root - INFO - Handling missing values
[ 2026-05-25 23:51:14,969 ] 156 root - INFO - Missing value handling completed from (66, 5) to (55, 5)
[ 2026-05-25 23:51:14,969 ] 174 root - INFO - Removing duplicates
[ 2026-05-25 23:51:14,970 ] 188 root - INFO - Duplicates removed from (55, 5) to (55, 5)
[ 2026-05-25 23:51:14,970 ] 208 root - INFO - Filtering valid years
[ 2026-05-25 23:51:14,971 ] 217 root - INFO - Year filtering completed
[ 2026-05-25 23:51:14,971 ] 231 root - INFO - Sorting dataframe
[ 2026-05-25 23:51:14,972 ] 242 root - INFO - Sorting completed
[ 2026-05-25 23:51:14,973 ] 432 root - INFO - Preprocessing pipeline completed
[ 2026-05-25 23:51:14,975 ] 382 root - INFO - Processed dataframe saved at artifacts\data_processing\processed_data\fdi_data.csv
[ 2026-05-25 23:51:14,975 ] 354 root - INFO - Metadata saved at artifacts\data_processing\metadata\fdi_metadata.json
[ 2026-05-25 23:51:14,976 ] 484 root - INFO - FDI processing completed
[ 2026-05-25 23:51:14,976 ] 22 root - INFO - Loading data from artifacts\data_ingestion\raw_data\unemployment_raw.csv
[ 2026-05-25 23:51:14,978 ] 26 root - INFO - Data loaded successfully
[ 2026-05-25 23:51:14,978 ] 396 root - INFO - Starting preprocessing pipeline
[ 2026-05-25 23:51:14,979 ] 53 root - INFO - Schema validation successful
[ 2026-05-25 23:51:14,979 ] 65 root - INFO - Standardizing columns
[ 2026-05-25 23:51:14,980 ] 94 root - INFO - Column standardization completed
[ 2026-05-25 23:51:14,980 ] 108 root - INFO - Converting datatypes
[ 2026-05-25 23:51:14,981 ] 125 root - INFO - Datatype conversion completed
[ 2026-05-25 23:51:14,981 ] 139 root - INFO - Handling missing values
[ 2026-05-25 23:51:14,983 ] 156 root - INFO - Missing value handling completed from (66, 5) to (35, 5)
[ 2026-05-25 23:51:14,983 ] 174 root - INFO - Removing duplicates
[ 2026-05-25 23:51:14,983 ] 188 root - INFO - Duplicates removed from (35, 5) to (35, 5)
[ 2026-05-25 23:51:14,983 ] 208 root - INFO - Filtering valid years
[ 2026-05-25 23:51:14,984 ] 217 root - INFO - Year filtering completed
[ 2026-05-25 23:51:14,984 ] 231 root - INFO - Sorting dataframe
[ 2026-05-25 23:51:14,985 ] 242 root - INFO - Sorting completed
[ 2026-05-25 23:51:14,986 ] 432 root - INFO - Preprocessing pipeline completed
[ 2026-05-25 23:51:14,988 ] 382 root - INFO - Processed dataframe saved at artifacts\data_processing\processed_data\unemployment_data.csv
[ 2026-05-25 23:51:14,989 ] 354 root - INFO - Metadata saved at artifacts\data_processing\metadata\unemployment_metadata.json
[ 2026-05-25 23:51:14,989 ] 484 root - INFO - Unemployment processing completed
[ 2026-05-25 23:51:14,990 ] 22 root - INFO - Loading data from artifacts\data_ingestion\raw_data\population_raw.csv
[ 2026-05-25 23:51:14,993 ] 26 root - INFO - Data loaded successfully
[ 2026-05-25 23:51:14,993 ] 396 root - INFO - Starting preprocessing pipeline
[ 2026-05-25 23:51:14,993 ] 53 root - INFO - Schema validation successful
[ 2026-05-25 23:51:14,993 ] 65 root - INFO - Standardizing columns
[ 2026-05-25 23:51:14,994 ] 94 root - INFO - Column standardization completed
[ 2026-05-25 23:51:14,994 ] 108 root - INFO - Converting datatypes
[ 2026-05-25 23:51:14,994 ] 125 root - INFO - Datatype conversion completed
[ 2026-05-25 23:51:14,994 ] 139 root - INFO - Handling missing values
[ 2026-05-25 23:51:14,996 ] 156 root - INFO - Missing value handling completed from (66, 5) to (65, 5)
[ 2026-05-25 23:51:14,996 ] 174 root - INFO - Removing duplicates
[ 2026-05-25 23:51:14,998 ] 188 root - INFO - Duplicates removed from (65, 5) to (65, 5)
[ 2026-05-25 23:51:14,998 ] 208 root - INFO - Filtering valid years
[ 2026-05-25 23:51:14,998 ] 217 root - INFO - Year filtering completed
[ 2026-05-25 23:51:14,998 ] 231 root - INFO - Sorting dataframe
[ 2026-05-25 23:51:14,999 ] 242 root - INFO - Sorting completed
[ 2026-05-25 23:51:14,999 ] 432 root - INFO - Preprocessing pipeline completed
[ 2026-05-25 23:51:15,002 ] 382 root - INFO - Processed dataframe saved at artifacts\data_processing\processed_data\population_data.csv
[ 2026-05-25 23:51:15,003 ] 354 root - INFO - Metadata saved at artifacts\data_processing\metadata\population_metadata.json
[ 2026-05-25 23:51:15,003 ] 484 root - INFO - Population processing completed
[ 2026-05-25 23:51:15,003 ] 22 root - INFO - Loading data from artifacts\data_ingestion\raw_data\population_growth_raw.csv
[ 2026-05-25 23:51:15,006 ] 26 root - INFO - Data loaded successfully
[ 2026-05-25 23:51:15,006 ] 396 root - INFO - Starting preprocessing pipeline
[ 2026-05-25 23:51:15,006 ] 53 root - INFO - Schema validation successful
[ 2026-05-25 23:51:15,007 ] 65 root - INFO - Standardizing columns
[ 2026-05-25 23:51:15,008 ] 94 root - INFO - Column standardization completed
[ 2026-05-25 23:51:15,008 ] 108 root - INFO - Converting datatypes
[ 2026-05-25 23:51:15,008 ] 125 root - INFO - Datatype conversion completed
[ 2026-05-25 23:51:15,008 ] 139 root - INFO - Handling missing values
[ 2026-05-25 23:51:15,011 ] 156 root - INFO - Missing value handling completed from (66, 5) to (64, 5)
[ 2026-05-25 23:51:15,011 ] 174 root - INFO - Removing duplicates
[ 2026-05-25 23:51:15,012 ] 188 root - INFO - Duplicates removed from (64, 5) to (64, 5)
[ 2026-05-25 23:51:15,012 ] 208 root - INFO - Filtering valid years
[ 2026-05-25 23:51:15,012 ] 217 root - INFO - Year filtering completed
[ 2026-05-25 23:51:15,013 ] 231 root - INFO - Sorting dataframe
[ 2026-05-25 23:51:15,014 ] 242 root - INFO - Sorting completed
[ 2026-05-25 23:51:15,015 ] 432 root - INFO - Preprocessing pipeline completed
[ 2026-05-25 23:51:15,017 ] 382 root - INFO - Processed dataframe saved at artifacts\data_processing\processed_data\population_growth_data.csv
[ 2026-05-25 23:51:15,018 ] 354 root - INFO - Metadata saved at artifacts\data_processing\metadata\population_growth_metadata.json
[ 2026-05-25 23:51:15,018 ] 484 root - INFO - Population_Growth processing completed
[ 2026-05-25 23:51:15,018 ] 22 root - INFO - Loading data from artifacts\data_ingestion\raw_data\population_density_raw.csv
[ 2026-05-25 23:51:15,021 ] 26 root - INFO - Data loaded successfully
[ 2026-05-25 23:51:15,021 ] 396 root - INFO - Starting preprocessing pipeline
[ 2026-05-25 23:51:15,021 ] 53 root - INFO - Schema validation successful
[ 2026-05-25 23:51:15,021 ] 65 root - INFO - Standardizing columns
[ 2026-05-25 23:51:15,023 ] 94 root - INFO - Column standardization completed
[ 2026-05-25 23:51:15,023 ] 108 root - INFO - Converting datatypes
[ 2026-05-25 23:51:15,023 ] 125 root - INFO - Datatype conversion completed
[ 2026-05-25 23:51:15,023 ] 139 root - INFO - Handling missing values
[ 2026-05-25 23:51:15,026 ] 156 root - INFO - Missing value handling completed from (66, 5) to (63, 5)
[ 2026-05-25 23:51:15,026 ] 174 root - INFO - Removing duplicates
[ 2026-05-25 23:51:15,027 ] 188 root - INFO - Duplicates removed from (63, 5) to (63, 5)
[ 2026-05-25 23:51:15,027 ] 208 root - INFO - Filtering valid years
[ 2026-05-25 23:51:15,027 ] 217 root - INFO - Year filtering completed
[ 2026-05-25 23:51:15,027 ] 231 root - INFO - Sorting dataframe
[ 2026-05-25 23:51:15,029 ] 242 root - INFO - Sorting completed
[ 2026-05-25 23:51:15,029 ] 432 root - INFO - Preprocessing pipeline completed
[ 2026-05-25 23:51:15,032 ] 382 root - INFO - Processed dataframe saved at artifacts\data_processing\processed_data\population_density_data.csv
[ 2026-05-25 23:51:15,033 ] 354 root - INFO - Metadata saved at artifacts\data_processing\metadata\population_density_metadata.json
[ 2026-05-25 23:51:15,033 ] 484 root - INFO - Population_Density processing completed
[ 2026-05-25 23:51:15,034 ] 22 root - INFO - Loading data from artifacts\data_ingestion\raw_data\urbanization_raw.csv
[ 2026-05-25 23:51:15,037 ] 26 root - INFO - Data loaded successfully
[ 2026-05-25 23:51:15,037 ] 396 root - INFO - Starting preprocessing pipeline
[ 2026-05-25 23:51:15,037 ] 53 root - INFO - Schema validation successful
[ 2026-05-25 23:51:15,037 ] 65 root - INFO - Standardizing columns
[ 2026-05-25 23:51:15,038 ] 94 root - INFO - Column standardization completed
[ 2026-05-25 23:51:15,038 ] 108 root - INFO - Converting datatypes
[ 2026-05-25 23:51:15,039 ] 125 root - INFO - Datatype conversion completed
[ 2026-05-25 23:51:15,039 ] 139 root - INFO - Handling missing values
[ 2026-05-25 23:51:15,041 ] 156 root - INFO - Missing value handling completed from (66, 5) to (65, 5)
[ 2026-05-25 23:51:15,041 ] 174 root - INFO - Removing duplicates
[ 2026-05-25 23:51:15,042 ] 188 root - INFO - Duplicates removed from (65, 5) to (65, 5)
[ 2026-05-25 23:51:15,042 ] 208 root - INFO - Filtering valid years
[ 2026-05-25 23:51:15,043 ] 217 root - INFO - Year filtering completed
[ 2026-05-25 23:51:15,043 ] 231 root - INFO - Sorting dataframe
[ 2026-05-25 23:51:15,044 ] 242 root - INFO - Sorting completed
[ 2026-05-25 23:51:15,046 ] 432 root - INFO - Preprocessing pipeline completed
[ 2026-05-25 23:51:15,049 ] 382 root - INFO - Processed dataframe saved at artifacts\data_processing\processed_data\urbanization_data.csv
[ 2026-05-25 23:51:15,050 ] 354 root - INFO - Metadata saved at artifacts\data_processing\metadata\urbanization_metadata.json
[ 2026-05-25 23:51:15,050 ] 484 root - INFO - Urbanization processing completed
[ 2026-05-25 23:51:15,051 ] 22 root - INFO - Loading data from artifacts\data_ingestion\raw_data\birth_rate_raw.csv
[ 2026-05-25 23:51:15,053 ] 26 root - INFO - Data loaded successfully
[ 2026-05-25 23:51:15,053 ] 396 root - INFO - Starting preprocessing pipeline
[ 2026-05-25 23:51:15,053 ] 53 root - INFO - Schema validation successful
[ 2026-05-25 23:51:15,053 ] 65 root - INFO - Standardizing columns
[ 2026-05-25 23:51:15,054 ] 94 root - INFO - Column standardization completed
[ 2026-05-25 23:51:15,055 ] 108 root - INFO - Converting datatypes
[ 2026-05-25 23:51:15,055 ] 125 root - INFO - Datatype conversion completed
[ 2026-05-25 23:51:15,055 ] 139 root - INFO - Handling missing values
[ 2026-05-25 23:51:15,059 ] 156 root - INFO - Missing value handling completed from (66, 5) to (65, 5)
[ 2026-05-25 23:51:15,059 ] 174 root - INFO - Removing duplicates
[ 2026-05-25 23:51:15,060 ] 188 root - INFO - Duplicates removed from (65, 5) to (65, 5)
[ 2026-05-25 23:51:15,060 ] 208 root - INFO - Filtering valid years
[ 2026-05-25 23:51:15,061 ] 217 root - INFO - Year filtering completed
[ 2026-05-25 23:51:15,061 ] 231 root - INFO - Sorting dataframe
[ 2026-05-25 23:51:15,063 ] 242 root - INFO - Sorting completed
[ 2026-05-25 23:51:15,064 ] 432 root - INFO - Preprocessing pipeline completed
[ 2026-05-25 23:51:15,067 ] 382 root - INFO - Processed dataframe saved at artifacts\data_processing\processed_data\birth_rate_data.csv
[ 2026-05-25 23:51:15,068 ] 354 root - INFO - Metadata saved at artifacts\data_processing\metadata\birth_rate_metadata.json
[ 2026-05-25 23:51:15,068 ] 484 root - INFO - Birth_Rate processing completed
[ 2026-05-25 23:51:15,070 ] 22 root - INFO - Loading data from artifacts\data_ingestion\raw_data\death_rate_raw.csv
[ 2026-05-25 23:51:15,074 ] 26 root - INFO - Data loaded successfully
[ 2026-05-25 23:51:15,074 ] 396 root - INFO - Starting preprocessing pipeline
[ 2026-05-25 23:51:15,074 ] 53 root - INFO - Schema validation successful
[ 2026-05-25 23:51:15,074 ] 65 root - INFO - Standardizing columns
[ 2026-05-25 23:51:15,076 ] 94 root - INFO - Column standardization completed
[ 2026-05-25 23:51:15,076 ] 108 root - INFO - Converting datatypes
[ 2026-05-25 23:51:15,076 ] 125 root - INFO - Datatype conversion completed
[ 2026-05-25 23:51:15,076 ] 139 root - INFO - Handling missing values
[ 2026-05-25 23:51:15,079 ] 156 root - INFO - Missing value handling completed from (66, 5) to (65, 5)
[ 2026-05-25 23:51:15,079 ] 174 root - INFO - Removing duplicates
[ 2026-05-25 23:51:15,081 ] 188 root - INFO - Duplicates removed from (65, 5) to (65, 5)
[ 2026-05-25 23:51:15,081 ] 208 root - INFO - Filtering valid years
[ 2026-05-25 23:51:15,082 ] 217 root - INFO - Year filtering completed
[ 2026-05-25 23:51:15,082 ] 231 root - INFO - Sorting dataframe
[ 2026-05-25 23:51:15,085 ] 242 root - INFO - Sorting completed
[ 2026-05-25 23:51:15,086 ] 432 root - INFO - Preprocessing pipeline completed
[ 2026-05-25 23:51:15,090 ] 382 root - INFO - Processed dataframe saved at artifacts\data_processing\processed_data\death_rate_data.csv
[ 2026-05-25 23:51:15,091 ] 354 root - INFO - Metadata saved at artifacts\data_processing\metadata\death_rate_metadata.json
[ 2026-05-25 23:51:15,091 ] 484 root - INFO - Death_Rate processing completed
[ 2026-05-25 23:51:15,092 ] 22 root - INFO - Loading data from artifacts\data_ingestion\raw_data\life_expectancy_raw.csv
[ 2026-05-25 23:51:15,097 ] 26 root - INFO - Data loaded successfully
[ 2026-05-25 23:51:15,097 ] 396 root - INFO - Starting preprocessing pipeline
[ 2026-05-25 23:51:15,098 ] 53 root - INFO - Schema validation successful
[ 2026-05-25 23:51:15,098 ] 65 root - INFO - Standardizing columns
[ 2026-05-25 23:51:15,100 ] 94 root - INFO - Column standardization completed
[ 2026-05-25 23:51:15,100 ] 108 root - INFO - Converting datatypes
[ 2026-05-25 23:51:15,100 ] 125 root - INFO - Datatype conversion completed
[ 2026-05-25 23:51:15,101 ] 139 root - INFO - Handling missing values
[ 2026-05-25 23:51:15,104 ] 156 root - INFO - Missing value handling completed from (66, 5) to (65, 5)
[ 2026-05-25 23:51:15,104 ] 174 root - INFO - Removing duplicates
[ 2026-05-25 23:51:15,105 ] 188 root - INFO - Duplicates removed from (65, 5) to (65, 5)
[ 2026-05-25 23:51:15,105 ] 208 root - INFO - Filtering valid years
[ 2026-05-25 23:51:15,106 ] 217 root - INFO - Year filtering completed
[ 2026-05-25 23:51:15,106 ] 231 root - INFO - Sorting dataframe
[ 2026-05-25 23:51:15,108 ] 242 root - INFO - Sorting completed
[ 2026-05-25 23:51:15,109 ] 432 root - INFO - Preprocessing pipeline completed
[ 2026-05-25 23:51:15,112 ] 382 root - INFO - Processed dataframe saved at artifacts\data_processing\processed_data\life_expectancy_data.csv
[ 2026-05-25 23:51:15,114 ] 354 root - INFO - Metadata saved at artifacts\data_processing\metadata\life_expectancy_metadata.json
[ 2026-05-25 23:51:15,114 ] 484 root - INFO - Life_Expectancy processing completed
[ 2026-05-25 23:51:15,116 ] 22 root - INFO - Loading data from artifacts\data_ingestion\raw_data\literacy_rate_raw.csv
[ 2026-05-25 23:51:15,120 ] 26 root - INFO - Data loaded successfully
[ 2026-05-25 23:51:15,120 ] 396 root - INFO - Starting preprocessing pipeline
[ 2026-05-25 23:51:15,121 ] 53 root - INFO - Schema validation successful
[ 2026-05-25 23:51:15,121 ] 65 root - INFO - Standardizing columns
[ 2026-05-25 23:51:15,122 ] 94 root - INFO - Column standardization completed
[ 2026-05-25 23:51:15,122 ] 108 root - INFO - Converting datatypes
[ 2026-05-25 23:51:15,122 ] 125 root - INFO - Datatype conversion completed
[ 2026-05-25 23:51:15,122 ] 139 root - INFO - Handling missing values
[ 2026-05-25 23:51:15,125 ] 156 root - INFO - Missing value handling completed from (66, 5) to (14, 5)
[ 2026-05-25 23:51:15,125 ] 174 root - INFO - Removing duplicates
[ 2026-05-25 23:51:15,126 ] 188 root - INFO - Duplicates removed from (14, 5) to (14, 5)
[ 2026-05-25 23:51:15,126 ] 208 root - INFO - Filtering valid years
[ 2026-05-25 23:51:15,127 ] 217 root - INFO - Year filtering completed
[ 2026-05-25 23:51:15,127 ] 231 root - INFO - Sorting dataframe
[ 2026-05-25 23:51:15,128 ] 242 root - INFO - Sorting completed
[ 2026-05-25 23:51:15,129 ] 432 root - INFO - Preprocessing pipeline completed
[ 2026-05-25 23:51:15,132 ] 382 root - INFO - Processed dataframe saved at artifacts\data_processing\processed_data\literacy_rate_data.csv
[ 2026-05-25 23:51:15,133 ] 354 root - INFO - Metadata saved at artifacts\data_processing\metadata\literacy_rate_metadata.json
[ 2026-05-25 23:51:15,133 ] 484 root - INFO - Literacy_Rate processing completed
[ 2026-05-25 23:51:15,134 ] 22 root - INFO - Loading data from artifacts\data_ingestion\raw_data\exports_raw.csv
[ 2026-05-25 23:51:15,138 ] 26 root - INFO - Data loaded successfully
[ 2026-05-25 23:51:15,138 ] 396 root - INFO - Starting preprocessing pipeline
[ 2026-05-25 23:51:15,138 ] 53 root - INFO - Schema validation successful
[ 2026-05-25 23:51:15,138 ] 65 root - INFO - Standardizing columns
[ 2026-05-25 23:51:15,139 ] 94 root - INFO - Column standardization completed
[ 2026-05-25 23:51:15,139 ] 108 root - INFO - Converting datatypes
[ 2026-05-25 23:51:15,140 ] 125 root - INFO - Datatype conversion completed
[ 2026-05-25 23:51:15,140 ] 139 root - INFO - Handling missing values
[ 2026-05-25 23:51:15,143 ] 156 root - INFO - Missing value handling completed from (66, 5) to (65, 5)
[ 2026-05-25 23:51:15,143 ] 174 root - INFO - Removing duplicates
[ 2026-05-25 23:51:15,144 ] 188 root - INFO - Duplicates removed from (65, 5) to (65, 5)
[ 2026-05-25 23:51:15,144 ] 208 root - INFO - Filtering valid years
[ 2026-05-25 23:51:15,144 ] 217 root - INFO - Year filtering completed
[ 2026-05-25 23:51:15,144 ] 231 root - INFO - Sorting dataframe
[ 2026-05-25 23:51:15,146 ] 242 root - INFO - Sorting completed
[ 2026-05-25 23:51:15,147 ] 432 root - INFO - Preprocessing pipeline completed
[ 2026-05-25 23:51:15,150 ] 382 root - INFO - Processed dataframe saved at artifacts\data_processing\processed_data\exports_data.csv
[ 2026-05-25 23:51:15,151 ] 354 root - INFO - Metadata saved at artifacts\data_processing\metadata\exports_metadata.json
[ 2026-05-25 23:51:15,151 ] 484 root - INFO - Exports processing completed
[ 2026-05-25 23:51:15,152 ] 22 root - INFO - Loading data from artifacts\data_ingestion\raw_data\imports_raw.csv
[ 2026-05-25 23:51:15,155 ] 26 root - INFO - Data loaded successfully
[ 2026-05-25 23:51:15,155 ] 396 root - INFO - Starting preprocessing pipeline
[ 2026-05-25 23:51:15,155 ] 53 root - INFO - Schema validation successful
[ 2026-05-25 23:51:15,155 ] 65 root - INFO - Standardizing columns
[ 2026-05-25 23:51:15,157 ] 94 root - INFO - Column standardization completed
[ 2026-05-25 23:51:15,157 ] 108 root - INFO - Converting datatypes
[ 2026-05-25 23:51:15,157 ] 125 root - INFO - Datatype conversion completed
[ 2026-05-25 23:51:15,157 ] 139 root - INFO - Handling missing values
[ 2026-05-25 23:51:15,160 ] 156 root - INFO - Missing value handling completed from (66, 5) to (65, 5)
[ 2026-05-25 23:51:15,160 ] 174 root - INFO - Removing duplicates
[ 2026-05-25 23:51:15,161 ] 188 root - INFO - Duplicates removed from (65, 5) to (65, 5)
[ 2026-05-25 23:51:15,161 ] 208 root - INFO - Filtering valid years
[ 2026-05-25 23:51:15,162 ] 217 root - INFO - Year filtering completed
[ 2026-05-25 23:51:15,162 ] 231 root - INFO - Sorting dataframe
[ 2026-05-25 23:51:15,163 ] 242 root - INFO - Sorting completed
[ 2026-05-25 23:51:15,164 ] 432 root - INFO - Preprocessing pipeline completed
[ 2026-05-25 23:51:15,167 ] 382 root - INFO - Processed dataframe saved at artifacts\data_processing\processed_data\imports_data.csv
[ 2026-05-25 23:51:15,168 ] 354 root - INFO - Metadata saved at artifacts\data_processing\metadata\imports_metadata.json
[ 2026-05-25 23:51:15,168 ] 484 root - INFO - Imports processing completed
[ 2026-05-25 23:51:15,170 ] 22 root - INFO - Loading data from artifacts\data_ingestion\raw_data\trade_percent_gdp_raw.csv
[ 2026-05-25 23:51:15,173 ] 26 root - INFO - Data loaded successfully
[ 2026-05-25 23:51:15,173 ] 396 root - INFO - Starting preprocessing pipeline
[ 2026-05-25 23:51:15,173 ] 53 root - INFO - Schema validation successful
[ 2026-05-25 23:51:15,173 ] 65 root - INFO - Standardizing columns
[ 2026-05-25 23:51:15,175 ] 94 root - INFO - Column standardization completed
[ 2026-05-25 23:51:15,175 ] 108 root - INFO - Converting datatypes
[ 2026-05-25 23:51:15,175 ] 125 root - INFO - Datatype conversion completed
[ 2026-05-25 23:51:15,175 ] 139 root - INFO - Handling missing values
[ 2026-05-25 23:51:15,178 ] 156 root - INFO - Missing value handling completed from (66, 5) to (65, 5)
[ 2026-05-25 23:51:15,178 ] 174 root - INFO - Removing duplicates
[ 2026-05-25 23:51:15,180 ] 188 root - INFO - Duplicates removed from (65, 5) to (65, 5)
[ 2026-05-25 23:51:15,180 ] 208 root - INFO - Filtering valid years
[ 2026-05-25 23:51:15,181 ] 217 root - INFO - Year filtering completed
[ 2026-05-25 23:51:15,181 ] 231 root - INFO - Sorting dataframe
[ 2026-05-25 23:51:15,182 ] 242 root - INFO - Sorting completed
[ 2026-05-25 23:51:15,183 ] 432 root - INFO - Preprocessing pipeline completed
[ 2026-05-25 23:51:15,186 ] 382 root - INFO - Processed dataframe saved at artifacts\data_processing\processed_data\trade_percent_gdp_data.csv
[ 2026-05-25 23:51:15,187 ] 354 root - INFO - Metadata saved at artifacts\data_processing\metadata\trade_percent_gdp_metadata.json
[ 2026-05-25 23:51:15,187 ] 484 root - INFO - Trade_Percent_GDP processing completed
[ 2026-05-25 23:51:15,188 ] 22 root - INFO - Loading data from artifacts\data_ingestion\raw_data\high_tech_exports_raw.csv
[ 2026-05-25 23:51:15,191 ] 26 root - INFO - Data loaded successfully
[ 2026-05-25 23:51:15,191 ] 396 root - INFO - Starting preprocessing pipeline
[ 2026-05-25 23:51:15,191 ] 53 root - INFO - Schema validation successful
[ 2026-05-25 23:51:15,191 ] 65 root - INFO - Standardizing columns
[ 2026-05-25 23:51:15,193 ] 94 root - INFO - Column standardization completed
[ 2026-05-25 23:51:15,193 ] 108 root - INFO - Converting datatypes
[ 2026-05-25 23:51:15,194 ] 125 root - INFO - Datatype conversion completed
[ 2026-05-25 23:51:15,194 ] 139 root - INFO - Handling missing values
[ 2026-05-25 23:51:15,197 ] 156 root - INFO - Missing value handling completed from (66, 5) to (16, 5)
[ 2026-05-25 23:51:15,197 ] 174 root - INFO - Removing duplicates
[ 2026-05-25 23:51:15,198 ] 188 root - INFO - Duplicates removed from (16, 5) to (16, 5)
[ 2026-05-25 23:51:15,198 ] 208 root - INFO - Filtering valid years
[ 2026-05-25 23:51:15,199 ] 217 root - INFO - Year filtering completed
[ 2026-05-25 23:51:15,199 ] 231 root - INFO - Sorting dataframe
[ 2026-05-25 23:51:15,201 ] 242 root - INFO - Sorting completed
[ 2026-05-25 23:51:15,202 ] 432 root - INFO - Preprocessing pipeline completed
[ 2026-05-25 23:51:15,205 ] 382 root - INFO - Processed dataframe saved at artifacts\data_processing\processed_data\high_tech_exports_data.csv
[ 2026-05-25 23:51:15,206 ] 354 root - INFO - Metadata saved at artifacts\data_processing\metadata\high_tech_exports_metadata.json
[ 2026-05-25 23:51:15,206 ] 484 root - INFO - High_Tech_Exports processing completed
[ 2026-05-25 23:51:15,207 ] 22 root - INFO - Loading data from artifacts\data_ingestion\raw_data\internet_users_raw.csv
[ 2026-05-25 23:51:15,209 ] 26 root - INFO - Data loaded successfully
[ 2026-05-25 23:51:15,210 ] 396 root - INFO - Starting preprocessing pipeline
[ 2026-05-25 23:51:15,210 ] 53 root - INFO - Schema validation successful
[ 2026-05-25 23:51:15,210 ] 65 root - INFO - Standardizing columns
[ 2026-05-25 23:51:15,211 ] 94 root - INFO - Column standardization completed
[ 2026-05-25 23:51:15,211 ] 108 root - INFO - Converting datatypes
[ 2026-05-25 23:51:15,212 ] 125 root - INFO - Datatype conversion completed
[ 2026-05-25 23:51:15,212 ] 139 root - INFO - Handling missing values
[ 2026-05-25 23:51:15,215 ] 156 root - INFO - Missing value handling completed from (66, 5) to (35, 5)
[ 2026-05-25 23:51:15,215 ] 174 root - INFO - Removing duplicates
[ 2026-05-25 23:51:15,216 ] 188 root - INFO - Duplicates removed from (35, 5) to (35, 5)
[ 2026-05-25 23:51:15,216 ] 208 root - INFO - Filtering valid years
[ 2026-05-25 23:51:15,216 ] 217 root - INFO - Year filtering completed
[ 2026-05-25 23:51:15,217 ] 231 root - INFO - Sorting dataframe
[ 2026-05-25 23:51:15,218 ] 242 root - INFO - Sorting completed
[ 2026-05-25 23:51:15,219 ] 432 root - INFO - Preprocessing pipeline completed
[ 2026-05-25 23:51:15,222 ] 382 root - INFO - Processed dataframe saved at artifacts\data_processing\processed_data\internet_users_data.csv
[ 2026-05-25 23:51:15,223 ] 354 root - INFO - Metadata saved at artifacts\data_processing\metadata\internet_users_metadata.json
[ 2026-05-25 23:51:15,223 ] 484 root - INFO - Internet_Users processing completed
[ 2026-05-25 23:51:15,224 ] 22 root - INFO - Loading data from artifacts\data_ingestion\raw_data\mobile_subscriptions_raw.csv
[ 2026-05-25 23:51:15,227 ] 26 root - INFO - Data loaded successfully
[ 2026-05-25 23:51:15,227 ] 396 root - INFO - Starting preprocessing pipeline
[ 2026-05-25 23:51:15,227 ] 53 root - INFO - Schema validation successful
[ 2026-05-25 23:51:15,227 ] 65 root - INFO - Standardizing columns
[ 2026-05-25 23:51:15,229 ] 94 root - INFO - Column standardization completed
[ 2026-05-25 23:51:15,229 ] 108 root - INFO - Converting datatypes
[ 2026-05-25 23:51:15,230 ] 125 root - INFO - Datatype conversion completed
[ 2026-05-25 23:51:15,230 ] 139 root - INFO - Handling missing values
[ 2026-05-25 23:51:15,232 ] 156 root - INFO - Missing value handling completed from (66, 5) to (53, 5)
[ 2026-05-25 23:51:15,233 ] 174 root - INFO - Removing duplicates
[ 2026-05-25 23:51:15,234 ] 188 root - INFO - Duplicates removed from (53, 5) to (53, 5)
[ 2026-05-25 23:51:15,234 ] 208 root - INFO - Filtering valid years
[ 2026-05-25 23:51:15,234 ] 217 root - INFO - Year filtering completed
[ 2026-05-25 23:51:15,234 ] 231 root - INFO - Sorting dataframe
[ 2026-05-25 23:51:15,236 ] 242 root - INFO - Sorting completed
[ 2026-05-25 23:51:15,237 ] 432 root - INFO - Preprocessing pipeline completed
[ 2026-05-25 23:51:15,240 ] 382 root - INFO - Processed dataframe saved at artifacts\data_processing\processed_data\mobile_subscriptions_data.csv
[ 2026-05-25 23:51:15,241 ] 354 root - INFO - Metadata saved at artifacts\data_processing\metadata\mobile_subscriptions_metadata.json
[ 2026-05-25 23:51:15,241 ] 484 root - INFO - Mobile_Subscriptions processing completed
[ 2026-05-25 23:51:15,242 ] 22 root - INFO - Loading data from artifacts\data_ingestion\raw_data\broadband_subscriptions_raw.csv
[ 2026-05-25 23:51:15,245 ] 26 root - INFO - Data loaded successfully
[ 2026-05-25 23:51:15,245 ] 396 root - INFO - Starting preprocessing pipeline
[ 2026-05-25 23:51:15,245 ] 53 root - INFO - Schema validation successful
[ 2026-05-25 23:51:15,245 ] 65 root - INFO - Standardizing columns
[ 2026-05-25 23:51:15,246 ] 94 root - INFO - Column standardization completed
[ 2026-05-25 23:51:15,246 ] 108 root - INFO - Converting datatypes
[ 2026-05-25 23:51:15,247 ] 125 root - INFO - Datatype conversion completed
[ 2026-05-25 23:51:15,247 ] 139 root - INFO - Handling missing values
[ 2026-05-25 23:51:15,250 ] 156 root - INFO - Missing value handling completed from (66, 5) to (24, 5)
[ 2026-05-25 23:51:15,250 ] 174 root - INFO - Removing duplicates
[ 2026-05-25 23:51:15,251 ] 188 root - INFO - Duplicates removed from (24, 5) to (24, 5)
[ 2026-05-25 23:51:15,251 ] 208 root - INFO - Filtering valid years
[ 2026-05-25 23:51:15,251 ] 217 root - INFO - Year filtering completed
[ 2026-05-25 23:51:15,251 ] 231 root - INFO - Sorting dataframe
[ 2026-05-25 23:51:15,253 ] 242 root - INFO - Sorting completed
[ 2026-05-25 23:51:15,253 ] 432 root - INFO - Preprocessing pipeline completed
[ 2026-05-25 23:51:15,256 ] 382 root - INFO - Processed dataframe saved at artifacts\data_processing\processed_data\broadband_subscriptions_data.csv
[ 2026-05-25 23:51:15,257 ] 354 root - INFO - Metadata saved at artifacts\data_processing\metadata\broadband_subscriptions_metadata.json
[ 2026-05-25 23:51:15,258 ] 484 root - INFO - Broadband_Subscriptions processing completed
[ 2026-05-25 23:51:15,259 ] 22 root - INFO - Loading data from artifacts\data_ingestion\raw_data\secure_servers_raw.csv
[ 2026-05-25 23:51:15,262 ] 26 root - INFO - Data loaded successfully
[ 2026-05-25 23:51:15,262 ] 396 root - INFO - Starting preprocessing pipeline
[ 2026-05-25 23:51:15,262 ] 53 root - INFO - Schema validation successful
[ 2026-05-25 23:51:15,262 ] 65 root - INFO - Standardizing columns
[ 2026-05-25 23:51:15,264 ] 94 root - INFO - Column standardization completed
[ 2026-05-25 23:51:15,264 ] 108 root - INFO - Converting datatypes
[ 2026-05-25 23:51:15,265 ] 125 root - INFO - Datatype conversion completed
[ 2026-05-25 23:51:15,265 ] 139 root - INFO - Handling missing values
[ 2026-05-25 23:51:15,268 ] 156 root - INFO - Missing value handling completed from (66, 5) to (15, 5)
[ 2026-05-25 23:51:15,268 ] 174 root - INFO - Removing duplicates
[ 2026-05-25 23:51:15,268 ] 188 root - INFO - Duplicates removed from (15, 5) to (15, 5)
[ 2026-05-25 23:51:15,269 ] 208 root - INFO - Filtering valid years
[ 2026-05-25 23:51:15,269 ] 217 root - INFO - Year filtering completed
[ 2026-05-25 23:51:15,270 ] 231 root - INFO - Sorting dataframe
[ 2026-05-25 23:51:15,272 ] 242 root - INFO - Sorting completed
[ 2026-05-25 23:51:15,274 ] 432 root - INFO - Preprocessing pipeline completed
[ 2026-05-25 23:51:15,278 ] 382 root - INFO - Processed dataframe saved at artifacts\data_processing\processed_data\secure_servers_data.csv
[ 2026-05-25 23:51:15,280 ] 354 root - INFO - Metadata saved at artifacts\data_processing\metadata\secure_servers_metadata.json
[ 2026-05-25 23:51:15,280 ] 484 root - INFO - Secure_Servers processing completed
[ 2026-05-25 23:51:15,282 ] 22 root - INFO - Loading data from artifacts\data_ingestion\raw_data\rnd_expenditure_raw.csv
[ 2026-05-25 23:51:15,286 ] 26 root - INFO - Data loaded successfully
[ 2026-05-25 23:51:15,286 ] 396 root - INFO - Starting preprocessing pipeline
[ 2026-05-25 23:51:15,286 ] 53 root - INFO - Schema validation successful
[ 2026-05-25 23:51:15,287 ] 65 root - INFO - Standardizing columns
[ 2026-05-25 23:51:15,289 ] 94 root - INFO - Column standardization completed
[ 2026-05-25 23:51:15,289 ] 108 root - INFO - Converting datatypes
[ 2026-05-25 23:51:15,290 ] 125 root - INFO - Datatype conversion completed
[ 2026-05-25 23:51:15,290 ] 139 root - INFO - Handling missing values
[ 2026-05-25 23:51:15,294 ] 156 root - INFO - Missing value handling completed from (66, 5) to (25, 5)
[ 2026-05-25 23:51:15,294 ] 174 root - INFO - Removing duplicates
[ 2026-05-25 23:51:15,297 ] 188 root - INFO - Duplicates removed from (25, 5) to (25, 5)
[ 2026-05-25 23:51:15,297 ] 208 root - INFO - Filtering valid years
[ 2026-05-25 23:51:15,299 ] 217 root - INFO - Year filtering completed
[ 2026-05-25 23:51:15,299 ] 231 root - INFO - Sorting dataframe
[ 2026-05-25 23:51:15,302 ] 242 root - INFO - Sorting completed
[ 2026-05-25 23:51:15,304 ] 432 root - INFO - Preprocessing pipeline completed
[ 2026-05-25 23:51:15,309 ] 382 root - INFO - Processed dataframe saved at artifacts\data_processing\processed_data\rnd_expenditure_data.csv
[ 2026-05-25 23:51:15,311 ] 354 root - INFO - Metadata saved at artifacts\data_processing\metadata\rnd_expenditure_metadata.json
[ 2026-05-25 23:51:15,311 ] 484 root - INFO - RND_Expenditure processing completed
[ 2026-05-25 23:51:15,315 ] 22 root - INFO - Loading data from artifacts\data_ingestion\raw_data\air_pollution_raw.csv
[ 2026-05-25 23:51:15,319 ] 26 root - INFO - Data loaded successfully
[ 2026-05-25 23:51:15,320 ] 396 root - INFO - Starting preprocessing pipeline
[ 2026-05-25 23:51:15,320 ] 53 root - INFO - Schema validation successful
[ 2026-05-25 23:51:15,320 ] 65 root - INFO - Standardizing columns
[ 2026-05-25 23:51:15,322 ] 94 root - INFO - Column standardization completed
[ 2026-05-25 23:51:15,322 ] 108 root - INFO - Converting datatypes
[ 2026-05-25 23:51:15,325 ] 125 root - INFO - Datatype conversion completed
[ 2026-05-25 23:51:15,325 ] 139 root - INFO - Handling missing values
[ 2026-05-25 23:51:15,332 ] 156 root - INFO - Missing value handling completed from (66, 5) to (31, 5)
[ 2026-05-25 23:51:15,332 ] 174 root - INFO - Removing duplicates
[ 2026-05-25 23:51:15,335 ] 188 root - INFO - Duplicates removed from (31, 5) to (31, 5)
[ 2026-05-25 23:51:15,335 ] 208 root - INFO - Filtering valid years
[ 2026-05-25 23:51:15,337 ] 217 root - INFO - Year filtering completed
[ 2026-05-25 23:51:15,337 ] 231 root - INFO - Sorting dataframe
[ 2026-05-25 23:51:15,342 ] 242 root - INFO - Sorting completed
[ 2026-05-25 23:51:15,344 ] 432 root - INFO - Preprocessing pipeline completed
[ 2026-05-25 23:51:15,353 ] 382 root - INFO - Processed dataframe saved at artifacts\data_processing\processed_data\air_pollution_data.csv
[ 2026-05-25 23:51:15,356 ] 354 root - INFO - Metadata saved at artifacts\data_processing\metadata\air_pollution_metadata.json
[ 2026-05-25 23:51:15,356 ] 484 root - INFO - Air_Pollution processing completed
[ 2026-05-25 23:51:15,359 ] 22 root - INFO - Loading data from artifacts\data_ingestion\raw_data\forest_area_raw.csv
[ 2026-05-25 23:51:15,370 ] 26 root - INFO - Data loaded successfully
[ 2026-05-25 23:51:15,370 ] 396 root - INFO - Starting preprocessing pipeline
[ 2026-05-25 23:51:15,370 ] 53 root - INFO - Schema validation successful
[ 2026-05-25 23:51:15,371 ] 65 root - INFO - Standardizing columns
[ 2026-05-25 23:51:15,375 ] 94 root - INFO - Column standardization completed
[ 2026-05-25 23:51:15,376 ] 108 root - INFO - Converting datatypes
[ 2026-05-25 23:51:15,378 ] 125 root - INFO - Datatype conversion completed
[ 2026-05-25 23:51:15,378 ] 139 root - INFO - Handling missing values
[ 2026-05-25 23:51:15,389 ] 156 root - INFO - Missing value handling completed from (66, 5) to (34, 5)
[ 2026-05-25 23:51:15,389 ] 174 root - INFO - Removing duplicates
[ 2026-05-25 23:51:15,393 ] 188 root - INFO - Duplicates removed from (34, 5) to (34, 5)
[ 2026-05-25 23:51:15,393 ] 208 root - INFO - Filtering valid years
[ 2026-05-25 23:51:15,397 ] 217 root - INFO - Year filtering completed
[ 2026-05-25 23:51:15,397 ] 231 root - INFO - Sorting dataframe
[ 2026-05-25 23:51:15,403 ] 242 root - INFO - Sorting completed
[ 2026-05-25 23:51:15,406 ] 432 root - INFO - Preprocessing pipeline completed
[ 2026-05-25 23:51:15,418 ] 382 root - INFO - Processed dataframe saved at artifacts\data_processing\processed_data\forest_area_data.csv
[ 2026-05-25 23:51:15,422 ] 354 root - INFO - Metadata saved at artifacts\data_processing\metadata\forest_area_metadata.json
[ 2026-05-25 23:51:15,423 ] 484 root - INFO - Forest_Area processing completed
[ 2026-05-25 23:51:15,426 ] 22 root - INFO - Loading data from artifacts\data_ingestion\raw_data\renewable_energy_raw.csv
[ 2026-05-25 23:51:15,434 ] 26 root - INFO - Data loaded successfully
[ 2026-05-25 23:51:15,435 ] 396 root - INFO - Starting preprocessing pipeline
[ 2026-05-25 23:51:15,435 ] 53 root - INFO - Schema validation successful
[ 2026-05-25 23:51:15,435 ] 65 root - INFO - Standardizing columns
[ 2026-05-25 23:51:15,440 ] 94 root - INFO - Column standardization completed
[ 2026-05-25 23:51:15,440 ] 108 root - INFO - Converting datatypes
[ 2026-05-25 23:51:15,441 ] 125 root - INFO - Datatype conversion completed
[ 2026-05-25 23:51:15,441 ] 139 root - INFO - Handling missing values
[ 2026-05-25 23:51:15,447 ] 156 root - INFO - Missing value handling completed from (66, 5) to (32, 5)
[ 2026-05-25 23:51:15,448 ] 174 root - INFO - Removing duplicates
[ 2026-05-25 23:51:15,450 ] 188 root - INFO - Duplicates removed from (32, 5) to (32, 5)
[ 2026-05-25 23:51:15,450 ] 208 root - INFO - Filtering valid years
[ 2026-05-25 23:51:15,451 ] 217 root - INFO - Year filtering completed
[ 2026-05-25 23:51:15,452 ] 231 root - INFO - Sorting dataframe
[ 2026-05-25 23:51:15,454 ] 242 root - INFO - Sorting completed
[ 2026-05-25 23:51:15,456 ] 432 root - INFO - Preprocessing pipeline completed
[ 2026-05-25 23:51:15,460 ] 382 root - INFO - Processed dataframe saved at artifacts\data_processing\processed_data\renewable_energy_data.csv
[ 2026-05-25 23:51:15,462 ] 354 root - INFO - Metadata saved at artifacts\data_processing\metadata\renewable_energy_metadata.json
[ 2026-05-25 23:51:15,463 ] 484 root - INFO - Renewable_Energy processing completed
[ 2026-05-25 23:51:15,466 ] 22 root - INFO - Loading data from artifacts\data_ingestion\raw_data\electricity_access_raw.csv
[ 2026-05-25 23:51:15,470 ] 26 root - INFO - Data loaded successfully
[ 2026-05-25 23:51:15,470 ] 396 root - INFO - Starting preprocessing pipeline
[ 2026-05-25 23:51:15,470 ] 53 root - INFO - Schema validation successful
[ 2026-05-25 23:51:15,471 ] 65 root - INFO - Standardizing columns
[ 2026-05-25 23:51:15,473 ] 94 root - INFO - Column standardization completed
[ 2026-05-25 23:51:15,473 ] 108 root - INFO - Converting datatypes
[ 2026-05-25 23:51:15,473 ] 125 root - INFO - Datatype conversion completed
[ 2026-05-25 23:51:15,474 ] 139 root - INFO - Handling missing values
[ 2026-05-25 23:51:15,477 ] 156 root - INFO - Missing value handling completed from (66, 5) to (31, 5)
[ 2026-05-25 23:51:15,477 ] 174 root - INFO - Removing duplicates
[ 2026-05-25 23:51:15,479 ] 188 root - INFO - Duplicates removed from (31, 5) to (31, 5)
[ 2026-05-25 23:51:15,479 ] 208 root - INFO - Filtering valid years
[ 2026-05-25 23:51:15,481 ] 217 root - INFO - Year filtering completed
[ 2026-05-25 23:51:15,481 ] 231 root - INFO - Sorting dataframe
[ 2026-05-25 23:51:15,483 ] 242 root - INFO - Sorting completed
[ 2026-05-25 23:51:15,484 ] 432 root - INFO - Preprocessing pipeline completed
[ 2026-05-25 23:51:15,489 ] 382 root - INFO - Processed dataframe saved at artifacts\data_processing\processed_data\electricity_access_data.csv
[ 2026-05-25 23:51:15,490 ] 354 root - INFO - Metadata saved at artifacts\data_processing\metadata\electricity_access_metadata.json
[ 2026-05-25 23:51:15,490 ] 484 root - INFO - Electricity_Access processing completed
[ 2026-05-25 23:51:15,492 ] 22 root - INFO - Loading data from artifacts\data_ingestion\raw_data\agriculture_raw.csv
[ 2026-05-25 23:51:15,496 ] 26 root - INFO - Data loaded successfully
[ 2026-05-25 23:51:15,496 ] 396 root - INFO - Starting preprocessing pipeline
[ 2026-05-25 23:51:15,497 ] 53 root - INFO - Schema validation successful
[ 2026-05-25 23:51:15,497 ] 65 root - INFO - Standardizing columns
[ 2026-05-25 23:51:15,499 ] 94 root - INFO - Column standardization completed
[ 2026-05-25 23:51:15,499 ] 108 root - INFO - Converting datatypes
[ 2026-05-25 23:51:15,500 ] 125 root - INFO - Datatype conversion completed
[ 2026-05-25 23:51:15,500 ] 139 root - INFO - Handling missing values
[ 2026-05-25 23:51:15,503 ] 156 root - INFO - Missing value handling completed from (66, 5) to (65, 5)
[ 2026-05-25 23:51:15,503 ] 174 root - INFO - Removing duplicates
[ 2026-05-25 23:51:15,505 ] 188 root - INFO - Duplicates removed from (65, 5) to (65, 5)
[ 2026-05-25 23:51:15,505 ] 208 root - INFO - Filtering valid years
[ 2026-05-25 23:51:15,506 ] 217 root - INFO - Year filtering completed
[ 2026-05-25 23:51:15,506 ] 231 root - INFO - Sorting dataframe
[ 2026-05-25 23:51:15,508 ] 242 root - INFO - Sorting completed
[ 2026-05-25 23:51:15,509 ] 432 root - INFO - Preprocessing pipeline completed
[ 2026-05-25 23:51:15,512 ] 382 root - INFO - Processed dataframe saved at artifacts\data_processing\processed_data\agriculture_data.csv
[ 2026-05-25 23:51:15,514 ] 354 root - INFO - Metadata saved at artifacts\data_processing\metadata\agriculture_metadata.json
[ 2026-05-25 23:51:15,514 ] 484 root - INFO - Agriculture processing completed
[ 2026-05-25 23:51:15,516 ] 22 root - INFO - Loading data from artifacts\data_ingestion\raw_data\industry_raw.csv
[ 2026-05-25 23:51:15,519 ] 26 root - INFO - Data loaded successfully
[ 2026-05-25 23:51:15,519 ] 396 root - INFO - Starting preprocessing pipeline
[ 2026-05-25 23:51:15,519 ] 53 root - INFO - Schema validation successful
[ 2026-05-25 23:51:15,519 ] 65 root - INFO - Standardizing columns
[ 2026-05-25 23:51:15,521 ] 94 root - INFO - Column standardization completed
[ 2026-05-25 23:51:15,521 ] 108 root - INFO - Converting datatypes
[ 2026-05-25 23:51:15,522 ] 125 root - INFO - Datatype conversion completed
[ 2026-05-25 23:51:15,522 ] 139 root - INFO - Handling missing values
[ 2026-05-25 23:51:15,524 ] 156 root - INFO - Missing value handling completed from (66, 5) to (65, 5)
[ 2026-05-25 23:51:15,524 ] 174 root - INFO - Removing duplicates
[ 2026-05-25 23:51:15,525 ] 188 root - INFO - Duplicates removed from (65, 5) to (65, 5)
[ 2026-05-25 23:51:15,526 ] 208 root - INFO - Filtering valid years
[ 2026-05-25 23:51:15,526 ] 217 root - INFO - Year filtering completed
[ 2026-05-25 23:51:15,526 ] 231 root - INFO - Sorting dataframe
[ 2026-05-25 23:51:15,528 ] 242 root - INFO - Sorting completed
[ 2026-05-25 23:51:15,528 ] 432 root - INFO - Preprocessing pipeline completed
[ 2026-05-25 23:51:15,531 ] 382 root - INFO - Processed dataframe saved at artifacts\data_processing\processed_data\industry_data.csv
[ 2026-05-25 23:51:15,533 ] 354 root - INFO - Metadata saved at artifacts\data_processing\metadata\industry_metadata.json
[ 2026-05-25 23:51:15,533 ] 484 root - INFO - Industry processing completed
[ 2026-05-25 23:51:15,534 ] 22 root - INFO - Loading data from artifacts\data_ingestion\raw_data\services_raw.csv
[ 2026-05-25 23:51:15,537 ] 26 root - INFO - Data loaded successfully
[ 2026-05-25 23:51:15,537 ] 396 root - INFO - Starting preprocessing pipeline
[ 2026-05-25 23:51:15,538 ] 53 root - INFO - Schema validation successful
[ 2026-05-25 23:51:15,538 ] 65 root - INFO - Standardizing columns
[ 2026-05-25 23:51:15,539 ] 94 root - INFO - Column standardization completed
[ 2026-05-25 23:51:15,539 ] 108 root - INFO - Converting datatypes
[ 2026-05-25 23:51:15,540 ] 125 root - INFO - Datatype conversion completed
[ 2026-05-25 23:51:15,540 ] 139 root - INFO - Handling missing values
[ 2026-05-25 23:51:15,542 ] 156 root - INFO - Missing value handling completed from (66, 5) to (65, 5)
[ 2026-05-25 23:51:15,542 ] 174 root - INFO - Removing duplicates
[ 2026-05-25 23:51:15,544 ] 188 root - INFO - Duplicates removed from (65, 5) to (65, 5)
[ 2026-05-25 23:51:15,544 ] 208 root - INFO - Filtering valid years
[ 2026-05-25 23:51:15,544 ] 217 root - INFO - Year filtering completed
[ 2026-05-25 23:51:15,544 ] 231 root - INFO - Sorting dataframe
[ 2026-05-25 23:51:15,545 ] 242 root - INFO - Sorting completed
[ 2026-05-25 23:51:15,548 ] 432 root - INFO - Preprocessing pipeline completed
[ 2026-05-25 23:51:15,551 ] 382 root - INFO - Processed dataframe saved at artifacts\data_processing\processed_data\services_data.csv
[ 2026-05-25 23:51:15,552 ] 354 root - INFO - Metadata saved at artifacts\data_processing\metadata\services_metadata.json
[ 2026-05-25 23:51:15,552 ] 484 root - INFO - Services processing completed
[ 2026-05-25 23:51:15,553 ] 22 root - INFO - Loading data from artifacts\data_ingestion\raw_data\military_expenditure_raw.csv
[ 2026-05-25 23:51:15,556 ] 26 root - INFO - Data loaded successfully
[ 2026-05-25 23:51:15,556 ] 396 root - INFO - Starting preprocessing pipeline
[ 2026-05-25 23:51:15,556 ] 53 root - INFO - Schema validation successful
[ 2026-05-25 23:51:15,556 ] 65 root - INFO - Standardizing columns
[ 2026-05-25 23:51:15,558 ] 94 root - INFO - Column standardization completed
[ 2026-05-25 23:51:15,558 ] 108 root - INFO - Converting datatypes
[ 2026-05-25 23:51:15,558 ] 125 root - INFO - Datatype conversion completed
[ 2026-05-25 23:51:15,558 ] 139 root - INFO - Handling missing values
[ 2026-05-25 23:51:15,561 ] 156 root - INFO - Missing value handling completed from (66, 5) to (65, 5)
[ 2026-05-25 23:51:15,561 ] 174 root - INFO - Removing duplicates
[ 2026-05-25 23:51:15,562 ] 188 root - INFO - Duplicates removed from (65, 5) to (65, 5)
[ 2026-05-25 23:51:15,562 ] 208 root - INFO - Filtering valid years
[ 2026-05-25 23:51:15,563 ] 217 root - INFO - Year filtering completed
[ 2026-05-25 23:51:15,563 ] 231 root - INFO - Sorting dataframe
[ 2026-05-25 23:51:15,564 ] 242 root - INFO - Sorting completed
[ 2026-05-25 23:51:15,566 ] 432 root - INFO - Preprocessing pipeline completed
[ 2026-05-25 23:51:15,570 ] 382 root - INFO - Processed dataframe saved at artifacts\data_processing\processed_data\military_expenditure_data.csv
[ 2026-05-25 23:51:15,570 ] 354 root - INFO - Metadata saved at artifacts\data_processing\metadata\military_expenditure_metadata.json
[ 2026-05-25 23:51:15,570 ] 484 root - INFO - Military_Expenditure processing completed
[ 2026-05-25 23:51:15,571 ] 22 root - INFO - Loading data from artifacts\data_ingestion\raw_data\military_percent_gdp_raw.csv
[ 2026-05-25 23:51:15,576 ] 26 root - INFO - Data loaded successfully
[ 2026-05-25 23:51:15,576 ] 396 root - INFO - Starting preprocessing pipeline
[ 2026-05-25 23:51:15,576 ] 53 root - INFO - Schema validation successful
[ 2026-05-25 23:51:15,576 ] 65 root - INFO - Standardizing columns
[ 2026-05-25 23:51:15,577 ] 94 root - INFO - Column standardization completed
[ 2026-05-25 23:51:15,577 ] 108 root - INFO - Converting datatypes
[ 2026-05-25 23:51:15,578 ] 125 root - INFO - Datatype conversion completed
[ 2026-05-25 23:51:15,578 ] 139 root - INFO - Handling missing values
[ 2026-05-25 23:51:15,580 ] 156 root - INFO - Missing value handling completed from (66, 5) to (65, 5)
[ 2026-05-25 23:51:15,582 ] 174 root - INFO - Removing duplicates
[ 2026-05-25 23:51:15,583 ] 188 root - INFO - Duplicates removed from (65, 5) to (65, 5)
[ 2026-05-25 23:51:15,583 ] 208 root - INFO - Filtering valid years
[ 2026-05-25 23:51:15,583 ] 217 root - INFO - Year filtering completed
[ 2026-05-25 23:51:15,584 ] 231 root - INFO - Sorting dataframe
[ 2026-05-25 23:51:15,586 ] 242 root - INFO - Sorting completed
[ 2026-05-25 23:51:15,587 ] 432 root - INFO - Preprocessing pipeline completed
[ 2026-05-25 23:51:15,590 ] 382 root - INFO - Processed dataframe saved at artifacts\data_processing\processed_data\military_percent_gdp_data.csv
[ 2026-05-25 23:51:15,591 ] 354 root - INFO - Metadata saved at artifacts\data_processing\metadata\military_percent_gdp_metadata.json
[ 2026-05-25 23:51:15,591 ] 484 root - INFO - Military_Percent_GDP processing completed
[ 2026-05-25 23:51:15,592 ] 22 root - INFO - Loading data from artifacts\data_ingestion\raw_data\armed_forces_personnel_raw.csv
[ 2026-05-25 23:51:15,596 ] 26 root - INFO - Data loaded successfully
[ 2026-05-25 23:51:15,596 ] 396 root - INFO - Starting preprocessing pipeline
[ 2026-05-25 23:51:15,596 ] 53 root - INFO - Schema validation successful
[ 2026-05-25 23:51:15,596 ] 65 root - INFO - Standardizing columns
[ 2026-05-25 23:51:15,598 ] 94 root - INFO - Column standardization completed
[ 2026-05-25 23:51:15,598 ] 108 root - INFO - Converting datatypes
[ 2026-05-25 23:51:15,599 ] 125 root - INFO - Datatype conversion completed
[ 2026-05-25 23:51:15,599 ] 139 root - INFO - Handling missing values
[ 2026-05-25 23:51:15,602 ] 156 root - INFO - Missing value handling completed from (66, 5) to (33, 5)
[ 2026-05-25 23:51:15,602 ] 174 root - INFO - Removing duplicates
[ 2026-05-25 23:51:15,604 ] 188 root - INFO - Duplicates removed from (33, 5) to (33, 5)
[ 2026-05-25 23:51:15,604 ] 208 root - INFO - Filtering valid years
[ 2026-05-25 23:51:15,605 ] 217 root - INFO - Year filtering completed
[ 2026-05-25 23:51:15,605 ] 231 root - INFO - Sorting dataframe
[ 2026-05-25 23:51:15,606 ] 242 root - INFO - Sorting completed
[ 2026-05-25 23:51:15,607 ] 432 root - INFO - Preprocessing pipeline completed
[ 2026-05-25 23:51:15,610 ] 382 root - INFO - Processed dataframe saved at artifacts\data_processing\processed_data\armed_forces_personnel_data.csv
[ 2026-05-25 23:51:15,611 ] 354 root - INFO - Metadata saved at artifacts\data_processing\metadata\armed_forces_personnel_metadata.json
[ 2026-05-25 23:51:15,612 ] 484 root - INFO - Armed_Forces_Personnel processing completed
[ 2026-05-25 23:51:15,612 ] 46 root - INFO - Economy Section Processing Started
