[ 2026-05-26 00:01:40,207 ] 21 root - INFO - Data Ingestion Started
[ 2026-05-26 00:01:40,207 ] 41 root - INFO - Fetching gdp
[ 2026-05-26 00:01:40,319 ] 110 root - INFO - Saved gdp_raw.csv
[ 2026-05-26 00:01:40,319 ] 41 root - INFO - Fetching gdp_per_capita
[ 2026-05-26 00:01:40,461 ] 110 root - INFO - Saved gdp_per_capita_raw.csv
[ 2026-05-26 00:01:40,461 ] 41 root - INFO - Fetching population
[ 2026-05-26 00:01:40,530 ] 110 root - INFO - Saved population_raw.csv
[ 2026-05-26 00:01:40,531 ] 41 root - INFO - Fetching inflation
[ 2026-05-26 00:01:40,690 ] 110 root - INFO - Saved inflation_raw.csv
[ 2026-05-26 00:01:40,697 ] 41 root - INFO - Fetching unemployment
[ 2026-05-26 00:01:40,799 ] 110 root - INFO - Saved unemployment_raw.csv
[ 2026-05-26 00:01:40,799 ] 41 root - INFO - Fetching life_expectancy
[ 2026-05-26 00:01:40,872 ] 110 root - INFO - Saved life_expectancy_raw.csv
[ 2026-05-26 00:01:40,872 ] 41 root - INFO - Fetching exports
[ 2026-05-26 00:01:40,982 ] 110 root - INFO - Saved exports_raw.csv
[ 2026-05-26 00:01:40,983 ] 41 root - INFO - Fetching imports
[ 2026-05-26 00:01:41,084 ] 110 root - INFO - Saved imports_raw.csv
[ 2026-05-26 00:01:41,084 ] 41 root - INFO - Fetching forex_reserves
[ 2026-05-26 00:01:41,169 ] 110 root - INFO - Saved forex_reserves_raw.csv
[ 2026-05-26 00:01:41,169 ] 41 root - INFO - Fetching agriculture
[ 2026-05-26 00:01:41,259 ] 110 root - INFO - Saved agriculture_raw.csv
[ 2026-05-26 00:01:41,259 ] 41 root - INFO - Fetching industry
[ 2026-05-26 00:01:41,340 ] 110 root - INFO - Saved industry_raw.csv
[ 2026-05-26 00:01:41,340 ] 41 root - INFO - Fetching services
[ 2026-05-26 00:01:41,439 ] 110 root - INFO - Saved services_raw.csv
[ 2026-05-26 00:01:41,441 ] 41 root - INFO - Fetching trade_percent_gdp
[ 2026-05-26 00:01:41,520 ] 110 root - INFO - Saved trade_percent_gdp_raw.csv
[ 2026-05-26 00:01:41,520 ] 41 root - INFO - Fetching fdi
[ 2026-05-26 00:01:41,613 ] 110 root - INFO - Saved fdi_raw.csv
[ 2026-05-26 00:01:41,613 ] 41 root - INFO - Fetching interest_rate
[ 2026-05-26 00:01:41,772 ] 110 root - INFO - Saved interest_rate_raw.csv
[ 2026-05-26 00:01:41,772 ] 41 root - INFO - Fetching current_account_balance
[ 2026-05-26 00:01:41,864 ] 110 root - INFO - Saved current_account_balance_raw.csv
[ 2026-05-26 00:01:41,864 ] 41 root - INFO - Fetching population_growth
[ 2026-05-26 00:01:41,940 ] 110 root - INFO - Saved population_growth_raw.csv
[ 2026-05-26 00:01:41,940 ] 41 root - INFO - Fetching urbanization
[ 2026-05-26 00:01:42,026 ] 110 root - INFO - Saved urbanization_raw.csv
[ 2026-05-26 00:01:42,026 ] 41 root - INFO - Fetching birth_rate
[ 2026-05-26 00:01:42,156 ] 110 root - INFO - Saved birth_rate_raw.csv
[ 2026-05-26 00:01:42,156 ] 41 root - INFO - Fetching death_rate
[ 2026-05-26 00:01:42,292 ] 110 root - INFO - Saved death_rate_raw.csv
[ 2026-05-26 00:01:42,293 ] 41 root - INFO - Fetching population_density
[ 2026-05-26 00:01:42,371 ] 110 root - INFO - Saved population_density_raw.csv
[ 2026-05-26 00:01:42,371 ] 41 root - INFO - Fetching literacy_rate
