[ 2026-05-26 00:02:17,955 ] 21 root - INFO - Data Ingestion Started
[ 2026-05-26 00:02:17,955 ] 41 root - INFO - Fetching gdp
[ 2026-05-26 00:02:18,209 ] 110 root - INFO - Saved gdp_raw.csv
[ 2026-05-26 00:02:18,209 ] 41 root - INFO - Fetching gdp_per_capita
[ 2026-05-26 00:02:18,355 ] 110 root - INFO - Saved gdp_per_capita_raw.csv
[ 2026-05-26 00:02:18,356 ] 41 root - INFO - Fetching population
[ 2026-05-26 00:02:18,453 ] 110 root - INFO - Saved population_raw.csv
[ 2026-05-26 00:02:18,453 ] 41 root - INFO - Fetching inflation
[ 2026-05-26 00:02:18,570 ] 110 root - INFO - Saved inflation_raw.csv
[ 2026-05-26 00:02:18,572 ] 41 root - INFO - Fetching unemployment
[ 2026-05-26 00:02:18,667 ] 110 root - INFO - Saved unemployment_raw.csv
[ 2026-05-26 00:02:18,667 ] 41 root - INFO - Fetching life_expectancy
[ 2026-05-26 00:02:18,759 ] 110 root - INFO - Saved life_expectancy_raw.csv
[ 2026-05-26 00:02:18,759 ] 41 root - INFO - Fetching exports
[ 2026-05-26 00:02:18,845 ] 110 root - INFO - Saved exports_raw.csv
[ 2026-05-26 00:02:18,845 ] 41 root - INFO - Fetching imports
[ 2026-05-26 00:02:18,941 ] 110 root - INFO - Saved imports_raw.csv
[ 2026-05-26 00:02:18,941 ] 41 root - INFO - Fetching forex_reserves
[ 2026-05-26 00:02:19,035 ] 110 root - INFO - Saved forex_reserves_raw.csv
[ 2026-05-26 00:02:19,036 ] 41 root - INFO - Fetching agriculture
[ 2026-05-26 00:02:19,130 ] 110 root - INFO - Saved agriculture_raw.csv
[ 2026-05-26 00:02:19,130 ] 41 root - INFO - Fetching industry
[ 2026-05-26 00:02:19,220 ] 110 root - INFO - Saved industry_raw.csv
[ 2026-05-26 00:02:19,220 ] 41 root - INFO - Fetching services
[ 2026-05-26 00:02:19,301 ] 110 root - INFO - Saved services_raw.csv
[ 2026-05-26 00:02:19,301 ] 41 root - INFO - Fetching trade_percent_gdp
[ 2026-05-26 00:02:19,375 ] 110 root - INFO - Saved trade_percent_gdp_raw.csv
[ 2026-05-26 00:02:19,375 ] 41 root - INFO - Fetching fdi
[ 2026-05-26 00:02:19,461 ] 110 root - INFO - Saved fdi_raw.csv
[ 2026-05-26 00:02:19,461 ] 41 root - INFO - Fetching interest_rate
[ 2026-05-26 00:02:19,553 ] 110 root - INFO - Saved interest_rate_raw.csv
[ 2026-05-26 00:02:19,553 ] 41 root - INFO - Fetching current_account_balance
[ 2026-05-26 00:02:19,635 ] 110 root - INFO - Saved current_account_balance_raw.csv
[ 2026-05-26 00:02:19,635 ] 41 root - INFO - Fetching population_growth
[ 2026-05-26 00:02:19,729 ] 110 root - INFO - Saved population_growth_raw.csv
[ 2026-05-26 00:02:19,729 ] 41 root - INFO - Fetching urbanization
[ 2026-05-26 00:02:19,793 ] 110 root - INFO - Saved urbanization_raw.csv
[ 2026-05-26 00:02:19,793 ] 41 root - INFO - Fetching birth_rate
[ 2026-05-26 00:02:19,924 ] 110 root - INFO - Saved birth_rate_raw.csv
[ 2026-05-26 00:02:19,925 ] 41 root - INFO - Fetching death_rate
[ 2026-05-26 00:02:20,010 ] 110 root - INFO - Saved death_rate_raw.csv
[ 2026-05-26 00:02:20,010 ] 41 root - INFO - Fetching population_density
[ 2026-05-26 00:02:20,093 ] 110 root - INFO - Saved population_density_raw.csv
[ 2026-05-26 00:02:20,093 ] 41 root - INFO - Fetching literacy_rate
[ 2026-05-26 00:02:20,171 ] 110 root - INFO - Saved literacy_rate_raw.csv
[ 2026-05-26 00:02:20,172 ] 41 root - INFO - Fetching internet_users
[ 2026-05-26 00:02:20,266 ] 110 root - INFO - Saved internet_users_raw.csv
[ 2026-05-26 00:02:20,266 ] 41 root - INFO - Fetching mobile_subscriptions
[ 2026-05-26 00:02:20,352 ] 110 root - INFO - Saved mobile_subscriptions_raw.csv
[ 2026-05-26 00:02:20,352 ] 41 root - INFO - Fetching broadband_subscriptions
[ 2026-05-26 00:02:20,425 ] 110 root - INFO - Saved broadband_subscriptions_raw.csv
[ 2026-05-26 00:02:20,425 ] 41 root - INFO - Fetching secure_servers
[ 2026-05-26 00:02:20,504 ] 110 root - INFO - Saved secure_servers_raw.csv
[ 2026-05-26 00:02:20,505 ] 41 root - INFO - Fetching high_tech_exports
[ 2026-05-26 00:02:20,565 ] 110 root - INFO - Saved high_tech_exports_raw.csv
[ 2026-05-26 00:02:20,566 ] 41 root - INFO - Fetching rnd_expenditure
[ 2026-05-26 00:02:20,664 ] 110 root - INFO - Saved rnd_expenditure_raw.csv
[ 2026-05-26 00:02:20,665 ] 41 root - INFO - Fetching renewable_energy
[ 2026-05-26 00:02:20,735 ] 110 root - INFO - Saved renewable_energy_raw.csv
[ 2026-05-26 00:02:20,735 ] 41 root - INFO - Fetching forest_area
[ 2026-05-26 00:02:20,817 ] 110 root - INFO - Saved forest_area_raw.csv
[ 2026-05-26 00:02:20,817 ] 41 root - INFO - Fetching air_pollution
[ 2026-05-26 00:02:20,903 ] 110 root - INFO - Saved air_pollution_raw.csv
[ 2026-05-26 00:02:20,904 ] 41 root - INFO - Fetching electricity_access
[ 2026-05-26 00:02:20,993 ] 110 root - INFO - Saved electricity_access_raw.csv
[ 2026-05-26 00:02:20,993 ] 41 root - INFO - Fetching military_expenditure
[ 2026-05-26 00:02:21,052 ] 110 root - INFO - Saved military_expenditure_raw.csv
[ 2026-05-26 00:02:21,052 ] 41 root - INFO - Fetching military_percent_gdp
[ 2026-05-26 00:02:21,136 ] 110 root - INFO - Saved military_percent_gdp_raw.csv
[ 2026-05-26 00:02:21,136 ] 41 root - INFO - Fetching armed_forces_personnel
[ 2026-05-26 00:02:21,218 ] 110 root - INFO - Saved armed_forces_personnel_raw.csv
[ 2026-05-26 00:02:21,224 ] 23 root - INFO - Data Ingestion Completed
[ 2026-05-26 00:02:21,228 ] 22 root - INFO - Loading data from artifacts\data_ingestion\raw_data\gdp_raw.csv
[ 2026-05-26 00:02:21,243 ] 26 root - INFO - Data loaded successfully
[ 2026-05-26 00:02:21,244 ] 396 root - INFO - Starting preprocessing pipeline
[ 2026-05-26 00:02:21,245 ] 53 root - INFO - Schema validation successful
[ 2026-05-26 00:02:21,245 ] 65 root - INFO - Standardizing columns
[ 2026-05-26 00:02:21,268 ] 94 root - INFO - Column standardization completed
[ 2026-05-26 00:02:21,269 ] 108 root - INFO - Converting datatypes
[ 2026-05-26 00:02:21,271 ] 125 root - INFO - Datatype conversion completed
[ 2026-05-26 00:02:21,272 ] 139 root - INFO - Handling missing values
[ 2026-05-26 00:02:21,282 ] 156 root - INFO - Missing value handling completed from (66, 5) to (65, 5)
[ 2026-05-26 00:02:21,282 ] 174 root - INFO - Removing duplicates
[ 2026-05-26 00:02:21,287 ] 188 root - INFO - Duplicates removed from (65, 5) to (65, 5)
[ 2026-05-26 00:02:21,287 ] 208 root - INFO - Filtering valid years
[ 2026-05-26 00:02:21,289 ] 217 root - INFO - Year filtering completed
[ 2026-05-26 00:02:21,289 ] 231 root - INFO - Sorting dataframe
[ 2026-05-26 00:02:21,294 ] 242 root - INFO - Sorting completed
[ 2026-05-26 00:02:21,296 ] 432 root - INFO - Preprocessing pipeline completed
[ 2026-05-26 00:02:21,303 ] 382 root - INFO - Processed dataframe saved at artifacts\data_processing\processed_data\gdp_data.csv
[ 2026-05-26 00:02:21,306 ] 354 root - INFO - Metadata saved at artifacts\data_processing\metadata\gdp_metadata.json
[ 2026-05-26 00:02:21,307 ] 484 root - INFO - GDP processing completed
[ 2026-05-26 00:02:21,309 ] 22 root - INFO - Loading data from artifacts\data_ingestion\raw_data\gdp_per_capita_raw.csv
[ 2026-05-26 00:02:21,315 ] 26 root - INFO - Data loaded successfully
[ 2026-05-26 00:02:21,315 ] 396 root - INFO - Starting preprocessing pipeline
[ 2026-05-26 00:02:21,316 ] 53 root - INFO - Schema validation successful
[ 2026-05-26 00:02:21,316 ] 65 root - INFO - Standardizing columns
[ 2026-05-26 00:02:21,320 ] 94 root - INFO - Column standardization completed
[ 2026-05-26 00:02:21,320 ] 108 root - INFO - Converting datatypes
[ 2026-05-26 00:02:21,322 ] 125 root - INFO - Datatype conversion completed
[ 2026-05-26 00:02:21,322 ] 139 root - INFO - Handling missing values
[ 2026-05-26 00:02:21,328 ] 156 root - INFO - Missing value handling completed from (66, 5) to (65, 5)
[ 2026-05-26 00:02:21,328 ] 174 root - INFO - Removing duplicates
[ 2026-05-26 00:02:21,331 ] 188 root - INFO - Duplicates removed from (65, 5) to (65, 5)
[ 2026-05-26 00:02:21,331 ] 208 root - INFO - Filtering valid years
[ 2026-05-26 00:02:21,332 ] 217 root - INFO - Year filtering completed
[ 2026-05-26 00:02:21,332 ] 231 root - INFO - Sorting dataframe
[ 2026-05-26 00:02:21,336 ] 242 root - INFO - Sorting completed
[ 2026-05-26 00:02:21,338 ] 432 root - INFO - Preprocessing pipeline completed
[ 2026-05-26 00:02:21,342 ] 382 root - INFO - Processed dataframe saved at artifacts\data_processing\processed_data\gdp_per_capita_data.csv
[ 2026-05-26 00:02:21,344 ] 354 root - INFO - Metadata saved at artifacts\data_processing\metadata\gdp_per_capita_metadata.json
[ 2026-05-26 00:02:21,344 ] 484 root - INFO - GDP_Per_Capita processing completed
[ 2026-05-26 00:02:21,347 ] 22 root - INFO - Loading data from artifacts\data_ingestion\raw_data\inflation_raw.csv
[ 2026-05-26 00:02:21,368 ] 26 root - INFO - Data loaded successfully
[ 2026-05-26 00:02:21,368 ] 396 root - INFO - Starting preprocessing pipeline
[ 2026-05-26 00:02:21,368 ] 53 root - INFO - Schema validation successful
[ 2026-05-26 00:02:21,368 ] 65 root - INFO - Standardizing columns
[ 2026-05-26 00:02:21,371 ] 94 root - INFO - Column standardization completed
[ 2026-05-26 00:02:21,371 ] 108 root - INFO - Converting datatypes
[ 2026-05-26 00:02:21,372 ] 125 root - INFO - Datatype conversion completed
[ 2026-05-26 00:02:21,372 ] 139 root - INFO - Handling missing values
[ 2026-05-26 00:02:21,375 ] 156 root - INFO - Missing value handling completed from (66, 5) to (65, 5)
[ 2026-05-26 00:02:21,375 ] 174 root - INFO - Removing duplicates
[ 2026-05-26 00:02:21,377 ] 188 root - INFO - Duplicates removed from (65, 5) to (65, 5)
[ 2026-05-26 00:02:21,377 ] 208 root - INFO - Filtering valid years
[ 2026-05-26 00:02:21,378 ] 217 root - INFO - Year filtering completed
[ 2026-05-26 00:02:21,378 ] 231 root - INFO - Sorting dataframe
[ 2026-05-26 00:02:21,380 ] 242 root - INFO - Sorting completed
[ 2026-05-26 00:02:21,381 ] 432 root - INFO - Preprocessing pipeline completed
[ 2026-05-26 00:02:21,385 ] 382 root - INFO - Processed dataframe saved at artifacts\data_processing\processed_data\inflation_data.csv
[ 2026-05-26 00:02:21,386 ] 354 root - INFO - Metadata saved at artifacts\data_processing\metadata\inflation_metadata.json
[ 2026-05-26 00:02:21,386 ] 484 root - INFO - Inflation processing completed
[ 2026-05-26 00:02:21,388 ] 22 root - INFO - Loading data from artifacts\data_ingestion\raw_data\interest_rate_raw.csv
[ 2026-05-26 00:02:21,391 ] 26 root - INFO - Data loaded successfully
[ 2026-05-26 00:02:21,391 ] 396 root - INFO - Starting preprocessing pipeline
[ 2026-05-26 00:02:21,391 ] 53 root - INFO - Schema validation successful
[ 2026-05-26 00:02:21,391 ] 65 root - INFO - Standardizing columns
[ 2026-05-26 00:02:21,393 ] 94 root - INFO - Column standardization completed
[ 2026-05-26 00:02:21,393 ] 108 root - INFO - Converting datatypes
[ 2026-05-26 00:02:21,394 ] 125 root - INFO - Datatype conversion completed
[ 2026-05-26 00:02:21,394 ] 139 root - INFO - Handling missing values
[ 2026-05-26 00:02:21,396 ] 156 root - INFO - Missing value handling completed from (66, 5) to (45, 5)
[ 2026-05-26 00:02:21,396 ] 174 root - INFO - Removing duplicates
[ 2026-05-26 00:02:21,397 ] 188 root - INFO - Duplicates removed from (45, 5) to (45, 5)
[ 2026-05-26 00:02:21,397 ] 208 root - INFO - Filtering valid years
[ 2026-05-26 00:02:21,397 ] 217 root - INFO - Year filtering completed
[ 2026-05-26 00:02:21,398 ] 231 root - INFO - Sorting dataframe
[ 2026-05-26 00:02:21,399 ] 242 root - INFO - Sorting completed
[ 2026-05-26 00:02:21,400 ] 432 root - INFO - Preprocessing pipeline completed
[ 2026-05-26 00:02:21,403 ] 382 root - INFO - Processed dataframe saved at artifacts\data_processing\processed_data\interest_rate_data.csv
[ 2026-05-26 00:02:21,405 ] 354 root - INFO - Metadata saved at artifacts\data_processing\metadata\interest_rate_metadata.json
[ 2026-05-26 00:02:21,405 ] 484 root - INFO - Interest_Rate processing completed
[ 2026-05-26 00:02:21,406 ] 22 root - INFO - Loading data from artifacts\data_ingestion\raw_data\forex_reserves_raw.csv
[ 2026-05-26 00:02:21,409 ] 26 root - INFO - Data loaded successfully
[ 2026-05-26 00:02:21,409 ] 396 root - INFO - Starting preprocessing pipeline
[ 2026-05-26 00:02:21,409 ] 53 root - INFO - Schema validation successful
[ 2026-05-26 00:02:21,409 ] 65 root - INFO - Standardizing columns
[ 2026-05-26 00:02:21,410 ] 94 root - INFO - Column standardization completed
[ 2026-05-26 00:02:21,410 ] 108 root - INFO - Converting datatypes
[ 2026-05-26 00:02:21,411 ] 125 root - INFO - Datatype conversion completed
[ 2026-05-26 00:02:21,411 ] 139 root - INFO - Handling missing values
[ 2026-05-26 00:02:21,413 ] 156 root - INFO - Missing value handling completed from (66, 5) to (65, 5)
[ 2026-05-26 00:02:21,413 ] 174 root - INFO - Removing duplicates
[ 2026-05-26 00:02:21,414 ] 188 root - INFO - Duplicates removed from (65, 5) to (65, 5)
[ 2026-05-26 00:02:21,414 ] 208 root - INFO - Filtering valid years
[ 2026-05-26 00:02:21,414 ] 217 root - INFO - Year filtering completed
[ 2026-05-26 00:02:21,414 ] 231 root - INFO - Sorting dataframe
[ 2026-05-26 00:02:21,416 ] 242 root - INFO - Sorting completed
[ 2026-05-26 00:02:21,417 ] 432 root - INFO - Preprocessing pipeline completed
[ 2026-05-26 00:02:21,419 ] 382 root - INFO - Processed dataframe saved at artifacts\data_processing\processed_data\forex_reserves_data.csv
[ 2026-05-26 00:02:21,420 ] 354 root - INFO - Metadata saved at artifacts\data_processing\metadata\forex_reserves_metadata.json
[ 2026-05-26 00:02:21,420 ] 484 root - INFO - Forex_Reserves processing completed
[ 2026-05-26 00:02:21,420 ] 22 root - INFO - Loading data from artifacts\data_ingestion\raw_data\current_account_balance_raw.csv
[ 2026-05-26 00:02:21,423 ] 26 root - INFO - Data loaded successfully
[ 2026-05-26 00:02:21,423 ] 396 root - INFO - Starting preprocessing pipeline
[ 2026-05-26 00:02:21,423 ] 53 root - INFO - Schema validation successful
[ 2026-05-26 00:02:21,423 ] 65 root - INFO - Standardizing columns
[ 2026-05-26 00:02:21,424 ] 94 root - INFO - Column standardization completed
[ 2026-05-26 00:02:21,424 ] 108 root - INFO - Converting datatypes
[ 2026-05-26 00:02:21,425 ] 125 root - INFO - Datatype conversion completed
[ 2026-05-26 00:02:21,425 ] 139 root - INFO - Handling missing values
[ 2026-05-26 00:02:21,427 ] 156 root - INFO - Missing value handling completed from (66, 5) to (50, 5)
[ 2026-05-26 00:02:21,427 ] 174 root - INFO - Removing duplicates
[ 2026-05-26 00:02:21,427 ] 188 root - INFO - Duplicates removed from (50, 5) to (50, 5)
[ 2026-05-26 00:02:21,427 ] 208 root - INFO - Filtering valid years
[ 2026-05-26 00:02:21,428 ] 217 root - INFO - Year filtering completed
[ 2026-05-26 00:02:21,428 ] 231 root - INFO - Sorting dataframe
[ 2026-05-26 00:02:21,429 ] 242 root - INFO - Sorting completed
[ 2026-05-26 00:02:21,430 ] 432 root - INFO - Preprocessing pipeline completed
[ 2026-05-26 00:02:21,432 ] 382 root - INFO - Processed dataframe saved at artifacts\data_processing\processed_data\current_account_balance_data.csv
[ 2026-05-26 00:02:21,433 ] 354 root - INFO - Metadata saved at artifacts\data_processing\metadata\current_account_balance_metadata.json
[ 2026-05-26 00:02:21,433 ] 484 root - INFO - Current_Account_Balance processing completed
[ 2026-05-26 00:02:21,434 ] 22 root - INFO - Loading data from artifacts\data_ingestion\raw_data\fdi_raw.csv
[ 2026-05-26 00:02:21,436 ] 26 root - INFO - Data loaded successfully
[ 2026-05-26 00:02:21,436 ] 396 root - INFO - Starting preprocessing pipeline
[ 2026-05-26 00:02:21,436 ] 53 root - INFO - Schema validation successful
[ 2026-05-26 00:02:21,436 ] 65 root - INFO - Standardizing columns
[ 2026-05-26 00:02:21,437 ] 94 root - INFO - Column standardization completed
[ 2026-05-26 00:02:21,437 ] 108 root - INFO - Converting datatypes
[ 2026-05-26 00:02:21,437 ] 125 root - INFO - Datatype conversion completed
[ 2026-05-26 00:02:21,437 ] 139 root - INFO - Handling missing values
[ 2026-05-26 00:02:21,439 ] 156 root - INFO - Missing value handling completed from (66, 5) to (55, 5)
[ 2026-05-26 00:02:21,439 ] 174 root - INFO - Removing duplicates
[ 2026-05-26 00:02:21,440 ] 188 root - INFO - Duplicates removed from (55, 5) to (55, 5)
[ 2026-05-26 00:02:21,440 ] 208 root - INFO - Filtering valid years
[ 2026-05-26 00:02:21,440 ] 217 root - INFO - Year filtering completed
[ 2026-05-26 00:02:21,440 ] 231 root - INFO - Sorting dataframe
[ 2026-05-26 00:02:21,441 ] 242 root - INFO - Sorting completed
[ 2026-05-26 00:02:21,442 ] 432 root - INFO - Preprocessing pipeline completed
[ 2026-05-26 00:02:21,444 ] 382 root - INFO - Processed dataframe saved at artifacts\data_processing\processed_data\fdi_data.csv
[ 2026-05-26 00:02:21,444 ] 354 root - INFO - Metadata saved at artifacts\data_processing\metadata\fdi_metadata.json
[ 2026-05-26 00:02:21,445 ] 484 root - INFO - FDI processing completed
[ 2026-05-26 00:02:21,445 ] 22 root - INFO - Loading data from artifacts\data_ingestion\raw_data\unemployment_raw.csv
[ 2026-05-26 00:02:21,447 ] 26 root - INFO - Data loaded successfully
[ 2026-05-26 00:02:21,447 ] 396 root - INFO - Starting preprocessing pipeline
[ 2026-05-26 00:02:21,447 ] 53 root - INFO - Schema validation successful
[ 2026-05-26 00:02:21,447 ] 65 root - INFO - Standardizing columns
[ 2026-05-26 00:02:21,449 ] 94 root - INFO - Column standardization completed
[ 2026-05-26 00:02:21,449 ] 108 root - INFO - Converting datatypes
[ 2026-05-26 00:02:21,449 ] 125 root - INFO - Datatype conversion completed
[ 2026-05-26 00:02:21,450 ] 139 root - INFO - Handling missing values
[ 2026-05-26 00:02:21,452 ] 156 root - INFO - Missing value handling completed from (66, 5) to (35, 5)
[ 2026-05-26 00:02:21,452 ] 174 root - INFO - Removing duplicates
[ 2026-05-26 00:02:21,453 ] 188 root - INFO - Duplicates removed from (35, 5) to (35, 5)
[ 2026-05-26 00:02:21,453 ] 208 root - INFO - Filtering valid years
[ 2026-05-26 00:02:21,453 ] 217 root - INFO - Year filtering completed
[ 2026-05-26 00:02:21,453 ] 231 root - INFO - Sorting dataframe
[ 2026-05-26 00:02:21,454 ] 242 root - INFO - Sorting completed
[ 2026-05-26 00:02:21,455 ] 432 root - INFO - Preprocessing pipeline completed
[ 2026-05-26 00:02:21,457 ] 382 root - INFO - Processed dataframe saved at artifacts\data_processing\processed_data\unemployment_data.csv
[ 2026-05-26 00:02:21,458 ] 354 root - INFO - Metadata saved at artifacts\data_processing\metadata\unemployment_metadata.json
[ 2026-05-26 00:02:21,458 ] 484 root - INFO - Unemployment processing completed
[ 2026-05-26 00:02:21,459 ] 22 root - INFO - Loading data from artifacts\data_ingestion\raw_data\population_raw.csv
[ 2026-05-26 00:02:21,461 ] 26 root - INFO - Data loaded successfully
[ 2026-05-26 00:02:21,461 ] 396 root - INFO - Starting preprocessing pipeline
[ 2026-05-26 00:02:21,461 ] 53 root - INFO - Schema validation successful
[ 2026-05-26 00:02:21,461 ] 65 root - INFO - Standardizing columns
[ 2026-05-26 00:02:21,462 ] 94 root - INFO - Column standardization completed
[ 2026-05-26 00:02:21,462 ] 108 root - INFO - Converting datatypes
[ 2026-05-26 00:02:21,462 ] 125 root - INFO - Datatype conversion completed
[ 2026-05-26 00:02:21,462 ] 139 root - INFO - Handling missing values
[ 2026-05-26 00:02:21,464 ] 156 root - INFO - Missing value handling completed from (66, 5) to (65, 5)
[ 2026-05-26 00:02:21,464 ] 174 root - INFO - Removing duplicates
[ 2026-05-26 00:02:21,465 ] 188 root - INFO - Duplicates removed from (65, 5) to (65, 5)
[ 2026-05-26 00:02:21,465 ] 208 root - INFO - Filtering valid years
[ 2026-05-26 00:02:21,466 ] 217 root - INFO - Year filtering completed
[ 2026-05-26 00:02:21,466 ] 231 root - INFO - Sorting dataframe
[ 2026-05-26 00:02:21,467 ] 242 root - INFO - Sorting completed
[ 2026-05-26 00:02:21,468 ] 432 root - INFO - Preprocessing pipeline completed
[ 2026-05-26 00:02:21,470 ] 382 root - INFO - Processed dataframe saved at artifacts\data_processing\processed_data\population_data.csv
[ 2026-05-26 00:02:21,470 ] 354 root - INFO - Metadata saved at artifacts\data_processing\metadata\population_metadata.json
[ 2026-05-26 00:02:21,470 ] 484 root - INFO - Population processing completed
[ 2026-05-26 00:02:21,471 ] 22 root - INFO - Loading data from artifacts\data_ingestion\raw_data\population_growth_raw.csv
[ 2026-05-26 00:02:21,473 ] 26 root - INFO - Data loaded successfully
[ 2026-05-26 00:02:21,474 ] 396 root - INFO - Starting preprocessing pipeline
[ 2026-05-26 00:02:21,474 ] 53 root - INFO - Schema validation successful
[ 2026-05-26 00:02:21,474 ] 65 root - INFO - Standardizing columns
[ 2026-05-26 00:02:21,475 ] 94 root - INFO - Column standardization completed
[ 2026-05-26 00:02:21,475 ] 108 root - INFO - Converting datatypes
[ 2026-05-26 00:02:21,475 ] 125 root - INFO - Datatype conversion completed
[ 2026-05-26 00:02:21,475 ] 139 root - INFO - Handling missing values
[ 2026-05-26 00:02:21,477 ] 156 root - INFO - Missing value handling completed from (66, 5) to (64, 5)
[ 2026-05-26 00:02:21,477 ] 174 root - INFO - Removing duplicates
[ 2026-05-26 00:02:21,478 ] 188 root - INFO - Duplicates removed from (64, 5) to (64, 5)
[ 2026-05-26 00:02:21,478 ] 208 root - INFO - Filtering valid years
[ 2026-05-26 00:02:21,478 ] 217 root - INFO - Year filtering completed
[ 2026-05-26 00:02:21,478 ] 231 root - INFO - Sorting dataframe
[ 2026-05-26 00:02:21,479 ] 242 root - INFO - Sorting completed
[ 2026-05-26 00:02:21,480 ] 432 root - INFO - Preprocessing pipeline completed
[ 2026-05-26 00:02:21,482 ] 382 root - INFO - Processed dataframe saved at artifacts\data_processing\processed_data\population_growth_data.csv
[ 2026-05-26 00:02:21,483 ] 354 root - INFO - Metadata saved at artifacts\data_processing\metadata\population_growth_metadata.json
[ 2026-05-26 00:02:21,483 ] 484 root - INFO - Population_Growth processing completed
[ 2026-05-26 00:02:21,484 ] 22 root - INFO - Loading data from artifacts\data_ingestion\raw_data\population_density_raw.csv
[ 2026-05-26 00:02:21,487 ] 26 root - INFO - Data loaded successfully
[ 2026-05-26 00:02:21,487 ] 396 root - INFO - Starting preprocessing pipeline
[ 2026-05-26 00:02:21,487 ] 53 root - INFO - Schema validation successful
[ 2026-05-26 00:02:21,487 ] 65 root - INFO - Standardizing columns
[ 2026-05-26 00:02:21,488 ] 94 root - INFO - Column standardization completed
[ 2026-05-26 00:02:21,489 ] 108 root - INFO - Converting datatypes
[ 2026-05-26 00:02:21,489 ] 125 root - INFO - Datatype conversion completed
[ 2026-05-26 00:02:21,489 ] 139 root - INFO - Handling missing values
[ 2026-05-26 00:02:21,491 ] 156 root - INFO - Missing value handling completed from (66, 5) to (63, 5)
[ 2026-05-26 00:02:21,491 ] 174 root - INFO - Removing duplicates
[ 2026-05-26 00:02:21,492 ] 188 root - INFO - Duplicates removed from (63, 5) to (63, 5)
[ 2026-05-26 00:02:21,492 ] 208 root - INFO - Filtering valid years
[ 2026-05-26 00:02:21,492 ] 217 root - INFO - Year filtering completed
[ 2026-05-26 00:02:21,492 ] 231 root - INFO - Sorting dataframe
[ 2026-05-26 00:02:21,493 ] 242 root - INFO - Sorting completed
[ 2026-05-26 00:02:21,494 ] 432 root - INFO - Preprocessing pipeline completed
[ 2026-05-26 00:02:21,496 ] 382 root - INFO - Processed dataframe saved at artifacts\data_processing\processed_data\population_density_data.csv
[ 2026-05-26 00:02:21,497 ] 354 root - INFO - Metadata saved at artifacts\data_processing\metadata\population_density_metadata.json
[ 2026-05-26 00:02:21,497 ] 484 root - INFO - Population_Density processing completed
[ 2026-05-26 00:02:21,498 ] 22 root - INFO - Loading data from artifacts\data_ingestion\raw_data\urbanization_raw.csv
[ 2026-05-26 00:02:21,500 ] 26 root - INFO - Data loaded successfully
[ 2026-05-26 00:02:21,500 ] 396 root - INFO - Starting preprocessing pipeline
[ 2026-05-26 00:02:21,501 ] 53 root - INFO - Schema validation successful
[ 2026-05-26 00:02:21,501 ] 65 root - INFO - Standardizing columns
[ 2026-05-26 00:02:21,502 ] 94 root - INFO - Column standardization completed
[ 2026-05-26 00:02:21,502 ] 108 root - INFO - Converting datatypes
[ 2026-05-26 00:02:21,502 ] 125 root - INFO - Datatype conversion completed
[ 2026-05-26 00:02:21,502 ] 139 root - INFO - Handling missing values
[ 2026-05-26 00:02:21,504 ] 156 root - INFO - Missing value handling completed from (66, 5) to (65, 5)
[ 2026-05-26 00:02:21,504 ] 174 root - INFO - Removing duplicates
[ 2026-05-26 00:02:21,505 ] 188 root - INFO - Duplicates removed from (65, 5) to (65, 5)
[ 2026-05-26 00:02:21,505 ] 208 root - INFO - Filtering valid years
[ 2026-05-26 00:02:21,505 ] 217 root - INFO - Year filtering completed
[ 2026-05-26 00:02:21,505 ] 231 root - INFO - Sorting dataframe
[ 2026-05-26 00:02:21,507 ] 242 root - INFO - Sorting completed
[ 2026-05-26 00:02:21,507 ] 432 root - INFO - Preprocessing pipeline completed
[ 2026-05-26 00:02:21,509 ] 382 root - INFO - Processed dataframe saved at artifacts\data_processing\processed_data\urbanization_data.csv
[ 2026-05-26 00:02:21,511 ] 354 root - INFO - Metadata saved at artifacts\data_processing\metadata\urbanization_metadata.json
[ 2026-05-26 00:02:21,511 ] 484 root - INFO - Urbanization processing completed
[ 2026-05-26 00:02:21,512 ] 22 root - INFO - Loading data from artifacts\data_ingestion\raw_data\birth_rate_raw.csv
[ 2026-05-26 00:02:21,515 ] 26 root - INFO - Data loaded successfully
[ 2026-05-26 00:02:21,515 ] 396 root - INFO - Starting preprocessing pipeline
[ 2026-05-26 00:02:21,515 ] 53 root - INFO - Schema validation successful
[ 2026-05-26 00:02:21,515 ] 65 root - INFO - Standardizing columns
[ 2026-05-26 00:02:21,517 ] 94 root - INFO - Column standardization completed
[ 2026-05-26 00:02:21,517 ] 108 root - INFO - Converting datatypes
[ 2026-05-26 00:02:21,517 ] 125 root - INFO - Datatype conversion completed
[ 2026-05-26 00:02:21,518 ] 139 root - INFO - Handling missing values
[ 2026-05-26 00:02:21,520 ] 156 root - INFO - Missing value handling completed from (66, 5) to (65, 5)
[ 2026-05-26 00:02:21,520 ] 174 root - INFO - Removing duplicates
[ 2026-05-26 00:02:21,521 ] 188 root - INFO - Duplicates removed from (65, 5) to (65, 5)
[ 2026-05-26 00:02:21,521 ] 208 root - INFO - Filtering valid years
[ 2026-05-26 00:02:21,521 ] 217 root - INFO - Year filtering completed
[ 2026-05-26 00:02:21,522 ] 231 root - INFO - Sorting dataframe
[ 2026-05-26 00:02:21,523 ] 242 root - INFO - Sorting completed
[ 2026-05-26 00:02:21,524 ] 432 root - INFO - Preprocessing pipeline completed
[ 2026-05-26 00:02:21,526 ] 382 root - INFO - Processed dataframe saved at artifacts\data_processing\processed_data\birth_rate_data.csv
[ 2026-05-26 00:02:21,527 ] 354 root - INFO - Metadata saved at artifacts\data_processing\metadata\birth_rate_metadata.json
[ 2026-05-26 00:02:21,527 ] 484 root - INFO - Birth_Rate processing completed
[ 2026-05-26 00:02:21,529 ] 22 root - INFO - Loading data from artifacts\data_ingestion\raw_data\death_rate_raw.csv
[ 2026-05-26 00:02:21,532 ] 26 root - INFO - Data loaded successfully
[ 2026-05-26 00:02:21,532 ] 396 root - INFO - Starting preprocessing pipeline
[ 2026-05-26 00:02:21,532 ] 53 root - INFO - Schema validation successful
[ 2026-05-26 00:02:21,532 ] 65 root - INFO - Standardizing columns
[ 2026-05-26 00:02:21,534 ] 94 root - INFO - Column standardization completed
[ 2026-05-26 00:02:21,534 ] 108 root - INFO - Converting datatypes
[ 2026-05-26 00:02:21,534 ] 125 root - INFO - Datatype conversion completed
[ 2026-05-26 00:02:21,534 ] 139 root - INFO - Handling missing values
[ 2026-05-26 00:02:21,537 ] 156 root - INFO - Missing value handling completed from (66, 5) to (65, 5)
[ 2026-05-26 00:02:21,537 ] 174 root - INFO - Removing duplicates
[ 2026-05-26 00:02:21,538 ] 188 root - INFO - Duplicates removed from (65, 5) to (65, 5)
[ 2026-05-26 00:02:21,538 ] 208 root - INFO - Filtering valid years
[ 2026-05-26 00:02:21,539 ] 217 root - INFO - Year filtering completed
[ 2026-05-26 00:02:21,539 ] 231 root - INFO - Sorting dataframe
[ 2026-05-26 00:02:21,541 ] 242 root - INFO - Sorting completed
[ 2026-05-26 00:02:21,541 ] 432 root - INFO - Preprocessing pipeline completed
[ 2026-05-26 00:02:21,544 ] 382 root - INFO - Processed dataframe saved at artifacts\data_processing\processed_data\death_rate_data.csv
[ 2026-05-26 00:02:21,545 ] 354 root - INFO - Metadata saved at artifacts\data_processing\metadata\death_rate_metadata.json
[ 2026-05-26 00:02:21,546 ] 484 root - INFO - Death_Rate processing completed
[ 2026-05-26 00:02:21,547 ] 22 root - INFO - Loading data from artifacts\data_ingestion\raw_data\life_expectancy_raw.csv
[ 2026-05-26 00:02:21,550 ] 26 root - INFO - Data loaded successfully
[ 2026-05-26 00:02:21,550 ] 396 root - INFO - Starting preprocessing pipeline
[ 2026-05-26 00:02:21,550 ] 53 root - INFO - Schema validation successful
[ 2026-05-26 00:02:21,550 ] 65 root - INFO - Standardizing columns
[ 2026-05-26 00:02:21,552 ] 94 root - INFO - Column standardization completed
[ 2026-05-26 00:02:21,552 ] 108 root - INFO - Converting datatypes
[ 2026-05-26 00:02:21,552 ] 125 root - INFO - Datatype conversion completed
[ 2026-05-26 00:02:21,552 ] 139 root - INFO - Handling missing values
[ 2026-05-26 00:02:21,555 ] 156 root - INFO - Missing value handling completed from (66, 5) to (65, 5)
[ 2026-05-26 00:02:21,555 ] 174 root - INFO - Removing duplicates
[ 2026-05-26 00:02:21,556 ] 188 root - INFO - Duplicates removed from (65, 5) to (65, 5)
[ 2026-05-26 00:02:21,556 ] 208 root - INFO - Filtering valid years
[ 2026-05-26 00:02:21,557 ] 217 root - INFO - Year filtering completed
[ 2026-05-26 00:02:21,557 ] 231 root - INFO - Sorting dataframe
[ 2026-05-26 00:02:21,558 ] 242 root - INFO - Sorting completed
[ 2026-05-26 00:02:21,559 ] 432 root - INFO - Preprocessing pipeline completed
[ 2026-05-26 00:02:21,561 ] 382 root - INFO - Processed dataframe saved at artifacts\data_processing\processed_data\life_expectancy_data.csv
[ 2026-05-26 00:02:21,562 ] 354 root - INFO - Metadata saved at artifacts\data_processing\metadata\life_expectancy_metadata.json
[ 2026-05-26 00:02:21,562 ] 484 root - INFO - Life_Expectancy processing completed
[ 2026-05-26 00:02:21,563 ] 22 root - INFO - Loading data from artifacts\data_ingestion\raw_data\literacy_rate_raw.csv
[ 2026-05-26 00:02:21,566 ] 26 root - INFO - Data loaded successfully
[ 2026-05-26 00:02:21,566 ] 396 root - INFO - Starting preprocessing pipeline
[ 2026-05-26 00:02:21,566 ] 53 root - INFO - Schema validation successful
[ 2026-05-26 00:02:21,566 ] 65 root - INFO - Standardizing columns
[ 2026-05-26 00:02:21,567 ] 94 root - INFO - Column standardization completed
[ 2026-05-26 00:02:21,568 ] 108 root - INFO - Converting datatypes
[ 2026-05-26 00:02:21,568 ] 125 root - INFO - Datatype conversion completed
[ 2026-05-26 00:02:21,568 ] 139 root - INFO - Handling missing values
[ 2026-05-26 00:02:21,570 ] 156 root - INFO - Missing value handling completed from (66, 5) to (14, 5)
[ 2026-05-26 00:02:21,570 ] 174 root - INFO - Removing duplicates
[ 2026-05-26 00:02:21,571 ] 188 root - INFO - Duplicates removed from (14, 5) to (14, 5)
[ 2026-05-26 00:02:21,571 ] 208 root - INFO - Filtering valid years
[ 2026-05-26 00:02:21,571 ] 217 root - INFO - Year filtering completed
[ 2026-05-26 00:02:21,572 ] 231 root - INFO - Sorting dataframe
[ 2026-05-26 00:02:21,573 ] 242 root - INFO - Sorting completed
[ 2026-05-26 00:02:21,573 ] 432 root - INFO - Preprocessing pipeline completed
[ 2026-05-26 00:02:21,575 ] 382 root - INFO - Processed dataframe saved at artifacts\data_processing\processed_data\literacy_rate_data.csv
[ 2026-05-26 00:02:21,577 ] 354 root - INFO - Metadata saved at artifacts\data_processing\metadata\literacy_rate_metadata.json
[ 2026-05-26 00:02:21,577 ] 484 root - INFO - Literacy_Rate processing completed
[ 2026-05-26 00:02:21,577 ] 22 root - INFO - Loading data from artifacts\data_ingestion\raw_data\exports_raw.csv
[ 2026-05-26 00:02:21,580 ] 26 root - INFO - Data loaded successfully
[ 2026-05-26 00:02:21,580 ] 396 root - INFO - Starting preprocessing pipeline
[ 2026-05-26 00:02:21,580 ] 53 root - INFO - Schema validation successful
[ 2026-05-26 00:02:21,580 ] 65 root - INFO - Standardizing columns
[ 2026-05-26 00:02:21,581 ] 94 root - INFO - Column standardization completed
[ 2026-05-26 00:02:21,581 ] 108 root - INFO - Converting datatypes
[ 2026-05-26 00:02:21,582 ] 125 root - INFO - Datatype conversion completed
[ 2026-05-26 00:02:21,582 ] 139 root - INFO - Handling missing values
[ 2026-05-26 00:02:21,584 ] 156 root - INFO - Missing value handling completed from (66, 5) to (65, 5)
[ 2026-05-26 00:02:21,585 ] 174 root - INFO - Removing duplicates
[ 2026-05-26 00:02:21,585 ] 188 root - INFO - Duplicates removed from (65, 5) to (65, 5)
[ 2026-05-26 00:02:21,586 ] 208 root - INFO - Filtering valid years
[ 2026-05-26 00:02:21,586 ] 217 root - INFO - Year filtering completed
[ 2026-05-26 00:02:21,586 ] 231 root - INFO - Sorting dataframe
[ 2026-05-26 00:02:21,587 ] 242 root - INFO - Sorting completed
[ 2026-05-26 00:02:21,588 ] 432 root - INFO - Preprocessing pipeline completed
[ 2026-05-26 00:02:21,590 ] 382 root - INFO - Processed dataframe saved at artifacts\data_processing\processed_data\exports_data.csv
[ 2026-05-26 00:02:21,591 ] 354 root - INFO - Metadata saved at artifacts\data_processing\metadata\exports_metadata.json
[ 2026-05-26 00:02:21,591 ] 484 root - INFO - Exports processing completed
[ 2026-05-26 00:02:21,593 ] 22 root - INFO - Loading data from artifacts\data_ingestion\raw_data\imports_raw.csv
[ 2026-05-26 00:02:21,595 ] 26 root - INFO - Data loaded successfully
[ 2026-05-26 00:02:21,595 ] 396 root - INFO - Starting preprocessing pipeline
[ 2026-05-26 00:02:21,595 ] 53 root - INFO - Schema validation successful
[ 2026-05-26 00:02:21,596 ] 65 root - INFO - Standardizing columns
[ 2026-05-26 00:02:21,597 ] 94 root - INFO - Column standardization completed
[ 2026-05-26 00:02:21,597 ] 108 root - INFO - Converting datatypes
[ 2026-05-26 00:02:21,597 ] 125 root - INFO - Datatype conversion completed
[ 2026-05-26 00:02:21,597 ] 139 root - INFO - Handling missing values
[ 2026-05-26 00:02:21,599 ] 156 root - INFO - Missing value handling completed from (66, 5) to (65, 5)
[ 2026-05-26 00:02:21,600 ] 174 root - INFO - Removing duplicates
[ 2026-05-26 00:02:21,601 ] 188 root - INFO - Duplicates removed from (65, 5) to (65, 5)
[ 2026-05-26 00:02:21,601 ] 208 root - INFO - Filtering valid years
[ 2026-05-26 00:02:21,601 ] 217 root - INFO - Year filtering completed
[ 2026-05-26 00:02:21,601 ] 231 root - INFO - Sorting dataframe
[ 2026-05-26 00:02:21,602 ] 242 root - INFO - Sorting completed
[ 2026-05-26 00:02:21,603 ] 432 root - INFO - Preprocessing pipeline completed
[ 2026-05-26 00:02:21,605 ] 382 root - INFO - Processed dataframe saved at artifacts\data_processing\processed_data\imports_data.csv
[ 2026-05-26 00:02:21,606 ] 354 root - INFO - Metadata saved at artifacts\data_processing\metadata\imports_metadata.json
[ 2026-05-26 00:02:21,606 ] 484 root - INFO - Imports processing completed
[ 2026-05-26 00:02:21,607 ] 22 root - INFO - Loading data from artifacts\data_ingestion\raw_data\trade_percent_gdp_raw.csv
[ 2026-05-26 00:02:21,610 ] 26 root - INFO - Data loaded successfully
[ 2026-05-26 00:02:21,610 ] 396 root - INFO - Starting preprocessing pipeline
[ 2026-05-26 00:02:21,610 ] 53 root - INFO - Schema validation successful
[ 2026-05-26 00:02:21,610 ] 65 root - INFO - Standardizing columns
[ 2026-05-26 00:02:21,612 ] 94 root - INFO - Column standardization completed
[ 2026-05-26 00:02:21,612 ] 108 root - INFO - Converting datatypes
[ 2026-05-26 00:02:21,612 ] 125 root - INFO - Datatype conversion completed
[ 2026-05-26 00:02:21,612 ] 139 root - INFO - Handling missing values
[ 2026-05-26 00:02:21,615 ] 156 root - INFO - Missing value handling completed from (66, 5) to (65, 5)
[ 2026-05-26 00:02:21,615 ] 174 root - INFO - Removing duplicates
[ 2026-05-26 00:02:21,617 ] 188 root - INFO - Duplicates removed from (65, 5) to (65, 5)
[ 2026-05-26 00:02:21,617 ] 208 root - INFO - Filtering valid years
[ 2026-05-26 00:02:21,617 ] 217 root - INFO - Year filtering completed
[ 2026-05-26 00:02:21,617 ] 231 root - INFO - Sorting dataframe
[ 2026-05-26 00:02:21,619 ] 242 root - INFO - Sorting completed
[ 2026-05-26 00:02:21,620 ] 432 root - INFO - Preprocessing pipeline completed
[ 2026-05-26 00:02:21,622 ] 382 root - INFO - Processed dataframe saved at artifacts\data_processing\processed_data\trade_percent_gdp_data.csv
[ 2026-05-26 00:02:21,624 ] 354 root - INFO - Metadata saved at artifacts\data_processing\metadata\trade_percent_gdp_metadata.json
[ 2026-05-26 00:02:21,624 ] 484 root - INFO - Trade_Percent_GDP processing completed
[ 2026-05-26 00:02:21,625 ] 22 root - INFO - Loading data from artifacts\data_ingestion\raw_data\high_tech_exports_raw.csv
[ 2026-05-26 00:02:21,628 ] 26 root - INFO - Data loaded successfully
[ 2026-05-26 00:02:21,628 ] 396 root - INFO - Starting preprocessing pipeline
[ 2026-05-26 00:02:21,628 ] 53 root - INFO - Schema validation successful
[ 2026-05-26 00:02:21,629 ] 65 root - INFO - Standardizing columns
[ 2026-05-26 00:02:21,630 ] 94 root - INFO - Column standardization completed
[ 2026-05-26 00:02:21,630 ] 108 root - INFO - Converting datatypes
[ 2026-05-26 00:02:21,631 ] 125 root - INFO - Datatype conversion completed
[ 2026-05-26 00:02:21,631 ] 139 root - INFO - Handling missing values
[ 2026-05-26 00:02:21,636 ] 156 root - INFO - Missing value handling completed from (66, 5) to (16, 5)
[ 2026-05-26 00:02:21,636 ] 174 root - INFO - Removing duplicates
[ 2026-05-26 00:02:21,638 ] 188 root - INFO - Duplicates removed from (16, 5) to (16, 5)
[ 2026-05-26 00:02:21,638 ] 208 root - INFO - Filtering valid years
[ 2026-05-26 00:02:21,639 ] 217 root - INFO - Year filtering completed
[ 2026-05-26 00:02:21,639 ] 231 root - INFO - Sorting dataframe
[ 2026-05-26 00:02:21,641 ] 242 root - INFO - Sorting completed
[ 2026-05-26 00:02:21,642 ] 432 root - INFO - Preprocessing pipeline completed
[ 2026-05-26 00:02:21,645 ] 382 root - INFO - Processed dataframe saved at artifacts\data_processing\processed_data\high_tech_exports_data.csv
[ 2026-05-26 00:02:21,647 ] 354 root - INFO - Metadata saved at artifacts\data_processing\metadata\high_tech_exports_metadata.json
[ 2026-05-26 00:02:21,647 ] 484 root - INFO - High_Tech_Exports processing completed
[ 2026-05-26 00:02:21,649 ] 22 root - INFO - Loading data from artifacts\data_ingestion\raw_data\internet_users_raw.csv
[ 2026-05-26 00:02:21,653 ] 26 root - INFO - Data loaded successfully
[ 2026-05-26 00:02:21,654 ] 396 root - INFO - Starting preprocessing pipeline
[ 2026-05-26 00:02:21,654 ] 53 root - INFO - Schema validation successful
[ 2026-05-26 00:02:21,654 ] 65 root - INFO - Standardizing columns
[ 2026-05-26 00:02:21,656 ] 94 root - INFO - Column standardization completed
[ 2026-05-26 00:02:21,657 ] 108 root - INFO - Converting datatypes
[ 2026-05-26 00:02:21,657 ] 125 root - INFO - Datatype conversion completed
[ 2026-05-26 00:02:21,658 ] 139 root - INFO - Handling missing values
[ 2026-05-26 00:02:21,662 ] 156 root - INFO - Missing value handling completed from (66, 5) to (35, 5)
[ 2026-05-26 00:02:21,662 ] 174 root - INFO - Removing duplicates
[ 2026-05-26 00:02:21,663 ] 188 root - INFO - Duplicates removed from (35, 5) to (35, 5)
[ 2026-05-26 00:02:21,663 ] 208 root - INFO - Filtering valid years
[ 2026-05-26 00:02:21,664 ] 217 root - INFO - Year filtering completed
[ 2026-05-26 00:02:21,665 ] 231 root - INFO - Sorting dataframe
[ 2026-05-26 00:02:21,668 ] 242 root - INFO - Sorting completed
[ 2026-05-26 00:02:21,671 ] 432 root - INFO - Preprocessing pipeline completed
[ 2026-05-26 00:02:21,676 ] 382 root - INFO - Processed dataframe saved at artifacts\data_processing\processed_data\internet_users_data.csv
[ 2026-05-26 00:02:21,678 ] 354 root - INFO - Metadata saved at artifacts\data_processing\metadata\internet_users_metadata.json
[ 2026-05-26 00:02:21,678 ] 484 root - INFO - Internet_Users processing completed
[ 2026-05-26 00:02:21,680 ] 22 root - INFO - Loading data from artifacts\data_ingestion\raw_data\mobile_subscriptions_raw.csv
[ 2026-05-26 00:02:21,686 ] 26 root - INFO - Data loaded successfully
[ 2026-05-26 00:02:21,686 ] 396 root - INFO - Starting preprocessing pipeline
[ 2026-05-26 00:02:21,687 ] 53 root - INFO - Schema validation successful
[ 2026-05-26 00:02:21,687 ] 65 root - INFO - Standardizing columns
[ 2026-05-26 00:02:21,689 ] 94 root - INFO - Column standardization completed
[ 2026-05-26 00:02:21,690 ] 108 root - INFO - Converting datatypes
[ 2026-05-26 00:02:21,691 ] 125 root - INFO - Datatype conversion completed
[ 2026-05-26 00:02:21,691 ] 139 root - INFO - Handling missing values
[ 2026-05-26 00:02:21,695 ] 156 root - INFO - Missing value handling completed from (66, 5) to (53, 5)
[ 2026-05-26 00:02:21,695 ] 174 root - INFO - Removing duplicates
[ 2026-05-26 00:02:21,697 ] 188 root - INFO - Duplicates removed from (53, 5) to (53, 5)
[ 2026-05-26 00:02:21,697 ] 208 root - INFO - Filtering valid years
[ 2026-05-26 00:02:21,699 ] 217 root - INFO - Year filtering completed
[ 2026-05-26 00:02:21,699 ] 231 root - INFO - Sorting dataframe
[ 2026-05-26 00:02:21,702 ] 242 root - INFO - Sorting completed
[ 2026-05-26 00:02:21,703 ] 432 root - INFO - Preprocessing pipeline completed
[ 2026-05-26 00:02:21,707 ] 382 root - INFO - Processed dataframe saved at artifacts\data_processing\processed_data\mobile_subscriptions_data.csv
[ 2026-05-26 00:02:21,709 ] 354 root - INFO - Metadata saved at artifacts\data_processing\metadata\mobile_subscriptions_metadata.json
[ 2026-05-26 00:02:21,709 ] 484 root - INFO - Mobile_Subscriptions processing completed
[ 2026-05-26 00:02:21,711 ] 22 root - INFO - Loading data from artifacts\data_ingestion\raw_data\broadband_subscriptions_raw.csv
[ 2026-05-26 00:02:21,715 ] 26 root - INFO - Data loaded successfully
[ 2026-05-26 00:02:21,716 ] 396 root - INFO - Starting preprocessing pipeline
[ 2026-05-26 00:02:21,716 ] 53 root - INFO - Schema validation successful
[ 2026-05-26 00:02:21,716 ] 65 root - INFO - Standardizing columns
[ 2026-05-26 00:02:21,718 ] 94 root - INFO - Column standardization completed
[ 2026-05-26 00:02:21,718 ] 108 root - INFO - Converting datatypes
[ 2026-05-26 00:02:21,719 ] 125 root - INFO - Datatype conversion completed
[ 2026-05-26 00:02:21,719 ] 139 root - INFO - Handling missing values
[ 2026-05-26 00:02:21,722 ] 156 root - INFO - Missing value handling completed from (66, 5) to (24, 5)
[ 2026-05-26 00:02:21,722 ] 174 root - INFO - Removing duplicates
[ 2026-05-26 00:02:21,723 ] 188 root - INFO - Duplicates removed from (24, 5) to (24, 5)
[ 2026-05-26 00:02:21,724 ] 208 root - INFO - Filtering valid years
[ 2026-05-26 00:02:21,724 ] 217 root - INFO - Year filtering completed
[ 2026-05-26 00:02:21,724 ] 231 root - INFO - Sorting dataframe
[ 2026-05-26 00:02:21,726 ] 242 root - INFO - Sorting completed
[ 2026-05-26 00:02:21,727 ] 432 root - INFO - Preprocessing pipeline completed
[ 2026-05-26 00:02:21,730 ] 382 root - INFO - Processed dataframe saved at artifacts\data_processing\processed_data\broadband_subscriptions_data.csv
[ 2026-05-26 00:02:21,732 ] 354 root - INFO - Metadata saved at artifacts\data_processing\metadata\broadband_subscriptions_metadata.json
[ 2026-05-26 00:02:21,732 ] 484 root - INFO - Broadband_Subscriptions processing completed
[ 2026-05-26 00:02:21,734 ] 22 root - INFO - Loading data from artifacts\data_ingestion\raw_data\secure_servers_raw.csv
[ 2026-05-26 00:02:21,738 ] 26 root - INFO - Data loaded successfully
[ 2026-05-26 00:02:21,738 ] 396 root - INFO - Starting preprocessing pipeline
[ 2026-05-26 00:02:21,738 ] 53 root - INFO - Schema validation successful
[ 2026-05-26 00:02:21,738 ] 65 root - INFO - Standardizing columns
[ 2026-05-26 00:02:21,740 ] 94 root - INFO - Column standardization completed
[ 2026-05-26 00:02:21,740 ] 108 root - INFO - Converting datatypes
[ 2026-05-26 00:02:21,740 ] 125 root - INFO - Datatype conversion completed
[ 2026-05-26 00:02:21,741 ] 139 root - INFO - Handling missing values
[ 2026-05-26 00:02:21,743 ] 156 root - INFO - Missing value handling completed from (66, 5) to (15, 5)
[ 2026-05-26 00:02:21,743 ] 174 root - INFO - Removing duplicates
[ 2026-05-26 00:02:21,745 ] 188 root - INFO - Duplicates removed from (15, 5) to (15, 5)
[ 2026-05-26 00:02:21,745 ] 208 root - INFO - Filtering valid years
[ 2026-05-26 00:02:21,745 ] 217 root - INFO - Year filtering completed
[ 2026-05-26 00:02:21,745 ] 231 root - INFO - Sorting dataframe
[ 2026-05-26 00:02:21,747 ] 242 root - INFO - Sorting completed
[ 2026-05-26 00:02:21,748 ] 432 root - INFO - Preprocessing pipeline completed
[ 2026-05-26 00:02:21,752 ] 382 root - INFO - Processed dataframe saved at artifacts\data_processing\processed_data\secure_servers_data.csv
[ 2026-05-26 00:02:21,753 ] 354 root - INFO - Metadata saved at artifacts\data_processing\metadata\secure_servers_metadata.json
[ 2026-05-26 00:02:21,753 ] 484 root - INFO - Secure_Servers processing completed
[ 2026-05-26 00:02:21,754 ] 22 root - INFO - Loading data from artifacts\data_ingestion\raw_data\rnd_expenditure_raw.csv
[ 2026-05-26 00:02:21,757 ] 26 root - INFO - Data loaded successfully
[ 2026-05-26 00:02:21,757 ] 396 root - INFO - Starting preprocessing pipeline
[ 2026-05-26 00:02:21,757 ] 53 root - INFO - Schema validation successful
[ 2026-05-26 00:02:21,757 ] 65 root - INFO - Standardizing columns
[ 2026-05-26 00:02:21,758 ] 94 root - INFO - Column standardization completed
[ 2026-05-26 00:02:21,758 ] 108 root - INFO - Converting datatypes
[ 2026-05-26 00:02:21,759 ] 125 root - INFO - Datatype conversion completed
[ 2026-05-26 00:02:21,759 ] 139 root - INFO - Handling missing values
[ 2026-05-26 00:02:21,761 ] 156 root - INFO - Missing value handling completed from (66, 5) to (25, 5)
[ 2026-05-26 00:02:21,761 ] 174 root - INFO - Removing duplicates
[ 2026-05-26 00:02:21,762 ] 188 root - INFO - Duplicates removed from (25, 5) to (25, 5)
[ 2026-05-26 00:02:21,763 ] 208 root - INFO - Filtering valid years
[ 2026-05-26 00:02:21,763 ] 217 root - INFO - Year filtering completed
[ 2026-05-26 00:02:21,763 ] 231 root - INFO - Sorting dataframe
[ 2026-05-26 00:02:21,765 ] 242 root - INFO - Sorting completed
[ 2026-05-26 00:02:21,766 ] 432 root - INFO - Preprocessing pipeline completed
[ 2026-05-26 00:02:21,769 ] 382 root - INFO - Processed dataframe saved at artifacts\data_processing\processed_data\rnd_expenditure_data.csv
[ 2026-05-26 00:02:21,770 ] 354 root - INFO - Metadata saved at artifacts\data_processing\metadata\rnd_expenditure_metadata.json
[ 2026-05-26 00:02:21,770 ] 484 root - INFO - RND_Expenditure processing completed
[ 2026-05-26 00:02:21,772 ] 22 root - INFO - Loading data from artifacts\data_ingestion\raw_data\air_pollution_raw.csv
[ 2026-05-26 00:02:21,775 ] 26 root - INFO - Data loaded successfully
[ 2026-05-26 00:02:21,775 ] 396 root - INFO - Starting preprocessing pipeline
[ 2026-05-26 00:02:21,775 ] 53 root - INFO - Schema validation successful
[ 2026-05-26 00:02:21,775 ] 65 root - INFO - Standardizing columns
[ 2026-05-26 00:02:21,777 ] 94 root - INFO - Column standardization completed
[ 2026-05-26 00:02:21,777 ] 108 root - INFO - Converting datatypes
[ 2026-05-26 00:02:21,778 ] 125 root - INFO - Datatype conversion completed
[ 2026-05-26 00:02:21,778 ] 139 root - INFO - Handling missing values
[ 2026-05-26 00:02:21,781 ] 156 root - INFO - Missing value handling completed from (66, 5) to (31, 5)
[ 2026-05-26 00:02:21,781 ] 174 root - INFO - Removing duplicates
[ 2026-05-26 00:02:21,783 ] 188 root - INFO - Duplicates removed from (31, 5) to (31, 5)
[ 2026-05-26 00:02:21,783 ] 208 root - INFO - Filtering valid years
[ 2026-05-26 00:02:21,783 ] 217 root - INFO - Year filtering completed
[ 2026-05-26 00:02:21,783 ] 231 root - INFO - Sorting dataframe
[ 2026-05-26 00:02:21,785 ] 242 root - INFO - Sorting completed
[ 2026-05-26 00:02:21,786 ] 432 root - INFO - Preprocessing pipeline completed
[ 2026-05-26 00:02:21,789 ] 382 root - INFO - Processed dataframe saved at artifacts\data_processing\processed_data\air_pollution_data.csv
[ 2026-05-26 00:02:21,790 ] 354 root - INFO - Metadata saved at artifacts\data_processing\metadata\air_pollution_metadata.json
[ 2026-05-26 00:02:21,791 ] 484 root - INFO - Air_Pollution processing completed
[ 2026-05-26 00:02:21,792 ] 22 root - INFO - Loading data from artifacts\data_ingestion\raw_data\forest_area_raw.csv
[ 2026-05-26 00:02:21,797 ] 26 root - INFO - Data loaded successfully
[ 2026-05-26 00:02:21,797 ] 396 root - INFO - Starting preprocessing pipeline
[ 2026-05-26 00:02:21,798 ] 53 root - INFO - Schema validation successful
[ 2026-05-26 00:02:21,798 ] 65 root - INFO - Standardizing columns
[ 2026-05-26 00:02:21,800 ] 94 root - INFO - Column standardization completed
[ 2026-05-26 00:02:21,800 ] 108 root - INFO - Converting datatypes
[ 2026-05-26 00:02:21,801 ] 125 root - INFO - Datatype conversion completed
[ 2026-05-26 00:02:21,801 ] 139 root - INFO - Handling missing values
[ 2026-05-26 00:02:21,805 ] 156 root - INFO - Missing value handling completed from (66, 5) to (34, 5)
[ 2026-05-26 00:02:21,805 ] 174 root - INFO - Removing duplicates
[ 2026-05-26 00:02:21,806 ] 188 root - INFO - Duplicates removed from (34, 5) to (34, 5)
[ 2026-05-26 00:02:21,806 ] 208 root - INFO - Filtering valid years
[ 2026-05-26 00:02:21,807 ] 217 root - INFO - Year filtering completed
[ 2026-05-26 00:02:21,807 ] 231 root - INFO - Sorting dataframe
[ 2026-05-26 00:02:21,809 ] 242 root - INFO - Sorting completed
[ 2026-05-26 00:02:21,811 ] 432 root - INFO - Preprocessing pipeline completed
[ 2026-05-26 00:02:21,815 ] 382 root - INFO - Processed dataframe saved at artifacts\data_processing\processed_data\forest_area_data.csv
[ 2026-05-26 00:02:21,818 ] 354 root - INFO - Metadata saved at artifacts\data_processing\metadata\forest_area_metadata.json
[ 2026-05-26 00:02:21,818 ] 484 root - INFO - Forest_Area processing completed
[ 2026-05-26 00:02:21,819 ] 22 root - INFO - Loading data from artifacts\data_ingestion\raw_data\renewable_energy_raw.csv
[ 2026-05-26 00:02:21,823 ] 26 root - INFO - Data loaded successfully
[ 2026-05-26 00:02:21,824 ] 396 root - INFO - Starting preprocessing pipeline
[ 2026-05-26 00:02:21,824 ] 53 root - INFO - Schema validation successful
[ 2026-05-26 00:02:21,824 ] 65 root - INFO - Standardizing columns
[ 2026-05-26 00:02:21,825 ] 94 root - INFO - Column standardization completed
[ 2026-05-26 00:02:21,825 ] 108 root - INFO - Converting datatypes
[ 2026-05-26 00:02:21,827 ] 125 root - INFO - Datatype conversion completed
[ 2026-05-26 00:02:21,827 ] 139 root - INFO - Handling missing values
[ 2026-05-26 00:02:21,830 ] 156 root - INFO - Missing value handling completed from (66, 5) to (32, 5)
[ 2026-05-26 00:02:21,830 ] 174 root - INFO - Removing duplicates
[ 2026-05-26 00:02:21,834 ] 188 root - INFO - Duplicates removed from (32, 5) to (32, 5)
[ 2026-05-26 00:02:21,834 ] 208 root - INFO - Filtering valid years
[ 2026-05-26 00:02:21,835 ] 217 root - INFO - Year filtering completed
[ 2026-05-26 00:02:21,836 ] 231 root - INFO - Sorting dataframe
[ 2026-05-26 00:02:21,839 ] 242 root - INFO - Sorting completed
[ 2026-05-26 00:02:21,841 ] 432 root - INFO - Preprocessing pipeline completed
[ 2026-05-26 00:02:21,844 ] 382 root - INFO - Processed dataframe saved at artifacts\data_processing\processed_data\renewable_energy_data.csv
[ 2026-05-26 00:02:21,847 ] 354 root - INFO - Metadata saved at artifacts\data_processing\metadata\renewable_energy_metadata.json
[ 2026-05-26 00:02:21,847 ] 484 root - INFO - Renewable_Energy processing completed
[ 2026-05-26 00:02:21,849 ] 22 root - INFO - Loading data from artifacts\data_ingestion\raw_data\electricity_access_raw.csv
[ 2026-05-26 00:02:21,855 ] 26 root - INFO - Data loaded successfully
[ 2026-05-26 00:02:21,855 ] 396 root - INFO - Starting preprocessing pipeline
[ 2026-05-26 00:02:21,856 ] 53 root - INFO - Schema validation successful
[ 2026-05-26 00:02:21,856 ] 65 root - INFO - Standardizing columns
[ 2026-05-26 00:02:21,858 ] 94 root - INFO - Column standardization completed
[ 2026-05-26 00:02:21,858 ] 108 root - INFO - Converting datatypes
[ 2026-05-26 00:02:21,860 ] 125 root - INFO - Datatype conversion completed
[ 2026-05-26 00:02:21,860 ] 139 root - INFO - Handling missing values
[ 2026-05-26 00:02:21,866 ] 156 root - INFO - Missing value handling completed from (66, 5) to (31, 5)
[ 2026-05-26 00:02:21,866 ] 174 root - INFO - Removing duplicates
[ 2026-05-26 00:02:21,868 ] 188 root - INFO - Duplicates removed from (31, 5) to (31, 5)
[ 2026-05-26 00:02:21,868 ] 208 root - INFO - Filtering valid years
[ 2026-05-26 00:02:21,869 ] 217 root - INFO - Year filtering completed
[ 2026-05-26 00:02:21,869 ] 231 root - INFO - Sorting dataframe
[ 2026-05-26 00:02:21,871 ] 242 root - INFO - Sorting completed
[ 2026-05-26 00:02:21,872 ] 432 root - INFO - Preprocessing pipeline completed
[ 2026-05-26 00:02:21,877 ] 382 root - INFO - Processed dataframe saved at artifacts\data_processing\processed_data\electricity_access_data.csv
[ 2026-05-26 00:02:21,878 ] 354 root - INFO - Metadata saved at artifacts\data_processing\metadata\electricity_access_metadata.json
[ 2026-05-26 00:02:21,878 ] 484 root - INFO - Electricity_Access processing completed
[ 2026-05-26 00:02:21,880 ] 22 root - INFO - Loading data from artifacts\data_ingestion\raw_data\agriculture_raw.csv
[ 2026-05-26 00:02:21,886 ] 26 root - INFO - Data loaded successfully
[ 2026-05-26 00:02:21,886 ] 396 root - INFO - Starting preprocessing pipeline
[ 2026-05-26 00:02:21,887 ] 53 root - INFO - Schema validation successful
[ 2026-05-26 00:02:21,887 ] 65 root - INFO - Standardizing columns
[ 2026-05-26 00:02:21,888 ] 94 root - INFO - Column standardization completed
[ 2026-05-26 00:02:21,890 ] 108 root - INFO - Converting datatypes
[ 2026-05-26 00:02:21,890 ] 125 root - INFO - Datatype conversion completed
[ 2026-05-26 00:02:21,891 ] 139 root - INFO - Handling missing values
[ 2026-05-26 00:02:21,894 ] 156 root - INFO - Missing value handling completed from (66, 5) to (65, 5)
[ 2026-05-26 00:02:21,894 ] 174 root - INFO - Removing duplicates
[ 2026-05-26 00:02:21,896 ] 188 root - INFO - Duplicates removed from (65, 5) to (65, 5)
[ 2026-05-26 00:02:21,896 ] 208 root - INFO - Filtering valid years
[ 2026-05-26 00:02:21,897 ] 217 root - INFO - Year filtering completed
[ 2026-05-26 00:02:21,897 ] 231 root - INFO - Sorting dataframe
[ 2026-05-26 00:02:21,901 ] 242 root - INFO - Sorting completed
[ 2026-05-26 00:02:21,902 ] 432 root - INFO - Preprocessing pipeline completed
[ 2026-05-26 00:02:21,906 ] 382 root - INFO - Processed dataframe saved at artifacts\data_processing\processed_data\agriculture_data.csv
[ 2026-05-26 00:02:21,907 ] 354 root - INFO - Metadata saved at artifacts\data_processing\metadata\agriculture_metadata.json
[ 2026-05-26 00:02:21,908 ] 484 root - INFO - Agriculture processing completed
[ 2026-05-26 00:02:21,909 ] 22 root - INFO - Loading data from artifacts\data_ingestion\raw_data\industry_raw.csv
[ 2026-05-26 00:02:21,912 ] 26 root - INFO - Data loaded successfully
[ 2026-05-26 00:02:21,913 ] 396 root - INFO - Starting preprocessing pipeline
[ 2026-05-26 00:02:21,913 ] 53 root - INFO - Schema validation successful
[ 2026-05-26 00:02:21,913 ] 65 root - INFO - Standardizing columns
[ 2026-05-26 00:02:21,914 ] 94 root - INFO - Column standardization completed
[ 2026-05-26 00:02:21,914 ] 108 root - INFO - Converting datatypes
[ 2026-05-26 00:02:21,916 ] 125 root - INFO - Datatype conversion completed
[ 2026-05-26 00:02:21,916 ] 139 root - INFO - Handling missing values
[ 2026-05-26 00:02:21,919 ] 156 root - INFO - Missing value handling completed from (66, 5) to (65, 5)
[ 2026-05-26 00:02:21,919 ] 174 root - INFO - Removing duplicates
[ 2026-05-26 00:02:21,921 ] 188 root - INFO - Duplicates removed from (65, 5) to (65, 5)
[ 2026-05-26 00:02:21,921 ] 208 root - INFO - Filtering valid years
[ 2026-05-26 00:02:21,922 ] 217 root - INFO - Year filtering completed
[ 2026-05-26 00:02:21,922 ] 231 root - INFO - Sorting dataframe
[ 2026-05-26 00:02:21,924 ] 242 root - INFO - Sorting completed
[ 2026-05-26 00:02:21,925 ] 432 root - INFO - Preprocessing pipeline completed
[ 2026-05-26 00:02:21,929 ] 382 root - INFO - Processed dataframe saved at artifacts\data_processing\processed_data\industry_data.csv
[ 2026-05-26 00:02:21,930 ] 354 root - INFO - Metadata saved at artifacts\data_processing\metadata\industry_metadata.json
[ 2026-05-26 00:02:21,930 ] 484 root - INFO - Industry processing completed
[ 2026-05-26 00:02:21,932 ] 22 root - INFO - Loading data from artifacts\data_ingestion\raw_data\services_raw.csv
[ 2026-05-26 00:02:21,936 ] 26 root - INFO - Data loaded successfully
[ 2026-05-26 00:02:21,936 ] 396 root - INFO - Starting preprocessing pipeline
[ 2026-05-26 00:02:21,937 ] 53 root - INFO - Schema validation successful
[ 2026-05-26 00:02:21,937 ] 65 root - INFO - Standardizing columns
[ 2026-05-26 00:02:21,938 ] 94 root - INFO - Column standardization completed
[ 2026-05-26 00:02:21,938 ] 108 root - INFO - Converting datatypes
[ 2026-05-26 00:02:21,939 ] 125 root - INFO - Datatype conversion completed
[ 2026-05-26 00:02:21,939 ] 139 root - INFO - Handling missing values
[ 2026-05-26 00:02:21,942 ] 156 root - INFO - Missing value handling completed from (66, 5) to (65, 5)
[ 2026-05-26 00:02:21,942 ] 174 root - INFO - Removing duplicates
[ 2026-05-26 00:02:21,944 ] 188 root - INFO - Duplicates removed from (65, 5) to (65, 5)
[ 2026-05-26 00:02:21,944 ] 208 root - INFO - Filtering valid years
[ 2026-05-26 00:02:21,945 ] 217 root - INFO - Year filtering completed
[ 2026-05-26 00:02:21,945 ] 231 root - INFO - Sorting dataframe
[ 2026-05-26 00:02:21,946 ] 242 root - INFO - Sorting completed
[ 2026-05-26 00:02:21,947 ] 432 root - INFO - Preprocessing pipeline completed
[ 2026-05-26 00:02:21,951 ] 382 root - INFO - Processed dataframe saved at artifacts\data_processing\processed_data\services_data.csv
[ 2026-05-26 00:02:21,952 ] 354 root - INFO - Metadata saved at artifacts\data_processing\metadata\services_metadata.json
[ 2026-05-26 00:02:21,952 ] 484 root - INFO - Services processing completed
[ 2026-05-26 00:02:21,954 ] 22 root - INFO - Loading data from artifacts\data_ingestion\raw_data\military_expenditure_raw.csv
[ 2026-05-26 00:02:21,957 ] 26 root - INFO - Data loaded successfully
[ 2026-05-26 00:02:21,957 ] 396 root - INFO - Starting preprocessing pipeline
[ 2026-05-26 00:02:21,957 ] 53 root - INFO - Schema validation successful
[ 2026-05-26 00:02:21,957 ] 65 root - INFO - Standardizing columns
[ 2026-05-26 00:02:21,960 ] 94 root - INFO - Column standardization completed
[ 2026-05-26 00:02:21,960 ] 108 root - INFO - Converting datatypes
[ 2026-05-26 00:02:21,960 ] 125 root - INFO - Datatype conversion completed
[ 2026-05-26 00:02:21,961 ] 139 root - INFO - Handling missing values
[ 2026-05-26 00:02:21,963 ] 156 root - INFO - Missing value handling completed from (66, 5) to (65, 5)
[ 2026-05-26 00:02:21,963 ] 174 root - INFO - Removing duplicates
[ 2026-05-26 00:02:21,965 ] 188 root - INFO - Duplicates removed from (65, 5) to (65, 5)
[ 2026-05-26 00:02:21,965 ] 208 root - INFO - Filtering valid years
[ 2026-05-26 00:02:21,967 ] 217 root - INFO - Year filtering completed
[ 2026-05-26 00:02:21,967 ] 231 root - INFO - Sorting dataframe
[ 2026-05-26 00:02:21,968 ] 242 root - INFO - Sorting completed
[ 2026-05-26 00:02:21,969 ] 432 root - INFO - Preprocessing pipeline completed
[ 2026-05-26 00:02:21,973 ] 382 root - INFO - Processed dataframe saved at artifacts\data_processing\processed_data\military_expenditure_data.csv
[ 2026-05-26 00:02:21,974 ] 354 root - INFO - Metadata saved at artifacts\data_processing\metadata\military_expenditure_metadata.json
[ 2026-05-26 00:02:21,974 ] 484 root - INFO - Military_Expenditure processing completed
[ 2026-05-26 00:02:21,975 ] 22 root - INFO - Loading data from artifacts\data_ingestion\raw_data\military_percent_gdp_raw.csv
[ 2026-05-26 00:02:21,978 ] 26 root - INFO - Data loaded successfully
[ 2026-05-26 00:02:21,979 ] 396 root - INFO - Starting preprocessing pipeline
[ 2026-05-26 00:02:21,979 ] 53 root - INFO - Schema validation successful
[ 2026-05-26 00:02:21,979 ] 65 root - INFO - Standardizing columns
[ 2026-05-26 00:02:21,980 ] 94 root - INFO - Column standardization completed
[ 2026-05-26 00:02:21,980 ] 108 root - INFO - Converting datatypes
[ 2026-05-26 00:02:21,981 ] 125 root - INFO - Datatype conversion completed
[ 2026-05-26 00:02:21,981 ] 139 root - INFO - Handling missing values
[ 2026-05-26 00:02:21,985 ] 156 root - INFO - Missing value handling completed from (66, 5) to (65, 5)
[ 2026-05-26 00:02:21,985 ] 174 root - INFO - Removing duplicates
[ 2026-05-26 00:02:21,987 ] 188 root - INFO - Duplicates removed from (65, 5) to (65, 5)
[ 2026-05-26 00:02:21,987 ] 208 root - INFO - Filtering valid years
[ 2026-05-26 00:02:21,988 ] 217 root - INFO - Year filtering completed
[ 2026-05-26 00:02:21,988 ] 231 root - INFO - Sorting dataframe
[ 2026-05-26 00:02:21,990 ] 242 root - INFO - Sorting completed
[ 2026-05-26 00:02:21,991 ] 432 root - INFO - Preprocessing pipeline completed
[ 2026-05-26 00:02:21,995 ] 382 root - INFO - Processed dataframe saved at artifacts\data_processing\processed_data\military_percent_gdp_data.csv
[ 2026-05-26 00:02:21,997 ] 354 root - INFO - Metadata saved at artifacts\data_processing\metadata\military_percent_gdp_metadata.json
[ 2026-05-26 00:02:21,997 ] 484 root - INFO - Military_Percent_GDP processing completed
[ 2026-05-26 00:02:21,998 ] 22 root - INFO - Loading data from artifacts\data_ingestion\raw_data\armed_forces_personnel_raw.csv
[ 2026-05-26 00:02:22,002 ] 26 root - INFO - Data loaded successfully
[ 2026-05-26 00:02:22,003 ] 396 root - INFO - Starting preprocessing pipeline
[ 2026-05-26 00:02:22,003 ] 53 root - INFO - Schema validation successful
[ 2026-05-26 00:02:22,003 ] 65 root - INFO - Standardizing columns
[ 2026-05-26 00:02:22,005 ] 94 root - INFO - Column standardization completed
[ 2026-05-26 00:02:22,005 ] 108 root - INFO - Converting datatypes
[ 2026-05-26 00:02:22,005 ] 125 root - INFO - Datatype conversion completed
[ 2026-05-26 00:02:22,006 ] 139 root - INFO - Handling missing values
[ 2026-05-26 00:02:22,009 ] 156 root - INFO - Missing value handling completed from (66, 5) to (33, 5)
[ 2026-05-26 00:02:22,009 ] 174 root - INFO - Removing duplicates
[ 2026-05-26 00:02:22,010 ] 188 root - INFO - Duplicates removed from (33, 5) to (33, 5)
[ 2026-05-26 00:02:22,010 ] 208 root - INFO - Filtering valid years
[ 2026-05-26 00:02:22,011 ] 217 root - INFO - Year filtering completed
[ 2026-05-26 00:02:22,011 ] 231 root - INFO - Sorting dataframe
[ 2026-05-26 00:02:22,018 ] 242 root - INFO - Sorting completed
[ 2026-05-26 00:02:22,021 ] 432 root - INFO - Preprocessing pipeline completed
[ 2026-05-26 00:02:22,025 ] 382 root - INFO - Processed dataframe saved at artifacts\data_processing\processed_data\armed_forces_personnel_data.csv
[ 2026-05-26 00:02:22,027 ] 354 root - INFO - Metadata saved at artifacts\data_processing\metadata\armed_forces_personnel_metadata.json
[ 2026-05-26 00:02:22,027 ] 484 root - INFO - Armed_Forces_Personnel processing completed
[ 2026-05-26 00:02:22,027 ] 46 root - INFO - Economy Section Processing Started
[ 2026-05-26 00:02:22,146 ] 65 root - INFO - economy csv files fetched to dataframes.
