[ 2026-05-25 23:59:52,567 ] 21 root - INFO - Data Ingestion Started
[ 2026-05-25 23:59:52,568 ] 41 root - INFO - Fetching gdp
[ 2026-05-25 23:59:52,753 ] 110 root - INFO - Saved gdp_raw.csv
[ 2026-05-25 23:59:52,754 ] 41 root - INFO - Fetching gdp_per_capita
[ 2026-05-25 23:59:52,844 ] 110 root - INFO - Saved gdp_per_capita_raw.csv
[ 2026-05-25 23:59:52,844 ] 41 root - INFO - Fetching population
[ 2026-05-25 23:59:52,934 ] 110 root - INFO - Saved population_raw.csv
[ 2026-05-25 23:59:52,934 ] 41 root - INFO - Fetching inflation
[ 2026-05-25 23:59:53,010 ] 110 root - INFO - Saved inflation_raw.csv
[ 2026-05-25 23:59:53,011 ] 41 root - INFO - Fetching unemployment
[ 2026-05-25 23:59:53,120 ] 110 root - INFO - Saved unemployment_raw.csv
[ 2026-05-25 23:59:53,120 ] 41 root - INFO - Fetching life_expectancy
[ 2026-05-25 23:59:53,200 ] 110 root - INFO - Saved life_expectancy_raw.csv
[ 2026-05-25 23:59:53,200 ] 41 root - INFO - Fetching exports
[ 2026-05-25 23:59:53,291 ] 110 root - INFO - Saved exports_raw.csv
[ 2026-05-25 23:59:53,291 ] 41 root - INFO - Fetching imports
[ 2026-05-25 23:59:53,410 ] 110 root - INFO - Saved imports_raw.csv
[ 2026-05-25 23:59:53,410 ] 41 root - INFO - Fetching forex_reserves
[ 2026-05-25 23:59:53,495 ] 110 root - INFO - Saved forex_reserves_raw.csv
[ 2026-05-25 23:59:53,495 ] 41 root - INFO - Fetching agriculture
[ 2026-05-25 23:59:53,612 ] 110 root - INFO - Saved agriculture_raw.csv
[ 2026-05-25 23:59:53,612 ] 41 root - INFO - Fetching industry
[ 2026-05-25 23:59:53,713 ] 110 root - INFO - Saved industry_raw.csv
[ 2026-05-25 23:59:53,713 ] 41 root - INFO - Fetching services
[ 2026-05-25 23:59:53,806 ] 110 root - INFO - Saved services_raw.csv
[ 2026-05-25 23:59:53,806 ] 41 root - INFO - Fetching trade_percent_gdp
[ 2026-05-25 23:59:53,891 ] 110 root - INFO - Saved trade_percent_gdp_raw.csv
[ 2026-05-25 23:59:53,891 ] 41 root - INFO - Fetching fdi
[ 2026-05-25 23:59:53,988 ] 110 root - INFO - Saved fdi_raw.csv
[ 2026-05-25 23:59:53,988 ] 41 root - INFO - Fetching interest_rate
[ 2026-05-25 23:59:54,084 ] 110 root - INFO - Saved interest_rate_raw.csv
[ 2026-05-25 23:59:54,085 ] 41 root - INFO - Fetching current_account_balance
[ 2026-05-25 23:59:54,206 ] 110 root - INFO - Saved current_account_balance_raw.csv
[ 2026-05-25 23:59:54,206 ] 41 root - INFO - Fetching population_growth
[ 2026-05-25 23:59:54,293 ] 110 root - INFO - Saved population_growth_raw.csv
[ 2026-05-25 23:59:54,293 ] 41 root - INFO - Fetching urbanization
[ 2026-05-25 23:59:54,371 ] 110 root - INFO - Saved urbanization_raw.csv
[ 2026-05-25 23:59:54,372 ] 41 root - INFO - Fetching birth_rate
[ 2026-05-25 23:59:54,444 ] 110 root - INFO - Saved birth_rate_raw.csv
[ 2026-05-25 23:59:54,444 ] 41 root - INFO - Fetching death_rate
[ 2026-05-25 23:59:54,540 ] 110 root - INFO - Saved death_rate_raw.csv
[ 2026-05-25 23:59:54,540 ] 41 root - INFO - Fetching population_density
[ 2026-05-25 23:59:54,627 ] 110 root - INFO - Saved population_density_raw.csv
[ 2026-05-25 23:59:54,627 ] 41 root - INFO - Fetching literacy_rate
[ 2026-05-25 23:59:54,706 ] 110 root - INFO - Saved literacy_rate_raw.csv
[ 2026-05-25 23:59:54,706 ] 41 root - INFO - Fetching internet_users
[ 2026-05-25 23:59:54,784 ] 110 root - INFO - Saved internet_users_raw.csv
[ 2026-05-25 23:59:54,785 ] 41 root - INFO - Fetching mobile_subscriptions
[ 2026-05-25 23:59:54,866 ] 110 root - INFO - Saved mobile_subscriptions_raw.csv
[ 2026-05-25 23:59:54,866 ] 41 root - INFO - Fetching broadband_subscriptions
[ 2026-05-25 23:59:54,934 ] 110 root - INFO - Saved broadband_subscriptions_raw.csv
[ 2026-05-25 23:59:54,935 ] 41 root - INFO - Fetching secure_servers
[ 2026-05-25 23:59:55,029 ] 110 root - INFO - Saved secure_servers_raw.csv
[ 2026-05-25 23:59:55,029 ] 41 root - INFO - Fetching high_tech_exports
[ 2026-05-25 23:59:55,106 ] 110 root - INFO - Saved high_tech_exports_raw.csv
[ 2026-05-25 23:59:55,106 ] 41 root - INFO - Fetching rnd_expenditure
[ 2026-05-25 23:59:55,189 ] 110 root - INFO - Saved rnd_expenditure_raw.csv
[ 2026-05-25 23:59:55,189 ] 41 root - INFO - Fetching renewable_energy
[ 2026-05-25 23:59:55,293 ] 110 root - INFO - Saved renewable_energy_raw.csv
[ 2026-05-25 23:59:55,293 ] 41 root - INFO - Fetching forest_area
[ 2026-05-25 23:59:55,410 ] 110 root - INFO - Saved forest_area_raw.csv
[ 2026-05-25 23:59:55,410 ] 41 root - INFO - Fetching air_pollution
[ 2026-05-25 23:59:55,527 ] 110 root - INFO - Saved air_pollution_raw.csv
[ 2026-05-25 23:59:55,527 ] 41 root - INFO - Fetching electricity_access
[ 2026-05-25 23:59:55,615 ] 110 root - INFO - Saved electricity_access_raw.csv
[ 2026-05-25 23:59:55,615 ] 41 root - INFO - Fetching military_expenditure
[ 2026-05-25 23:59:55,702 ] 110 root - INFO - Saved military_expenditure_raw.csv
[ 2026-05-25 23:59:55,702 ] 41 root - INFO - Fetching military_percent_gdp
[ 2026-05-25 23:59:55,786 ] 110 root - INFO - Saved military_percent_gdp_raw.csv
[ 2026-05-25 23:59:55,786 ] 41 root - INFO - Fetching armed_forces_personnel
[ 2026-05-25 23:59:55,867 ] 110 root - INFO - Saved armed_forces_personnel_raw.csv
[ 2026-05-25 23:59:55,870 ] 23 root - INFO - Data Ingestion Completed
[ 2026-05-25 23:59:55,872 ] 22 root - INFO - Loading data from artifacts\data_ingestion\raw_data\gdp_raw.csv
[ 2026-05-25 23:59:55,876 ] 26 root - INFO - Data loaded successfully
[ 2026-05-25 23:59:55,876 ] 396 root - INFO - Starting preprocessing pipeline
[ 2026-05-25 23:59:55,877 ] 53 root - INFO - Schema validation successful
[ 2026-05-25 23:59:55,877 ] 65 root - INFO - Standardizing columns
[ 2026-05-25 23:59:55,884 ] 94 root - INFO - Column standardization completed
[ 2026-05-25 23:59:55,884 ] 108 root - INFO - Converting datatypes
[ 2026-05-25 23:59:55,885 ] 125 root - INFO - Datatype conversion completed
[ 2026-05-25 23:59:55,885 ] 139 root - INFO - Handling missing values
[ 2026-05-25 23:59:55,889 ] 156 root - INFO - Missing value handling completed from (66, 5) to (65, 5)
[ 2026-05-25 23:59:55,889 ] 174 root - INFO - Removing duplicates
[ 2026-05-25 23:59:55,891 ] 188 root - INFO - Duplicates removed from (65, 5) to (65, 5)
[ 2026-05-25 23:59:55,891 ] 208 root - INFO - Filtering valid years
[ 2026-05-25 23:59:55,892 ] 217 root - INFO - Year filtering completed
[ 2026-05-25 23:59:55,893 ] 231 root - INFO - Sorting dataframe
[ 2026-05-25 23:59:55,895 ] 242 root - INFO - Sorting completed
[ 2026-05-25 23:59:55,896 ] 432 root - INFO - Preprocessing pipeline completed
[ 2026-05-25 23:59:55,899 ] 382 root - INFO - Processed dataframe saved at artifacts\data_processing\processed_data\gdp_data.csv
[ 2026-05-25 23:59:55,900 ] 354 root - INFO - Metadata saved at artifacts\data_processing\metadata\gdp_metadata.json
[ 2026-05-25 23:59:55,900 ] 484 root - INFO - GDP processing completed
[ 2026-05-25 23:59:55,903 ] 22 root - INFO - Loading data from artifacts\data_ingestion\raw_data\gdp_per_capita_raw.csv
[ 2026-05-25 23:59:55,907 ] 26 root - INFO - Data loaded successfully
[ 2026-05-25 23:59:55,907 ] 396 root - INFO - Starting preprocessing pipeline
[ 2026-05-25 23:59:55,908 ] 53 root - INFO - Schema validation successful
[ 2026-05-25 23:59:55,908 ] 65 root - INFO - Standardizing columns
[ 2026-05-25 23:59:55,910 ] 94 root - INFO - Column standardization completed
[ 2026-05-25 23:59:55,910 ] 108 root - INFO - Converting datatypes
[ 2026-05-25 23:59:55,911 ] 125 root - INFO - Datatype conversion completed
[ 2026-05-25 23:59:55,911 ] 139 root - INFO - Handling missing values
[ 2026-05-25 23:59:55,914 ] 156 root - INFO - Missing value handling completed from (66, 5) to (65, 5)
[ 2026-05-25 23:59:55,914 ] 174 root - INFO - Removing duplicates
[ 2026-05-25 23:59:55,915 ] 188 root - INFO - Duplicates removed from (65, 5) to (65, 5)
[ 2026-05-25 23:59:55,915 ] 208 root - INFO - Filtering valid years
[ 2026-05-25 23:59:55,916 ] 217 root - INFO - Year filtering completed
[ 2026-05-25 23:59:55,916 ] 231 root - INFO - Sorting dataframe
[ 2026-05-25 23:59:55,919 ] 242 root - INFO - Sorting completed
[ 2026-05-25 23:59:55,920 ] 432 root - INFO - Preprocessing pipeline completed
[ 2026-05-25 23:59:55,924 ] 382 root - INFO - Processed dataframe saved at artifacts\data_processing\processed_data\gdp_per_capita_data.csv
[ 2026-05-25 23:59:55,925 ] 354 root - INFO - Metadata saved at artifacts\data_processing\metadata\gdp_per_capita_metadata.json
[ 2026-05-25 23:59:55,925 ] 484 root - INFO - GDP_Per_Capita processing completed
[ 2026-05-25 23:59:55,926 ] 22 root - INFO - Loading data from artifacts\data_ingestion\raw_data\inflation_raw.csv
[ 2026-05-25 23:59:55,930 ] 26 root - INFO - Data loaded successfully
[ 2026-05-25 23:59:55,930 ] 396 root - INFO - Starting preprocessing pipeline
[ 2026-05-25 23:59:55,930 ] 53 root - INFO - Schema validation successful
[ 2026-05-25 23:59:55,931 ] 65 root - INFO - Standardizing columns
[ 2026-05-25 23:59:55,933 ] 94 root - INFO - Column standardization completed
[ 2026-05-25 23:59:55,933 ] 108 root - INFO - Converting datatypes
[ 2026-05-25 23:59:55,933 ] 125 root - INFO - Datatype conversion completed
[ 2026-05-25 23:59:55,933 ] 139 root - INFO - Handling missing values
[ 2026-05-25 23:59:55,936 ] 156 root - INFO - Missing value handling completed from (66, 5) to (65, 5)
[ 2026-05-25 23:59:55,936 ] 174 root - INFO - Removing duplicates
[ 2026-05-25 23:59:55,938 ] 188 root - INFO - Duplicates removed from (65, 5) to (65, 5)
[ 2026-05-25 23:59:55,938 ] 208 root - INFO - Filtering valid years
[ 2026-05-25 23:59:55,938 ] 217 root - INFO - Year filtering completed
[ 2026-05-25 23:59:55,938 ] 231 root - INFO - Sorting dataframe
[ 2026-05-25 23:59:55,941 ] 242 root - INFO - Sorting completed
[ 2026-05-25 23:59:55,941 ] 432 root - INFO - Preprocessing pipeline completed
[ 2026-05-25 23:59:55,944 ] 382 root - INFO - Processed dataframe saved at artifacts\data_processing\processed_data\inflation_data.csv
[ 2026-05-25 23:59:55,946 ] 354 root - INFO - Metadata saved at artifacts\data_processing\metadata\inflation_metadata.json
[ 2026-05-25 23:59:55,946 ] 484 root - INFO - Inflation processing completed
[ 2026-05-25 23:59:55,947 ] 22 root - INFO - Loading data from artifacts\data_ingestion\raw_data\interest_rate_raw.csv
[ 2026-05-25 23:59:55,950 ] 26 root - INFO - Data loaded successfully
[ 2026-05-25 23:59:55,950 ] 396 root - INFO - Starting preprocessing pipeline
[ 2026-05-25 23:59:55,950 ] 53 root - INFO - Schema validation successful
[ 2026-05-25 23:59:55,950 ] 65 root - INFO - Standardizing columns
[ 2026-05-25 23:59:55,952 ] 94 root - INFO - Column standardization completed
[ 2026-05-25 23:59:55,952 ] 108 root - INFO - Converting datatypes
[ 2026-05-25 23:59:55,953 ] 125 root - INFO - Datatype conversion completed
[ 2026-05-25 23:59:55,953 ] 139 root - INFO - Handling missing values
[ 2026-05-25 23:59:55,956 ] 156 root - INFO - Missing value handling completed from (66, 5) to (45, 5)
[ 2026-05-25 23:59:55,956 ] 174 root - INFO - Removing duplicates
[ 2026-05-25 23:59:55,957 ] 188 root - INFO - Duplicates removed from (45, 5) to (45, 5)
[ 2026-05-25 23:59:55,957 ] 208 root - INFO - Filtering valid years
[ 2026-05-25 23:59:55,958 ] 217 root - INFO - Year filtering completed
[ 2026-05-25 23:59:55,958 ] 231 root - INFO - Sorting dataframe
[ 2026-05-25 23:59:55,960 ] 242 root - INFO - Sorting completed
[ 2026-05-25 23:59:55,961 ] 432 root - INFO - Preprocessing pipeline completed
[ 2026-05-25 23:59:55,964 ] 382 root - INFO - Processed dataframe saved at artifacts\data_processing\processed_data\interest_rate_data.csv
[ 2026-05-25 23:59:55,965 ] 354 root - INFO - Metadata saved at artifacts\data_processing\metadata\interest_rate_metadata.json
[ 2026-05-25 23:59:55,965 ] 484 root - INFO - Interest_Rate processing completed
[ 2026-05-25 23:59:55,966 ] 22 root - INFO - Loading data from artifacts\data_ingestion\raw_data\forex_reserves_raw.csv
[ 2026-05-25 23:59:55,969 ] 26 root - INFO - Data loaded successfully
[ 2026-05-25 23:59:55,969 ] 396 root - INFO - Starting preprocessing pipeline
[ 2026-05-25 23:59:55,969 ] 53 root - INFO - Schema validation successful
[ 2026-05-25 23:59:55,969 ] 65 root - INFO - Standardizing columns
[ 2026-05-25 23:59:55,971 ] 94 root - INFO - Column standardization completed
[ 2026-05-25 23:59:55,971 ] 108 root - INFO - Converting datatypes
[ 2026-05-25 23:59:55,972 ] 125 root - INFO - Datatype conversion completed
[ 2026-05-25 23:59:55,972 ] 139 root - INFO - Handling missing values
[ 2026-05-25 23:59:55,974 ] 156 root - INFO - Missing value handling completed from (66, 5) to (65, 5)
[ 2026-05-25 23:59:55,975 ] 174 root - INFO - Removing duplicates
[ 2026-05-25 23:59:55,976 ] 188 root - INFO - Duplicates removed from (65, 5) to (65, 5)
[ 2026-05-25 23:59:55,976 ] 208 root - INFO - Filtering valid years
[ 2026-05-25 23:59:55,976 ] 217 root - INFO - Year filtering completed
[ 2026-05-25 23:59:55,977 ] 231 root - INFO - Sorting dataframe
[ 2026-05-25 23:59:55,978 ] 242 root - INFO - Sorting completed
[ 2026-05-25 23:59:55,979 ] 432 root - INFO - Preprocessing pipeline completed
[ 2026-05-25 23:59:55,982 ] 382 root - INFO - Processed dataframe saved at artifacts\data_processing\processed_data\forex_reserves_data.csv
[ 2026-05-25 23:59:55,983 ] 354 root - INFO - Metadata saved at artifacts\data_processing\metadata\forex_reserves_metadata.json
[ 2026-05-25 23:59:55,984 ] 484 root - INFO - Forex_Reserves processing completed
[ 2026-05-25 23:59:55,985 ] 22 root - INFO - Loading data from artifacts\data_ingestion\raw_data\current_account_balance_raw.csv
[ 2026-05-25 23:59:55,988 ] 26 root - INFO - Data loaded successfully
[ 2026-05-25 23:59:55,989 ] 396 root - INFO - Starting preprocessing pipeline
[ 2026-05-25 23:59:55,989 ] 53 root - INFO - Schema validation successful
[ 2026-05-25 23:59:55,989 ] 65 root - INFO - Standardizing columns
[ 2026-05-25 23:59:55,991 ] 94 root - INFO - Column standardization completed
[ 2026-05-25 23:59:55,991 ] 108 root - INFO - Converting datatypes
[ 2026-05-25 23:59:55,991 ] 125 root - INFO - Datatype conversion completed
[ 2026-05-25 23:59:55,991 ] 139 root - INFO - Handling missing values
[ 2026-05-25 23:59:55,994 ] 156 root - INFO - Missing value handling completed from (66, 5) to (50, 5)
[ 2026-05-25 23:59:55,994 ] 174 root - INFO - Removing duplicates
[ 2026-05-25 23:59:55,995 ] 188 root - INFO - Duplicates removed from (50, 5) to (50, 5)
[ 2026-05-25 23:59:55,995 ] 208 root - INFO - Filtering valid years
[ 2026-05-25 23:59:55,996 ] 217 root - INFO - Year filtering completed
[ 2026-05-25 23:59:55,996 ] 231 root - INFO - Sorting dataframe
[ 2026-05-25 23:59:55,997 ] 242 root - INFO - Sorting completed
[ 2026-05-25 23:59:55,998 ] 432 root - INFO - Preprocessing pipeline completed
[ 2026-05-25 23:59:56,001 ] 382 root - INFO - Processed dataframe saved at artifacts\data_processing\processed_data\current_account_balance_data.csv
[ 2026-05-25 23:59:56,002 ] 354 root - INFO - Metadata saved at artifacts\data_processing\metadata\current_account_balance_metadata.json
[ 2026-05-25 23:59:56,002 ] 484 root - INFO - Current_Account_Balance processing completed
[ 2026-05-25 23:59:56,003 ] 22 root - INFO - Loading data from artifacts\data_ingestion\raw_data\fdi_raw.csv
[ 2026-05-25 23:59:56,007 ] 26 root - INFO - Data loaded successfully
[ 2026-05-25 23:59:56,007 ] 396 root - INFO - Starting preprocessing pipeline
[ 2026-05-25 23:59:56,007 ] 53 root - INFO - Schema validation successful
[ 2026-05-25 23:59:56,007 ] 65 root - INFO - Standardizing columns
[ 2026-05-25 23:59:56,009 ] 94 root - INFO - Column standardization completed
[ 2026-05-25 23:59:56,009 ] 108 root - INFO - Converting datatypes
[ 2026-05-25 23:59:56,010 ] 125 root - INFO - Datatype conversion completed
[ 2026-05-25 23:59:56,010 ] 139 root - INFO - Handling missing values
[ 2026-05-25 23:59:56,014 ] 156 root - INFO - Missing value handling completed from (66, 5) to (55, 5)
[ 2026-05-25 23:59:56,014 ] 174 root - INFO - Removing duplicates
[ 2026-05-25 23:59:56,016 ] 188 root - INFO - Duplicates removed from (55, 5) to (55, 5)
[ 2026-05-25 23:59:56,016 ] 208 root - INFO - Filtering valid years
[ 2026-05-25 23:59:56,017 ] 217 root - INFO - Year filtering completed
[ 2026-05-25 23:59:56,017 ] 231 root - INFO - Sorting dataframe
[ 2026-05-25 23:59:56,019 ] 242 root - INFO - Sorting completed
[ 2026-05-25 23:59:56,021 ] 432 root - INFO - Preprocessing pipeline completed
[ 2026-05-25 23:59:56,025 ] 382 root - INFO - Processed dataframe saved at artifacts\data_processing\processed_data\fdi_data.csv
[ 2026-05-25 23:59:56,027 ] 354 root - INFO - Metadata saved at artifacts\data_processing\metadata\fdi_metadata.json
[ 2026-05-25 23:59:56,027 ] 484 root - INFO - FDI processing completed
[ 2026-05-25 23:59:56,029 ] 22 root - INFO - Loading data from artifacts\data_ingestion\raw_data\unemployment_raw.csv
[ 2026-05-25 23:59:56,033 ] 26 root - INFO - Data loaded successfully
[ 2026-05-25 23:59:56,033 ] 396 root - INFO - Starting preprocessing pipeline
[ 2026-05-25 23:59:56,033 ] 53 root - INFO - Schema validation successful
[ 2026-05-25 23:59:56,033 ] 65 root - INFO - Standardizing columns
[ 2026-05-25 23:59:56,035 ] 94 root - INFO - Column standardization completed
[ 2026-05-25 23:59:56,035 ] 108 root - INFO - Converting datatypes
[ 2026-05-25 23:59:56,036 ] 125 root - INFO - Datatype conversion completed
[ 2026-05-25 23:59:56,036 ] 139 root - INFO - Handling missing values
[ 2026-05-25 23:59:56,040 ] 156 root - INFO - Missing value handling completed from (66, 5) to (35, 5)
[ 2026-05-25 23:59:56,040 ] 174 root - INFO - Removing duplicates
[ 2026-05-25 23:59:56,041 ] 188 root - INFO - Duplicates removed from (35, 5) to (35, 5)
[ 2026-05-25 23:59:56,041 ] 208 root - INFO - Filtering valid years
[ 2026-05-25 23:59:56,042 ] 217 root - INFO - Year filtering completed
[ 2026-05-25 23:59:56,042 ] 231 root - INFO - Sorting dataframe
[ 2026-05-25 23:59:56,044 ] 242 root - INFO - Sorting completed
[ 2026-05-25 23:59:56,045 ] 432 root - INFO - Preprocessing pipeline completed
[ 2026-05-25 23:59:56,049 ] 382 root - INFO - Processed dataframe saved at artifacts\data_processing\processed_data\unemployment_data.csv
[ 2026-05-25 23:59:56,050 ] 354 root - INFO - Metadata saved at artifacts\data_processing\metadata\unemployment_metadata.json
[ 2026-05-25 23:59:56,050 ] 484 root - INFO - Unemployment processing completed
[ 2026-05-25 23:59:56,052 ] 22 root - INFO - Loading data from artifacts\data_ingestion\raw_data\population_raw.csv
[ 2026-05-25 23:59:56,056 ] 26 root - INFO - Data loaded successfully
[ 2026-05-25 23:59:56,056 ] 396 root - INFO - Starting preprocessing pipeline
[ 2026-05-25 23:59:56,056 ] 53 root - INFO - Schema validation successful
[ 2026-05-25 23:59:56,056 ] 65 root - INFO - Standardizing columns
[ 2026-05-25 23:59:56,058 ] 94 root - INFO - Column standardization completed
[ 2026-05-25 23:59:56,058 ] 108 root - INFO - Converting datatypes
[ 2026-05-25 23:59:56,059 ] 125 root - INFO - Datatype conversion completed
[ 2026-05-25 23:59:56,059 ] 139 root - INFO - Handling missing values
[ 2026-05-25 23:59:56,062 ] 156 root - INFO - Missing value handling completed from (66, 5) to (65, 5)
[ 2026-05-25 23:59:56,062 ] 174 root - INFO - Removing duplicates
[ 2026-05-25 23:59:56,063 ] 188 root - INFO - Duplicates removed from (65, 5) to (65, 5)
[ 2026-05-25 23:59:56,063 ] 208 root - INFO - Filtering valid years
[ 2026-05-25 23:59:56,064 ] 217 root - INFO - Year filtering completed
[ 2026-05-25 23:59:56,064 ] 231 root - INFO - Sorting dataframe
[ 2026-05-25 23:59:56,066 ] 242 root - INFO - Sorting completed
[ 2026-05-25 23:59:56,067 ] 432 root - INFO - Preprocessing pipeline completed
[ 2026-05-25 23:59:56,070 ] 382 root - INFO - Processed dataframe saved at artifacts\data_processing\processed_data\population_data.csv
[ 2026-05-25 23:59:56,071 ] 354 root - INFO - Metadata saved at artifacts\data_processing\metadata\population_metadata.json
[ 2026-05-25 23:59:56,071 ] 484 root - INFO - Population processing completed
[ 2026-05-25 23:59:56,072 ] 22 root - INFO - Loading data from artifacts\data_ingestion\raw_data\population_growth_raw.csv
[ 2026-05-25 23:59:56,075 ] 26 root - INFO - Data loaded successfully
[ 2026-05-25 23:59:56,075 ] 396 root - INFO - Starting preprocessing pipeline
[ 2026-05-25 23:59:56,076 ] 53 root - INFO - Schema validation successful
[ 2026-05-25 23:59:56,076 ] 65 root - INFO - Standardizing columns
[ 2026-05-25 23:59:56,077 ] 94 root - INFO - Column standardization completed
[ 2026-05-25 23:59:56,077 ] 108 root - INFO - Converting datatypes
[ 2026-05-25 23:59:56,078 ] 125 root - INFO - Datatype conversion completed
[ 2026-05-25 23:59:56,078 ] 139 root - INFO - Handling missing values
[ 2026-05-25 23:59:56,082 ] 156 root - INFO - Missing value handling completed from (66, 5) to (64, 5)
[ 2026-05-25 23:59:56,082 ] 174 root - INFO - Removing duplicates
[ 2026-05-25 23:59:56,083 ] 188 root - INFO - Duplicates removed from (64, 5) to (64, 5)
[ 2026-05-25 23:59:56,083 ] 208 root - INFO - Filtering valid years
[ 2026-05-25 23:59:56,084 ] 217 root - INFO - Year filtering completed
[ 2026-05-25 23:59:56,084 ] 231 root - INFO - Sorting dataframe
[ 2026-05-25 23:59:56,086 ] 242 root - INFO - Sorting completed
[ 2026-05-25 23:59:56,087 ] 432 root - INFO - Preprocessing pipeline completed
[ 2026-05-25 23:59:56,091 ] 382 root - INFO - Processed dataframe saved at artifacts\data_processing\processed_data\population_growth_data.csv
[ 2026-05-25 23:59:56,091 ] 354 root - INFO - Metadata saved at artifacts\data_processing\metadata\population_growth_metadata.json
[ 2026-05-25 23:59:56,093 ] 484 root - INFO - Population_Growth processing completed
[ 2026-05-25 23:59:56,094 ] 22 root - INFO - Loading data from artifacts\data_ingestion\raw_data\population_density_raw.csv
[ 2026-05-25 23:59:56,098 ] 26 root - INFO - Data loaded successfully
[ 2026-05-25 23:59:56,098 ] 396 root - INFO - Starting preprocessing pipeline
[ 2026-05-25 23:59:56,098 ] 53 root - INFO - Schema validation successful
[ 2026-05-25 23:59:56,098 ] 65 root - INFO - Standardizing columns
[ 2026-05-25 23:59:56,100 ] 94 root - INFO - Column standardization completed
[ 2026-05-25 23:59:56,101 ] 108 root - INFO - Converting datatypes
[ 2026-05-25 23:59:56,102 ] 125 root - INFO - Datatype conversion completed
[ 2026-05-25 23:59:56,102 ] 139 root - INFO - Handling missing values
[ 2026-05-25 23:59:56,106 ] 156 root - INFO - Missing value handling completed from (66, 5) to (63, 5)
[ 2026-05-25 23:59:56,107 ] 174 root - INFO - Removing duplicates
[ 2026-05-25 23:59:56,109 ] 188 root - INFO - Duplicates removed from (63, 5) to (63, 5)
[ 2026-05-25 23:59:56,109 ] 208 root - INFO - Filtering valid years
[ 2026-05-25 23:59:56,110 ] 217 root - INFO - Year filtering completed
[ 2026-05-25 23:59:56,110 ] 231 root - INFO - Sorting dataframe
[ 2026-05-25 23:59:56,114 ] 242 root - INFO - Sorting completed
[ 2026-05-25 23:59:56,115 ] 432 root - INFO - Preprocessing pipeline completed
[ 2026-05-25 23:59:56,120 ] 382 root - INFO - Processed dataframe saved at artifacts\data_processing\processed_data\population_density_data.csv
[ 2026-05-25 23:59:56,122 ] 354 root - INFO - Metadata saved at artifacts\data_processing\metadata\population_density_metadata.json
[ 2026-05-25 23:59:56,122 ] 484 root - INFO - Population_Density processing completed
[ 2026-05-25 23:59:56,124 ] 22 root - INFO - Loading data from artifacts\data_ingestion\raw_data\urbanization_raw.csv
[ 2026-05-25 23:59:56,129 ] 26 root - INFO - Data loaded successfully
[ 2026-05-25 23:59:56,129 ] 396 root - INFO - Starting preprocessing pipeline
[ 2026-05-25 23:59:56,129 ] 53 root - INFO - Schema validation successful
[ 2026-05-25 23:59:56,129 ] 65 root - INFO - Standardizing columns
[ 2026-05-25 23:59:56,131 ] 94 root - INFO - Column standardization completed
[ 2026-05-25 23:59:56,131 ] 108 root - INFO - Converting datatypes
[ 2026-05-25 23:59:56,132 ] 125 root - INFO - Datatype conversion completed
[ 2026-05-25 23:59:56,132 ] 139 root - INFO - Handling missing values
[ 2026-05-25 23:59:56,136 ] 156 root - INFO - Missing value handling completed from (66, 5) to (65, 5)
[ 2026-05-25 23:59:56,136 ] 174 root - INFO - Removing duplicates
[ 2026-05-25 23:59:56,138 ] 188 root - INFO - Duplicates removed from (65, 5) to (65, 5)
[ 2026-05-25 23:59:56,139 ] 208 root - INFO - Filtering valid years
[ 2026-05-25 23:59:56,140 ] 217 root - INFO - Year filtering completed
[ 2026-05-25 23:59:56,140 ] 231 root - INFO - Sorting dataframe
[ 2026-05-25 23:59:56,143 ] 242 root - INFO - Sorting completed
[ 2026-05-25 23:59:56,145 ] 432 root - INFO - Preprocessing pipeline completed
[ 2026-05-25 23:59:56,149 ] 382 root - INFO - Processed dataframe saved at artifacts\data_processing\processed_data\urbanization_data.csv
[ 2026-05-25 23:59:56,151 ] 354 root - INFO - Metadata saved at artifacts\data_processing\metadata\urbanization_metadata.json
[ 2026-05-25 23:59:56,151 ] 484 root - INFO - Urbanization processing completed
[ 2026-05-25 23:59:56,153 ] 22 root - INFO - Loading data from artifacts\data_ingestion\raw_data\birth_rate_raw.csv
[ 2026-05-25 23:59:56,158 ] 26 root - INFO - Data loaded successfully
[ 2026-05-25 23:59:56,159 ] 396 root - INFO - Starting preprocessing pipeline
[ 2026-05-25 23:59:56,159 ] 53 root - INFO - Schema validation successful
[ 2026-05-25 23:59:56,159 ] 65 root - INFO - Standardizing columns
[ 2026-05-25 23:59:56,161 ] 94 root - INFO - Column standardization completed
[ 2026-05-25 23:59:56,162 ] 108 root - INFO - Converting datatypes
[ 2026-05-25 23:59:56,163 ] 125 root - INFO - Datatype conversion completed
[ 2026-05-25 23:59:56,163 ] 139 root - INFO - Handling missing values
[ 2026-05-25 23:59:56,168 ] 156 root - INFO - Missing value handling completed from (66, 5) to (65, 5)
[ 2026-05-25 23:59:56,168 ] 174 root - INFO - Removing duplicates
[ 2026-05-25 23:59:56,170 ] 188 root - INFO - Duplicates removed from (65, 5) to (65, 5)
[ 2026-05-25 23:59:56,171 ] 208 root - INFO - Filtering valid years
[ 2026-05-25 23:59:56,172 ] 217 root - INFO - Year filtering completed
[ 2026-05-25 23:59:56,172 ] 231 root - INFO - Sorting dataframe
[ 2026-05-25 23:59:56,175 ] 242 root - INFO - Sorting completed
[ 2026-05-25 23:59:56,177 ] 432 root - INFO - Preprocessing pipeline completed
[ 2026-05-25 23:59:56,183 ] 382 root - INFO - Processed dataframe saved at artifacts\data_processing\processed_data\birth_rate_data.csv
[ 2026-05-25 23:59:56,185 ] 354 root - INFO - Metadata saved at artifacts\data_processing\metadata\birth_rate_metadata.json
[ 2026-05-25 23:59:56,185 ] 484 root - INFO - Birth_Rate processing completed
[ 2026-05-25 23:59:56,188 ] 22 root - INFO - Loading data from artifacts\data_ingestion\raw_data\death_rate_raw.csv
[ 2026-05-25 23:59:56,194 ] 26 root - INFO - Data loaded successfully
[ 2026-05-25 23:59:56,194 ] 396 root - INFO - Starting preprocessing pipeline
[ 2026-05-25 23:59:56,194 ] 53 root - INFO - Schema validation successful
[ 2026-05-25 23:59:56,194 ] 65 root - INFO - Standardizing columns
[ 2026-05-25 23:59:56,196 ] 94 root - INFO - Column standardization completed
[ 2026-05-25 23:59:56,196 ] 108 root - INFO - Converting datatypes
[ 2026-05-25 23:59:56,197 ] 125 root - INFO - Datatype conversion completed
[ 2026-05-25 23:59:56,197 ] 139 root - INFO - Handling missing values
[ 2026-05-25 23:59:56,201 ] 156 root - INFO - Missing value handling completed from (66, 5) to (65, 5)
[ 2026-05-25 23:59:56,201 ] 174 root - INFO - Removing duplicates
[ 2026-05-25 23:59:56,203 ] 188 root - INFO - Duplicates removed from (65, 5) to (65, 5)
[ 2026-05-25 23:59:56,203 ] 208 root - INFO - Filtering valid years
[ 2026-05-25 23:59:56,204 ] 217 root - INFO - Year filtering completed
[ 2026-05-25 23:59:56,204 ] 231 root - INFO - Sorting dataframe
[ 2026-05-25 23:59:56,207 ] 242 root - INFO - Sorting completed
[ 2026-05-25 23:59:56,208 ] 432 root - INFO - Preprocessing pipeline completed
[ 2026-05-25 23:59:56,211 ] 382 root - INFO - Processed dataframe saved at artifacts\data_processing\processed_data\death_rate_data.csv
[ 2026-05-25 23:59:56,214 ] 354 root - INFO - Metadata saved at artifacts\data_processing\metadata\death_rate_metadata.json
[ 2026-05-25 23:59:56,214 ] 484 root - INFO - Death_Rate processing completed
[ 2026-05-25 23:59:56,215 ] 22 root - INFO - Loading data from artifacts\data_ingestion\raw_data\life_expectancy_raw.csv
[ 2026-05-25 23:59:56,220 ] 26 root - INFO - Data loaded successfully
[ 2026-05-25 23:59:56,220 ] 396 root - INFO - Starting preprocessing pipeline
[ 2026-05-25 23:59:56,221 ] 53 root - INFO - Schema validation successful
[ 2026-05-25 23:59:56,221 ] 65 root - INFO - Standardizing columns
[ 2026-05-25 23:59:56,223 ] 94 root - INFO - Column standardization completed
[ 2026-05-25 23:59:56,223 ] 108 root - INFO - Converting datatypes
[ 2026-05-25 23:59:56,224 ] 125 root - INFO - Datatype conversion completed
[ 2026-05-25 23:59:56,224 ] 139 root - INFO - Handling missing values
[ 2026-05-25 23:59:56,227 ] 156 root - INFO - Missing value handling completed from (66, 5) to (65, 5)
[ 2026-05-25 23:59:56,228 ] 174 root - INFO - Removing duplicates
[ 2026-05-25 23:59:56,229 ] 188 root - INFO - Duplicates removed from (65, 5) to (65, 5)
[ 2026-05-25 23:59:56,229 ] 208 root - INFO - Filtering valid years
[ 2026-05-25 23:59:56,230 ] 217 root - INFO - Year filtering completed
[ 2026-05-25 23:59:56,230 ] 231 root - INFO - Sorting dataframe
[ 2026-05-25 23:59:56,233 ] 242 root - INFO - Sorting completed
[ 2026-05-25 23:59:56,234 ] 432 root - INFO - Preprocessing pipeline completed
[ 2026-05-25 23:59:56,239 ] 382 root - INFO - Processed dataframe saved at artifacts\data_processing\processed_data\life_expectancy_data.csv
[ 2026-05-25 23:59:56,241 ] 354 root - INFO - Metadata saved at artifacts\data_processing\metadata\life_expectancy_metadata.json
[ 2026-05-25 23:59:56,241 ] 484 root - INFO - Life_Expectancy processing completed
[ 2026-05-25 23:59:56,243 ] 22 root - INFO - Loading data from artifacts\data_ingestion\raw_data\literacy_rate_raw.csv
[ 2026-05-25 23:59:56,246 ] 26 root - INFO - Data loaded successfully
[ 2026-05-25 23:59:56,247 ] 396 root - INFO - Starting preprocessing pipeline
[ 2026-05-25 23:59:56,247 ] 53 root - INFO - Schema validation successful
[ 2026-05-25 23:59:56,247 ] 65 root - INFO - Standardizing columns
[ 2026-05-25 23:59:56,249 ] 94 root - INFO - Column standardization completed
[ 2026-05-25 23:59:56,249 ] 108 root - INFO - Converting datatypes
[ 2026-05-25 23:59:56,250 ] 125 root - INFO - Datatype conversion completed
[ 2026-05-25 23:59:56,251 ] 139 root - INFO - Handling missing values
[ 2026-05-25 23:59:56,257 ] 156 root - INFO - Missing value handling completed from (66, 5) to (14, 5)
[ 2026-05-25 23:59:56,257 ] 174 root - INFO - Removing duplicates
[ 2026-05-25 23:59:56,265 ] 188 root - INFO - Duplicates removed from (14, 5) to (14, 5)
[ 2026-05-25 23:59:56,266 ] 208 root - INFO - Filtering valid years
[ 2026-05-25 23:59:56,267 ] 217 root - INFO - Year filtering completed
[ 2026-05-25 23:59:56,267 ] 231 root - INFO - Sorting dataframe
[ 2026-05-25 23:59:56,272 ] 242 root - INFO - Sorting completed
[ 2026-05-25 23:59:56,276 ] 432 root - INFO - Preprocessing pipeline completed
[ 2026-05-25 23:59:56,283 ] 382 root - INFO - Processed dataframe saved at artifacts\data_processing\processed_data\literacy_rate_data.csv
[ 2026-05-25 23:59:56,288 ] 354 root - INFO - Metadata saved at artifacts\data_processing\metadata\literacy_rate_metadata.json
[ 2026-05-25 23:59:56,288 ] 484 root - INFO - Literacy_Rate processing completed
[ 2026-05-25 23:59:56,291 ] 22 root - INFO - Loading data from artifacts\data_ingestion\raw_data\exports_raw.csv
[ 2026-05-25 23:59:56,301 ] 26 root - INFO - Data loaded successfully
[ 2026-05-25 23:59:56,301 ] 396 root - INFO - Starting preprocessing pipeline
[ 2026-05-25 23:59:56,302 ] 53 root - INFO - Schema validation successful
[ 2026-05-25 23:59:56,303 ] 65 root - INFO - Standardizing columns
[ 2026-05-25 23:59:56,307 ] 94 root - INFO - Column standardization completed
[ 2026-05-25 23:59:56,308 ] 108 root - INFO - Converting datatypes
[ 2026-05-25 23:59:56,310 ] 125 root - INFO - Datatype conversion completed
[ 2026-05-25 23:59:56,310 ] 139 root - INFO - Handling missing values
[ 2026-05-25 23:59:56,319 ] 156 root - INFO - Missing value handling completed from (66, 5) to (65, 5)
[ 2026-05-25 23:59:56,319 ] 174 root - INFO - Removing duplicates
[ 2026-05-25 23:59:56,324 ] 188 root - INFO - Duplicates removed from (65, 5) to (65, 5)
[ 2026-05-25 23:59:56,325 ] 208 root - INFO - Filtering valid years
[ 2026-05-25 23:59:56,327 ] 217 root - INFO - Year filtering completed
[ 2026-05-25 23:59:56,327 ] 231 root - INFO - Sorting dataframe
[ 2026-05-25 23:59:56,333 ] 242 root - INFO - Sorting completed
[ 2026-05-25 23:59:56,337 ] 432 root - INFO - Preprocessing pipeline completed
[ 2026-05-25 23:59:56,348 ] 382 root - INFO - Processed dataframe saved at artifacts\data_processing\processed_data\exports_data.csv
[ 2026-05-25 23:59:56,351 ] 354 root - INFO - Metadata saved at artifacts\data_processing\metadata\exports_metadata.json
[ 2026-05-25 23:59:56,352 ] 484 root - INFO - Exports processing completed
[ 2026-05-25 23:59:56,356 ] 22 root - INFO - Loading data from artifacts\data_ingestion\raw_data\imports_raw.csv
[ 2026-05-25 23:59:56,364 ] 26 root - INFO - Data loaded successfully
[ 2026-05-25 23:59:56,365 ] 396 root - INFO - Starting preprocessing pipeline
[ 2026-05-25 23:59:56,365 ] 53 root - INFO - Schema validation successful
[ 2026-05-25 23:59:56,365 ] 65 root - INFO - Standardizing columns
[ 2026-05-25 23:59:56,371 ] 94 root - INFO - Column standardization completed
[ 2026-05-25 23:59:56,371 ] 108 root - INFO - Converting datatypes
[ 2026-05-25 23:59:56,372 ] 125 root - INFO - Datatype conversion completed
[ 2026-05-25 23:59:56,373 ] 139 root - INFO - Handling missing values
[ 2026-05-25 23:59:56,395 ] 156 root - INFO - Missing value handling completed from (66, 5) to (65, 5)
[ 2026-05-25 23:59:56,395 ] 174 root - INFO - Removing duplicates
[ 2026-05-25 23:59:56,400 ] 188 root - INFO - Duplicates removed from (65, 5) to (65, 5)
[ 2026-05-25 23:59:56,400 ] 208 root - INFO - Filtering valid years
[ 2026-05-25 23:59:56,403 ] 217 root - INFO - Year filtering completed
[ 2026-05-25 23:59:56,403 ] 231 root - INFO - Sorting dataframe
[ 2026-05-25 23:59:56,408 ] 242 root - INFO - Sorting completed
[ 2026-05-25 23:59:56,411 ] 432 root - INFO - Preprocessing pipeline completed
[ 2026-05-25 23:59:56,418 ] 382 root - INFO - Processed dataframe saved at artifacts\data_processing\processed_data\imports_data.csv
[ 2026-05-25 23:59:56,423 ] 354 root - INFO - Metadata saved at artifacts\data_processing\metadata\imports_metadata.json
[ 2026-05-25 23:59:56,423 ] 484 root - INFO - Imports processing completed
[ 2026-05-25 23:59:56,425 ] 22 root - INFO - Loading data from artifacts\data_ingestion\raw_data\trade_percent_gdp_raw.csv
[ 2026-05-25 23:59:56,434 ] 26 root - INFO - Data loaded successfully
[ 2026-05-25 23:59:56,434 ] 396 root - INFO - Starting preprocessing pipeline
[ 2026-05-25 23:59:56,436 ] 53 root - INFO - Schema validation successful
[ 2026-05-25 23:59:56,436 ] 65 root - INFO - Standardizing columns
[ 2026-05-25 23:59:56,439 ] 94 root - INFO - Column standardization completed
[ 2026-05-25 23:59:56,439 ] 108 root - INFO - Converting datatypes
[ 2026-05-25 23:59:56,441 ] 125 root - INFO - Datatype conversion completed
[ 2026-05-25 23:59:56,441 ] 139 root - INFO - Handling missing values
[ 2026-05-25 23:59:56,446 ] 156 root - INFO - Missing value handling completed from (66, 5) to (65, 5)
[ 2026-05-25 23:59:56,447 ] 174 root - INFO - Removing duplicates
[ 2026-05-25 23:59:56,450 ] 188 root - INFO - Duplicates removed from (65, 5) to (65, 5)
[ 2026-05-25 23:59:56,450 ] 208 root - INFO - Filtering valid years
[ 2026-05-25 23:59:56,451 ] 217 root - INFO - Year filtering completed
[ 2026-05-25 23:59:56,452 ] 231 root - INFO - Sorting dataframe
[ 2026-05-25 23:59:56,456 ] 242 root - INFO - Sorting completed
[ 2026-05-25 23:59:56,459 ] 432 root - INFO - Preprocessing pipeline completed
[ 2026-05-25 23:59:56,463 ] 382 root - INFO - Processed dataframe saved at artifacts\data_processing\processed_data\trade_percent_gdp_data.csv
[ 2026-05-25 23:59:56,465 ] 354 root - INFO - Metadata saved at artifacts\data_processing\metadata\trade_percent_gdp_metadata.json
[ 2026-05-25 23:59:56,465 ] 484 root - INFO - Trade_Percent_GDP processing completed
[ 2026-05-25 23:59:56,467 ] 22 root - INFO - Loading data from artifacts\data_ingestion\raw_data\high_tech_exports_raw.csv
[ 2026-05-25 23:59:56,472 ] 26 root - INFO - Data loaded successfully
[ 2026-05-25 23:59:56,472 ] 396 root - INFO - Starting preprocessing pipeline
[ 2026-05-25 23:59:56,473 ] 53 root - INFO - Schema validation successful
[ 2026-05-25 23:59:56,473 ] 65 root - INFO - Standardizing columns
[ 2026-05-25 23:59:56,475 ] 94 root - INFO - Column standardization completed
[ 2026-05-25 23:59:56,475 ] 108 root - INFO - Converting datatypes
[ 2026-05-25 23:59:56,476 ] 125 root - INFO - Datatype conversion completed
[ 2026-05-25 23:59:56,476 ] 139 root - INFO - Handling missing values
[ 2026-05-25 23:59:56,479 ] 156 root - INFO - Missing value handling completed from (66, 5) to (16, 5)
[ 2026-05-25 23:59:56,479 ] 174 root - INFO - Removing duplicates
[ 2026-05-25 23:59:56,481 ] 188 root - INFO - Duplicates removed from (16, 5) to (16, 5)
[ 2026-05-25 23:59:56,481 ] 208 root - INFO - Filtering valid years
[ 2026-05-25 23:59:56,482 ] 217 root - INFO - Year filtering completed
[ 2026-05-25 23:59:56,482 ] 231 root - INFO - Sorting dataframe
[ 2026-05-25 23:59:56,485 ] 242 root - INFO - Sorting completed
[ 2026-05-25 23:59:56,486 ] 432 root - INFO - Preprocessing pipeline completed
[ 2026-05-25 23:59:56,490 ] 382 root - INFO - Processed dataframe saved at artifacts\data_processing\processed_data\high_tech_exports_data.csv
[ 2026-05-25 23:59:56,491 ] 354 root - INFO - Metadata saved at artifacts\data_processing\metadata\high_tech_exports_metadata.json
[ 2026-05-25 23:59:56,491 ] 484 root - INFO - High_Tech_Exports processing completed
[ 2026-05-25 23:59:56,492 ] 22 root - INFO - Loading data from artifacts\data_ingestion\raw_data\internet_users_raw.csv
[ 2026-05-25 23:59:56,496 ] 26 root - INFO - Data loaded successfully
[ 2026-05-25 23:59:56,496 ] 396 root - INFO - Starting preprocessing pipeline
[ 2026-05-25 23:59:56,497 ] 53 root - INFO - Schema validation successful
[ 2026-05-25 23:59:56,497 ] 65 root - INFO - Standardizing columns
[ 2026-05-25 23:59:56,498 ] 94 root - INFO - Column standardization completed
[ 2026-05-25 23:59:56,498 ] 108 root - INFO - Converting datatypes
[ 2026-05-25 23:59:56,499 ] 125 root - INFO - Datatype conversion completed
[ 2026-05-25 23:59:56,500 ] 139 root - INFO - Handling missing values
[ 2026-05-25 23:59:56,503 ] 156 root - INFO - Missing value handling completed from (66, 5) to (35, 5)
[ 2026-05-25 23:59:56,503 ] 174 root - INFO - Removing duplicates
[ 2026-05-25 23:59:56,505 ] 188 root - INFO - Duplicates removed from (35, 5) to (35, 5)
[ 2026-05-25 23:59:56,505 ] 208 root - INFO - Filtering valid years
[ 2026-05-25 23:59:56,505 ] 217 root - INFO - Year filtering completed
[ 2026-05-25 23:59:56,506 ] 231 root - INFO - Sorting dataframe
[ 2026-05-25 23:59:56,507 ] 242 root - INFO - Sorting completed
[ 2026-05-25 23:59:56,508 ] 432 root - INFO - Preprocessing pipeline completed
[ 2026-05-25 23:59:56,511 ] 382 root - INFO - Processed dataframe saved at artifacts\data_processing\processed_data\internet_users_data.csv
[ 2026-05-25 23:59:56,513 ] 354 root - INFO - Metadata saved at artifacts\data_processing\metadata\internet_users_metadata.json
[ 2026-05-25 23:59:56,513 ] 484 root - INFO - Internet_Users processing completed
[ 2026-05-25 23:59:56,515 ] 22 root - INFO - Loading data from artifacts\data_ingestion\raw_data\mobile_subscriptions_raw.csv
[ 2026-05-25 23:59:56,519 ] 26 root - INFO - Data loaded successfully
[ 2026-05-25 23:59:56,519 ] 396 root - INFO - Starting preprocessing pipeline
[ 2026-05-25 23:59:56,519 ] 53 root - INFO - Schema validation successful
[ 2026-05-25 23:59:56,519 ] 65 root - INFO - Standardizing columns
[ 2026-05-25 23:59:56,521 ] 94 root - INFO - Column standardization completed
[ 2026-05-25 23:59:56,521 ] 108 root - INFO - Converting datatypes
[ 2026-05-25 23:59:56,521 ] 125 root - INFO - Datatype conversion completed
[ 2026-05-25 23:59:56,521 ] 139 root - INFO - Handling missing values
[ 2026-05-25 23:59:56,524 ] 156 root - INFO - Missing value handling completed from (66, 5) to (53, 5)
[ 2026-05-25 23:59:56,524 ] 174 root - INFO - Removing duplicates
[ 2026-05-25 23:59:56,525 ] 188 root - INFO - Duplicates removed from (53, 5) to (53, 5)
[ 2026-05-25 23:59:56,525 ] 208 root - INFO - Filtering valid years
[ 2026-05-25 23:59:56,526 ] 217 root - INFO - Year filtering completed
[ 2026-05-25 23:59:56,526 ] 231 root - INFO - Sorting dataframe
[ 2026-05-25 23:59:56,528 ] 242 root - INFO - Sorting completed
[ 2026-05-25 23:59:56,528 ] 432 root - INFO - Preprocessing pipeline completed
[ 2026-05-25 23:59:56,531 ] 382 root - INFO - Processed dataframe saved at artifacts\data_processing\processed_data\mobile_subscriptions_data.csv
[ 2026-05-25 23:59:56,533 ] 354 root - INFO - Metadata saved at artifacts\data_processing\metadata\mobile_subscriptions_metadata.json
[ 2026-05-25 23:59:56,533 ] 484 root - INFO - Mobile_Subscriptions processing completed
[ 2026-05-25 23:59:56,534 ] 22 root - INFO - Loading data from artifacts\data_ingestion\raw_data\broadband_subscriptions_raw.csv
[ 2026-05-25 23:59:56,537 ] 26 root - INFO - Data loaded successfully
[ 2026-05-25 23:59:56,537 ] 396 root - INFO - Starting preprocessing pipeline
[ 2026-05-25 23:59:56,538 ] 53 root - INFO - Schema validation successful
[ 2026-05-25 23:59:56,538 ] 65 root - INFO - Standardizing columns
[ 2026-05-25 23:59:56,539 ] 94 root - INFO - Column standardization completed
[ 2026-05-25 23:59:56,539 ] 108 root - INFO - Converting datatypes
[ 2026-05-25 23:59:56,540 ] 125 root - INFO - Datatype conversion completed
[ 2026-05-25 23:59:56,540 ] 139 root - INFO - Handling missing values
[ 2026-05-25 23:59:56,544 ] 156 root - INFO - Missing value handling completed from (66, 5) to (24, 5)
[ 2026-05-25 23:59:56,544 ] 174 root - INFO - Removing duplicates
[ 2026-05-25 23:59:56,545 ] 188 root - INFO - Duplicates removed from (24, 5) to (24, 5)
[ 2026-05-25 23:59:56,545 ] 208 root - INFO - Filtering valid years
[ 2026-05-25 23:59:56,546 ] 217 root - INFO - Year filtering completed
[ 2026-05-25 23:59:56,547 ] 231 root - INFO - Sorting dataframe
[ 2026-05-25 23:59:56,548 ] 242 root - INFO - Sorting completed
[ 2026-05-25 23:59:56,549 ] 432 root - INFO - Preprocessing pipeline completed
[ 2026-05-25 23:59:56,552 ] 382 root - INFO - Processed dataframe saved at artifacts\data_processing\processed_data\broadband_subscriptions_data.csv
[ 2026-05-25 23:59:56,554 ] 354 root - INFO - Metadata saved at artifacts\data_processing\metadata\broadband_subscriptions_metadata.json
[ 2026-05-25 23:59:56,554 ] 484 root - INFO - Broadband_Subscriptions processing completed
[ 2026-05-25 23:59:56,555 ] 22 root - INFO - Loading data from artifacts\data_ingestion\raw_data\secure_servers_raw.csv
[ 2026-05-25 23:59:56,558 ] 26 root - INFO - Data loaded successfully
[ 2026-05-25 23:59:56,558 ] 396 root - INFO - Starting preprocessing pipeline
[ 2026-05-25 23:59:56,558 ] 53 root - INFO - Schema validation successful
[ 2026-05-25 23:59:56,558 ] 65 root - INFO - Standardizing columns
[ 2026-05-25 23:59:56,559 ] 94 root - INFO - Column standardization completed
[ 2026-05-25 23:59:56,559 ] 108 root - INFO - Converting datatypes
[ 2026-05-25 23:59:56,560 ] 125 root - INFO - Datatype conversion completed
[ 2026-05-25 23:59:56,560 ] 139 root - INFO - Handling missing values
[ 2026-05-25 23:59:56,562 ] 156 root - INFO - Missing value handling completed from (66, 5) to (15, 5)
[ 2026-05-25 23:59:56,563 ] 174 root - INFO - Removing duplicates
[ 2026-05-25 23:59:56,564 ] 188 root - INFO - Duplicates removed from (15, 5) to (15, 5)
[ 2026-05-25 23:59:56,564 ] 208 root - INFO - Filtering valid years
[ 2026-05-25 23:59:56,564 ] 217 root - INFO - Year filtering completed
[ 2026-05-25 23:59:56,564 ] 231 root - INFO - Sorting dataframe
[ 2026-05-25 23:59:56,566 ] 242 root - INFO - Sorting completed
[ 2026-05-25 23:59:56,567 ] 432 root - INFO - Preprocessing pipeline completed
[ 2026-05-25 23:59:56,569 ] 382 root - INFO - Processed dataframe saved at artifacts\data_processing\processed_data\secure_servers_data.csv
[ 2026-05-25 23:59:56,570 ] 354 root - INFO - Metadata saved at artifacts\data_processing\metadata\secure_servers_metadata.json
[ 2026-05-25 23:59:56,570 ] 484 root - INFO - Secure_Servers processing completed
[ 2026-05-25 23:59:56,571 ] 22 root - INFO - Loading data from artifacts\data_ingestion\raw_data\rnd_expenditure_raw.csv
[ 2026-05-25 23:59:56,575 ] 26 root - INFO - Data loaded successfully
[ 2026-05-25 23:59:56,575 ] 396 root - INFO - Starting preprocessing pipeline
[ 2026-05-25 23:59:56,575 ] 53 root - INFO - Schema validation successful
[ 2026-05-25 23:59:56,575 ] 65 root - INFO - Standardizing columns
[ 2026-05-25 23:59:56,576 ] 94 root - INFO - Column standardization completed
[ 2026-05-25 23:59:56,577 ] 108 root - INFO - Converting datatypes
[ 2026-05-25 23:59:56,577 ] 125 root - INFO - Datatype conversion completed
[ 2026-05-25 23:59:56,577 ] 139 root - INFO - Handling missing values
[ 2026-05-25 23:59:56,581 ] 156 root - INFO - Missing value handling completed from (66, 5) to (25, 5)
[ 2026-05-25 23:59:56,581 ] 174 root - INFO - Removing duplicates
[ 2026-05-25 23:59:56,582 ] 188 root - INFO - Duplicates removed from (25, 5) to (25, 5)
[ 2026-05-25 23:59:56,582 ] 208 root - INFO - Filtering valid years
[ 2026-05-25 23:59:56,583 ] 217 root - INFO - Year filtering completed
[ 2026-05-25 23:59:56,583 ] 231 root - INFO - Sorting dataframe
[ 2026-05-25 23:59:56,586 ] 242 root - INFO - Sorting completed
[ 2026-05-25 23:59:56,587 ] 432 root - INFO - Preprocessing pipeline completed
[ 2026-05-25 23:59:56,590 ] 382 root - INFO - Processed dataframe saved at artifacts\data_processing\processed_data\rnd_expenditure_data.csv
[ 2026-05-25 23:59:56,591 ] 354 root - INFO - Metadata saved at artifacts\data_processing\metadata\rnd_expenditure_metadata.json
[ 2026-05-25 23:59:56,591 ] 484 root - INFO - RND_Expenditure processing completed
[ 2026-05-25 23:59:56,593 ] 22 root - INFO - Loading data from artifacts\data_ingestion\raw_data\air_pollution_raw.csv
[ 2026-05-25 23:59:56,596 ] 26 root - INFO - Data loaded successfully
[ 2026-05-25 23:59:56,596 ] 396 root - INFO - Starting preprocessing pipeline
[ 2026-05-25 23:59:56,596 ] 53 root - INFO - Schema validation successful
[ 2026-05-25 23:59:56,596 ] 65 root - INFO - Standardizing columns
[ 2026-05-25 23:59:56,598 ] 94 root - INFO - Column standardization completed
[ 2026-05-25 23:59:56,598 ] 108 root - INFO - Converting datatypes
[ 2026-05-25 23:59:56,598 ] 125 root - INFO - Datatype conversion completed
[ 2026-05-25 23:59:56,599 ] 139 root - INFO - Handling missing values
[ 2026-05-25 23:59:56,602 ] 156 root - INFO - Missing value handling completed from (66, 5) to (31, 5)
[ 2026-05-25 23:59:56,602 ] 174 root - INFO - Removing duplicates
[ 2026-05-25 23:59:56,605 ] 188 root - INFO - Duplicates removed from (31, 5) to (31, 5)
[ 2026-05-25 23:59:56,605 ] 208 root - INFO - Filtering valid years
[ 2026-05-25 23:59:56,607 ] 217 root - INFO - Year filtering completed
[ 2026-05-25 23:59:56,607 ] 231 root - INFO - Sorting dataframe
[ 2026-05-25 23:59:56,610 ] 242 root - INFO - Sorting completed
[ 2026-05-25 23:59:56,611 ] 432 root - INFO - Preprocessing pipeline completed
[ 2026-05-25 23:59:56,615 ] 382 root - INFO - Processed dataframe saved at artifacts\data_processing\processed_data\air_pollution_data.csv
[ 2026-05-25 23:59:56,618 ] 354 root - INFO - Metadata saved at artifacts\data_processing\metadata\air_pollution_metadata.json
[ 2026-05-25 23:59:56,618 ] 484 root - INFO - Air_Pollution processing completed
[ 2026-05-25 23:59:56,621 ] 22 root - INFO - Loading data from artifacts\data_ingestion\raw_data\forest_area_raw.csv
[ 2026-05-25 23:59:56,626 ] 26 root - INFO - Data loaded successfully
[ 2026-05-25 23:59:56,626 ] 396 root - INFO - Starting preprocessing pipeline
[ 2026-05-25 23:59:56,626 ] 53 root - INFO - Schema validation successful
[ 2026-05-25 23:59:56,626 ] 65 root - INFO - Standardizing columns
[ 2026-05-25 23:59:56,629 ] 94 root - INFO - Column standardization completed
[ 2026-05-25 23:59:56,629 ] 108 root - INFO - Converting datatypes
[ 2026-05-25 23:59:56,630 ] 125 root - INFO - Datatype conversion completed
[ 2026-05-25 23:59:56,630 ] 139 root - INFO - Handling missing values
[ 2026-05-25 23:59:56,635 ] 156 root - INFO - Missing value handling completed from (66, 5) to (34, 5)
[ 2026-05-25 23:59:56,635 ] 174 root - INFO - Removing duplicates
[ 2026-05-25 23:59:56,638 ] 188 root - INFO - Duplicates removed from (34, 5) to (34, 5)
[ 2026-05-25 23:59:56,638 ] 208 root - INFO - Filtering valid years
[ 2026-05-25 23:59:56,640 ] 217 root - INFO - Year filtering completed
[ 2026-05-25 23:59:56,640 ] 231 root - INFO - Sorting dataframe
[ 2026-05-25 23:59:56,643 ] 242 root - INFO - Sorting completed
[ 2026-05-25 23:59:56,645 ] 432 root - INFO - Preprocessing pipeline completed
[ 2026-05-25 23:59:56,651 ] 382 root - INFO - Processed dataframe saved at artifacts\data_processing\processed_data\forest_area_data.csv
[ 2026-05-25 23:59:56,653 ] 354 root - INFO - Metadata saved at artifacts\data_processing\metadata\forest_area_metadata.json
[ 2026-05-25 23:59:56,653 ] 484 root - INFO - Forest_Area processing completed
[ 2026-05-25 23:59:56,656 ] 22 root - INFO - Loading data from artifacts\data_ingestion\raw_data\renewable_energy_raw.csv
[ 2026-05-25 23:59:56,663 ] 26 root - INFO - Data loaded successfully
[ 2026-05-25 23:59:56,663 ] 396 root - INFO - Starting preprocessing pipeline
[ 2026-05-25 23:59:56,664 ] 53 root - INFO - Schema validation successful
[ 2026-05-25 23:59:56,664 ] 65 root - INFO - Standardizing columns
[ 2026-05-25 23:59:56,670 ] 94 root - INFO - Column standardization completed
[ 2026-05-25 23:59:56,670 ] 108 root - INFO - Converting datatypes
[ 2026-05-25 23:59:56,672 ] 125 root - INFO - Datatype conversion completed
[ 2026-05-25 23:59:56,672 ] 139 root - INFO - Handling missing values
[ 2026-05-25 23:59:56,678 ] 156 root - INFO - Missing value handling completed from (66, 5) to (32, 5)
[ 2026-05-25 23:59:56,678 ] 174 root - INFO - Removing duplicates
[ 2026-05-25 23:59:56,680 ] 188 root - INFO - Duplicates removed from (32, 5) to (32, 5)
[ 2026-05-25 23:59:56,680 ] 208 root - INFO - Filtering valid years
[ 2026-05-25 23:59:56,682 ] 217 root - INFO - Year filtering completed
[ 2026-05-25 23:59:56,682 ] 231 root - INFO - Sorting dataframe
[ 2026-05-25 23:59:56,685 ] 242 root - INFO - Sorting completed
[ 2026-05-25 23:59:56,687 ] 432 root - INFO - Preprocessing pipeline completed
[ 2026-05-25 23:59:56,695 ] 382 root - INFO - Processed dataframe saved at artifacts\data_processing\processed_data\renewable_energy_data.csv
[ 2026-05-25 23:59:56,697 ] 354 root - INFO - Metadata saved at artifacts\data_processing\metadata\renewable_energy_metadata.json
[ 2026-05-25 23:59:56,697 ] 484 root - INFO - Renewable_Energy processing completed
[ 2026-05-25 23:59:56,699 ] 22 root - INFO - Loading data from artifacts\data_ingestion\raw_data\electricity_access_raw.csv
[ 2026-05-25 23:59:56,705 ] 26 root - INFO - Data loaded successfully
[ 2026-05-25 23:59:56,706 ] 396 root - INFO - Starting preprocessing pipeline
[ 2026-05-25 23:59:56,706 ] 53 root - INFO - Schema validation successful
[ 2026-05-25 23:59:56,706 ] 65 root - INFO - Standardizing columns
[ 2026-05-25 23:59:56,708 ] 94 root - INFO - Column standardization completed
[ 2026-05-25 23:59:56,709 ] 108 root - INFO - Converting datatypes
[ 2026-05-25 23:59:56,709 ] 125 root - INFO - Datatype conversion completed
[ 2026-05-25 23:59:56,710 ] 139 root - INFO - Handling missing values
[ 2026-05-25 23:59:56,715 ] 156 root - INFO - Missing value handling completed from (66, 5) to (31, 5)
[ 2026-05-25 23:59:56,715 ] 174 root - INFO - Removing duplicates
[ 2026-05-25 23:59:56,717 ] 188 root - INFO - Duplicates removed from (31, 5) to (31, 5)
[ 2026-05-25 23:59:56,717 ] 208 root - INFO - Filtering valid years
[ 2026-05-25 23:59:56,718 ] 217 root - INFO - Year filtering completed
[ 2026-05-25 23:59:56,718 ] 231 root - INFO - Sorting dataframe
[ 2026-05-25 23:59:56,722 ] 242 root - INFO - Sorting completed
[ 2026-05-25 23:59:56,724 ] 432 root - INFO - Preprocessing pipeline completed
[ 2026-05-25 23:59:56,728 ] 382 root - INFO - Processed dataframe saved at artifacts\data_processing\processed_data\electricity_access_data.csv
[ 2026-05-25 23:59:56,731 ] 354 root - INFO - Metadata saved at artifacts\data_processing\metadata\electricity_access_metadata.json
[ 2026-05-25 23:59:56,731 ] 484 root - INFO - Electricity_Access processing completed
[ 2026-05-25 23:59:56,732 ] 22 root - INFO - Loading data from artifacts\data_ingestion\raw_data\agriculture_raw.csv
[ 2026-05-25 23:59:56,739 ] 26 root - INFO - Data loaded successfully
[ 2026-05-25 23:59:56,739 ] 396 root - INFO - Starting preprocessing pipeline
[ 2026-05-25 23:59:56,740 ] 53 root - INFO - Schema validation successful
[ 2026-05-25 23:59:56,740 ] 65 root - INFO - Standardizing columns
[ 2026-05-25 23:59:56,743 ] 94 root - INFO - Column standardization completed
[ 2026-05-25 23:59:56,744 ] 108 root - INFO - Converting datatypes
[ 2026-05-25 23:59:56,745 ] 125 root - INFO - Datatype conversion completed
[ 2026-05-25 23:59:56,745 ] 139 root - INFO - Handling missing values
[ 2026-05-25 23:59:56,749 ] 156 root - INFO - Missing value handling completed from (66, 5) to (65, 5)
[ 2026-05-25 23:59:56,749 ] 174 root - INFO - Removing duplicates
[ 2026-05-25 23:59:56,751 ] 188 root - INFO - Duplicates removed from (65, 5) to (65, 5)
[ 2026-05-25 23:59:56,751 ] 208 root - INFO - Filtering valid years
[ 2026-05-25 23:59:56,752 ] 217 root - INFO - Year filtering completed
[ 2026-05-25 23:59:56,753 ] 231 root - INFO - Sorting dataframe
[ 2026-05-25 23:59:56,756 ] 242 root - INFO - Sorting completed
[ 2026-05-25 23:59:56,758 ] 432 root - INFO - Preprocessing pipeline completed
[ 2026-05-25 23:59:56,765 ] 382 root - INFO - Processed dataframe saved at artifacts\data_processing\processed_data\agriculture_data.csv
[ 2026-05-25 23:59:56,767 ] 354 root - INFO - Metadata saved at artifacts\data_processing\metadata\agriculture_metadata.json
[ 2026-05-25 23:59:56,768 ] 484 root - INFO - Agriculture processing completed
[ 2026-05-25 23:59:56,770 ] 22 root - INFO - Loading data from artifacts\data_ingestion\raw_data\industry_raw.csv
[ 2026-05-25 23:59:56,777 ] 26 root - INFO - Data loaded successfully
[ 2026-05-25 23:59:56,777 ] 396 root - INFO - Starting preprocessing pipeline
[ 2026-05-25 23:59:56,778 ] 53 root - INFO - Schema validation successful
[ 2026-05-25 23:59:56,778 ] 65 root - INFO - Standardizing columns
[ 2026-05-25 23:59:56,782 ] 94 root - INFO - Column standardization completed
[ 2026-05-25 23:59:56,783 ] 108 root - INFO - Converting datatypes
[ 2026-05-25 23:59:56,784 ] 125 root - INFO - Datatype conversion completed
[ 2026-05-25 23:59:56,784 ] 139 root - INFO - Handling missing values
[ 2026-05-25 23:59:56,792 ] 156 root - INFO - Missing value handling completed from (66, 5) to (65, 5)
[ 2026-05-25 23:59:56,792 ] 174 root - INFO - Removing duplicates
[ 2026-05-25 23:59:56,796 ] 188 root - INFO - Duplicates removed from (65, 5) to (65, 5)
[ 2026-05-25 23:59:56,796 ] 208 root - INFO - Filtering valid years
[ 2026-05-25 23:59:56,798 ] 217 root - INFO - Year filtering completed
[ 2026-05-25 23:59:56,798 ] 231 root - INFO - Sorting dataframe
[ 2026-05-25 23:59:56,805 ] 242 root - INFO - Sorting completed
[ 2026-05-25 23:59:56,809 ] 432 root - INFO - Preprocessing pipeline completed
[ 2026-05-25 23:59:56,814 ] 382 root - INFO - Processed dataframe saved at artifacts\data_processing\processed_data\industry_data.csv
[ 2026-05-25 23:59:56,818 ] 354 root - INFO - Metadata saved at artifacts\data_processing\metadata\industry_metadata.json
[ 2026-05-25 23:59:56,819 ] 484 root - INFO - Industry processing completed
[ 2026-05-25 23:59:56,822 ] 22 root - INFO - Loading data from artifacts\data_ingestion\raw_data\services_raw.csv
[ 2026-05-25 23:59:56,829 ] 26 root - INFO - Data loaded successfully
[ 2026-05-25 23:59:56,829 ] 396 root - INFO - Starting preprocessing pipeline
[ 2026-05-25 23:59:56,829 ] 53 root - INFO - Schema validation successful
[ 2026-05-25 23:59:56,829 ] 65 root - INFO - Standardizing columns
[ 2026-05-25 23:59:56,834 ] 94 root - INFO - Column standardization completed
[ 2026-05-25 23:59:56,834 ] 108 root - INFO - Converting datatypes
[ 2026-05-25 23:59:56,837 ] 125 root - INFO - Datatype conversion completed
[ 2026-05-25 23:59:56,838 ] 139 root - INFO - Handling missing values
[ 2026-05-25 23:59:56,844 ] 156 root - INFO - Missing value handling completed from (66, 5) to (65, 5)
[ 2026-05-25 23:59:56,844 ] 174 root - INFO - Removing duplicates
[ 2026-05-25 23:59:56,847 ] 188 root - INFO - Duplicates removed from (65, 5) to (65, 5)
[ 2026-05-25 23:59:56,847 ] 208 root - INFO - Filtering valid years
[ 2026-05-25 23:59:56,848 ] 217 root - INFO - Year filtering completed
[ 2026-05-25 23:59:56,849 ] 231 root - INFO - Sorting dataframe
[ 2026-05-25 23:59:56,853 ] 242 root - INFO - Sorting completed
[ 2026-05-25 23:59:56,855 ] 432 root - INFO - Preprocessing pipeline completed
[ 2026-05-25 23:59:56,860 ] 382 root - INFO - Processed dataframe saved at artifacts\data_processing\processed_data\services_data.csv
[ 2026-05-25 23:59:56,863 ] 354 root - INFO - Metadata saved at artifacts\data_processing\metadata\services_metadata.json
[ 2026-05-25 23:59:56,863 ] 484 root - INFO - Services processing completed
[ 2026-05-25 23:59:56,865 ] 22 root - INFO - Loading data from artifacts\data_ingestion\raw_data\military_expenditure_raw.csv
[ 2026-05-25 23:59:56,871 ] 26 root - INFO - Data loaded successfully
[ 2026-05-25 23:59:56,872 ] 396 root - INFO - Starting preprocessing pipeline
[ 2026-05-25 23:59:56,872 ] 53 root - INFO - Schema validation successful
[ 2026-05-25 23:59:56,872 ] 65 root - INFO - Standardizing columns
[ 2026-05-25 23:59:56,875 ] 94 root - INFO - Column standardization completed
[ 2026-05-25 23:59:56,875 ] 108 root - INFO - Converting datatypes
[ 2026-05-25 23:59:56,876 ] 125 root - INFO - Datatype conversion completed
[ 2026-05-25 23:59:56,876 ] 139 root - INFO - Handling missing values
[ 2026-05-25 23:59:56,881 ] 156 root - INFO - Missing value handling completed from (66, 5) to (65, 5)
[ 2026-05-25 23:59:56,881 ] 174 root - INFO - Removing duplicates
[ 2026-05-25 23:59:56,883 ] 188 root - INFO - Duplicates removed from (65, 5) to (65, 5)
[ 2026-05-25 23:59:56,883 ] 208 root - INFO - Filtering valid years
[ 2026-05-25 23:59:56,885 ] 217 root - INFO - Year filtering completed
[ 2026-05-25 23:59:56,885 ] 231 root - INFO - Sorting dataframe
[ 2026-05-25 23:59:56,889 ] 242 root - INFO - Sorting completed
[ 2026-05-25 23:59:56,892 ] 432 root - INFO - Preprocessing pipeline completed
[ 2026-05-25 23:59:56,897 ] 382 root - INFO - Processed dataframe saved at artifacts\data_processing\processed_data\military_expenditure_data.csv
[ 2026-05-25 23:59:56,899 ] 354 root - INFO - Metadata saved at artifacts\data_processing\metadata\military_expenditure_metadata.json
[ 2026-05-25 23:59:56,900 ] 484 root - INFO - Military_Expenditure processing completed
[ 2026-05-25 23:59:56,903 ] 22 root - INFO - Loading data from artifacts\data_ingestion\raw_data\military_percent_gdp_raw.csv
[ 2026-05-25 23:59:56,910 ] 26 root - INFO - Data loaded successfully
[ 2026-05-25 23:59:56,910 ] 396 root - INFO - Starting preprocessing pipeline
[ 2026-05-25 23:59:56,910 ] 53 root - INFO - Schema validation successful
[ 2026-05-25 23:59:56,910 ] 65 root - INFO - Standardizing columns
[ 2026-05-25 23:59:56,913 ] 94 root - INFO - Column standardization completed
[ 2026-05-25 23:59:56,915 ] 108 root - INFO - Converting datatypes
[ 2026-05-25 23:59:56,916 ] 125 root - INFO - Datatype conversion completed
[ 2026-05-25 23:59:56,916 ] 139 root - INFO - Handling missing values
[ 2026-05-25 23:59:56,924 ] 156 root - INFO - Missing value handling completed from (66, 5) to (65, 5)
[ 2026-05-25 23:59:56,924 ] 174 root - INFO - Removing duplicates
[ 2026-05-25 23:59:56,927 ] 188 root - INFO - Duplicates removed from (65, 5) to (65, 5)
[ 2026-05-25 23:59:56,927 ] 208 root - INFO - Filtering valid years
[ 2026-05-25 23:59:56,929 ] 217 root - INFO - Year filtering completed
[ 2026-05-25 23:59:56,929 ] 231 root - INFO - Sorting dataframe
[ 2026-05-25 23:59:56,932 ] 242 root - INFO - Sorting completed
[ 2026-05-25 23:59:56,935 ] 432 root - INFO - Preprocessing pipeline completed
[ 2026-05-25 23:59:56,943 ] 382 root - INFO - Processed dataframe saved at artifacts\data_processing\processed_data\military_percent_gdp_data.csv
[ 2026-05-25 23:59:56,945 ] 354 root - INFO - Metadata saved at artifacts\data_processing\metadata\military_percent_gdp_metadata.json
[ 2026-05-25 23:59:56,945 ] 484 root - INFO - Military_Percent_GDP processing completed
[ 2026-05-25 23:59:56,949 ] 22 root - INFO - Loading data from artifacts\data_ingestion\raw_data\armed_forces_personnel_raw.csv
[ 2026-05-25 23:59:56,966 ] 26 root - INFO - Data loaded successfully
[ 2026-05-25 23:59:56,966 ] 396 root - INFO - Starting preprocessing pipeline
[ 2026-05-25 23:59:56,967 ] 53 root - INFO - Schema validation successful
[ 2026-05-25 23:59:56,967 ] 65 root - INFO - Standardizing columns
[ 2026-05-25 23:59:56,975 ] 94 root - INFO - Column standardization completed
[ 2026-05-25 23:59:56,975 ] 108 root - INFO - Converting datatypes
[ 2026-05-25 23:59:56,977 ] 125 root - INFO - Datatype conversion completed
[ 2026-05-25 23:59:56,977 ] 139 root - INFO - Handling missing values
[ 2026-05-25 23:59:56,985 ] 156 root - INFO - Missing value handling completed from (66, 5) to (33, 5)
[ 2026-05-25 23:59:56,985 ] 174 root - INFO - Removing duplicates
[ 2026-05-25 23:59:56,989 ] 188 root - INFO - Duplicates removed from (33, 5) to (33, 5)
[ 2026-05-25 23:59:56,990 ] 208 root - INFO - Filtering valid years
[ 2026-05-25 23:59:56,991 ] 217 root - INFO - Year filtering completed
[ 2026-05-25 23:59:56,992 ] 231 root - INFO - Sorting dataframe
[ 2026-05-25 23:59:56,995 ] 242 root - INFO - Sorting completed
[ 2026-05-25 23:59:56,998 ] 432 root - INFO - Preprocessing pipeline completed
[ 2026-05-25 23:59:57,005 ] 382 root - INFO - Processed dataframe saved at artifacts\data_processing\processed_data\armed_forces_personnel_data.csv
[ 2026-05-25 23:59:57,007 ] 354 root - INFO - Metadata saved at artifacts\data_processing\metadata\armed_forces_personnel_metadata.json
[ 2026-05-25 23:59:57,007 ] 484 root - INFO - Armed_Forces_Personnel processing completed
[ 2026-05-25 23:59:57,007 ] 46 root - INFO - Economy Section Processing Started
[ 2026-05-25 23:59:57,070 ] 63 root - INFO - economy csv files fetched to dataframes.
