[ 2026-05-26 01:10:34,518 ] 21 root - INFO - Data Ingestion Started
[ 2026-05-26 01:10:34,518 ] 41 root - INFO - Fetching gdp
[ 2026-05-26 01:10:34,638 ] 110 root - INFO - Saved gdp_raw.csv
[ 2026-05-26 01:10:34,638 ] 41 root - INFO - Fetching gdp_per_capita
[ 2026-05-26 01:10:34,722 ] 110 root - INFO - Saved gdp_per_capita_raw.csv
[ 2026-05-26 01:10:34,722 ] 41 root - INFO - Fetching population
[ 2026-05-26 01:10:34,802 ] 110 root - INFO - Saved population_raw.csv
[ 2026-05-26 01:10:34,802 ] 41 root - INFO - Fetching inflation
[ 2026-05-26 01:10:34,883 ] 110 root - INFO - Saved inflation_raw.csv
[ 2026-05-26 01:10:34,884 ] 41 root - INFO - Fetching unemployment
[ 2026-05-26 01:10:34,982 ] 110 root - INFO - Saved unemployment_raw.csv
[ 2026-05-26 01:10:34,983 ] 41 root - INFO - Fetching life_expectancy
[ 2026-05-26 01:10:35,132 ] 110 root - INFO - Saved life_expectancy_raw.csv
[ 2026-05-26 01:10:35,132 ] 41 root - INFO - Fetching exports
[ 2026-05-26 01:10:35,214 ] 110 root - INFO - Saved exports_raw.csv
[ 2026-05-26 01:10:35,215 ] 41 root - INFO - Fetching imports
[ 2026-05-26 01:10:35,293 ] 110 root - INFO - Saved imports_raw.csv
[ 2026-05-26 01:10:35,293 ] 41 root - INFO - Fetching forex_reserves
[ 2026-05-26 01:10:35,383 ] 110 root - INFO - Saved forex_reserves_raw.csv
[ 2026-05-26 01:10:35,383 ] 41 root - INFO - Fetching agriculture
[ 2026-05-26 01:10:35,464 ] 110 root - INFO - Saved agriculture_raw.csv
[ 2026-05-26 01:10:35,464 ] 41 root - INFO - Fetching industry
[ 2026-05-26 01:10:35,548 ] 110 root - INFO - Saved industry_raw.csv
[ 2026-05-26 01:10:35,548 ] 41 root - INFO - Fetching services
[ 2026-05-26 01:10:35,622 ] 110 root - INFO - Saved services_raw.csv
[ 2026-05-26 01:10:35,623 ] 41 root - INFO - Fetching trade_percent_gdp
[ 2026-05-26 01:10:35,731 ] 110 root - INFO - Saved trade_percent_gdp_raw.csv
[ 2026-05-26 01:10:35,731 ] 41 root - INFO - Fetching fdi
[ 2026-05-26 01:10:35,811 ] 110 root - INFO - Saved fdi_raw.csv
[ 2026-05-26 01:10:35,811 ] 41 root - INFO - Fetching interest_rate
[ 2026-05-26 01:10:35,902 ] 110 root - INFO - Saved interest_rate_raw.csv
[ 2026-05-26 01:10:35,902 ] 41 root - INFO - Fetching current_account_balance
[ 2026-05-26 01:10:35,973 ] 110 root - INFO - Saved current_account_balance_raw.csv
[ 2026-05-26 01:10:35,974 ] 41 root - INFO - Fetching population_growth
[ 2026-05-26 01:10:36,052 ] 110 root - INFO - Saved population_growth_raw.csv
[ 2026-05-26 01:10:36,052 ] 41 root - INFO - Fetching urbanization
[ 2026-05-26 01:10:36,124 ] 110 root - INFO - Saved urbanization_raw.csv
[ 2026-05-26 01:10:36,124 ] 41 root - INFO - Fetching birth_rate
[ 2026-05-26 01:10:36,214 ] 110 root - INFO - Saved birth_rate_raw.csv
[ 2026-05-26 01:10:36,214 ] 41 root - INFO - Fetching death_rate
[ 2026-05-26 01:10:36,307 ] 110 root - INFO - Saved death_rate_raw.csv
[ 2026-05-26 01:10:36,307 ] 41 root - INFO - Fetching population_density
[ 2026-05-26 01:10:36,402 ] 110 root - INFO - Saved population_density_raw.csv
[ 2026-05-26 01:10:36,402 ] 41 root - INFO - Fetching literacy_rate
[ 2026-05-26 01:10:36,490 ] 110 root - INFO - Saved literacy_rate_raw.csv
[ 2026-05-26 01:10:36,490 ] 41 root - INFO - Fetching internet_users
[ 2026-05-26 01:10:36,561 ] 110 root - INFO - Saved internet_users_raw.csv
[ 2026-05-26 01:10:36,561 ] 41 root - INFO - Fetching mobile_subscriptions
[ 2026-05-26 01:10:36,623 ] 110 root - INFO - Saved mobile_subscriptions_raw.csv
[ 2026-05-26 01:10:36,623 ] 41 root - INFO - Fetching broadband_subscriptions
[ 2026-05-26 01:10:36,674 ] 110 root - INFO - Saved broadband_subscriptions_raw.csv
[ 2026-05-26 01:10:36,675 ] 41 root - INFO - Fetching secure_servers
[ 2026-05-26 01:10:36,740 ] 110 root - INFO - Saved secure_servers_raw.csv
[ 2026-05-26 01:10:36,740 ] 41 root - INFO - Fetching high_tech_exports
[ 2026-05-26 01:10:36,829 ] 110 root - INFO - Saved high_tech_exports_raw.csv
[ 2026-05-26 01:10:36,830 ] 41 root - INFO - Fetching rnd_expenditure
[ 2026-05-26 01:10:36,932 ] 110 root - INFO - Saved rnd_expenditure_raw.csv
[ 2026-05-26 01:10:36,932 ] 41 root - INFO - Fetching renewable_energy
[ 2026-05-26 01:10:37,001 ] 110 root - INFO - Saved renewable_energy_raw.csv
[ 2026-05-26 01:10:37,002 ] 41 root - INFO - Fetching forest_area
[ 2026-05-26 01:10:37,102 ] 110 root - INFO - Saved forest_area_raw.csv
[ 2026-05-26 01:10:37,103 ] 41 root - INFO - Fetching air_pollution
[ 2026-05-26 01:10:37,187 ] 110 root - INFO - Saved air_pollution_raw.csv
[ 2026-05-26 01:10:37,188 ] 41 root - INFO - Fetching electricity_access
[ 2026-05-26 01:10:37,272 ] 110 root - INFO - Saved electricity_access_raw.csv
[ 2026-05-26 01:10:37,272 ] 41 root - INFO - Fetching military_expenditure
[ 2026-05-26 01:10:37,368 ] 110 root - INFO - Saved military_expenditure_raw.csv
[ 2026-05-26 01:10:37,368 ] 41 root - INFO - Fetching military_percent_gdp
[ 2026-05-26 01:10:37,449 ] 110 root - INFO - Saved military_percent_gdp_raw.csv
[ 2026-05-26 01:10:37,449 ] 41 root - INFO - Fetching armed_forces_personnel
[ 2026-05-26 01:10:37,538 ] 110 root - INFO - Saved armed_forces_personnel_raw.csv
[ 2026-05-26 01:10:37,540 ] 23 root - INFO - Data Ingestion Completed
[ 2026-05-26 01:10:37,541 ] 22 root - INFO - Loading data from artifacts\data_ingestion\raw_data\gdp_raw.csv
[ 2026-05-26 01:10:37,544 ] 26 root - INFO - Data loaded successfully
[ 2026-05-26 01:10:37,544 ] 396 root - INFO - Starting preprocessing pipeline
[ 2026-05-26 01:10:37,544 ] 53 root - INFO - Schema validation successful
[ 2026-05-26 01:10:37,544 ] 65 root - INFO - Standardizing columns
[ 2026-05-26 01:10:37,548 ] 94 root - INFO - Column standardization completed
[ 2026-05-26 01:10:37,549 ] 108 root - INFO - Converting datatypes
[ 2026-05-26 01:10:37,550 ] 125 root - INFO - Datatype conversion completed
[ 2026-05-26 01:10:37,550 ] 139 root - INFO - Handling missing values
[ 2026-05-26 01:10:37,553 ] 156 root - INFO - Missing value handling completed from (66, 5) to (65, 5)
[ 2026-05-26 01:10:37,553 ] 174 root - INFO - Removing duplicates
[ 2026-05-26 01:10:37,554 ] 188 root - INFO - Duplicates removed from (65, 5) to (65, 5)
[ 2026-05-26 01:10:37,554 ] 208 root - INFO - Filtering valid years
[ 2026-05-26 01:10:37,555 ] 217 root - INFO - Year filtering completed
[ 2026-05-26 01:10:37,555 ] 231 root - INFO - Sorting dataframe
[ 2026-05-26 01:10:37,557 ] 242 root - INFO - Sorting completed
[ 2026-05-26 01:10:37,558 ] 432 root - INFO - Preprocessing pipeline completed
[ 2026-05-26 01:10:37,562 ] 382 root - INFO - Processed dataframe saved at artifacts\data_processing\processed_data\gdp_data.csv
[ 2026-05-26 01:10:37,563 ] 354 root - INFO - Metadata saved at artifacts\data_processing\metadata\gdp_metadata.json
[ 2026-05-26 01:10:37,563 ] 484 root - INFO - GDP processing completed
[ 2026-05-26 01:10:37,565 ] 22 root - INFO - Loading data from artifacts\data_ingestion\raw_data\gdp_per_capita_raw.csv
[ 2026-05-26 01:10:37,568 ] 26 root - INFO - Data loaded successfully
[ 2026-05-26 01:10:37,568 ] 396 root - INFO - Starting preprocessing pipeline
[ 2026-05-26 01:10:37,569 ] 53 root - INFO - Schema validation successful
[ 2026-05-26 01:10:37,569 ] 65 root - INFO - Standardizing columns
[ 2026-05-26 01:10:37,571 ] 94 root - INFO - Column standardization completed
[ 2026-05-26 01:10:37,571 ] 108 root - INFO - Converting datatypes
[ 2026-05-26 01:10:37,571 ] 125 root - INFO - Datatype conversion completed
[ 2026-05-26 01:10:37,572 ] 139 root - INFO - Handling missing values
[ 2026-05-26 01:10:37,575 ] 156 root - INFO - Missing value handling completed from (66, 5) to (65, 5)
[ 2026-05-26 01:10:37,575 ] 174 root - INFO - Removing duplicates
[ 2026-05-26 01:10:37,577 ] 188 root - INFO - Duplicates removed from (65, 5) to (65, 5)
[ 2026-05-26 01:10:37,577 ] 208 root - INFO - Filtering valid years
[ 2026-05-26 01:10:37,578 ] 217 root - INFO - Year filtering completed
[ 2026-05-26 01:10:37,578 ] 231 root - INFO - Sorting dataframe
[ 2026-05-26 01:10:37,580 ] 242 root - INFO - Sorting completed
[ 2026-05-26 01:10:37,581 ] 432 root - INFO - Preprocessing pipeline completed
[ 2026-05-26 01:10:37,585 ] 382 root - INFO - Processed dataframe saved at artifacts\data_processing\processed_data\gdp_per_capita_data.csv
[ 2026-05-26 01:10:37,586 ] 354 root - INFO - Metadata saved at artifacts\data_processing\metadata\gdp_per_capita_metadata.json
[ 2026-05-26 01:10:37,587 ] 484 root - INFO - GDP_Per_Capita processing completed
[ 2026-05-26 01:10:37,588 ] 22 root - INFO - Loading data from artifacts\data_ingestion\raw_data\inflation_raw.csv
[ 2026-05-26 01:10:37,594 ] 26 root - INFO - Data loaded successfully
[ 2026-05-26 01:10:37,594 ] 396 root - INFO - Starting preprocessing pipeline
[ 2026-05-26 01:10:37,594 ] 53 root - INFO - Schema validation successful
[ 2026-05-26 01:10:37,594 ] 65 root - INFO - Standardizing columns
[ 2026-05-26 01:10:37,597 ] 94 root - INFO - Column standardization completed
[ 2026-05-26 01:10:37,597 ] 108 root - INFO - Converting datatypes
[ 2026-05-26 01:10:37,597 ] 125 root - INFO - Datatype conversion completed
[ 2026-05-26 01:10:37,597 ] 139 root - INFO - Handling missing values
[ 2026-05-26 01:10:37,602 ] 156 root - INFO - Missing value handling completed from (66, 5) to (65, 5)
[ 2026-05-26 01:10:37,602 ] 174 root - INFO - Removing duplicates
[ 2026-05-26 01:10:37,604 ] 188 root - INFO - Duplicates removed from (65, 5) to (65, 5)
[ 2026-05-26 01:10:37,604 ] 208 root - INFO - Filtering valid years
[ 2026-05-26 01:10:37,605 ] 217 root - INFO - Year filtering completed
[ 2026-05-26 01:10:37,605 ] 231 root - INFO - Sorting dataframe
[ 2026-05-26 01:10:37,608 ] 242 root - INFO - Sorting completed
[ 2026-05-26 01:10:37,611 ] 432 root - INFO - Preprocessing pipeline completed
[ 2026-05-26 01:10:37,617 ] 382 root - INFO - Processed dataframe saved at artifacts\data_processing\processed_data\inflation_data.csv
[ 2026-05-26 01:10:37,619 ] 354 root - INFO - Metadata saved at artifacts\data_processing\metadata\inflation_metadata.json
[ 2026-05-26 01:10:37,619 ] 484 root - INFO - Inflation processing completed
[ 2026-05-26 01:10:37,623 ] 22 root - INFO - Loading data from artifacts\data_ingestion\raw_data\interest_rate_raw.csv
[ 2026-05-26 01:10:37,629 ] 26 root - INFO - Data loaded successfully
[ 2026-05-26 01:10:37,630 ] 396 root - INFO - Starting preprocessing pipeline
[ 2026-05-26 01:10:37,630 ] 53 root - INFO - Schema validation successful
[ 2026-05-26 01:10:37,630 ] 65 root - INFO - Standardizing columns
[ 2026-05-26 01:10:37,633 ] 94 root - INFO - Column standardization completed
[ 2026-05-26 01:10:37,633 ] 108 root - INFO - Converting datatypes
[ 2026-05-26 01:10:37,634 ] 125 root - INFO - Datatype conversion completed
[ 2026-05-26 01:10:37,634 ] 139 root - INFO - Handling missing values
[ 2026-05-26 01:10:37,639 ] 156 root - INFO - Missing value handling completed from (66, 5) to (45, 5)
[ 2026-05-26 01:10:37,639 ] 174 root - INFO - Removing duplicates
[ 2026-05-26 01:10:37,641 ] 188 root - INFO - Duplicates removed from (45, 5) to (45, 5)
[ 2026-05-26 01:10:37,641 ] 208 root - INFO - Filtering valid years
[ 2026-05-26 01:10:37,643 ] 217 root - INFO - Year filtering completed
[ 2026-05-26 01:10:37,643 ] 231 root - INFO - Sorting dataframe
[ 2026-05-26 01:10:37,646 ] 242 root - INFO - Sorting completed
[ 2026-05-26 01:10:37,648 ] 432 root - INFO - Preprocessing pipeline completed
[ 2026-05-26 01:10:37,652 ] 382 root - INFO - Processed dataframe saved at artifacts\data_processing\processed_data\interest_rate_data.csv
[ 2026-05-26 01:10:37,654 ] 354 root - INFO - Metadata saved at artifacts\data_processing\metadata\interest_rate_metadata.json
[ 2026-05-26 01:10:37,654 ] 484 root - INFO - Interest_Rate processing completed
[ 2026-05-26 01:10:37,656 ] 22 root - INFO - Loading data from artifacts\data_ingestion\raw_data\forex_reserves_raw.csv
[ 2026-05-26 01:10:37,662 ] 26 root - INFO - Data loaded successfully
[ 2026-05-26 01:10:37,662 ] 396 root - INFO - Starting preprocessing pipeline
[ 2026-05-26 01:10:37,662 ] 53 root - INFO - Schema validation successful
[ 2026-05-26 01:10:37,662 ] 65 root - INFO - Standardizing columns
[ 2026-05-26 01:10:37,664 ] 94 root - INFO - Column standardization completed
[ 2026-05-26 01:10:37,664 ] 108 root - INFO - Converting datatypes
[ 2026-05-26 01:10:37,665 ] 125 root - INFO - Datatype conversion completed
[ 2026-05-26 01:10:37,665 ] 139 root - INFO - Handling missing values
[ 2026-05-26 01:10:37,669 ] 156 root - INFO - Missing value handling completed from (66, 5) to (65, 5)
[ 2026-05-26 01:10:37,670 ] 174 root - INFO - Removing duplicates
[ 2026-05-26 01:10:37,672 ] 188 root - INFO - Duplicates removed from (65, 5) to (65, 5)
[ 2026-05-26 01:10:37,672 ] 208 root - INFO - Filtering valid years
[ 2026-05-26 01:10:37,674 ] 217 root - INFO - Year filtering completed
[ 2026-05-26 01:10:37,674 ] 231 root - INFO - Sorting dataframe
[ 2026-05-26 01:10:37,676 ] 242 root - INFO - Sorting completed
[ 2026-05-26 01:10:37,678 ] 432 root - INFO - Preprocessing pipeline completed
[ 2026-05-26 01:10:37,681 ] 382 root - INFO - Processed dataframe saved at artifacts\data_processing\processed_data\forex_reserves_data.csv
[ 2026-05-26 01:10:37,682 ] 354 root - INFO - Metadata saved at artifacts\data_processing\metadata\forex_reserves_metadata.json
[ 2026-05-26 01:10:37,683 ] 484 root - INFO - Forex_Reserves processing completed
[ 2026-05-26 01:10:37,684 ] 22 root - INFO - Loading data from artifacts\data_ingestion\raw_data\current_account_balance_raw.csv
[ 2026-05-26 01:10:37,689 ] 26 root - INFO - Data loaded successfully
[ 2026-05-26 01:10:37,689 ] 396 root - INFO - Starting preprocessing pipeline
[ 2026-05-26 01:10:37,689 ] 53 root - INFO - Schema validation successful
[ 2026-05-26 01:10:37,689 ] 65 root - INFO - Standardizing columns
[ 2026-05-26 01:10:37,691 ] 94 root - INFO - Column standardization completed
[ 2026-05-26 01:10:37,691 ] 108 root - INFO - Converting datatypes
[ 2026-05-26 01:10:37,692 ] 125 root - INFO - Datatype conversion completed
[ 2026-05-26 01:10:37,692 ] 139 root - INFO - Handling missing values
[ 2026-05-26 01:10:37,695 ] 156 root - INFO - Missing value handling completed from (66, 5) to (50, 5)
[ 2026-05-26 01:10:37,696 ] 174 root - INFO - Removing duplicates
[ 2026-05-26 01:10:37,697 ] 188 root - INFO - Duplicates removed from (50, 5) to (50, 5)
[ 2026-05-26 01:10:37,697 ] 208 root - INFO - Filtering valid years
[ 2026-05-26 01:10:37,697 ] 217 root - INFO - Year filtering completed
[ 2026-05-26 01:10:37,698 ] 231 root - INFO - Sorting dataframe
[ 2026-05-26 01:10:37,699 ] 242 root - INFO - Sorting completed
[ 2026-05-26 01:10:37,700 ] 432 root - INFO - Preprocessing pipeline completed
[ 2026-05-26 01:10:37,704 ] 382 root - INFO - Processed dataframe saved at artifacts\data_processing\processed_data\current_account_balance_data.csv
[ 2026-05-26 01:10:37,706 ] 354 root - INFO - Metadata saved at artifacts\data_processing\metadata\current_account_balance_metadata.json
[ 2026-05-26 01:10:37,706 ] 484 root - INFO - Current_Account_Balance processing completed
[ 2026-05-26 01:10:37,707 ] 22 root - INFO - Loading data from artifacts\data_ingestion\raw_data\fdi_raw.csv
[ 2026-05-26 01:10:37,711 ] 26 root - INFO - Data loaded successfully
[ 2026-05-26 01:10:37,711 ] 396 root - INFO - Starting preprocessing pipeline
[ 2026-05-26 01:10:37,711 ] 53 root - INFO - Schema validation successful
[ 2026-05-26 01:10:37,711 ] 65 root - INFO - Standardizing columns
[ 2026-05-26 01:10:37,713 ] 94 root - INFO - Column standardization completed
[ 2026-05-26 01:10:37,713 ] 108 root - INFO - Converting datatypes
[ 2026-05-26 01:10:37,714 ] 125 root - INFO - Datatype conversion completed
[ 2026-05-26 01:10:37,714 ] 139 root - INFO - Handling missing values
[ 2026-05-26 01:10:37,717 ] 156 root - INFO - Missing value handling completed from (66, 5) to (55, 5)
[ 2026-05-26 01:10:37,717 ] 174 root - INFO - Removing duplicates
[ 2026-05-26 01:10:37,719 ] 188 root - INFO - Duplicates removed from (55, 5) to (55, 5)
[ 2026-05-26 01:10:37,719 ] 208 root - INFO - Filtering valid years
[ 2026-05-26 01:10:37,720 ] 217 root - INFO - Year filtering completed
[ 2026-05-26 01:10:37,720 ] 231 root - INFO - Sorting dataframe
[ 2026-05-26 01:10:37,722 ] 242 root - INFO - Sorting completed
[ 2026-05-26 01:10:37,723 ] 432 root - INFO - Preprocessing pipeline completed
[ 2026-05-26 01:10:37,726 ] 382 root - INFO - Processed dataframe saved at artifacts\data_processing\processed_data\fdi_data.csv
[ 2026-05-26 01:10:37,727 ] 354 root - INFO - Metadata saved at artifacts\data_processing\metadata\fdi_metadata.json
[ 2026-05-26 01:10:37,728 ] 484 root - INFO - FDI processing completed
[ 2026-05-26 01:10:37,729 ] 22 root - INFO - Loading data from artifacts\data_ingestion\raw_data\unemployment_raw.csv
[ 2026-05-26 01:10:37,732 ] 26 root - INFO - Data loaded successfully
[ 2026-05-26 01:10:37,733 ] 396 root - INFO - Starting preprocessing pipeline
[ 2026-05-26 01:10:37,733 ] 53 root - INFO - Schema validation successful
[ 2026-05-26 01:10:37,733 ] 65 root - INFO - Standardizing columns
[ 2026-05-26 01:10:37,734 ] 94 root - INFO - Column standardization completed
[ 2026-05-26 01:10:37,734 ] 108 root - INFO - Converting datatypes
[ 2026-05-26 01:10:37,735 ] 125 root - INFO - Datatype conversion completed
[ 2026-05-26 01:10:37,735 ] 139 root - INFO - Handling missing values
[ 2026-05-26 01:10:37,737 ] 156 root - INFO - Missing value handling completed from (66, 5) to (35, 5)
[ 2026-05-26 01:10:37,737 ] 174 root - INFO - Removing duplicates
[ 2026-05-26 01:10:37,738 ] 188 root - INFO - Duplicates removed from (35, 5) to (35, 5)
[ 2026-05-26 01:10:37,738 ] 208 root - INFO - Filtering valid years
[ 2026-05-26 01:10:37,739 ] 217 root - INFO - Year filtering completed
[ 2026-05-26 01:10:37,739 ] 231 root - INFO - Sorting dataframe
[ 2026-05-26 01:10:37,741 ] 242 root - INFO - Sorting completed
[ 2026-05-26 01:10:37,742 ] 432 root - INFO - Preprocessing pipeline completed
[ 2026-05-26 01:10:37,745 ] 382 root - INFO - Processed dataframe saved at artifacts\data_processing\processed_data\unemployment_data.csv
[ 2026-05-26 01:10:37,746 ] 354 root - INFO - Metadata saved at artifacts\data_processing\metadata\unemployment_metadata.json
[ 2026-05-26 01:10:37,746 ] 484 root - INFO - Unemployment processing completed
[ 2026-05-26 01:10:37,747 ] 22 root - INFO - Loading data from artifacts\data_ingestion\raw_data\population_raw.csv
[ 2026-05-26 01:10:37,751 ] 26 root - INFO - Data loaded successfully
[ 2026-05-26 01:10:37,751 ] 396 root - INFO - Starting preprocessing pipeline
[ 2026-05-26 01:10:37,751 ] 53 root - INFO - Schema validation successful
[ 2026-05-26 01:10:37,751 ] 65 root - INFO - Standardizing columns
[ 2026-05-26 01:10:37,753 ] 94 root - INFO - Column standardization completed
[ 2026-05-26 01:10:37,753 ] 108 root - INFO - Converting datatypes
[ 2026-05-26 01:10:37,753 ] 125 root - INFO - Datatype conversion completed
[ 2026-05-26 01:10:37,753 ] 139 root - INFO - Handling missing values
[ 2026-05-26 01:10:37,755 ] 156 root - INFO - Missing value handling completed from (66, 5) to (65, 5)
[ 2026-05-26 01:10:37,756 ] 174 root - INFO - Removing duplicates
[ 2026-05-26 01:10:37,756 ] 188 root - INFO - Duplicates removed from (65, 5) to (65, 5)
[ 2026-05-26 01:10:37,757 ] 208 root - INFO - Filtering valid years
[ 2026-05-26 01:10:37,757 ] 217 root - INFO - Year filtering completed
[ 2026-05-26 01:10:37,757 ] 231 root - INFO - Sorting dataframe
[ 2026-05-26 01:10:37,758 ] 242 root - INFO - Sorting completed
[ 2026-05-26 01:10:37,759 ] 432 root - INFO - Preprocessing pipeline completed
[ 2026-05-26 01:10:37,762 ] 382 root - INFO - Processed dataframe saved at artifacts\data_processing\processed_data\population_data.csv
[ 2026-05-26 01:10:37,762 ] 354 root - INFO - Metadata saved at artifacts\data_processing\metadata\population_metadata.json
[ 2026-05-26 01:10:37,763 ] 484 root - INFO - Population processing completed
[ 2026-05-26 01:10:37,763 ] 22 root - INFO - Loading data from artifacts\data_ingestion\raw_data\population_growth_raw.csv
[ 2026-05-26 01:10:37,766 ] 26 root - INFO - Data loaded successfully
[ 2026-05-26 01:10:37,766 ] 396 root - INFO - Starting preprocessing pipeline
[ 2026-05-26 01:10:37,766 ] 53 root - INFO - Schema validation successful
[ 2026-05-26 01:10:37,766 ] 65 root - INFO - Standardizing columns
[ 2026-05-26 01:10:37,767 ] 94 root - INFO - Column standardization completed
[ 2026-05-26 01:10:37,767 ] 108 root - INFO - Converting datatypes
[ 2026-05-26 01:10:37,768 ] 125 root - INFO - Datatype conversion completed
[ 2026-05-26 01:10:37,768 ] 139 root - INFO - Handling missing values
[ 2026-05-26 01:10:37,769 ] 156 root - INFO - Missing value handling completed from (66, 5) to (64, 5)
[ 2026-05-26 01:10:37,770 ] 174 root - INFO - Removing duplicates
[ 2026-05-26 01:10:37,770 ] 188 root - INFO - Duplicates removed from (64, 5) to (64, 5)
[ 2026-05-26 01:10:37,770 ] 208 root - INFO - Filtering valid years
[ 2026-05-26 01:10:37,771 ] 217 root - INFO - Year filtering completed
[ 2026-05-26 01:10:37,771 ] 231 root - INFO - Sorting dataframe
[ 2026-05-26 01:10:37,772 ] 242 root - INFO - Sorting completed
[ 2026-05-26 01:10:37,773 ] 432 root - INFO - Preprocessing pipeline completed
[ 2026-05-26 01:10:37,775 ] 382 root - INFO - Processed dataframe saved at artifacts\data_processing\processed_data\population_growth_data.csv
[ 2026-05-26 01:10:37,776 ] 354 root - INFO - Metadata saved at artifacts\data_processing\metadata\population_growth_metadata.json
[ 2026-05-26 01:10:37,776 ] 484 root - INFO - Population_Growth processing completed
[ 2026-05-26 01:10:37,777 ] 22 root - INFO - Loading data from artifacts\data_ingestion\raw_data\population_density_raw.csv
[ 2026-05-26 01:10:37,780 ] 26 root - INFO - Data loaded successfully
[ 2026-05-26 01:10:37,780 ] 396 root - INFO - Starting preprocessing pipeline
[ 2026-05-26 01:10:37,780 ] 53 root - INFO - Schema validation successful
[ 2026-05-26 01:10:37,780 ] 65 root - INFO - Standardizing columns
[ 2026-05-26 01:10:37,781 ] 94 root - INFO - Column standardization completed
[ 2026-05-26 01:10:37,781 ] 108 root - INFO - Converting datatypes
[ 2026-05-26 01:10:37,781 ] 125 root - INFO - Datatype conversion completed
[ 2026-05-26 01:10:37,781 ] 139 root - INFO - Handling missing values
[ 2026-05-26 01:10:37,783 ] 156 root - INFO - Missing value handling completed from (66, 5) to (63, 5)
[ 2026-05-26 01:10:37,783 ] 174 root - INFO - Removing duplicates
[ 2026-05-26 01:10:37,784 ] 188 root - INFO - Duplicates removed from (63, 5) to (63, 5)
[ 2026-05-26 01:10:37,784 ] 208 root - INFO - Filtering valid years
[ 2026-05-26 01:10:37,784 ] 217 root - INFO - Year filtering completed
[ 2026-05-26 01:10:37,784 ] 231 root - INFO - Sorting dataframe
[ 2026-05-26 01:10:37,786 ] 242 root - INFO - Sorting completed
[ 2026-05-26 01:10:37,786 ] 432 root - INFO - Preprocessing pipeline completed
[ 2026-05-26 01:10:37,788 ] 382 root - INFO - Processed dataframe saved at artifacts\data_processing\processed_data\population_density_data.csv
[ 2026-05-26 01:10:37,789 ] 354 root - INFO - Metadata saved at artifacts\data_processing\metadata\population_density_metadata.json
[ 2026-05-26 01:10:37,789 ] 484 root - INFO - Population_Density processing completed
[ 2026-05-26 01:10:37,789 ] 22 root - INFO - Loading data from artifacts\data_ingestion\raw_data\urbanization_raw.csv
[ 2026-05-26 01:10:37,791 ] 26 root - INFO - Data loaded successfully
[ 2026-05-26 01:10:37,791 ] 396 root - INFO - Starting preprocessing pipeline
[ 2026-05-26 01:10:37,792 ] 53 root - INFO - Schema validation successful
[ 2026-05-26 01:10:37,792 ] 65 root - INFO - Standardizing columns
[ 2026-05-26 01:10:37,793 ] 94 root - INFO - Column standardization completed
[ 2026-05-26 01:10:37,793 ] 108 root - INFO - Converting datatypes
[ 2026-05-26 01:10:37,793 ] 125 root - INFO - Datatype conversion completed
[ 2026-05-26 01:10:37,793 ] 139 root - INFO - Handling missing values
[ 2026-05-26 01:10:37,795 ] 156 root - INFO - Missing value handling completed from (66, 5) to (65, 5)
[ 2026-05-26 01:10:37,795 ] 174 root - INFO - Removing duplicates
[ 2026-05-26 01:10:37,796 ] 188 root - INFO - Duplicates removed from (65, 5) to (65, 5)
[ 2026-05-26 01:10:37,796 ] 208 root - INFO - Filtering valid years
[ 2026-05-26 01:10:37,796 ] 217 root - INFO - Year filtering completed
[ 2026-05-26 01:10:37,796 ] 231 root - INFO - Sorting dataframe
[ 2026-05-26 01:10:37,797 ] 242 root - INFO - Sorting completed
[ 2026-05-26 01:10:37,797 ] 432 root - INFO - Preprocessing pipeline completed
[ 2026-05-26 01:10:37,799 ] 382 root - INFO - Processed dataframe saved at artifacts\data_processing\processed_data\urbanization_data.csv
[ 2026-05-26 01:10:37,799 ] 354 root - INFO - Metadata saved at artifacts\data_processing\metadata\urbanization_metadata.json
[ 2026-05-26 01:10:37,799 ] 484 root - INFO - Urbanization processing completed
[ 2026-05-26 01:10:37,801 ] 22 root - INFO - Loading data from artifacts\data_ingestion\raw_data\birth_rate_raw.csv
[ 2026-05-26 01:10:37,803 ] 26 root - INFO - Data loaded successfully
[ 2026-05-26 01:10:37,803 ] 396 root - INFO - Starting preprocessing pipeline
[ 2026-05-26 01:10:37,803 ] 53 root - INFO - Schema validation successful
[ 2026-05-26 01:10:37,803 ] 65 root - INFO - Standardizing columns
[ 2026-05-26 01:10:37,805 ] 94 root - INFO - Column standardization completed
[ 2026-05-26 01:10:37,805 ] 108 root - INFO - Converting datatypes
[ 2026-05-26 01:10:37,805 ] 125 root - INFO - Datatype conversion completed
[ 2026-05-26 01:10:37,805 ] 139 root - INFO - Handling missing values
[ 2026-05-26 01:10:37,808 ] 156 root - INFO - Missing value handling completed from (66, 5) to (65, 5)
[ 2026-05-26 01:10:37,808 ] 174 root - INFO - Removing duplicates
[ 2026-05-26 01:10:37,809 ] 188 root - INFO - Duplicates removed from (65, 5) to (65, 5)
[ 2026-05-26 01:10:37,809 ] 208 root - INFO - Filtering valid years
[ 2026-05-26 01:10:37,809 ] 217 root - INFO - Year filtering completed
[ 2026-05-26 01:10:37,809 ] 231 root - INFO - Sorting dataframe
[ 2026-05-26 01:10:37,810 ] 242 root - INFO - Sorting completed
[ 2026-05-26 01:10:37,811 ] 432 root - INFO - Preprocessing pipeline completed
[ 2026-05-26 01:10:37,813 ] 382 root - INFO - Processed dataframe saved at artifacts\data_processing\processed_data\birth_rate_data.csv
[ 2026-05-26 01:10:37,813 ] 354 root - INFO - Metadata saved at artifacts\data_processing\metadata\birth_rate_metadata.json
[ 2026-05-26 01:10:37,813 ] 484 root - INFO - Birth_Rate processing completed
[ 2026-05-26 01:10:37,814 ] 22 root - INFO - Loading data from artifacts\data_ingestion\raw_data\death_rate_raw.csv
[ 2026-05-26 01:10:37,816 ] 26 root - INFO - Data loaded successfully
[ 2026-05-26 01:10:37,816 ] 396 root - INFO - Starting preprocessing pipeline
[ 2026-05-26 01:10:37,816 ] 53 root - INFO - Schema validation successful
[ 2026-05-26 01:10:37,816 ] 65 root - INFO - Standardizing columns
[ 2026-05-26 01:10:37,817 ] 94 root - INFO - Column standardization completed
[ 2026-05-26 01:10:37,817 ] 108 root - INFO - Converting datatypes
[ 2026-05-26 01:10:37,818 ] 125 root - INFO - Datatype conversion completed
[ 2026-05-26 01:10:37,818 ] 139 root - INFO - Handling missing values
[ 2026-05-26 01:10:37,820 ] 156 root - INFO - Missing value handling completed from (66, 5) to (65, 5)
[ 2026-05-26 01:10:37,820 ] 174 root - INFO - Removing duplicates
[ 2026-05-26 01:10:37,820 ] 188 root - INFO - Duplicates removed from (65, 5) to (65, 5)
[ 2026-05-26 01:10:37,821 ] 208 root - INFO - Filtering valid years
[ 2026-05-26 01:10:37,821 ] 217 root - INFO - Year filtering completed
[ 2026-05-26 01:10:37,821 ] 231 root - INFO - Sorting dataframe
[ 2026-05-26 01:10:37,822 ] 242 root - INFO - Sorting completed
[ 2026-05-26 01:10:37,823 ] 432 root - INFO - Preprocessing pipeline completed
[ 2026-05-26 01:10:37,825 ] 382 root - INFO - Processed dataframe saved at artifacts\data_processing\processed_data\death_rate_data.csv
[ 2026-05-26 01:10:37,827 ] 354 root - INFO - Metadata saved at artifacts\data_processing\metadata\death_rate_metadata.json
[ 2026-05-26 01:10:37,827 ] 484 root - INFO - Death_Rate processing completed
[ 2026-05-26 01:10:37,828 ] 22 root - INFO - Loading data from artifacts\data_ingestion\raw_data\life_expectancy_raw.csv
[ 2026-05-26 01:10:37,830 ] 26 root - INFO - Data loaded successfully
[ 2026-05-26 01:10:37,830 ] 396 root - INFO - Starting preprocessing pipeline
[ 2026-05-26 01:10:37,830 ] 53 root - INFO - Schema validation successful
[ 2026-05-26 01:10:37,831 ] 65 root - INFO - Standardizing columns
[ 2026-05-26 01:10:37,832 ] 94 root - INFO - Column standardization completed
[ 2026-05-26 01:10:37,832 ] 108 root - INFO - Converting datatypes
[ 2026-05-26 01:10:37,832 ] 125 root - INFO - Datatype conversion completed
[ 2026-05-26 01:10:37,832 ] 139 root - INFO - Handling missing values
[ 2026-05-26 01:10:37,835 ] 156 root - INFO - Missing value handling completed from (66, 5) to (65, 5)
[ 2026-05-26 01:10:37,835 ] 174 root - INFO - Removing duplicates
[ 2026-05-26 01:10:37,836 ] 188 root - INFO - Duplicates removed from (65, 5) to (65, 5)
[ 2026-05-26 01:10:37,836 ] 208 root - INFO - Filtering valid years
[ 2026-05-26 01:10:37,836 ] 217 root - INFO - Year filtering completed
[ 2026-05-26 01:10:37,836 ] 231 root - INFO - Sorting dataframe
[ 2026-05-26 01:10:37,838 ] 242 root - INFO - Sorting completed
[ 2026-05-26 01:10:37,839 ] 432 root - INFO - Preprocessing pipeline completed
[ 2026-05-26 01:10:37,842 ] 382 root - INFO - Processed dataframe saved at artifacts\data_processing\processed_data\life_expectancy_data.csv
[ 2026-05-26 01:10:37,843 ] 354 root - INFO - Metadata saved at artifacts\data_processing\metadata\life_expectancy_metadata.json
[ 2026-05-26 01:10:37,843 ] 484 root - INFO - Life_Expectancy processing completed
[ 2026-05-26 01:10:37,844 ] 22 root - INFO - Loading data from artifacts\data_ingestion\raw_data\literacy_rate_raw.csv
[ 2026-05-26 01:10:37,847 ] 26 root - INFO - Data loaded successfully
[ 2026-05-26 01:10:37,847 ] 396 root - INFO - Starting preprocessing pipeline
[ 2026-05-26 01:10:37,847 ] 53 root - INFO - Schema validation successful
[ 2026-05-26 01:10:37,847 ] 65 root - INFO - Standardizing columns
[ 2026-05-26 01:10:37,849 ] 94 root - INFO - Column standardization completed
[ 2026-05-26 01:10:37,849 ] 108 root - INFO - Converting datatypes
[ 2026-05-26 01:10:37,850 ] 125 root - INFO - Datatype conversion completed
[ 2026-05-26 01:10:37,850 ] 139 root - INFO - Handling missing values
[ 2026-05-26 01:10:37,852 ] 156 root - INFO - Missing value handling completed from (66, 5) to (14, 5)
[ 2026-05-26 01:10:37,852 ] 174 root - INFO - Removing duplicates
[ 2026-05-26 01:10:37,853 ] 188 root - INFO - Duplicates removed from (14, 5) to (14, 5)
[ 2026-05-26 01:10:37,853 ] 208 root - INFO - Filtering valid years
[ 2026-05-26 01:10:37,854 ] 217 root - INFO - Year filtering completed
[ 2026-05-26 01:10:37,854 ] 231 root - INFO - Sorting dataframe
[ 2026-05-26 01:10:37,855 ] 242 root - INFO - Sorting completed
[ 2026-05-26 01:10:37,856 ] 432 root - INFO - Preprocessing pipeline completed
[ 2026-05-26 01:10:37,859 ] 382 root - INFO - Processed dataframe saved at artifacts\data_processing\processed_data\literacy_rate_data.csv
[ 2026-05-26 01:10:37,861 ] 354 root - INFO - Metadata saved at artifacts\data_processing\metadata\literacy_rate_metadata.json
[ 2026-05-26 01:10:37,861 ] 484 root - INFO - Literacy_Rate processing completed
[ 2026-05-26 01:10:37,862 ] 22 root - INFO - Loading data from artifacts\data_ingestion\raw_data\exports_raw.csv
[ 2026-05-26 01:10:37,865 ] 26 root - INFO - Data loaded successfully
[ 2026-05-26 01:10:37,865 ] 396 root - INFO - Starting preprocessing pipeline
[ 2026-05-26 01:10:37,865 ] 53 root - INFO - Schema validation successful
[ 2026-05-26 01:10:37,866 ] 65 root - INFO - Standardizing columns
[ 2026-05-26 01:10:37,867 ] 94 root - INFO - Column standardization completed
[ 2026-05-26 01:10:37,867 ] 108 root - INFO - Converting datatypes
[ 2026-05-26 01:10:37,867 ] 125 root - INFO - Datatype conversion completed
[ 2026-05-26 01:10:37,867 ] 139 root - INFO - Handling missing values
[ 2026-05-26 01:10:37,870 ] 156 root - INFO - Missing value handling completed from (66, 5) to (65, 5)
[ 2026-05-26 01:10:37,870 ] 174 root - INFO - Removing duplicates
[ 2026-05-26 01:10:37,871 ] 188 root - INFO - Duplicates removed from (65, 5) to (65, 5)
[ 2026-05-26 01:10:37,871 ] 208 root - INFO - Filtering valid years
[ 2026-05-26 01:10:37,872 ] 217 root - INFO - Year filtering completed
[ 2026-05-26 01:10:37,872 ] 231 root - INFO - Sorting dataframe
[ 2026-05-26 01:10:37,873 ] 242 root - INFO - Sorting completed
[ 2026-05-26 01:10:37,874 ] 432 root - INFO - Preprocessing pipeline completed
[ 2026-05-26 01:10:37,877 ] 382 root - INFO - Processed dataframe saved at artifacts\data_processing\processed_data\exports_data.csv
[ 2026-05-26 01:10:37,878 ] 354 root - INFO - Metadata saved at artifacts\data_processing\metadata\exports_metadata.json
[ 2026-05-26 01:10:37,878 ] 484 root - INFO - Exports processing completed
[ 2026-05-26 01:10:37,880 ] 22 root - INFO - Loading data from artifacts\data_ingestion\raw_data\imports_raw.csv
[ 2026-05-26 01:10:37,883 ] 26 root - INFO - Data loaded successfully
[ 2026-05-26 01:10:37,883 ] 396 root - INFO - Starting preprocessing pipeline
[ 2026-05-26 01:10:37,884 ] 53 root - INFO - Schema validation successful
[ 2026-05-26 01:10:37,884 ] 65 root - INFO - Standardizing columns
[ 2026-05-26 01:10:37,885 ] 94 root - INFO - Column standardization completed
[ 2026-05-26 01:10:37,885 ] 108 root - INFO - Converting datatypes
[ 2026-05-26 01:10:37,886 ] 125 root - INFO - Datatype conversion completed
[ 2026-05-26 01:10:37,886 ] 139 root - INFO - Handling missing values
[ 2026-05-26 01:10:37,889 ] 156 root - INFO - Missing value handling completed from (66, 5) to (65, 5)
[ 2026-05-26 01:10:37,889 ] 174 root - INFO - Removing duplicates
[ 2026-05-26 01:10:37,890 ] 188 root - INFO - Duplicates removed from (65, 5) to (65, 5)
[ 2026-05-26 01:10:37,890 ] 208 root - INFO - Filtering valid years
[ 2026-05-26 01:10:37,891 ] 217 root - INFO - Year filtering completed
[ 2026-05-26 01:10:37,891 ] 231 root - INFO - Sorting dataframe
[ 2026-05-26 01:10:37,893 ] 242 root - INFO - Sorting completed
[ 2026-05-26 01:10:37,895 ] 432 root - INFO - Preprocessing pipeline completed
[ 2026-05-26 01:10:37,897 ] 382 root - INFO - Processed dataframe saved at artifacts\data_processing\processed_data\imports_data.csv
[ 2026-05-26 01:10:37,898 ] 354 root - INFO - Metadata saved at artifacts\data_processing\metadata\imports_metadata.json
[ 2026-05-26 01:10:37,898 ] 484 root - INFO - Imports processing completed
[ 2026-05-26 01:10:37,899 ] 22 root - INFO - Loading data from artifacts\data_ingestion\raw_data\trade_percent_gdp_raw.csv
[ 2026-05-26 01:10:37,902 ] 26 root - INFO - Data loaded successfully
[ 2026-05-26 01:10:37,902 ] 396 root - INFO - Starting preprocessing pipeline
[ 2026-05-26 01:10:37,902 ] 53 root - INFO - Schema validation successful
[ 2026-05-26 01:10:37,902 ] 65 root - INFO - Standardizing columns
[ 2026-05-26 01:10:37,904 ] 94 root - INFO - Column standardization completed
[ 2026-05-26 01:10:37,904 ] 108 root - INFO - Converting datatypes
[ 2026-05-26 01:10:37,904 ] 125 root - INFO - Datatype conversion completed
[ 2026-05-26 01:10:37,904 ] 139 root - INFO - Handling missing values
[ 2026-05-26 01:10:37,907 ] 156 root - INFO - Missing value handling completed from (66, 5) to (65, 5)
[ 2026-05-26 01:10:37,907 ] 174 root - INFO - Removing duplicates
[ 2026-05-26 01:10:37,908 ] 188 root - INFO - Duplicates removed from (65, 5) to (65, 5)
[ 2026-05-26 01:10:37,908 ] 208 root - INFO - Filtering valid years
[ 2026-05-26 01:10:37,908 ] 217 root - INFO - Year filtering completed
[ 2026-05-26 01:10:37,908 ] 231 root - INFO - Sorting dataframe
[ 2026-05-26 01:10:37,911 ] 242 root - INFO - Sorting completed
[ 2026-05-26 01:10:37,911 ] 432 root - INFO - Preprocessing pipeline completed
[ 2026-05-26 01:10:37,913 ] 382 root - INFO - Processed dataframe saved at artifacts\data_processing\processed_data\trade_percent_gdp_data.csv
[ 2026-05-26 01:10:37,914 ] 354 root - INFO - Metadata saved at artifacts\data_processing\metadata\trade_percent_gdp_metadata.json
[ 2026-05-26 01:10:37,914 ] 484 root - INFO - Trade_Percent_GDP processing completed
[ 2026-05-26 01:10:37,915 ] 22 root - INFO - Loading data from artifacts\data_ingestion\raw_data\high_tech_exports_raw.csv
[ 2026-05-26 01:10:37,917 ] 26 root - INFO - Data loaded successfully
[ 2026-05-26 01:10:37,917 ] 396 root - INFO - Starting preprocessing pipeline
[ 2026-05-26 01:10:37,918 ] 53 root - INFO - Schema validation successful
[ 2026-05-26 01:10:37,918 ] 65 root - INFO - Standardizing columns
[ 2026-05-26 01:10:37,919 ] 94 root - INFO - Column standardization completed
[ 2026-05-26 01:10:37,919 ] 108 root - INFO - Converting datatypes
[ 2026-05-26 01:10:37,919 ] 125 root - INFO - Datatype conversion completed
[ 2026-05-26 01:10:37,919 ] 139 root - INFO - Handling missing values
[ 2026-05-26 01:10:37,922 ] 156 root - INFO - Missing value handling completed from (66, 5) to (16, 5)
[ 2026-05-26 01:10:37,922 ] 174 root - INFO - Removing duplicates
[ 2026-05-26 01:10:37,922 ] 188 root - INFO - Duplicates removed from (16, 5) to (16, 5)
[ 2026-05-26 01:10:37,924 ] 208 root - INFO - Filtering valid years
[ 2026-05-26 01:10:37,924 ] 217 root - INFO - Year filtering completed
[ 2026-05-26 01:10:37,924 ] 231 root - INFO - Sorting dataframe
[ 2026-05-26 01:10:37,924 ] 242 root - INFO - Sorting completed
[ 2026-05-26 01:10:37,925 ] 432 root - INFO - Preprocessing pipeline completed
[ 2026-05-26 01:10:37,927 ] 382 root - INFO - Processed dataframe saved at artifacts\data_processing\processed_data\high_tech_exports_data.csv
[ 2026-05-26 01:10:37,928 ] 354 root - INFO - Metadata saved at artifacts\data_processing\metadata\high_tech_exports_metadata.json
[ 2026-05-26 01:10:37,928 ] 484 root - INFO - High_Tech_Exports processing completed
[ 2026-05-26 01:10:37,929 ] 22 root - INFO - Loading data from artifacts\data_ingestion\raw_data\internet_users_raw.csv
[ 2026-05-26 01:10:37,932 ] 26 root - INFO - Data loaded successfully
[ 2026-05-26 01:10:37,932 ] 396 root - INFO - Starting preprocessing pipeline
[ 2026-05-26 01:10:37,932 ] 53 root - INFO - Schema validation successful
[ 2026-05-26 01:10:37,932 ] 65 root - INFO - Standardizing columns
[ 2026-05-26 01:10:37,933 ] 94 root - INFO - Column standardization completed
[ 2026-05-26 01:10:37,933 ] 108 root - INFO - Converting datatypes
[ 2026-05-26 01:10:37,935 ] 125 root - INFO - Datatype conversion completed
[ 2026-05-26 01:10:37,935 ] 139 root - INFO - Handling missing values
[ 2026-05-26 01:10:37,936 ] 156 root - INFO - Missing value handling completed from (66, 5) to (35, 5)
[ 2026-05-26 01:10:37,936 ] 174 root - INFO - Removing duplicates
[ 2026-05-26 01:10:37,937 ] 188 root - INFO - Duplicates removed from (35, 5) to (35, 5)
[ 2026-05-26 01:10:37,937 ] 208 root - INFO - Filtering valid years
[ 2026-05-26 01:10:37,938 ] 217 root - INFO - Year filtering completed
[ 2026-05-26 01:10:37,938 ] 231 root - INFO - Sorting dataframe
[ 2026-05-26 01:10:37,939 ] 242 root - INFO - Sorting completed
[ 2026-05-26 01:10:37,940 ] 432 root - INFO - Preprocessing pipeline completed
[ 2026-05-26 01:10:37,943 ] 382 root - INFO - Processed dataframe saved at artifacts\data_processing\processed_data\internet_users_data.csv
[ 2026-05-26 01:10:37,944 ] 354 root - INFO - Metadata saved at artifacts\data_processing\metadata\internet_users_metadata.json
[ 2026-05-26 01:10:37,944 ] 484 root - INFO - Internet_Users processing completed
[ 2026-05-26 01:10:37,944 ] 22 root - INFO - Loading data from artifacts\data_ingestion\raw_data\mobile_subscriptions_raw.csv
[ 2026-05-26 01:10:37,948 ] 26 root - INFO - Data loaded successfully
[ 2026-05-26 01:10:37,948 ] 396 root - INFO - Starting preprocessing pipeline
[ 2026-05-26 01:10:37,948 ] 53 root - INFO - Schema validation successful
[ 2026-05-26 01:10:37,948 ] 65 root - INFO - Standardizing columns
[ 2026-05-26 01:10:37,949 ] 94 root - INFO - Column standardization completed
[ 2026-05-26 01:10:37,949 ] 108 root - INFO - Converting datatypes
[ 2026-05-26 01:10:37,949 ] 125 root - INFO - Datatype conversion completed
[ 2026-05-26 01:10:37,951 ] 139 root - INFO - Handling missing values
[ 2026-05-26 01:10:37,952 ] 156 root - INFO - Missing value handling completed from (66, 5) to (53, 5)
[ 2026-05-26 01:10:37,952 ] 174 root - INFO - Removing duplicates
[ 2026-05-26 01:10:37,954 ] 188 root - INFO - Duplicates removed from (53, 5) to (53, 5)
[ 2026-05-26 01:10:37,954 ] 208 root - INFO - Filtering valid years
[ 2026-05-26 01:10:37,954 ] 217 root - INFO - Year filtering completed
[ 2026-05-26 01:10:37,954 ] 231 root - INFO - Sorting dataframe
[ 2026-05-26 01:10:37,954 ] 242 root - INFO - Sorting completed
[ 2026-05-26 01:10:37,955 ] 432 root - INFO - Preprocessing pipeline completed
[ 2026-05-26 01:10:37,957 ] 382 root - INFO - Processed dataframe saved at artifacts\data_processing\processed_data\mobile_subscriptions_data.csv
[ 2026-05-26 01:10:37,958 ] 354 root - INFO - Metadata saved at artifacts\data_processing\metadata\mobile_subscriptions_metadata.json
[ 2026-05-26 01:10:37,958 ] 484 root - INFO - Mobile_Subscriptions processing completed
[ 2026-05-26 01:10:37,959 ] 22 root - INFO - Loading data from artifacts\data_ingestion\raw_data\broadband_subscriptions_raw.csv
[ 2026-05-26 01:10:37,962 ] 26 root - INFO - Data loaded successfully
[ 2026-05-26 01:10:37,962 ] 396 root - INFO - Starting preprocessing pipeline
[ 2026-05-26 01:10:37,962 ] 53 root - INFO - Schema validation successful
[ 2026-05-26 01:10:37,962 ] 65 root - INFO - Standardizing columns
[ 2026-05-26 01:10:37,964 ] 94 root - INFO - Column standardization completed
[ 2026-05-26 01:10:37,964 ] 108 root - INFO - Converting datatypes
[ 2026-05-26 01:10:37,964 ] 125 root - INFO - Datatype conversion completed
[ 2026-05-26 01:10:37,964 ] 139 root - INFO - Handling missing values
[ 2026-05-26 01:10:37,966 ] 156 root - INFO - Missing value handling completed from (66, 5) to (24, 5)
[ 2026-05-26 01:10:37,967 ] 174 root - INFO - Removing duplicates
[ 2026-05-26 01:10:37,967 ] 188 root - INFO - Duplicates removed from (24, 5) to (24, 5)
[ 2026-05-26 01:10:37,967 ] 208 root - INFO - Filtering valid years
[ 2026-05-26 01:10:37,967 ] 217 root - INFO - Year filtering completed
[ 2026-05-26 01:10:37,967 ] 231 root - INFO - Sorting dataframe
[ 2026-05-26 01:10:37,968 ] 242 root - INFO - Sorting completed
[ 2026-05-26 01:10:37,970 ] 432 root - INFO - Preprocessing pipeline completed
[ 2026-05-26 01:10:37,971 ] 382 root - INFO - Processed dataframe saved at artifacts\data_processing\processed_data\broadband_subscriptions_data.csv
[ 2026-05-26 01:10:37,971 ] 354 root - INFO - Metadata saved at artifacts\data_processing\metadata\broadband_subscriptions_metadata.json
[ 2026-05-26 01:10:37,972 ] 484 root - INFO - Broadband_Subscriptions processing completed
[ 2026-05-26 01:10:37,972 ] 22 root - INFO - Loading data from artifacts\data_ingestion\raw_data\secure_servers_raw.csv
[ 2026-05-26 01:10:37,975 ] 26 root - INFO - Data loaded successfully
[ 2026-05-26 01:10:37,975 ] 396 root - INFO - Starting preprocessing pipeline
[ 2026-05-26 01:10:37,975 ] 53 root - INFO - Schema validation successful
[ 2026-05-26 01:10:37,975 ] 65 root - INFO - Standardizing columns
[ 2026-05-26 01:10:37,976 ] 94 root - INFO - Column standardization completed
[ 2026-05-26 01:10:37,976 ] 108 root - INFO - Converting datatypes
[ 2026-05-26 01:10:37,977 ] 125 root - INFO - Datatype conversion completed
[ 2026-05-26 01:10:37,977 ] 139 root - INFO - Handling missing values
[ 2026-05-26 01:10:37,979 ] 156 root - INFO - Missing value handling completed from (66, 5) to (15, 5)
[ 2026-05-26 01:10:37,979 ] 174 root - INFO - Removing duplicates
[ 2026-05-26 01:10:37,979 ] 188 root - INFO - Duplicates removed from (15, 5) to (15, 5)
[ 2026-05-26 01:10:37,979 ] 208 root - INFO - Filtering valid years
[ 2026-05-26 01:10:37,980 ] 217 root - INFO - Year filtering completed
[ 2026-05-26 01:10:37,980 ] 231 root - INFO - Sorting dataframe
[ 2026-05-26 01:10:37,981 ] 242 root - INFO - Sorting completed
[ 2026-05-26 01:10:37,982 ] 432 root - INFO - Preprocessing pipeline completed
[ 2026-05-26 01:10:37,984 ] 382 root - INFO - Processed dataframe saved at artifacts\data_processing\processed_data\secure_servers_data.csv
[ 2026-05-26 01:10:37,986 ] 354 root - INFO - Metadata saved at artifacts\data_processing\metadata\secure_servers_metadata.json
[ 2026-05-26 01:10:37,986 ] 484 root - INFO - Secure_Servers processing completed
[ 2026-05-26 01:10:37,987 ] 22 root - INFO - Loading data from artifacts\data_ingestion\raw_data\rnd_expenditure_raw.csv
[ 2026-05-26 01:10:37,989 ] 26 root - INFO - Data loaded successfully
[ 2026-05-26 01:10:37,989 ] 396 root - INFO - Starting preprocessing pipeline
[ 2026-05-26 01:10:37,989 ] 53 root - INFO - Schema validation successful
[ 2026-05-26 01:10:37,989 ] 65 root - INFO - Standardizing columns
[ 2026-05-26 01:10:37,990 ] 94 root - INFO - Column standardization completed
[ 2026-05-26 01:10:37,990 ] 108 root - INFO - Converting datatypes
[ 2026-05-26 01:10:37,991 ] 125 root - INFO - Datatype conversion completed
[ 2026-05-26 01:10:37,991 ] 139 root - INFO - Handling missing values
[ 2026-05-26 01:10:37,992 ] 156 root - INFO - Missing value handling completed from (66, 5) to (25, 5)
[ 2026-05-26 01:10:37,992 ] 174 root - INFO - Removing duplicates
[ 2026-05-26 01:10:37,993 ] 188 root - INFO - Duplicates removed from (25, 5) to (25, 5)
[ 2026-05-26 01:10:37,993 ] 208 root - INFO - Filtering valid years
[ 2026-05-26 01:10:37,994 ] 217 root - INFO - Year filtering completed
[ 2026-05-26 01:10:37,994 ] 231 root - INFO - Sorting dataframe
[ 2026-05-26 01:10:37,995 ] 242 root - INFO - Sorting completed
[ 2026-05-26 01:10:37,995 ] 432 root - INFO - Preprocessing pipeline completed
[ 2026-05-26 01:10:37,997 ] 382 root - INFO - Processed dataframe saved at artifacts\data_processing\processed_data\rnd_expenditure_data.csv
[ 2026-05-26 01:10:37,998 ] 354 root - INFO - Metadata saved at artifacts\data_processing\metadata\rnd_expenditure_metadata.json
[ 2026-05-26 01:10:37,998 ] 484 root - INFO - RND_Expenditure processing completed
[ 2026-05-26 01:10:37,998 ] 22 root - INFO - Loading data from artifacts\data_ingestion\raw_data\air_pollution_raw.csv
[ 2026-05-26 01:10:38,002 ] 26 root - INFO - Data loaded successfully
[ 2026-05-26 01:10:38,002 ] 396 root - INFO - Starting preprocessing pipeline
[ 2026-05-26 01:10:38,002 ] 53 root - INFO - Schema validation successful
[ 2026-05-26 01:10:38,002 ] 65 root - INFO - Standardizing columns
[ 2026-05-26 01:10:38,003 ] 94 root - INFO - Column standardization completed
[ 2026-05-26 01:10:38,003 ] 108 root - INFO - Converting datatypes
[ 2026-05-26 01:10:38,003 ] 125 root - INFO - Datatype conversion completed
[ 2026-05-26 01:10:38,003 ] 139 root - INFO - Handling missing values
[ 2026-05-26 01:10:38,005 ] 156 root - INFO - Missing value handling completed from (66, 5) to (31, 5)
[ 2026-05-26 01:10:38,005 ] 174 root - INFO - Removing duplicates
[ 2026-05-26 01:10:38,006 ] 188 root - INFO - Duplicates removed from (31, 5) to (31, 5)
[ 2026-05-26 01:10:38,006 ] 208 root - INFO - Filtering valid years
[ 2026-05-26 01:10:38,006 ] 217 root - INFO - Year filtering completed
[ 2026-05-26 01:10:38,006 ] 231 root - INFO - Sorting dataframe
[ 2026-05-26 01:10:38,007 ] 242 root - INFO - Sorting completed
[ 2026-05-26 01:10:38,008 ] 432 root - INFO - Preprocessing pipeline completed
[ 2026-05-26 01:10:38,010 ] 382 root - INFO - Processed dataframe saved at artifacts\data_processing\processed_data\air_pollution_data.csv
[ 2026-05-26 01:10:38,011 ] 354 root - INFO - Metadata saved at artifacts\data_processing\metadata\air_pollution_metadata.json
[ 2026-05-26 01:10:38,011 ] 484 root - INFO - Air_Pollution processing completed
[ 2026-05-26 01:10:38,011 ] 22 root - INFO - Loading data from artifacts\data_ingestion\raw_data\forest_area_raw.csv
[ 2026-05-26 01:10:38,014 ] 26 root - INFO - Data loaded successfully
[ 2026-05-26 01:10:38,014 ] 396 root - INFO - Starting preprocessing pipeline
[ 2026-05-26 01:10:38,015 ] 53 root - INFO - Schema validation successful
[ 2026-05-26 01:10:38,015 ] 65 root - INFO - Standardizing columns
[ 2026-05-26 01:10:38,016 ] 94 root - INFO - Column standardization completed
[ 2026-05-26 01:10:38,016 ] 108 root - INFO - Converting datatypes
[ 2026-05-26 01:10:38,017 ] 125 root - INFO - Datatype conversion completed
[ 2026-05-26 01:10:38,017 ] 139 root - INFO - Handling missing values
[ 2026-05-26 01:10:38,020 ] 156 root - INFO - Missing value handling completed from (66, 5) to (34, 5)
[ 2026-05-26 01:10:38,020 ] 174 root - INFO - Removing duplicates
[ 2026-05-26 01:10:38,021 ] 188 root - INFO - Duplicates removed from (34, 5) to (34, 5)
[ 2026-05-26 01:10:38,021 ] 208 root - INFO - Filtering valid years
[ 2026-05-26 01:10:38,021 ] 217 root - INFO - Year filtering completed
[ 2026-05-26 01:10:38,022 ] 231 root - INFO - Sorting dataframe
[ 2026-05-26 01:10:38,023 ] 242 root - INFO - Sorting completed
[ 2026-05-26 01:10:38,024 ] 432 root - INFO - Preprocessing pipeline completed
[ 2026-05-26 01:10:38,027 ] 382 root - INFO - Processed dataframe saved at artifacts\data_processing\processed_data\forest_area_data.csv
[ 2026-05-26 01:10:38,028 ] 354 root - INFO - Metadata saved at artifacts\data_processing\metadata\forest_area_metadata.json
[ 2026-05-26 01:10:38,028 ] 484 root - INFO - Forest_Area processing completed
[ 2026-05-26 01:10:38,029 ] 22 root - INFO - Loading data from artifacts\data_ingestion\raw_data\renewable_energy_raw.csv
[ 2026-05-26 01:10:38,030 ] 26 root - INFO - Data loaded successfully
[ 2026-05-26 01:10:38,031 ] 396 root - INFO - Starting preprocessing pipeline
[ 2026-05-26 01:10:38,031 ] 53 root - INFO - Schema validation successful
[ 2026-05-26 01:10:38,031 ] 65 root - INFO - Standardizing columns
[ 2026-05-26 01:10:38,032 ] 94 root - INFO - Column standardization completed
[ 2026-05-26 01:10:38,032 ] 108 root - INFO - Converting datatypes
[ 2026-05-26 01:10:38,033 ] 125 root - INFO - Datatype conversion completed
[ 2026-05-26 01:10:38,033 ] 139 root - INFO - Handling missing values
[ 2026-05-26 01:10:38,035 ] 156 root - INFO - Missing value handling completed from (66, 5) to (32, 5)
[ 2026-05-26 01:10:38,035 ] 174 root - INFO - Removing duplicates
[ 2026-05-26 01:10:38,036 ] 188 root - INFO - Duplicates removed from (32, 5) to (32, 5)
[ 2026-05-26 01:10:38,037 ] 208 root - INFO - Filtering valid years
[ 2026-05-26 01:10:38,037 ] 217 root - INFO - Year filtering completed
[ 2026-05-26 01:10:38,037 ] 231 root - INFO - Sorting dataframe
[ 2026-05-26 01:10:38,039 ] 242 root - INFO - Sorting completed
[ 2026-05-26 01:10:38,039 ] 432 root - INFO - Preprocessing pipeline completed
[ 2026-05-26 01:10:38,042 ] 382 root - INFO - Processed dataframe saved at artifacts\data_processing\processed_data\renewable_energy_data.csv
[ 2026-05-26 01:10:38,043 ] 354 root - INFO - Metadata saved at artifacts\data_processing\metadata\renewable_energy_metadata.json
[ 2026-05-26 01:10:38,043 ] 484 root - INFO - Renewable_Energy processing completed
[ 2026-05-26 01:10:38,044 ] 22 root - INFO - Loading data from artifacts\data_ingestion\raw_data\electricity_access_raw.csv
[ 2026-05-26 01:10:38,047 ] 26 root - INFO - Data loaded successfully
[ 2026-05-26 01:10:38,047 ] 396 root - INFO - Starting preprocessing pipeline
[ 2026-05-26 01:10:38,047 ] 53 root - INFO - Schema validation successful
[ 2026-05-26 01:10:38,047 ] 65 root - INFO - Standardizing columns
[ 2026-05-26 01:10:38,048 ] 94 root - INFO - Column standardization completed
[ 2026-05-26 01:10:38,048 ] 108 root - INFO - Converting datatypes
[ 2026-05-26 01:10:38,049 ] 125 root - INFO - Datatype conversion completed
[ 2026-05-26 01:10:38,049 ] 139 root - INFO - Handling missing values
[ 2026-05-26 01:10:38,051 ] 156 root - INFO - Missing value handling completed from (66, 5) to (31, 5)
[ 2026-05-26 01:10:38,051 ] 174 root - INFO - Removing duplicates
[ 2026-05-26 01:10:38,051 ] 188 root - INFO - Duplicates removed from (31, 5) to (31, 5)
[ 2026-05-26 01:10:38,051 ] 208 root - INFO - Filtering valid years
[ 2026-05-26 01:10:38,052 ] 217 root - INFO - Year filtering completed
[ 2026-05-26 01:10:38,052 ] 231 root - INFO - Sorting dataframe
[ 2026-05-26 01:10:38,053 ] 242 root - INFO - Sorting completed
[ 2026-05-26 01:10:38,054 ] 432 root - INFO - Preprocessing pipeline completed
[ 2026-05-26 01:10:38,055 ] 382 root - INFO - Processed dataframe saved at artifacts\data_processing\processed_data\electricity_access_data.csv
[ 2026-05-26 01:10:38,056 ] 354 root - INFO - Metadata saved at artifacts\data_processing\metadata\electricity_access_metadata.json
[ 2026-05-26 01:10:38,056 ] 484 root - INFO - Electricity_Access processing completed
[ 2026-05-26 01:10:38,057 ] 22 root - INFO - Loading data from artifacts\data_ingestion\raw_data\agriculture_raw.csv
[ 2026-05-26 01:10:38,059 ] 26 root - INFO - Data loaded successfully
[ 2026-05-26 01:10:38,059 ] 396 root - INFO - Starting preprocessing pipeline
[ 2026-05-26 01:10:38,059 ] 53 root - INFO - Schema validation successful
[ 2026-05-26 01:10:38,060 ] 65 root - INFO - Standardizing columns
[ 2026-05-26 01:10:38,061 ] 94 root - INFO - Column standardization completed
[ 2026-05-26 01:10:38,061 ] 108 root - INFO - Converting datatypes
[ 2026-05-26 01:10:38,061 ] 125 root - INFO - Datatype conversion completed
[ 2026-05-26 01:10:38,061 ] 139 root - INFO - Handling missing values
[ 2026-05-26 01:10:38,064 ] 156 root - INFO - Missing value handling completed from (66, 5) to (65, 5)
[ 2026-05-26 01:10:38,064 ] 174 root - INFO - Removing duplicates
[ 2026-05-26 01:10:38,065 ] 188 root - INFO - Duplicates removed from (65, 5) to (65, 5)
[ 2026-05-26 01:10:38,065 ] 208 root - INFO - Filtering valid years
[ 2026-05-26 01:10:38,065 ] 217 root - INFO - Year filtering completed
[ 2026-05-26 01:10:38,065 ] 231 root - INFO - Sorting dataframe
[ 2026-05-26 01:10:38,066 ] 242 root - INFO - Sorting completed
[ 2026-05-26 01:10:38,067 ] 432 root - INFO - Preprocessing pipeline completed
[ 2026-05-26 01:10:38,069 ] 382 root - INFO - Processed dataframe saved at artifacts\data_processing\processed_data\agriculture_data.csv
[ 2026-05-26 01:10:38,070 ] 354 root - INFO - Metadata saved at artifacts\data_processing\metadata\agriculture_metadata.json
[ 2026-05-26 01:10:38,070 ] 484 root - INFO - Agriculture processing completed
[ 2026-05-26 01:10:38,071 ] 22 root - INFO - Loading data from artifacts\data_ingestion\raw_data\industry_raw.csv
[ 2026-05-26 01:10:38,073 ] 26 root - INFO - Data loaded successfully
[ 2026-05-26 01:10:38,073 ] 396 root - INFO - Starting preprocessing pipeline
[ 2026-05-26 01:10:38,073 ] 53 root - INFO - Schema validation successful
[ 2026-05-26 01:10:38,073 ] 65 root - INFO - Standardizing columns
[ 2026-05-26 01:10:38,075 ] 94 root - INFO - Column standardization completed
[ 2026-05-26 01:10:38,075 ] 108 root - INFO - Converting datatypes
[ 2026-05-26 01:10:38,075 ] 125 root - INFO - Datatype conversion completed
[ 2026-05-26 01:10:38,075 ] 139 root - INFO - Handling missing values
[ 2026-05-26 01:10:38,078 ] 156 root - INFO - Missing value handling completed from (66, 5) to (65, 5)
[ 2026-05-26 01:10:38,078 ] 174 root - INFO - Removing duplicates
[ 2026-05-26 01:10:38,079 ] 188 root - INFO - Duplicates removed from (65, 5) to (65, 5)
[ 2026-05-26 01:10:38,079 ] 208 root - INFO - Filtering valid years
[ 2026-05-26 01:10:38,080 ] 217 root - INFO - Year filtering completed
[ 2026-05-26 01:10:38,080 ] 231 root - INFO - Sorting dataframe
[ 2026-05-26 01:10:38,081 ] 242 root - INFO - Sorting completed
[ 2026-05-26 01:10:38,082 ] 432 root - INFO - Preprocessing pipeline completed
[ 2026-05-26 01:10:38,085 ] 382 root - INFO - Processed dataframe saved at artifacts\data_processing\processed_data\industry_data.csv
[ 2026-05-26 01:10:38,086 ] 354 root - INFO - Metadata saved at artifacts\data_processing\metadata\industry_metadata.json
[ 2026-05-26 01:10:38,086 ] 484 root - INFO - Industry processing completed
[ 2026-05-26 01:10:38,087 ] 22 root - INFO - Loading data from artifacts\data_ingestion\raw_data\services_raw.csv
[ 2026-05-26 01:10:38,091 ] 26 root - INFO - Data loaded successfully
[ 2026-05-26 01:10:38,091 ] 396 root - INFO - Starting preprocessing pipeline
[ 2026-05-26 01:10:38,092 ] 53 root - INFO - Schema validation successful
[ 2026-05-26 01:10:38,092 ] 65 root - INFO - Standardizing columns
[ 2026-05-26 01:10:38,094 ] 94 root - INFO - Column standardization completed
[ 2026-05-26 01:10:38,094 ] 108 root - INFO - Converting datatypes
[ 2026-05-26 01:10:38,095 ] 125 root - INFO - Datatype conversion completed
[ 2026-05-26 01:10:38,095 ] 139 root - INFO - Handling missing values
[ 2026-05-26 01:10:38,097 ] 156 root - INFO - Missing value handling completed from (66, 5) to (65, 5)
[ 2026-05-26 01:10:38,098 ] 174 root - INFO - Removing duplicates
[ 2026-05-26 01:10:38,099 ] 188 root - INFO - Duplicates removed from (65, 5) to (65, 5)
[ 2026-05-26 01:10:38,099 ] 208 root - INFO - Filtering valid years
[ 2026-05-26 01:10:38,100 ] 217 root - INFO - Year filtering completed
[ 2026-05-26 01:10:38,100 ] 231 root - INFO - Sorting dataframe
[ 2026-05-26 01:10:38,102 ] 242 root - INFO - Sorting completed
[ 2026-05-26 01:10:38,103 ] 432 root - INFO - Preprocessing pipeline completed
[ 2026-05-26 01:10:38,106 ] 382 root - INFO - Processed dataframe saved at artifacts\data_processing\processed_data\services_data.csv
[ 2026-05-26 01:10:38,108 ] 354 root - INFO - Metadata saved at artifacts\data_processing\metadata\services_metadata.json
[ 2026-05-26 01:10:38,108 ] 484 root - INFO - Services processing completed
[ 2026-05-26 01:10:38,109 ] 22 root - INFO - Loading data from artifacts\data_ingestion\raw_data\military_expenditure_raw.csv
[ 2026-05-26 01:10:38,113 ] 26 root - INFO - Data loaded successfully
[ 2026-05-26 01:10:38,113 ] 396 root - INFO - Starting preprocessing pipeline
[ 2026-05-26 01:10:38,113 ] 53 root - INFO - Schema validation successful
[ 2026-05-26 01:10:38,115 ] 65 root - INFO - Standardizing columns
[ 2026-05-26 01:10:38,116 ] 94 root - INFO - Column standardization completed
[ 2026-05-26 01:10:38,116 ] 108 root - INFO - Converting datatypes
[ 2026-05-26 01:10:38,117 ] 125 root - INFO - Datatype conversion completed
[ 2026-05-26 01:10:38,117 ] 139 root - INFO - Handling missing values
[ 2026-05-26 01:10:38,120 ] 156 root - INFO - Missing value handling completed from (66, 5) to (65, 5)
[ 2026-05-26 01:10:38,120 ] 174 root - INFO - Removing duplicates
[ 2026-05-26 01:10:38,122 ] 188 root - INFO - Duplicates removed from (65, 5) to (65, 5)
[ 2026-05-26 01:10:38,122 ] 208 root - INFO - Filtering valid years
[ 2026-05-26 01:10:38,123 ] 217 root - INFO - Year filtering completed
[ 2026-05-26 01:10:38,123 ] 231 root - INFO - Sorting dataframe
[ 2026-05-26 01:10:38,124 ] 242 root - INFO - Sorting completed
[ 2026-05-26 01:10:38,126 ] 432 root - INFO - Preprocessing pipeline completed
[ 2026-05-26 01:10:38,129 ] 382 root - INFO - Processed dataframe saved at artifacts\data_processing\processed_data\military_expenditure_data.csv
[ 2026-05-26 01:10:38,131 ] 354 root - INFO - Metadata saved at artifacts\data_processing\metadata\military_expenditure_metadata.json
[ 2026-05-26 01:10:38,131 ] 484 root - INFO - Military_Expenditure processing completed
[ 2026-05-26 01:10:38,132 ] 22 root - INFO - Loading data from artifacts\data_ingestion\raw_data\military_percent_gdp_raw.csv
[ 2026-05-26 01:10:38,135 ] 26 root - INFO - Data loaded successfully
[ 2026-05-26 01:10:38,136 ] 396 root - INFO - Starting preprocessing pipeline
[ 2026-05-26 01:10:38,136 ] 53 root - INFO - Schema validation successful
[ 2026-05-26 01:10:38,136 ] 65 root - INFO - Standardizing columns
[ 2026-05-26 01:10:38,137 ] 94 root - INFO - Column standardization completed
[ 2026-05-26 01:10:38,137 ] 108 root - INFO - Converting datatypes
[ 2026-05-26 01:10:38,138 ] 125 root - INFO - Datatype conversion completed
[ 2026-05-26 01:10:38,138 ] 139 root - INFO - Handling missing values
[ 2026-05-26 01:10:38,141 ] 156 root - INFO - Missing value handling completed from (66, 5) to (65, 5)
[ 2026-05-26 01:10:38,141 ] 174 root - INFO - Removing duplicates
[ 2026-05-26 01:10:38,142 ] 188 root - INFO - Duplicates removed from (65, 5) to (65, 5)
[ 2026-05-26 01:10:38,142 ] 208 root - INFO - Filtering valid years
[ 2026-05-26 01:10:38,143 ] 217 root - INFO - Year filtering completed
[ 2026-05-26 01:10:38,143 ] 231 root - INFO - Sorting dataframe
[ 2026-05-26 01:10:38,145 ] 242 root - INFO - Sorting completed
[ 2026-05-26 01:10:38,146 ] 432 root - INFO - Preprocessing pipeline completed
[ 2026-05-26 01:10:38,149 ] 382 root - INFO - Processed dataframe saved at artifacts\data_processing\processed_data\military_percent_gdp_data.csv
[ 2026-05-26 01:10:38,150 ] 354 root - INFO - Metadata saved at artifacts\data_processing\metadata\military_percent_gdp_metadata.json
[ 2026-05-26 01:10:38,150 ] 484 root - INFO - Military_Percent_GDP processing completed
[ 2026-05-26 01:10:38,151 ] 22 root - INFO - Loading data from artifacts\data_ingestion\raw_data\armed_forces_personnel_raw.csv
[ 2026-05-26 01:10:38,154 ] 26 root - INFO - Data loaded successfully
[ 2026-05-26 01:10:38,154 ] 396 root - INFO - Starting preprocessing pipeline
[ 2026-05-26 01:10:38,154 ] 53 root - INFO - Schema validation successful
[ 2026-05-26 01:10:38,154 ] 65 root - INFO - Standardizing columns
[ 2026-05-26 01:10:38,156 ] 94 root - INFO - Column standardization completed
[ 2026-05-26 01:10:38,156 ] 108 root - INFO - Converting datatypes
[ 2026-05-26 01:10:38,157 ] 125 root - INFO - Datatype conversion completed
[ 2026-05-26 01:10:38,158 ] 139 root - INFO - Handling missing values
[ 2026-05-26 01:10:38,162 ] 156 root - INFO - Missing value handling completed from (66, 5) to (33, 5)
[ 2026-05-26 01:10:38,162 ] 174 root - INFO - Removing duplicates
[ 2026-05-26 01:10:38,164 ] 188 root - INFO - Duplicates removed from (33, 5) to (33, 5)
[ 2026-05-26 01:10:38,164 ] 208 root - INFO - Filtering valid years
[ 2026-05-26 01:10:38,165 ] 217 root - INFO - Year filtering completed
[ 2026-05-26 01:10:38,165 ] 231 root - INFO - Sorting dataframe
[ 2026-05-26 01:10:38,167 ] 242 root - INFO - Sorting completed
[ 2026-05-26 01:10:38,168 ] 432 root - INFO - Preprocessing pipeline completed
[ 2026-05-26 01:10:38,172 ] 382 root - INFO - Processed dataframe saved at artifacts\data_processing\processed_data\armed_forces_personnel_data.csv
[ 2026-05-26 01:10:38,174 ] 354 root - INFO - Metadata saved at artifacts\data_processing\metadata\armed_forces_personnel_metadata.json
[ 2026-05-26 01:10:38,174 ] 484 root - INFO - Armed_Forces_Personnel processing completed
[ 2026-05-26 01:10:38,175 ] 46 root - INFO - Economy Section Processing Started
[ 2026-05-26 01:10:38,175 ] 53 root - INFO - economy section processing started
[ 2026-05-26 01:10:38,242 ] 65 root - INFO - economy csv files fetched to dataframes.
[ 2026-05-26 01:10:38,275 ] 57 root - INFO - economy section processing completed
[ 2026-05-26 01:10:38,275 ] 53 root - INFO - demographics section processing started
[ 2026-05-26 01:10:38,316 ] 65 root - INFO - demographics csv files fetched to dataframes.
[ 2026-05-26 01:10:38,344 ] 57 root - INFO - demographics section processing completed
[ 2026-05-26 01:10:38,344 ] 53 root - INFO - trade section processing started
[ 2026-05-26 01:10:38,527 ] 65 root - INFO - trade csv files fetched to dataframes.
[ 2026-05-26 01:10:38,581 ] 57 root - INFO - trade section processing completed
[ 2026-05-26 01:10:38,581 ] 53 root - INFO - technology section processing started
[ 2026-05-26 01:10:38,653 ] 65 root - INFO - technology csv files fetched to dataframes.
[ 2026-05-26 01:10:38,704 ] 57 root - INFO - technology section processing completed
[ 2026-05-26 01:10:38,704 ] 53 root - INFO - environment section processing started
[ 2026-05-26 01:10:38,749 ] 65 root - INFO - environment csv files fetched to dataframes.
[ 2026-05-26 01:10:38,781 ] 57 root - INFO - environment section processing completed
[ 2026-05-26 01:10:38,782 ] 53 root - INFO - industry section processing started
[ 2026-05-26 01:10:38,809 ] 65 root - INFO - industry csv files fetched to dataframes.
[ 2026-05-26 01:10:38,822 ] 57 root - INFO - industry section processing completed
[ 2026-05-26 01:10:38,822 ] 53 root - INFO - military section processing started
[ 2026-05-26 01:10:38,842 ] 65 root - INFO - military csv files fetched to dataframes.
[ 2026-05-26 01:10:38,855 ] 57 root - INFO - military section processing completed
[ 2026-05-26 01:10:38,856 ] 59 root - INFO - Economy Section Processing Completed
