[ 2026-05-26 00:33:08,679 ] 21 root - INFO - Data Ingestion Started
[ 2026-05-26 00:33:08,679 ] 41 root - INFO - Fetching gdp
[ 2026-05-26 00:33:08,839 ] 110 root - INFO - Saved gdp_raw.csv
[ 2026-05-26 00:33:08,839 ] 41 root - INFO - Fetching gdp_per_capita
[ 2026-05-26 00:33:08,956 ] 110 root - INFO - Saved gdp_per_capita_raw.csv
[ 2026-05-26 00:33:08,956 ] 41 root - INFO - Fetching population
[ 2026-05-26 00:33:09,032 ] 110 root - INFO - Saved population_raw.csv
[ 2026-05-26 00:33:09,032 ] 41 root - INFO - Fetching inflation
[ 2026-05-26 00:33:09,099 ] 110 root - INFO - Saved inflation_raw.csv
[ 2026-05-26 00:33:09,099 ] 41 root - INFO - Fetching unemployment
[ 2026-05-26 00:33:09,217 ] 110 root - INFO - Saved unemployment_raw.csv
[ 2026-05-26 00:33:09,217 ] 41 root - INFO - Fetching life_expectancy
[ 2026-05-26 00:33:09,341 ] 110 root - INFO - Saved life_expectancy_raw.csv
[ 2026-05-26 00:33:09,341 ] 41 root - INFO - Fetching exports
[ 2026-05-26 00:33:09,435 ] 110 root - INFO - Saved exports_raw.csv
[ 2026-05-26 00:33:09,435 ] 41 root - INFO - Fetching imports
[ 2026-05-26 00:33:09,530 ] 110 root - INFO - Saved imports_raw.csv
[ 2026-05-26 00:33:09,530 ] 41 root - INFO - Fetching forex_reserves
[ 2026-05-26 00:33:09,626 ] 110 root - INFO - Saved forex_reserves_raw.csv
[ 2026-05-26 00:33:09,626 ] 41 root - INFO - Fetching agriculture
[ 2026-05-26 00:33:09,702 ] 110 root - INFO - Saved agriculture_raw.csv
[ 2026-05-26 00:33:09,702 ] 41 root - INFO - Fetching industry
[ 2026-05-26 00:33:09,780 ] 110 root - INFO - Saved industry_raw.csv
[ 2026-05-26 00:33:09,780 ] 41 root - INFO - Fetching services
[ 2026-05-26 00:33:09,868 ] 110 root - INFO - Saved services_raw.csv
[ 2026-05-26 00:33:09,868 ] 41 root - INFO - Fetching trade_percent_gdp
[ 2026-05-26 00:33:09,946 ] 110 root - INFO - Saved trade_percent_gdp_raw.csv
[ 2026-05-26 00:33:09,946 ] 41 root - INFO - Fetching fdi
[ 2026-05-26 00:33:10,053 ] 110 root - INFO - Saved fdi_raw.csv
[ 2026-05-26 00:33:10,053 ] 41 root - INFO - Fetching interest_rate
[ 2026-05-26 00:33:10,123 ] 110 root - INFO - Saved interest_rate_raw.csv
[ 2026-05-26 00:33:10,123 ] 41 root - INFO - Fetching current_account_balance
[ 2026-05-26 00:33:10,192 ] 110 root - INFO - Saved current_account_balance_raw.csv
[ 2026-05-26 00:33:10,192 ] 41 root - INFO - Fetching population_growth
[ 2026-05-26 00:33:10,261 ] 110 root - INFO - Saved population_growth_raw.csv
[ 2026-05-26 00:33:10,261 ] 41 root - INFO - Fetching urbanization
[ 2026-05-26 00:33:10,337 ] 110 root - INFO - Saved urbanization_raw.csv
[ 2026-05-26 00:33:10,337 ] 41 root - INFO - Fetching birth_rate
[ 2026-05-26 00:33:10,398 ] 110 root - INFO - Saved birth_rate_raw.csv
[ 2026-05-26 00:33:10,398 ] 41 root - INFO - Fetching death_rate
[ 2026-05-26 00:33:10,513 ] 110 root - INFO - Saved death_rate_raw.csv
[ 2026-05-26 00:33:10,513 ] 41 root - INFO - Fetching population_density
[ 2026-05-26 00:33:10,580 ] 110 root - INFO - Saved population_density_raw.csv
[ 2026-05-26 00:33:10,580 ] 41 root - INFO - Fetching literacy_rate
[ 2026-05-26 00:33:10,651 ] 110 root - INFO - Saved literacy_rate_raw.csv
[ 2026-05-26 00:33:10,651 ] 41 root - INFO - Fetching internet_users
[ 2026-05-26 00:33:10,724 ] 110 root - INFO - Saved internet_users_raw.csv
[ 2026-05-26 00:33:10,724 ] 41 root - INFO - Fetching mobile_subscriptions
[ 2026-05-26 00:33:10,811 ] 110 root - INFO - Saved mobile_subscriptions_raw.csv
[ 2026-05-26 00:33:10,812 ] 41 root - INFO - Fetching broadband_subscriptions
[ 2026-05-26 00:33:10,903 ] 110 root - INFO - Saved broadband_subscriptions_raw.csv
[ 2026-05-26 00:33:10,904 ] 41 root - INFO - Fetching secure_servers
[ 2026-05-26 00:33:10,971 ] 110 root - INFO - Saved secure_servers_raw.csv
[ 2026-05-26 00:33:10,971 ] 41 root - INFO - Fetching high_tech_exports
[ 2026-05-26 00:33:11,044 ] 110 root - INFO - Saved high_tech_exports_raw.csv
[ 2026-05-26 00:33:11,044 ] 41 root - INFO - Fetching rnd_expenditure
[ 2026-05-26 00:33:11,123 ] 110 root - INFO - Saved rnd_expenditure_raw.csv
[ 2026-05-26 00:33:11,123 ] 41 root - INFO - Fetching renewable_energy
[ 2026-05-26 00:33:11,265 ] 110 root - INFO - Saved renewable_energy_raw.csv
[ 2026-05-26 00:33:11,265 ] 41 root - INFO - Fetching forest_area
[ 2026-05-26 00:33:11,368 ] 110 root - INFO - Saved forest_area_raw.csv
[ 2026-05-26 00:33:11,369 ] 41 root - INFO - Fetching air_pollution
[ 2026-05-26 00:33:11,435 ] 110 root - INFO - Saved air_pollution_raw.csv
[ 2026-05-26 00:33:11,435 ] 41 root - INFO - Fetching electricity_access
[ 2026-05-26 00:33:11,525 ] 110 root - INFO - Saved electricity_access_raw.csv
[ 2026-05-26 00:33:11,525 ] 41 root - INFO - Fetching military_expenditure
[ 2026-05-26 00:33:11,592 ] 110 root - INFO - Saved military_expenditure_raw.csv
[ 2026-05-26 00:33:11,592 ] 41 root - INFO - Fetching military_percent_gdp
[ 2026-05-26 00:33:11,663 ] 110 root - INFO - Saved military_percent_gdp_raw.csv
[ 2026-05-26 00:33:11,663 ] 41 root - INFO - Fetching armed_forces_personnel
[ 2026-05-26 00:33:11,764 ] 110 root - INFO - Saved armed_forces_personnel_raw.csv
[ 2026-05-26 00:33:11,765 ] 23 root - INFO - Data Ingestion Completed
[ 2026-05-26 00:33:11,766 ] 22 root - INFO - Loading data from artifacts\data_ingestion\raw_data\gdp_raw.csv
[ 2026-05-26 00:33:11,768 ] 26 root - INFO - Data loaded successfully
[ 2026-05-26 00:33:11,768 ] 396 root - INFO - Starting preprocessing pipeline
[ 2026-05-26 00:33:11,768 ] 53 root - INFO - Schema validation successful
[ 2026-05-26 00:33:11,768 ] 65 root - INFO - Standardizing columns
[ 2026-05-26 00:33:11,771 ] 94 root - INFO - Column standardization completed
[ 2026-05-26 00:33:11,771 ] 108 root - INFO - Converting datatypes
[ 2026-05-26 00:33:11,772 ] 125 root - INFO - Datatype conversion completed
[ 2026-05-26 00:33:11,772 ] 139 root - INFO - Handling missing values
[ 2026-05-26 00:33:11,774 ] 156 root - INFO - Missing value handling completed from (66, 5) to (65, 5)
[ 2026-05-26 00:33:11,774 ] 174 root - INFO - Removing duplicates
[ 2026-05-26 00:33:11,775 ] 188 root - INFO - Duplicates removed from (65, 5) to (65, 5)
[ 2026-05-26 00:33:11,775 ] 208 root - INFO - Filtering valid years
[ 2026-05-26 00:33:11,775 ] 217 root - INFO - Year filtering completed
[ 2026-05-26 00:33:11,775 ] 231 root - INFO - Sorting dataframe
[ 2026-05-26 00:33:11,777 ] 242 root - INFO - Sorting completed
[ 2026-05-26 00:33:11,777 ] 432 root - INFO - Preprocessing pipeline completed
[ 2026-05-26 00:33:11,779 ] 382 root - INFO - Processed dataframe saved at artifacts\data_processing\processed_data\gdp_data.csv
[ 2026-05-26 00:33:11,780 ] 354 root - INFO - Metadata saved at artifacts\data_processing\metadata\gdp_metadata.json
[ 2026-05-26 00:33:11,780 ] 484 root - INFO - GDP processing completed
[ 2026-05-26 00:33:11,781 ] 22 root - INFO - Loading data from artifacts\data_ingestion\raw_data\gdp_per_capita_raw.csv
[ 2026-05-26 00:33:11,784 ] 26 root - INFO - Data loaded successfully
[ 2026-05-26 00:33:11,784 ] 396 root - INFO - Starting preprocessing pipeline
[ 2026-05-26 00:33:11,784 ] 53 root - INFO - Schema validation successful
[ 2026-05-26 00:33:11,784 ] 65 root - INFO - Standardizing columns
[ 2026-05-26 00:33:11,785 ] 94 root - INFO - Column standardization completed
[ 2026-05-26 00:33:11,785 ] 108 root - INFO - Converting datatypes
[ 2026-05-26 00:33:11,785 ] 125 root - INFO - Datatype conversion completed
[ 2026-05-26 00:33:11,785 ] 139 root - INFO - Handling missing values
[ 2026-05-26 00:33:11,786 ] 156 root - INFO - Missing value handling completed from (66, 5) to (65, 5)
[ 2026-05-26 00:33:11,786 ] 174 root - INFO - Removing duplicates
[ 2026-05-26 00:33:11,788 ] 188 root - INFO - Duplicates removed from (65, 5) to (65, 5)
[ 2026-05-26 00:33:11,788 ] 208 root - INFO - Filtering valid years
[ 2026-05-26 00:33:11,788 ] 217 root - INFO - Year filtering completed
[ 2026-05-26 00:33:11,788 ] 231 root - INFO - Sorting dataframe
[ 2026-05-26 00:33:11,789 ] 242 root - INFO - Sorting completed
[ 2026-05-26 00:33:11,790 ] 432 root - INFO - Preprocessing pipeline completed
[ 2026-05-26 00:33:11,792 ] 382 root - INFO - Processed dataframe saved at artifacts\data_processing\processed_data\gdp_per_capita_data.csv
[ 2026-05-26 00:33:11,793 ] 354 root - INFO - Metadata saved at artifacts\data_processing\metadata\gdp_per_capita_metadata.json
[ 2026-05-26 00:33:11,793 ] 484 root - INFO - GDP_Per_Capita processing completed
[ 2026-05-26 00:33:11,794 ] 22 root - INFO - Loading data from artifacts\data_ingestion\raw_data\inflation_raw.csv
[ 2026-05-26 00:33:11,796 ] 26 root - INFO - Data loaded successfully
[ 2026-05-26 00:33:11,796 ] 396 root - INFO - Starting preprocessing pipeline
[ 2026-05-26 00:33:11,796 ] 53 root - INFO - Schema validation successful
[ 2026-05-26 00:33:11,796 ] 65 root - INFO - Standardizing columns
[ 2026-05-26 00:33:11,797 ] 94 root - INFO - Column standardization completed
[ 2026-05-26 00:33:11,797 ] 108 root - INFO - Converting datatypes
[ 2026-05-26 00:33:11,797 ] 125 root - INFO - Datatype conversion completed
[ 2026-05-26 00:33:11,797 ] 139 root - INFO - Handling missing values
[ 2026-05-26 00:33:11,800 ] 156 root - INFO - Missing value handling completed from (66, 5) to (65, 5)
[ 2026-05-26 00:33:11,800 ] 174 root - INFO - Removing duplicates
[ 2026-05-26 00:33:11,800 ] 188 root - INFO - Duplicates removed from (65, 5) to (65, 5)
[ 2026-05-26 00:33:11,800 ] 208 root - INFO - Filtering valid years
[ 2026-05-26 00:33:11,801 ] 217 root - INFO - Year filtering completed
[ 2026-05-26 00:33:11,801 ] 231 root - INFO - Sorting dataframe
[ 2026-05-26 00:33:11,802 ] 242 root - INFO - Sorting completed
[ 2026-05-26 00:33:11,802 ] 432 root - INFO - Preprocessing pipeline completed
[ 2026-05-26 00:33:11,804 ] 382 root - INFO - Processed dataframe saved at artifacts\data_processing\processed_data\inflation_data.csv
[ 2026-05-26 00:33:11,805 ] 354 root - INFO - Metadata saved at artifacts\data_processing\metadata\inflation_metadata.json
[ 2026-05-26 00:33:11,805 ] 484 root - INFO - Inflation processing completed
[ 2026-05-26 00:33:11,806 ] 22 root - INFO - Loading data from artifacts\data_ingestion\raw_data\interest_rate_raw.csv
[ 2026-05-26 00:33:11,808 ] 26 root - INFO - Data loaded successfully
[ 2026-05-26 00:33:11,808 ] 396 root - INFO - Starting preprocessing pipeline
[ 2026-05-26 00:33:11,808 ] 53 root - INFO - Schema validation successful
[ 2026-05-26 00:33:11,808 ] 65 root - INFO - Standardizing columns
[ 2026-05-26 00:33:11,810 ] 94 root - INFO - Column standardization completed
[ 2026-05-26 00:33:11,810 ] 108 root - INFO - Converting datatypes
[ 2026-05-26 00:33:11,810 ] 125 root - INFO - Datatype conversion completed
[ 2026-05-26 00:33:11,810 ] 139 root - INFO - Handling missing values
[ 2026-05-26 00:33:11,812 ] 156 root - INFO - Missing value handling completed from (66, 5) to (45, 5)
[ 2026-05-26 00:33:11,812 ] 174 root - INFO - Removing duplicates
[ 2026-05-26 00:33:11,813 ] 188 root - INFO - Duplicates removed from (45, 5) to (45, 5)
[ 2026-05-26 00:33:11,813 ] 208 root - INFO - Filtering valid years
[ 2026-05-26 00:33:11,813 ] 217 root - INFO - Year filtering completed
[ 2026-05-26 00:33:11,813 ] 231 root - INFO - Sorting dataframe
[ 2026-05-26 00:33:11,815 ] 242 root - INFO - Sorting completed
[ 2026-05-26 00:33:11,815 ] 432 root - INFO - Preprocessing pipeline completed
[ 2026-05-26 00:33:11,818 ] 382 root - INFO - Processed dataframe saved at artifacts\data_processing\processed_data\interest_rate_data.csv
[ 2026-05-26 00:33:11,819 ] 354 root - INFO - Metadata saved at artifacts\data_processing\metadata\interest_rate_metadata.json
[ 2026-05-26 00:33:11,819 ] 484 root - INFO - Interest_Rate processing completed
[ 2026-05-26 00:33:11,821 ] 22 root - INFO - Loading data from artifacts\data_ingestion\raw_data\forex_reserves_raw.csv
[ 2026-05-26 00:33:11,823 ] 26 root - INFO - Data loaded successfully
[ 2026-05-26 00:33:11,824 ] 396 root - INFO - Starting preprocessing pipeline
[ 2026-05-26 00:33:11,824 ] 53 root - INFO - Schema validation successful
[ 2026-05-26 00:33:11,824 ] 65 root - INFO - Standardizing columns
[ 2026-05-26 00:33:11,826 ] 94 root - INFO - Column standardization completed
[ 2026-05-26 00:33:11,826 ] 108 root - INFO - Converting datatypes
[ 2026-05-26 00:33:11,827 ] 125 root - INFO - Datatype conversion completed
[ 2026-05-26 00:33:11,827 ] 139 root - INFO - Handling missing values
[ 2026-05-26 00:33:11,830 ] 156 root - INFO - Missing value handling completed from (66, 5) to (65, 5)
[ 2026-05-26 00:33:11,830 ] 174 root - INFO - Removing duplicates
[ 2026-05-26 00:33:11,831 ] 188 root - INFO - Duplicates removed from (65, 5) to (65, 5)
[ 2026-05-26 00:33:11,831 ] 208 root - INFO - Filtering valid years
[ 2026-05-26 00:33:11,832 ] 217 root - INFO - Year filtering completed
[ 2026-05-26 00:33:11,832 ] 231 root - INFO - Sorting dataframe
[ 2026-05-26 00:33:11,833 ] 242 root - INFO - Sorting completed
[ 2026-05-26 00:33:11,835 ] 432 root - INFO - Preprocessing pipeline completed
[ 2026-05-26 00:33:11,838 ] 382 root - INFO - Processed dataframe saved at artifacts\data_processing\processed_data\forex_reserves_data.csv
[ 2026-05-26 00:33:11,839 ] 354 root - INFO - Metadata saved at artifacts\data_processing\metadata\forex_reserves_metadata.json
[ 2026-05-26 00:33:11,839 ] 484 root - INFO - Forex_Reserves processing completed
[ 2026-05-26 00:33:11,840 ] 22 root - INFO - Loading data from artifacts\data_ingestion\raw_data\current_account_balance_raw.csv
[ 2026-05-26 00:33:11,844 ] 26 root - INFO - Data loaded successfully
[ 2026-05-26 00:33:11,844 ] 396 root - INFO - Starting preprocessing pipeline
[ 2026-05-26 00:33:11,844 ] 53 root - INFO - Schema validation successful
[ 2026-05-26 00:33:11,844 ] 65 root - INFO - Standardizing columns
[ 2026-05-26 00:33:11,845 ] 94 root - INFO - Column standardization completed
[ 2026-05-26 00:33:11,846 ] 108 root - INFO - Converting datatypes
[ 2026-05-26 00:33:11,846 ] 125 root - INFO - Datatype conversion completed
[ 2026-05-26 00:33:11,846 ] 139 root - INFO - Handling missing values
[ 2026-05-26 00:33:11,849 ] 156 root - INFO - Missing value handling completed from (66, 5) to (50, 5)
[ 2026-05-26 00:33:11,849 ] 174 root - INFO - Removing duplicates
[ 2026-05-26 00:33:11,850 ] 188 root - INFO - Duplicates removed from (50, 5) to (50, 5)
[ 2026-05-26 00:33:11,850 ] 208 root - INFO - Filtering valid years
[ 2026-05-26 00:33:11,851 ] 217 root - INFO - Year filtering completed
[ 2026-05-26 00:33:11,851 ] 231 root - INFO - Sorting dataframe
[ 2026-05-26 00:33:11,853 ] 242 root - INFO - Sorting completed
[ 2026-05-26 00:33:11,853 ] 432 root - INFO - Preprocessing pipeline completed
[ 2026-05-26 00:33:11,857 ] 382 root - INFO - Processed dataframe saved at artifacts\data_processing\processed_data\current_account_balance_data.csv
[ 2026-05-26 00:33:11,858 ] 354 root - INFO - Metadata saved at artifacts\data_processing\metadata\current_account_balance_metadata.json
[ 2026-05-26 00:33:11,858 ] 484 root - INFO - Current_Account_Balance processing completed
[ 2026-05-26 00:33:11,860 ] 22 root - INFO - Loading data from artifacts\data_ingestion\raw_data\fdi_raw.csv
[ 2026-05-26 00:33:11,877 ] 26 root - INFO - Data loaded successfully
[ 2026-05-26 00:33:11,877 ] 396 root - INFO - Starting preprocessing pipeline
[ 2026-05-26 00:33:11,877 ] 53 root - INFO - Schema validation successful
[ 2026-05-26 00:33:11,877 ] 65 root - INFO - Standardizing columns
[ 2026-05-26 00:33:11,879 ] 94 root - INFO - Column standardization completed
[ 2026-05-26 00:33:11,879 ] 108 root - INFO - Converting datatypes
[ 2026-05-26 00:33:11,879 ] 125 root - INFO - Datatype conversion completed
[ 2026-05-26 00:33:11,879 ] 139 root - INFO - Handling missing values
[ 2026-05-26 00:33:11,882 ] 156 root - INFO - Missing value handling completed from (66, 5) to (55, 5)
[ 2026-05-26 00:33:11,882 ] 174 root - INFO - Removing duplicates
[ 2026-05-26 00:33:11,883 ] 188 root - INFO - Duplicates removed from (55, 5) to (55, 5)
[ 2026-05-26 00:33:11,883 ] 208 root - INFO - Filtering valid years
[ 2026-05-26 00:33:11,884 ] 217 root - INFO - Year filtering completed
[ 2026-05-26 00:33:11,884 ] 231 root - INFO - Sorting dataframe
[ 2026-05-26 00:33:11,886 ] 242 root - INFO - Sorting completed
[ 2026-05-26 00:33:11,887 ] 432 root - INFO - Preprocessing pipeline completed
[ 2026-05-26 00:33:11,890 ] 382 root - INFO - Processed dataframe saved at artifacts\data_processing\processed_data\fdi_data.csv
[ 2026-05-26 00:33:11,891 ] 354 root - INFO - Metadata saved at artifacts\data_processing\metadata\fdi_metadata.json
[ 2026-05-26 00:33:11,891 ] 484 root - INFO - FDI processing completed
[ 2026-05-26 00:33:11,892 ] 22 root - INFO - Loading data from artifacts\data_ingestion\raw_data\unemployment_raw.csv
[ 2026-05-26 00:33:11,896 ] 26 root - INFO - Data loaded successfully
[ 2026-05-26 00:33:11,896 ] 396 root - INFO - Starting preprocessing pipeline
[ 2026-05-26 00:33:11,896 ] 53 root - INFO - Schema validation successful
[ 2026-05-26 00:33:11,896 ] 65 root - INFO - Standardizing columns
[ 2026-05-26 00:33:11,898 ] 94 root - INFO - Column standardization completed
[ 2026-05-26 00:33:11,898 ] 108 root - INFO - Converting datatypes
[ 2026-05-26 00:33:11,898 ] 125 root - INFO - Datatype conversion completed
[ 2026-05-26 00:33:11,898 ] 139 root - INFO - Handling missing values
[ 2026-05-26 00:33:11,901 ] 156 root - INFO - Missing value handling completed from (66, 5) to (35, 5)
[ 2026-05-26 00:33:11,901 ] 174 root - INFO - Removing duplicates
[ 2026-05-26 00:33:11,902 ] 188 root - INFO - Duplicates removed from (35, 5) to (35, 5)
[ 2026-05-26 00:33:11,902 ] 208 root - INFO - Filtering valid years
[ 2026-05-26 00:33:11,902 ] 217 root - INFO - Year filtering completed
[ 2026-05-26 00:33:11,902 ] 231 root - INFO - Sorting dataframe
[ 2026-05-26 00:33:11,904 ] 242 root - INFO - Sorting completed
[ 2026-05-26 00:33:11,904 ] 432 root - INFO - Preprocessing pipeline completed
[ 2026-05-26 00:33:11,907 ] 382 root - INFO - Processed dataframe saved at artifacts\data_processing\processed_data\unemployment_data.csv
[ 2026-05-26 00:33:11,908 ] 354 root - INFO - Metadata saved at artifacts\data_processing\metadata\unemployment_metadata.json
[ 2026-05-26 00:33:11,908 ] 484 root - INFO - Unemployment processing completed
[ 2026-05-26 00:33:11,909 ] 22 root - INFO - Loading data from artifacts\data_ingestion\raw_data\population_raw.csv
[ 2026-05-26 00:33:11,912 ] 26 root - INFO - Data loaded successfully
[ 2026-05-26 00:33:11,912 ] 396 root - INFO - Starting preprocessing pipeline
[ 2026-05-26 00:33:11,912 ] 53 root - INFO - Schema validation successful
[ 2026-05-26 00:33:11,912 ] 65 root - INFO - Standardizing columns
[ 2026-05-26 00:33:11,913 ] 94 root - INFO - Column standardization completed
[ 2026-05-26 00:33:11,913 ] 108 root - INFO - Converting datatypes
[ 2026-05-26 00:33:11,914 ] 125 root - INFO - Datatype conversion completed
[ 2026-05-26 00:33:11,914 ] 139 root - INFO - Handling missing values
[ 2026-05-26 00:33:11,916 ] 156 root - INFO - Missing value handling completed from (66, 5) to (65, 5)
[ 2026-05-26 00:33:11,916 ] 174 root - INFO - Removing duplicates
[ 2026-05-26 00:33:11,917 ] 188 root - INFO - Duplicates removed from (65, 5) to (65, 5)
[ 2026-05-26 00:33:11,917 ] 208 root - INFO - Filtering valid years
[ 2026-05-26 00:33:11,919 ] 217 root - INFO - Year filtering completed
[ 2026-05-26 00:33:11,919 ] 231 root - INFO - Sorting dataframe
[ 2026-05-26 00:33:11,919 ] 242 root - INFO - Sorting completed
[ 2026-05-26 00:33:11,920 ] 432 root - INFO - Preprocessing pipeline completed
[ 2026-05-26 00:33:11,922 ] 382 root - INFO - Processed dataframe saved at artifacts\data_processing\processed_data\population_data.csv
[ 2026-05-26 00:33:11,923 ] 354 root - INFO - Metadata saved at artifacts\data_processing\metadata\population_metadata.json
[ 2026-05-26 00:33:11,923 ] 484 root - INFO - Population processing completed
[ 2026-05-26 00:33:11,925 ] 22 root - INFO - Loading data from artifacts\data_ingestion\raw_data\population_growth_raw.csv
[ 2026-05-26 00:33:11,927 ] 26 root - INFO - Data loaded successfully
[ 2026-05-26 00:33:11,928 ] 396 root - INFO - Starting preprocessing pipeline
[ 2026-05-26 00:33:11,928 ] 53 root - INFO - Schema validation successful
[ 2026-05-26 00:33:11,928 ] 65 root - INFO - Standardizing columns
[ 2026-05-26 00:33:11,929 ] 94 root - INFO - Column standardization completed
[ 2026-05-26 00:33:11,929 ] 108 root - INFO - Converting datatypes
[ 2026-05-26 00:33:11,929 ] 125 root - INFO - Datatype conversion completed
[ 2026-05-26 00:33:11,929 ] 139 root - INFO - Handling missing values
[ 2026-05-26 00:33:11,931 ] 156 root - INFO - Missing value handling completed from (66, 5) to (64, 5)
[ 2026-05-26 00:33:11,931 ] 174 root - INFO - Removing duplicates
[ 2026-05-26 00:33:11,932 ] 188 root - INFO - Duplicates removed from (64, 5) to (64, 5)
[ 2026-05-26 00:33:11,932 ] 208 root - INFO - Filtering valid years
[ 2026-05-26 00:33:11,933 ] 217 root - INFO - Year filtering completed
[ 2026-05-26 00:33:11,933 ] 231 root - INFO - Sorting dataframe
[ 2026-05-26 00:33:11,934 ] 242 root - INFO - Sorting completed
[ 2026-05-26 00:33:11,935 ] 432 root - INFO - Preprocessing pipeline completed
[ 2026-05-26 00:33:11,937 ] 382 root - INFO - Processed dataframe saved at artifacts\data_processing\processed_data\population_growth_data.csv
[ 2026-05-26 00:33:11,938 ] 354 root - INFO - Metadata saved at artifacts\data_processing\metadata\population_growth_metadata.json
[ 2026-05-26 00:33:11,938 ] 484 root - INFO - Population_Growth processing completed
[ 2026-05-26 00:33:11,939 ] 22 root - INFO - Loading data from artifacts\data_ingestion\raw_data\population_density_raw.csv
[ 2026-05-26 00:33:11,941 ] 26 root - INFO - Data loaded successfully
[ 2026-05-26 00:33:11,941 ] 396 root - INFO - Starting preprocessing pipeline
[ 2026-05-26 00:33:11,941 ] 53 root - INFO - Schema validation successful
[ 2026-05-26 00:33:11,941 ] 65 root - INFO - Standardizing columns
[ 2026-05-26 00:33:11,942 ] 94 root - INFO - Column standardization completed
[ 2026-05-26 00:33:11,943 ] 108 root - INFO - Converting datatypes
[ 2026-05-26 00:33:11,943 ] 125 root - INFO - Datatype conversion completed
[ 2026-05-26 00:33:11,943 ] 139 root - INFO - Handling missing values
[ 2026-05-26 00:33:11,945 ] 156 root - INFO - Missing value handling completed from (66, 5) to (63, 5)
[ 2026-05-26 00:33:11,945 ] 174 root - INFO - Removing duplicates
[ 2026-05-26 00:33:11,945 ] 188 root - INFO - Duplicates removed from (63, 5) to (63, 5)
[ 2026-05-26 00:33:11,945 ] 208 root - INFO - Filtering valid years
[ 2026-05-26 00:33:11,945 ] 217 root - INFO - Year filtering completed
[ 2026-05-26 00:33:11,945 ] 231 root - INFO - Sorting dataframe
[ 2026-05-26 00:33:11,946 ] 242 root - INFO - Sorting completed
[ 2026-05-26 00:33:11,947 ] 432 root - INFO - Preprocessing pipeline completed
[ 2026-05-26 00:33:11,949 ] 382 root - INFO - Processed dataframe saved at artifacts\data_processing\processed_data\population_density_data.csv
[ 2026-05-26 00:33:11,949 ] 354 root - INFO - Metadata saved at artifacts\data_processing\metadata\population_density_metadata.json
[ 2026-05-26 00:33:11,949 ] 484 root - INFO - Population_Density processing completed
[ 2026-05-26 00:33:11,950 ] 22 root - INFO - Loading data from artifacts\data_ingestion\raw_data\urbanization_raw.csv
[ 2026-05-26 00:33:11,952 ] 26 root - INFO - Data loaded successfully
[ 2026-05-26 00:33:11,952 ] 396 root - INFO - Starting preprocessing pipeline
[ 2026-05-26 00:33:11,953 ] 53 root - INFO - Schema validation successful
[ 2026-05-26 00:33:11,953 ] 65 root - INFO - Standardizing columns
[ 2026-05-26 00:33:11,953 ] 94 root - INFO - Column standardization completed
[ 2026-05-26 00:33:11,954 ] 108 root - INFO - Converting datatypes
[ 2026-05-26 00:33:11,954 ] 125 root - INFO - Datatype conversion completed
[ 2026-05-26 00:33:11,954 ] 139 root - INFO - Handling missing values
[ 2026-05-26 00:33:11,955 ] 156 root - INFO - Missing value handling completed from (66, 5) to (65, 5)
[ 2026-05-26 00:33:11,955 ] 174 root - INFO - Removing duplicates
[ 2026-05-26 00:33:11,956 ] 188 root - INFO - Duplicates removed from (65, 5) to (65, 5)
[ 2026-05-26 00:33:11,956 ] 208 root - INFO - Filtering valid years
[ 2026-05-26 00:33:11,957 ] 217 root - INFO - Year filtering completed
[ 2026-05-26 00:33:11,957 ] 231 root - INFO - Sorting dataframe
[ 2026-05-26 00:33:11,958 ] 242 root - INFO - Sorting completed
[ 2026-05-26 00:33:11,958 ] 432 root - INFO - Preprocessing pipeline completed
[ 2026-05-26 00:33:11,960 ] 382 root - INFO - Processed dataframe saved at artifacts\data_processing\processed_data\urbanization_data.csv
[ 2026-05-26 00:33:11,961 ] 354 root - INFO - Metadata saved at artifacts\data_processing\metadata\urbanization_metadata.json
[ 2026-05-26 00:33:11,961 ] 484 root - INFO - Urbanization processing completed
[ 2026-05-26 00:33:11,962 ] 22 root - INFO - Loading data from artifacts\data_ingestion\raw_data\birth_rate_raw.csv
[ 2026-05-26 00:33:11,964 ] 26 root - INFO - Data loaded successfully
[ 2026-05-26 00:33:11,964 ] 396 root - INFO - Starting preprocessing pipeline
[ 2026-05-26 00:33:11,964 ] 53 root - INFO - Schema validation successful
[ 2026-05-26 00:33:11,964 ] 65 root - INFO - Standardizing columns
[ 2026-05-26 00:33:11,965 ] 94 root - INFO - Column standardization completed
[ 2026-05-26 00:33:11,965 ] 108 root - INFO - Converting datatypes
[ 2026-05-26 00:33:11,965 ] 125 root - INFO - Datatype conversion completed
[ 2026-05-26 00:33:11,965 ] 139 root - INFO - Handling missing values
[ 2026-05-26 00:33:11,967 ] 156 root - INFO - Missing value handling completed from (66, 5) to (65, 5)
[ 2026-05-26 00:33:11,967 ] 174 root - INFO - Removing duplicates
[ 2026-05-26 00:33:11,968 ] 188 root - INFO - Duplicates removed from (65, 5) to (65, 5)
[ 2026-05-26 00:33:11,968 ] 208 root - INFO - Filtering valid years
[ 2026-05-26 00:33:11,968 ] 217 root - INFO - Year filtering completed
[ 2026-05-26 00:33:11,968 ] 231 root - INFO - Sorting dataframe
[ 2026-05-26 00:33:11,969 ] 242 root - INFO - Sorting completed
[ 2026-05-26 00:33:11,969 ] 432 root - INFO - Preprocessing pipeline completed
[ 2026-05-26 00:33:11,971 ] 382 root - INFO - Processed dataframe saved at artifacts\data_processing\processed_data\birth_rate_data.csv
[ 2026-05-26 00:33:11,972 ] 354 root - INFO - Metadata saved at artifacts\data_processing\metadata\birth_rate_metadata.json
[ 2026-05-26 00:33:11,972 ] 484 root - INFO - Birth_Rate processing completed
[ 2026-05-26 00:33:11,973 ] 22 root - INFO - Loading data from artifacts\data_ingestion\raw_data\death_rate_raw.csv
[ 2026-05-26 00:33:11,975 ] 26 root - INFO - Data loaded successfully
[ 2026-05-26 00:33:11,975 ] 396 root - INFO - Starting preprocessing pipeline
[ 2026-05-26 00:33:11,975 ] 53 root - INFO - Schema validation successful
[ 2026-05-26 00:33:11,975 ] 65 root - INFO - Standardizing columns
[ 2026-05-26 00:33:11,976 ] 94 root - INFO - Column standardization completed
[ 2026-05-26 00:33:11,976 ] 108 root - INFO - Converting datatypes
[ 2026-05-26 00:33:11,976 ] 125 root - INFO - Datatype conversion completed
[ 2026-05-26 00:33:11,976 ] 139 root - INFO - Handling missing values
[ 2026-05-26 00:33:11,978 ] 156 root - INFO - Missing value handling completed from (66, 5) to (65, 5)
[ 2026-05-26 00:33:11,978 ] 174 root - INFO - Removing duplicates
[ 2026-05-26 00:33:11,978 ] 188 root - INFO - Duplicates removed from (65, 5) to (65, 5)
[ 2026-05-26 00:33:11,978 ] 208 root - INFO - Filtering valid years
[ 2026-05-26 00:33:11,979 ] 217 root - INFO - Year filtering completed
[ 2026-05-26 00:33:11,979 ] 231 root - INFO - Sorting dataframe
[ 2026-05-26 00:33:11,980 ] 242 root - INFO - Sorting completed
[ 2026-05-26 00:33:11,980 ] 432 root - INFO - Preprocessing pipeline completed
[ 2026-05-26 00:33:11,982 ] 382 root - INFO - Processed dataframe saved at artifacts\data_processing\processed_data\death_rate_data.csv
[ 2026-05-26 00:33:11,983 ] 354 root - INFO - Metadata saved at artifacts\data_processing\metadata\death_rate_metadata.json
[ 2026-05-26 00:33:11,983 ] 484 root - INFO - Death_Rate processing completed
[ 2026-05-26 00:33:11,984 ] 22 root - INFO - Loading data from artifacts\data_ingestion\raw_data\life_expectancy_raw.csv
[ 2026-05-26 00:33:11,985 ] 26 root - INFO - Data loaded successfully
[ 2026-05-26 00:33:11,985 ] 396 root - INFO - Starting preprocessing pipeline
[ 2026-05-26 00:33:11,985 ] 53 root - INFO - Schema validation successful
[ 2026-05-26 00:33:11,986 ] 65 root - INFO - Standardizing columns
[ 2026-05-26 00:33:11,986 ] 94 root - INFO - Column standardization completed
[ 2026-05-26 00:33:11,986 ] 108 root - INFO - Converting datatypes
[ 2026-05-26 00:33:11,986 ] 125 root - INFO - Datatype conversion completed
[ 2026-05-26 00:33:11,986 ] 139 root - INFO - Handling missing values
[ 2026-05-26 00:33:11,989 ] 156 root - INFO - Missing value handling completed from (66, 5) to (65, 5)
[ 2026-05-26 00:33:11,989 ] 174 root - INFO - Removing duplicates
[ 2026-05-26 00:33:11,990 ] 188 root - INFO - Duplicates removed from (65, 5) to (65, 5)
[ 2026-05-26 00:33:11,990 ] 208 root - INFO - Filtering valid years
[ 2026-05-26 00:33:11,990 ] 217 root - INFO - Year filtering completed
[ 2026-05-26 00:33:11,990 ] 231 root - INFO - Sorting dataframe
[ 2026-05-26 00:33:11,991 ] 242 root - INFO - Sorting completed
[ 2026-05-26 00:33:11,992 ] 432 root - INFO - Preprocessing pipeline completed
[ 2026-05-26 00:33:11,994 ] 382 root - INFO - Processed dataframe saved at artifacts\data_processing\processed_data\life_expectancy_data.csv
[ 2026-05-26 00:33:11,995 ] 354 root - INFO - Metadata saved at artifacts\data_processing\metadata\life_expectancy_metadata.json
[ 2026-05-26 00:33:11,995 ] 484 root - INFO - Life_Expectancy processing completed
[ 2026-05-26 00:33:11,996 ] 22 root - INFO - Loading data from artifacts\data_ingestion\raw_data\literacy_rate_raw.csv
[ 2026-05-26 00:33:11,998 ] 26 root - INFO - Data loaded successfully
[ 2026-05-26 00:33:11,998 ] 396 root - INFO - Starting preprocessing pipeline
[ 2026-05-26 00:33:11,998 ] 53 root - INFO - Schema validation successful
[ 2026-05-26 00:33:11,998 ] 65 root - INFO - Standardizing columns
[ 2026-05-26 00:33:11,999 ] 94 root - INFO - Column standardization completed
[ 2026-05-26 00:33:11,999 ] 108 root - INFO - Converting datatypes
[ 2026-05-26 00:33:11,999 ] 125 root - INFO - Datatype conversion completed
[ 2026-05-26 00:33:11,999 ] 139 root - INFO - Handling missing values
[ 2026-05-26 00:33:12,001 ] 156 root - INFO - Missing value handling completed from (66, 5) to (14, 5)
[ 2026-05-26 00:33:12,001 ] 174 root - INFO - Removing duplicates
[ 2026-05-26 00:33:12,002 ] 188 root - INFO - Duplicates removed from (14, 5) to (14, 5)
[ 2026-05-26 00:33:12,002 ] 208 root - INFO - Filtering valid years
[ 2026-05-26 00:33:12,002 ] 217 root - INFO - Year filtering completed
[ 2026-05-26 00:33:12,003 ] 231 root - INFO - Sorting dataframe
[ 2026-05-26 00:33:12,004 ] 242 root - INFO - Sorting completed
[ 2026-05-26 00:33:12,005 ] 432 root - INFO - Preprocessing pipeline completed
[ 2026-05-26 00:33:12,007 ] 382 root - INFO - Processed dataframe saved at artifacts\data_processing\processed_data\literacy_rate_data.csv
[ 2026-05-26 00:33:12,009 ] 354 root - INFO - Metadata saved at artifacts\data_processing\metadata\literacy_rate_metadata.json
[ 2026-05-26 00:33:12,009 ] 484 root - INFO - Literacy_Rate processing completed
[ 2026-05-26 00:33:12,010 ] 22 root - INFO - Loading data from artifacts\data_ingestion\raw_data\exports_raw.csv
[ 2026-05-26 00:33:12,014 ] 26 root - INFO - Data loaded successfully
[ 2026-05-26 00:33:12,014 ] 396 root - INFO - Starting preprocessing pipeline
[ 2026-05-26 00:33:12,014 ] 53 root - INFO - Schema validation successful
[ 2026-05-26 00:33:12,014 ] 65 root - INFO - Standardizing columns
[ 2026-05-26 00:33:12,015 ] 94 root - INFO - Column standardization completed
[ 2026-05-26 00:33:12,015 ] 108 root - INFO - Converting datatypes
[ 2026-05-26 00:33:12,016 ] 125 root - INFO - Datatype conversion completed
[ 2026-05-26 00:33:12,016 ] 139 root - INFO - Handling missing values
[ 2026-05-26 00:33:12,019 ] 156 root - INFO - Missing value handling completed from (66, 5) to (65, 5)
[ 2026-05-26 00:33:12,019 ] 174 root - INFO - Removing duplicates
[ 2026-05-26 00:33:12,020 ] 188 root - INFO - Duplicates removed from (65, 5) to (65, 5)
[ 2026-05-26 00:33:12,020 ] 208 root - INFO - Filtering valid years
[ 2026-05-26 00:33:12,021 ] 217 root - INFO - Year filtering completed
[ 2026-05-26 00:33:12,021 ] 231 root - INFO - Sorting dataframe
[ 2026-05-26 00:33:12,022 ] 242 root - INFO - Sorting completed
[ 2026-05-26 00:33:12,023 ] 432 root - INFO - Preprocessing pipeline completed
[ 2026-05-26 00:33:12,026 ] 382 root - INFO - Processed dataframe saved at artifacts\data_processing\processed_data\exports_data.csv
[ 2026-05-26 00:33:12,028 ] 354 root - INFO - Metadata saved at artifacts\data_processing\metadata\exports_metadata.json
[ 2026-05-26 00:33:12,028 ] 484 root - INFO - Exports processing completed
[ 2026-05-26 00:33:12,029 ] 22 root - INFO - Loading data from artifacts\data_ingestion\raw_data\imports_raw.csv
[ 2026-05-26 00:33:12,032 ] 26 root - INFO - Data loaded successfully
[ 2026-05-26 00:33:12,032 ] 396 root - INFO - Starting preprocessing pipeline
[ 2026-05-26 00:33:12,033 ] 53 root - INFO - Schema validation successful
[ 2026-05-26 00:33:12,033 ] 65 root - INFO - Standardizing columns
[ 2026-05-26 00:33:12,035 ] 94 root - INFO - Column standardization completed
[ 2026-05-26 00:33:12,035 ] 108 root - INFO - Converting datatypes
[ 2026-05-26 00:33:12,035 ] 125 root - INFO - Datatype conversion completed
[ 2026-05-26 00:33:12,035 ] 139 root - INFO - Handling missing values
[ 2026-05-26 00:33:12,039 ] 156 root - INFO - Missing value handling completed from (66, 5) to (65, 5)
[ 2026-05-26 00:33:12,039 ] 174 root - INFO - Removing duplicates
[ 2026-05-26 00:33:12,040 ] 188 root - INFO - Duplicates removed from (65, 5) to (65, 5)
[ 2026-05-26 00:33:12,040 ] 208 root - INFO - Filtering valid years
[ 2026-05-26 00:33:12,041 ] 217 root - INFO - Year filtering completed
[ 2026-05-26 00:33:12,041 ] 231 root - INFO - Sorting dataframe
[ 2026-05-26 00:33:12,043 ] 242 root - INFO - Sorting completed
[ 2026-05-26 00:33:12,044 ] 432 root - INFO - Preprocessing pipeline completed
[ 2026-05-26 00:33:12,047 ] 382 root - INFO - Processed dataframe saved at artifacts\data_processing\processed_data\imports_data.csv
[ 2026-05-26 00:33:12,049 ] 354 root - INFO - Metadata saved at artifacts\data_processing\metadata\imports_metadata.json
[ 2026-05-26 00:33:12,049 ] 484 root - INFO - Imports processing completed
[ 2026-05-26 00:33:12,050 ] 22 root - INFO - Loading data from artifacts\data_ingestion\raw_data\trade_percent_gdp_raw.csv
[ 2026-05-26 00:33:12,055 ] 26 root - INFO - Data loaded successfully
[ 2026-05-26 00:33:12,055 ] 396 root - INFO - Starting preprocessing pipeline
[ 2026-05-26 00:33:12,055 ] 53 root - INFO - Schema validation successful
[ 2026-05-26 00:33:12,055 ] 65 root - INFO - Standardizing columns
[ 2026-05-26 00:33:12,058 ] 94 root - INFO - Column standardization completed
[ 2026-05-26 00:33:12,059 ] 108 root - INFO - Converting datatypes
[ 2026-05-26 00:33:12,060 ] 125 root - INFO - Datatype conversion completed
[ 2026-05-26 00:33:12,060 ] 139 root - INFO - Handling missing values
[ 2026-05-26 00:33:12,063 ] 156 root - INFO - Missing value handling completed from (66, 5) to (65, 5)
[ 2026-05-26 00:33:12,063 ] 174 root - INFO - Removing duplicates
[ 2026-05-26 00:33:12,064 ] 188 root - INFO - Duplicates removed from (65, 5) to (65, 5)
[ 2026-05-26 00:33:12,065 ] 208 root - INFO - Filtering valid years
[ 2026-05-26 00:33:12,065 ] 217 root - INFO - Year filtering completed
[ 2026-05-26 00:33:12,065 ] 231 root - INFO - Sorting dataframe
[ 2026-05-26 00:33:12,068 ] 242 root - INFO - Sorting completed
[ 2026-05-26 00:33:12,069 ] 432 root - INFO - Preprocessing pipeline completed
[ 2026-05-26 00:33:12,073 ] 382 root - INFO - Processed dataframe saved at artifacts\data_processing\processed_data\trade_percent_gdp_data.csv
[ 2026-05-26 00:33:12,075 ] 354 root - INFO - Metadata saved at artifacts\data_processing\metadata\trade_percent_gdp_metadata.json
[ 2026-05-26 00:33:12,075 ] 484 root - INFO - Trade_Percent_GDP processing completed
[ 2026-05-26 00:33:12,077 ] 22 root - INFO - Loading data from artifacts\data_ingestion\raw_data\high_tech_exports_raw.csv
[ 2026-05-26 00:33:12,081 ] 26 root - INFO - Data loaded successfully
[ 2026-05-26 00:33:12,081 ] 396 root - INFO - Starting preprocessing pipeline
[ 2026-05-26 00:33:12,081 ] 53 root - INFO - Schema validation successful
[ 2026-05-26 00:33:12,081 ] 65 root - INFO - Standardizing columns
[ 2026-05-26 00:33:12,084 ] 94 root - INFO - Column standardization completed
[ 2026-05-26 00:33:12,086 ] 108 root - INFO - Converting datatypes
[ 2026-05-26 00:33:12,088 ] 125 root - INFO - Datatype conversion completed
[ 2026-05-26 00:33:12,089 ] 139 root - INFO - Handling missing values
[ 2026-05-26 00:33:12,093 ] 156 root - INFO - Missing value handling completed from (66, 5) to (16, 5)
[ 2026-05-26 00:33:12,093 ] 174 root - INFO - Removing duplicates
[ 2026-05-26 00:33:12,094 ] 188 root - INFO - Duplicates removed from (16, 5) to (16, 5)
[ 2026-05-26 00:33:12,094 ] 208 root - INFO - Filtering valid years
[ 2026-05-26 00:33:12,095 ] 217 root - INFO - Year filtering completed
[ 2026-05-26 00:33:12,095 ] 231 root - INFO - Sorting dataframe
[ 2026-05-26 00:33:12,097 ] 242 root - INFO - Sorting completed
[ 2026-05-26 00:33:12,098 ] 432 root - INFO - Preprocessing pipeline completed
[ 2026-05-26 00:33:12,102 ] 382 root - INFO - Processed dataframe saved at artifacts\data_processing\processed_data\high_tech_exports_data.csv
[ 2026-05-26 00:33:12,104 ] 354 root - INFO - Metadata saved at artifacts\data_processing\metadata\high_tech_exports_metadata.json
[ 2026-05-26 00:33:12,104 ] 484 root - INFO - High_Tech_Exports processing completed
[ 2026-05-26 00:33:12,106 ] 22 root - INFO - Loading data from artifacts\data_ingestion\raw_data\internet_users_raw.csv
[ 2026-05-26 00:33:12,110 ] 26 root - INFO - Data loaded successfully
[ 2026-05-26 00:33:12,110 ] 396 root - INFO - Starting preprocessing pipeline
[ 2026-05-26 00:33:12,110 ] 53 root - INFO - Schema validation successful
[ 2026-05-26 00:33:12,111 ] 65 root - INFO - Standardizing columns
[ 2026-05-26 00:33:12,112 ] 94 root - INFO - Column standardization completed
[ 2026-05-26 00:33:12,112 ] 108 root - INFO - Converting datatypes
[ 2026-05-26 00:33:12,113 ] 125 root - INFO - Datatype conversion completed
[ 2026-05-26 00:33:12,113 ] 139 root - INFO - Handling missing values
[ 2026-05-26 00:33:12,116 ] 156 root - INFO - Missing value handling completed from (66, 5) to (35, 5)
[ 2026-05-26 00:33:12,116 ] 174 root - INFO - Removing duplicates
[ 2026-05-26 00:33:12,118 ] 188 root - INFO - Duplicates removed from (35, 5) to (35, 5)
[ 2026-05-26 00:33:12,118 ] 208 root - INFO - Filtering valid years
[ 2026-05-26 00:33:12,118 ] 217 root - INFO - Year filtering completed
[ 2026-05-26 00:33:12,119 ] 231 root - INFO - Sorting dataframe
[ 2026-05-26 00:33:12,120 ] 242 root - INFO - Sorting completed
[ 2026-05-26 00:33:12,121 ] 432 root - INFO - Preprocessing pipeline completed
[ 2026-05-26 00:33:12,124 ] 382 root - INFO - Processed dataframe saved at artifacts\data_processing\processed_data\internet_users_data.csv
[ 2026-05-26 00:33:12,126 ] 354 root - INFO - Metadata saved at artifacts\data_processing\metadata\internet_users_metadata.json
[ 2026-05-26 00:33:12,126 ] 484 root - INFO - Internet_Users processing completed
[ 2026-05-26 00:33:12,127 ] 22 root - INFO - Loading data from artifacts\data_ingestion\raw_data\mobile_subscriptions_raw.csv
[ 2026-05-26 00:33:12,130 ] 26 root - INFO - Data loaded successfully
[ 2026-05-26 00:33:12,130 ] 396 root - INFO - Starting preprocessing pipeline
[ 2026-05-26 00:33:12,130 ] 53 root - INFO - Schema validation successful
[ 2026-05-26 00:33:12,130 ] 65 root - INFO - Standardizing columns
[ 2026-05-26 00:33:12,132 ] 94 root - INFO - Column standardization completed
[ 2026-05-26 00:33:12,132 ] 108 root - INFO - Converting datatypes
[ 2026-05-26 00:33:12,132 ] 125 root - INFO - Datatype conversion completed
[ 2026-05-26 00:33:12,132 ] 139 root - INFO - Handling missing values
[ 2026-05-26 00:33:12,135 ] 156 root - INFO - Missing value handling completed from (66, 5) to (53, 5)
[ 2026-05-26 00:33:12,135 ] 174 root - INFO - Removing duplicates
[ 2026-05-26 00:33:12,136 ] 188 root - INFO - Duplicates removed from (53, 5) to (53, 5)
[ 2026-05-26 00:33:12,136 ] 208 root - INFO - Filtering valid years
[ 2026-05-26 00:33:12,136 ] 217 root - INFO - Year filtering completed
[ 2026-05-26 00:33:12,137 ] 231 root - INFO - Sorting dataframe
[ 2026-05-26 00:33:12,138 ] 242 root - INFO - Sorting completed
[ 2026-05-26 00:33:12,139 ] 432 root - INFO - Preprocessing pipeline completed
[ 2026-05-26 00:33:12,141 ] 382 root - INFO - Processed dataframe saved at artifacts\data_processing\processed_data\mobile_subscriptions_data.csv
[ 2026-05-26 00:33:12,142 ] 354 root - INFO - Metadata saved at artifacts\data_processing\metadata\mobile_subscriptions_metadata.json
[ 2026-05-26 00:33:12,142 ] 484 root - INFO - Mobile_Subscriptions processing completed
[ 2026-05-26 00:33:12,144 ] 22 root - INFO - Loading data from artifacts\data_ingestion\raw_data\broadband_subscriptions_raw.csv
[ 2026-05-26 00:33:12,146 ] 26 root - INFO - Data loaded successfully
[ 2026-05-26 00:33:12,147 ] 396 root - INFO - Starting preprocessing pipeline
[ 2026-05-26 00:33:12,147 ] 53 root - INFO - Schema validation successful
[ 2026-05-26 00:33:12,147 ] 65 root - INFO - Standardizing columns
[ 2026-05-26 00:33:12,148 ] 94 root - INFO - Column standardization completed
[ 2026-05-26 00:33:12,148 ] 108 root - INFO - Converting datatypes
[ 2026-05-26 00:33:12,148 ] 125 root - INFO - Datatype conversion completed
[ 2026-05-26 00:33:12,148 ] 139 root - INFO - Handling missing values
[ 2026-05-26 00:33:12,150 ] 156 root - INFO - Missing value handling completed from (66, 5) to (24, 5)
[ 2026-05-26 00:33:12,151 ] 174 root - INFO - Removing duplicates
[ 2026-05-26 00:33:12,151 ] 188 root - INFO - Duplicates removed from (24, 5) to (24, 5)
[ 2026-05-26 00:33:12,151 ] 208 root - INFO - Filtering valid years
[ 2026-05-26 00:33:12,152 ] 217 root - INFO - Year filtering completed
[ 2026-05-26 00:33:12,152 ] 231 root - INFO - Sorting dataframe
[ 2026-05-26 00:33:12,153 ] 242 root - INFO - Sorting completed
[ 2026-05-26 00:33:12,154 ] 432 root - INFO - Preprocessing pipeline completed
[ 2026-05-26 00:33:12,156 ] 382 root - INFO - Processed dataframe saved at artifacts\data_processing\processed_data\broadband_subscriptions_data.csv
[ 2026-05-26 00:33:12,157 ] 354 root - INFO - Metadata saved at artifacts\data_processing\metadata\broadband_subscriptions_metadata.json
[ 2026-05-26 00:33:12,157 ] 484 root - INFO - Broadband_Subscriptions processing completed
[ 2026-05-26 00:33:12,158 ] 22 root - INFO - Loading data from artifacts\data_ingestion\raw_data\secure_servers_raw.csv
[ 2026-05-26 00:33:12,160 ] 26 root - INFO - Data loaded successfully
[ 2026-05-26 00:33:12,160 ] 396 root - INFO - Starting preprocessing pipeline
[ 2026-05-26 00:33:12,161 ] 53 root - INFO - Schema validation successful
[ 2026-05-26 00:33:12,161 ] 65 root - INFO - Standardizing columns
[ 2026-05-26 00:33:12,162 ] 94 root - INFO - Column standardization completed
[ 2026-05-26 00:33:12,162 ] 108 root - INFO - Converting datatypes
[ 2026-05-26 00:33:12,163 ] 125 root - INFO - Datatype conversion completed
[ 2026-05-26 00:33:12,163 ] 139 root - INFO - Handling missing values
[ 2026-05-26 00:33:12,165 ] 156 root - INFO - Missing value handling completed from (66, 5) to (15, 5)
[ 2026-05-26 00:33:12,165 ] 174 root - INFO - Removing duplicates
[ 2026-05-26 00:33:12,165 ] 188 root - INFO - Duplicates removed from (15, 5) to (15, 5)
[ 2026-05-26 00:33:12,165 ] 208 root - INFO - Filtering valid years
[ 2026-05-26 00:33:12,166 ] 217 root - INFO - Year filtering completed
[ 2026-05-26 00:33:12,166 ] 231 root - INFO - Sorting dataframe
[ 2026-05-26 00:33:12,167 ] 242 root - INFO - Sorting completed
[ 2026-05-26 00:33:12,168 ] 432 root - INFO - Preprocessing pipeline completed
[ 2026-05-26 00:33:12,170 ] 382 root - INFO - Processed dataframe saved at artifacts\data_processing\processed_data\secure_servers_data.csv
[ 2026-05-26 00:33:12,171 ] 354 root - INFO - Metadata saved at artifacts\data_processing\metadata\secure_servers_metadata.json
[ 2026-05-26 00:33:12,171 ] 484 root - INFO - Secure_Servers processing completed
[ 2026-05-26 00:33:12,172 ] 22 root - INFO - Loading data from artifacts\data_ingestion\raw_data\rnd_expenditure_raw.csv
[ 2026-05-26 00:33:12,174 ] 26 root - INFO - Data loaded successfully
[ 2026-05-26 00:33:12,174 ] 396 root - INFO - Starting preprocessing pipeline
[ 2026-05-26 00:33:12,175 ] 53 root - INFO - Schema validation successful
[ 2026-05-26 00:33:12,175 ] 65 root - INFO - Standardizing columns
[ 2026-05-26 00:33:12,176 ] 94 root - INFO - Column standardization completed
[ 2026-05-26 00:33:12,176 ] 108 root - INFO - Converting datatypes
[ 2026-05-26 00:33:12,176 ] 125 root - INFO - Datatype conversion completed
[ 2026-05-26 00:33:12,176 ] 139 root - INFO - Handling missing values
[ 2026-05-26 00:33:12,180 ] 156 root - INFO - Missing value handling completed from (66, 5) to (25, 5)
[ 2026-05-26 00:33:12,180 ] 174 root - INFO - Removing duplicates
[ 2026-05-26 00:33:12,182 ] 188 root - INFO - Duplicates removed from (25, 5) to (25, 5)
[ 2026-05-26 00:33:12,182 ] 208 root - INFO - Filtering valid years
[ 2026-05-26 00:33:12,182 ] 217 root - INFO - Year filtering completed
[ 2026-05-26 00:33:12,182 ] 231 root - INFO - Sorting dataframe
[ 2026-05-26 00:33:12,184 ] 242 root - INFO - Sorting completed
[ 2026-05-26 00:33:12,184 ] 432 root - INFO - Preprocessing pipeline completed
[ 2026-05-26 00:33:12,187 ] 382 root - INFO - Processed dataframe saved at artifacts\data_processing\processed_data\rnd_expenditure_data.csv
[ 2026-05-26 00:33:12,188 ] 354 root - INFO - Metadata saved at artifacts\data_processing\metadata\rnd_expenditure_metadata.json
[ 2026-05-26 00:33:12,188 ] 484 root - INFO - RND_Expenditure processing completed
[ 2026-05-26 00:33:12,190 ] 22 root - INFO - Loading data from artifacts\data_ingestion\raw_data\air_pollution_raw.csv
[ 2026-05-26 00:33:12,194 ] 26 root - INFO - Data loaded successfully
[ 2026-05-26 00:33:12,194 ] 396 root - INFO - Starting preprocessing pipeline
[ 2026-05-26 00:33:12,194 ] 53 root - INFO - Schema validation successful
[ 2026-05-26 00:33:12,194 ] 65 root - INFO - Standardizing columns
[ 2026-05-26 00:33:12,195 ] 94 root - INFO - Column standardization completed
[ 2026-05-26 00:33:12,195 ] 108 root - INFO - Converting datatypes
[ 2026-05-26 00:33:12,196 ] 125 root - INFO - Datatype conversion completed
[ 2026-05-26 00:33:12,196 ] 139 root - INFO - Handling missing values
[ 2026-05-26 00:33:12,198 ] 156 root - INFO - Missing value handling completed from (66, 5) to (31, 5)
[ 2026-05-26 00:33:12,198 ] 174 root - INFO - Removing duplicates
[ 2026-05-26 00:33:12,199 ] 188 root - INFO - Duplicates removed from (31, 5) to (31, 5)
[ 2026-05-26 00:33:12,199 ] 208 root - INFO - Filtering valid years
[ 2026-05-26 00:33:12,200 ] 217 root - INFO - Year filtering completed
[ 2026-05-26 00:33:12,200 ] 231 root - INFO - Sorting dataframe
[ 2026-05-26 00:33:12,201 ] 242 root - INFO - Sorting completed
[ 2026-05-26 00:33:12,202 ] 432 root - INFO - Preprocessing pipeline completed
[ 2026-05-26 00:33:12,204 ] 382 root - INFO - Processed dataframe saved at artifacts\data_processing\processed_data\air_pollution_data.csv
[ 2026-05-26 00:33:12,205 ] 354 root - INFO - Metadata saved at artifacts\data_processing\metadata\air_pollution_metadata.json
[ 2026-05-26 00:33:12,205 ] 484 root - INFO - Air_Pollution processing completed
[ 2026-05-26 00:33:12,206 ] 22 root - INFO - Loading data from artifacts\data_ingestion\raw_data\forest_area_raw.csv
[ 2026-05-26 00:33:12,208 ] 26 root - INFO - Data loaded successfully
[ 2026-05-26 00:33:12,208 ] 396 root - INFO - Starting preprocessing pipeline
[ 2026-05-26 00:33:12,209 ] 53 root - INFO - Schema validation successful
[ 2026-05-26 00:33:12,209 ] 65 root - INFO - Standardizing columns
[ 2026-05-26 00:33:12,210 ] 94 root - INFO - Column standardization completed
[ 2026-05-26 00:33:12,210 ] 108 root - INFO - Converting datatypes
[ 2026-05-26 00:33:12,210 ] 125 root - INFO - Datatype conversion completed
[ 2026-05-26 00:33:12,210 ] 139 root - INFO - Handling missing values
[ 2026-05-26 00:33:12,212 ] 156 root - INFO - Missing value handling completed from (66, 5) to (34, 5)
[ 2026-05-26 00:33:12,212 ] 174 root - INFO - Removing duplicates
[ 2026-05-26 00:33:12,213 ] 188 root - INFO - Duplicates removed from (34, 5) to (34, 5)
[ 2026-05-26 00:33:12,213 ] 208 root - INFO - Filtering valid years
[ 2026-05-26 00:33:12,214 ] 217 root - INFO - Year filtering completed
[ 2026-05-26 00:33:12,214 ] 231 root - INFO - Sorting dataframe
[ 2026-05-26 00:33:12,215 ] 242 root - INFO - Sorting completed
[ 2026-05-26 00:33:12,215 ] 432 root - INFO - Preprocessing pipeline completed
[ 2026-05-26 00:33:12,217 ] 382 root - INFO - Processed dataframe saved at artifacts\data_processing\processed_data\forest_area_data.csv
[ 2026-05-26 00:33:12,219 ] 354 root - INFO - Metadata saved at artifacts\data_processing\metadata\forest_area_metadata.json
[ 2026-05-26 00:33:12,219 ] 484 root - INFO - Forest_Area processing completed
[ 2026-05-26 00:33:12,219 ] 22 root - INFO - Loading data from artifacts\data_ingestion\raw_data\renewable_energy_raw.csv
[ 2026-05-26 00:33:12,222 ] 26 root - INFO - Data loaded successfully
[ 2026-05-26 00:33:12,222 ] 396 root - INFO - Starting preprocessing pipeline
[ 2026-05-26 00:33:12,222 ] 53 root - INFO - Schema validation successful
[ 2026-05-26 00:33:12,222 ] 65 root - INFO - Standardizing columns
[ 2026-05-26 00:33:12,223 ] 94 root - INFO - Column standardization completed
[ 2026-05-26 00:33:12,223 ] 108 root - INFO - Converting datatypes
[ 2026-05-26 00:33:12,223 ] 125 root - INFO - Datatype conversion completed
[ 2026-05-26 00:33:12,223 ] 139 root - INFO - Handling missing values
[ 2026-05-26 00:33:12,225 ] 156 root - INFO - Missing value handling completed from (66, 5) to (32, 5)
[ 2026-05-26 00:33:12,225 ] 174 root - INFO - Removing duplicates
[ 2026-05-26 00:33:12,226 ] 188 root - INFO - Duplicates removed from (32, 5) to (32, 5)
[ 2026-05-26 00:33:12,226 ] 208 root - INFO - Filtering valid years
[ 2026-05-26 00:33:12,227 ] 217 root - INFO - Year filtering completed
[ 2026-05-26 00:33:12,227 ] 231 root - INFO - Sorting dataframe
[ 2026-05-26 00:33:12,228 ] 242 root - INFO - Sorting completed
[ 2026-05-26 00:33:12,229 ] 432 root - INFO - Preprocessing pipeline completed
[ 2026-05-26 00:33:12,231 ] 382 root - INFO - Processed dataframe saved at artifacts\data_processing\processed_data\renewable_energy_data.csv
[ 2026-05-26 00:33:12,231 ] 354 root - INFO - Metadata saved at artifacts\data_processing\metadata\renewable_energy_metadata.json
[ 2026-05-26 00:33:12,231 ] 484 root - INFO - Renewable_Energy processing completed
[ 2026-05-26 00:33:12,232 ] 22 root - INFO - Loading data from artifacts\data_ingestion\raw_data\electricity_access_raw.csv
[ 2026-05-26 00:33:12,235 ] 26 root - INFO - Data loaded successfully
[ 2026-05-26 00:33:12,235 ] 396 root - INFO - Starting preprocessing pipeline
[ 2026-05-26 00:33:12,235 ] 53 root - INFO - Schema validation successful
[ 2026-05-26 00:33:12,235 ] 65 root - INFO - Standardizing columns
[ 2026-05-26 00:33:12,236 ] 94 root - INFO - Column standardization completed
[ 2026-05-26 00:33:12,236 ] 108 root - INFO - Converting datatypes
[ 2026-05-26 00:33:12,236 ] 125 root - INFO - Datatype conversion completed
[ 2026-05-26 00:33:12,236 ] 139 root - INFO - Handling missing values
[ 2026-05-26 00:33:12,238 ] 156 root - INFO - Missing value handling completed from (66, 5) to (31, 5)
[ 2026-05-26 00:33:12,238 ] 174 root - INFO - Removing duplicates
[ 2026-05-26 00:33:12,239 ] 188 root - INFO - Duplicates removed from (31, 5) to (31, 5)
[ 2026-05-26 00:33:12,239 ] 208 root - INFO - Filtering valid years
[ 2026-05-26 00:33:12,239 ] 217 root - INFO - Year filtering completed
[ 2026-05-26 00:33:12,239 ] 231 root - INFO - Sorting dataframe
[ 2026-05-26 00:33:12,241 ] 242 root - INFO - Sorting completed
[ 2026-05-26 00:33:12,241 ] 432 root - INFO - Preprocessing pipeline completed
[ 2026-05-26 00:33:12,243 ] 382 root - INFO - Processed dataframe saved at artifacts\data_processing\processed_data\electricity_access_data.csv
[ 2026-05-26 00:33:12,244 ] 354 root - INFO - Metadata saved at artifacts\data_processing\metadata\electricity_access_metadata.json
[ 2026-05-26 00:33:12,244 ] 484 root - INFO - Electricity_Access processing completed
[ 2026-05-26 00:33:12,245 ] 22 root - INFO - Loading data from artifacts\data_ingestion\raw_data\agriculture_raw.csv
[ 2026-05-26 00:33:12,247 ] 26 root - INFO - Data loaded successfully
[ 2026-05-26 00:33:12,247 ] 396 root - INFO - Starting preprocessing pipeline
[ 2026-05-26 00:33:12,247 ] 53 root - INFO - Schema validation successful
[ 2026-05-26 00:33:12,247 ] 65 root - INFO - Standardizing columns
[ 2026-05-26 00:33:12,248 ] 94 root - INFO - Column standardization completed
[ 2026-05-26 00:33:12,248 ] 108 root - INFO - Converting datatypes
[ 2026-05-26 00:33:12,248 ] 125 root - INFO - Datatype conversion completed
[ 2026-05-26 00:33:12,249 ] 139 root - INFO - Handling missing values
[ 2026-05-26 00:33:12,250 ] 156 root - INFO - Missing value handling completed from (66, 5) to (65, 5)
[ 2026-05-26 00:33:12,250 ] 174 root - INFO - Removing duplicates
[ 2026-05-26 00:33:12,251 ] 188 root - INFO - Duplicates removed from (65, 5) to (65, 5)
[ 2026-05-26 00:33:12,251 ] 208 root - INFO - Filtering valid years
[ 2026-05-26 00:33:12,251 ] 217 root - INFO - Year filtering completed
[ 2026-05-26 00:33:12,251 ] 231 root - INFO - Sorting dataframe
[ 2026-05-26 00:33:12,252 ] 242 root - INFO - Sorting completed
[ 2026-05-26 00:33:12,253 ] 432 root - INFO - Preprocessing pipeline completed
[ 2026-05-26 00:33:12,255 ] 382 root - INFO - Processed dataframe saved at artifacts\data_processing\processed_data\agriculture_data.csv
[ 2026-05-26 00:33:12,255 ] 354 root - INFO - Metadata saved at artifacts\data_processing\metadata\agriculture_metadata.json
[ 2026-05-26 00:33:12,256 ] 484 root - INFO - Agriculture processing completed
[ 2026-05-26 00:33:12,256 ] 22 root - INFO - Loading data from artifacts\data_ingestion\raw_data\industry_raw.csv
[ 2026-05-26 00:33:12,258 ] 26 root - INFO - Data loaded successfully
[ 2026-05-26 00:33:12,259 ] 396 root - INFO - Starting preprocessing pipeline
[ 2026-05-26 00:33:12,259 ] 53 root - INFO - Schema validation successful
[ 2026-05-26 00:33:12,259 ] 65 root - INFO - Standardizing columns
[ 2026-05-26 00:33:12,260 ] 94 root - INFO - Column standardization completed
[ 2026-05-26 00:33:12,260 ] 108 root - INFO - Converting datatypes
[ 2026-05-26 00:33:12,260 ] 125 root - INFO - Datatype conversion completed
[ 2026-05-26 00:33:12,260 ] 139 root - INFO - Handling missing values
[ 2026-05-26 00:33:12,262 ] 156 root - INFO - Missing value handling completed from (66, 5) to (65, 5)
[ 2026-05-26 00:33:12,262 ] 174 root - INFO - Removing duplicates
[ 2026-05-26 00:33:12,262 ] 188 root - INFO - Duplicates removed from (65, 5) to (65, 5)
[ 2026-05-26 00:33:12,262 ] 208 root - INFO - Filtering valid years
[ 2026-05-26 00:33:12,263 ] 217 root - INFO - Year filtering completed
[ 2026-05-26 00:33:12,263 ] 231 root - INFO - Sorting dataframe
[ 2026-05-26 00:33:12,264 ] 242 root - INFO - Sorting completed
[ 2026-05-26 00:33:12,264 ] 432 root - INFO - Preprocessing pipeline completed
[ 2026-05-26 00:33:12,266 ] 382 root - INFO - Processed dataframe saved at artifacts\data_processing\processed_data\industry_data.csv
[ 2026-05-26 00:33:12,267 ] 354 root - INFO - Metadata saved at artifacts\data_processing\metadata\industry_metadata.json
[ 2026-05-26 00:33:12,267 ] 484 root - INFO - Industry processing completed
[ 2026-05-26 00:33:12,268 ] 22 root - INFO - Loading data from artifacts\data_ingestion\raw_data\services_raw.csv
[ 2026-05-26 00:33:12,270 ] 26 root - INFO - Data loaded successfully
[ 2026-05-26 00:33:12,270 ] 396 root - INFO - Starting preprocessing pipeline
[ 2026-05-26 00:33:12,270 ] 53 root - INFO - Schema validation successful
[ 2026-05-26 00:33:12,270 ] 65 root - INFO - Standardizing columns
[ 2026-05-26 00:33:12,271 ] 94 root - INFO - Column standardization completed
[ 2026-05-26 00:33:12,271 ] 108 root - INFO - Converting datatypes
[ 2026-05-26 00:33:12,271 ] 125 root - INFO - Datatype conversion completed
[ 2026-05-26 00:33:12,271 ] 139 root - INFO - Handling missing values
[ 2026-05-26 00:33:12,273 ] 156 root - INFO - Missing value handling completed from (66, 5) to (65, 5)
[ 2026-05-26 00:33:12,273 ] 174 root - INFO - Removing duplicates
[ 2026-05-26 00:33:12,274 ] 188 root - INFO - Duplicates removed from (65, 5) to (65, 5)
[ 2026-05-26 00:33:12,274 ] 208 root - INFO - Filtering valid years
[ 2026-05-26 00:33:12,274 ] 217 root - INFO - Year filtering completed
[ 2026-05-26 00:33:12,274 ] 231 root - INFO - Sorting dataframe
[ 2026-05-26 00:33:12,275 ] 242 root - INFO - Sorting completed
[ 2026-05-26 00:33:12,276 ] 432 root - INFO - Preprocessing pipeline completed
[ 2026-05-26 00:33:12,277 ] 382 root - INFO - Processed dataframe saved at artifacts\data_processing\processed_data\services_data.csv
[ 2026-05-26 00:33:12,278 ] 354 root - INFO - Metadata saved at artifacts\data_processing\metadata\services_metadata.json
[ 2026-05-26 00:33:12,278 ] 484 root - INFO - Services processing completed
[ 2026-05-26 00:33:12,279 ] 22 root - INFO - Loading data from artifacts\data_ingestion\raw_data\military_expenditure_raw.csv
[ 2026-05-26 00:33:12,281 ] 26 root - INFO - Data loaded successfully
[ 2026-05-26 00:33:12,281 ] 396 root - INFO - Starting preprocessing pipeline
[ 2026-05-26 00:33:12,282 ] 53 root - INFO - Schema validation successful
[ 2026-05-26 00:33:12,282 ] 65 root - INFO - Standardizing columns
[ 2026-05-26 00:33:12,282 ] 94 root - INFO - Column standardization completed
[ 2026-05-26 00:33:12,282 ] 108 root - INFO - Converting datatypes
[ 2026-05-26 00:33:12,283 ] 125 root - INFO - Datatype conversion completed
[ 2026-05-26 00:33:12,283 ] 139 root - INFO - Handling missing values
[ 2026-05-26 00:33:12,284 ] 156 root - INFO - Missing value handling completed from (66, 5) to (65, 5)
[ 2026-05-26 00:33:12,284 ] 174 root - INFO - Removing duplicates
[ 2026-05-26 00:33:12,285 ] 188 root - INFO - Duplicates removed from (65, 5) to (65, 5)
[ 2026-05-26 00:33:12,285 ] 208 root - INFO - Filtering valid years
[ 2026-05-26 00:33:12,285 ] 217 root - INFO - Year filtering completed
[ 2026-05-26 00:33:12,285 ] 231 root - INFO - Sorting dataframe
[ 2026-05-26 00:33:12,286 ] 242 root - INFO - Sorting completed
[ 2026-05-26 00:33:12,287 ] 432 root - INFO - Preprocessing pipeline completed
[ 2026-05-26 00:33:12,288 ] 382 root - INFO - Processed dataframe saved at artifacts\data_processing\processed_data\military_expenditure_data.csv
[ 2026-05-26 00:33:12,290 ] 354 root - INFO - Metadata saved at artifacts\data_processing\metadata\military_expenditure_metadata.json
[ 2026-05-26 00:33:12,290 ] 484 root - INFO - Military_Expenditure processing completed
[ 2026-05-26 00:33:12,291 ] 22 root - INFO - Loading data from artifacts\data_ingestion\raw_data\military_percent_gdp_raw.csv
[ 2026-05-26 00:33:12,293 ] 26 root - INFO - Data loaded successfully
[ 2026-05-26 00:33:12,293 ] 396 root - INFO - Starting preprocessing pipeline
[ 2026-05-26 00:33:12,293 ] 53 root - INFO - Schema validation successful
[ 2026-05-26 00:33:12,293 ] 65 root - INFO - Standardizing columns
[ 2026-05-26 00:33:12,294 ] 94 root - INFO - Column standardization completed
[ 2026-05-26 00:33:12,294 ] 108 root - INFO - Converting datatypes
[ 2026-05-26 00:33:12,294 ] 125 root - INFO - Datatype conversion completed
[ 2026-05-26 00:33:12,294 ] 139 root - INFO - Handling missing values
[ 2026-05-26 00:33:12,296 ] 156 root - INFO - Missing value handling completed from (66, 5) to (65, 5)
[ 2026-05-26 00:33:12,296 ] 174 root - INFO - Removing duplicates
[ 2026-05-26 00:33:12,296 ] 188 root - INFO - Duplicates removed from (65, 5) to (65, 5)
[ 2026-05-26 00:33:12,297 ] 208 root - INFO - Filtering valid years
[ 2026-05-26 00:33:12,297 ] 217 root - INFO - Year filtering completed
[ 2026-05-26 00:33:12,297 ] 231 root - INFO - Sorting dataframe
[ 2026-05-26 00:33:12,298 ] 242 root - INFO - Sorting completed
[ 2026-05-26 00:33:12,298 ] 432 root - INFO - Preprocessing pipeline completed
[ 2026-05-26 00:33:12,300 ] 382 root - INFO - Processed dataframe saved at artifacts\data_processing\processed_data\military_percent_gdp_data.csv
[ 2026-05-26 00:33:12,301 ] 354 root - INFO - Metadata saved at artifacts\data_processing\metadata\military_percent_gdp_metadata.json
[ 2026-05-26 00:33:12,301 ] 484 root - INFO - Military_Percent_GDP processing completed
[ 2026-05-26 00:33:12,302 ] 22 root - INFO - Loading data from artifacts\data_ingestion\raw_data\armed_forces_personnel_raw.csv
[ 2026-05-26 00:33:12,305 ] 26 root - INFO - Data loaded successfully
[ 2026-05-26 00:33:12,305 ] 396 root - INFO - Starting preprocessing pipeline
[ 2026-05-26 00:33:12,305 ] 53 root - INFO - Schema validation successful
[ 2026-05-26 00:33:12,305 ] 65 root - INFO - Standardizing columns
[ 2026-05-26 00:33:12,306 ] 94 root - INFO - Column standardization completed
[ 2026-05-26 00:33:12,306 ] 108 root - INFO - Converting datatypes
[ 2026-05-26 00:33:12,307 ] 125 root - INFO - Datatype conversion completed
[ 2026-05-26 00:33:12,307 ] 139 root - INFO - Handling missing values
[ 2026-05-26 00:33:12,308 ] 156 root - INFO - Missing value handling completed from (66, 5) to (33, 5)
[ 2026-05-26 00:33:12,308 ] 174 root - INFO - Removing duplicates
[ 2026-05-26 00:33:12,309 ] 188 root - INFO - Duplicates removed from (33, 5) to (33, 5)
[ 2026-05-26 00:33:12,309 ] 208 root - INFO - Filtering valid years
[ 2026-05-26 00:33:12,310 ] 217 root - INFO - Year filtering completed
[ 2026-05-26 00:33:12,310 ] 231 root - INFO - Sorting dataframe
[ 2026-05-26 00:33:12,311 ] 242 root - INFO - Sorting completed
[ 2026-05-26 00:33:12,311 ] 432 root - INFO - Preprocessing pipeline completed
[ 2026-05-26 00:33:12,313 ] 382 root - INFO - Processed dataframe saved at artifacts\data_processing\processed_data\armed_forces_personnel_data.csv
[ 2026-05-26 00:33:12,314 ] 354 root - INFO - Metadata saved at artifacts\data_processing\metadata\armed_forces_personnel_metadata.json
[ 2026-05-26 00:33:12,314 ] 484 root - INFO - Armed_Forces_Personnel processing completed
[ 2026-05-26 00:33:12,314 ] 46 root - INFO - Economy Section Processing Started
[ 2026-05-26 00:33:12,314 ] 53 root - INFO - economy section processing started
[ 2026-05-26 00:33:12,364 ] 65 root - INFO - economy csv files fetched to dataframes.
[ 2026-05-26 00:33:12,390 ] 57 root - INFO - economy section processing completed
[ 2026-05-26 00:33:12,390 ] 53 root - INFO - demographics section processing started
[ 2026-05-26 00:33:12,431 ] 65 root - INFO - demographics csv files fetched to dataframes.
[ 2026-05-26 00:33:12,445 ] 57 root - INFO - demographics section processing completed
[ 2026-05-26 00:33:12,445 ] 53 root - INFO - trade section processing started
[ 2026-05-26 00:33:12,458 ] 65 root - INFO - trade csv files fetched to dataframes.
[ 2026-05-26 00:33:12,465 ] 57 root - INFO - trade section processing completed
[ 2026-05-26 00:33:12,465 ] 53 root - INFO - technology section processing started
[ 2026-05-26 00:33:12,483 ] 65 root - INFO - technology csv files fetched to dataframes.
[ 2026-05-26 00:33:12,495 ] 57 root - INFO - technology section processing completed
[ 2026-05-26 00:33:12,495 ] 53 root - INFO - environment section processing started
[ 2026-05-26 00:33:12,528 ] 65 root - INFO - environment csv files fetched to dataframes.
[ 2026-05-26 00:33:12,546 ] 57 root - INFO - environment section processing completed
[ 2026-05-26 00:33:12,546 ] 53 root - INFO - industry section processing started
[ 2026-05-26 00:33:12,589 ] 65 root - INFO - industry csv files fetched to dataframes.
[ 2026-05-26 00:33:12,603 ] 57 root - INFO - industry section processing completed
[ 2026-05-26 00:33:12,603 ] 53 root - INFO - military section processing started
[ 2026-05-26 00:33:12,635 ] 65 root - INFO - military csv files fetched to dataframes.
[ 2026-05-26 00:33:12,647 ] 57 root - INFO - military section processing completed
[ 2026-05-26 00:33:12,647 ] 59 root - INFO - Economy Section Processing Completed
