[ 2026-05-26 01:07:03,131 ] 21 root - INFO - Data Ingestion Started
[ 2026-05-26 01:07:03,131 ] 41 root - INFO - Fetching gdp
[ 2026-05-26 01:07:03,488 ] 110 root - INFO - Saved gdp_raw.csv
[ 2026-05-26 01:07:03,488 ] 41 root - INFO - Fetching gdp_per_capita
[ 2026-05-26 01:07:03,600 ] 110 root - INFO - Saved gdp_per_capita_raw.csv
[ 2026-05-26 01:07:03,600 ] 41 root - INFO - Fetching population
[ 2026-05-26 01:07:03,738 ] 110 root - INFO - Saved population_raw.csv
[ 2026-05-26 01:07:03,738 ] 41 root - INFO - Fetching inflation
[ 2026-05-26 01:07:03,905 ] 110 root - INFO - Saved inflation_raw.csv
[ 2026-05-26 01:07:03,906 ] 41 root - INFO - Fetching unemployment
[ 2026-05-26 01:07:04,080 ] 110 root - INFO - Saved unemployment_raw.csv
[ 2026-05-26 01:07:04,080 ] 41 root - INFO - Fetching life_expectancy
[ 2026-05-26 01:07:04,240 ] 110 root - INFO - Saved life_expectancy_raw.csv
[ 2026-05-26 01:07:04,240 ] 41 root - INFO - Fetching exports
[ 2026-05-26 01:07:04,386 ] 110 root - INFO - Saved exports_raw.csv
[ 2026-05-26 01:07:04,386 ] 41 root - INFO - Fetching imports
[ 2026-05-26 01:07:04,553 ] 110 root - INFO - Saved imports_raw.csv
[ 2026-05-26 01:07:04,553 ] 41 root - INFO - Fetching forex_reserves
[ 2026-05-26 01:07:04,708 ] 110 root - INFO - Saved forex_reserves_raw.csv
[ 2026-05-26 01:07:04,708 ] 41 root - INFO - Fetching agriculture
[ 2026-05-26 01:07:04,872 ] 110 root - INFO - Saved agriculture_raw.csv
[ 2026-05-26 01:07:04,872 ] 41 root - INFO - Fetching industry
[ 2026-05-26 01:07:05,046 ] 110 root - INFO - Saved industry_raw.csv
[ 2026-05-26 01:07:05,046 ] 41 root - INFO - Fetching services
[ 2026-05-26 01:07:05,232 ] 110 root - INFO - Saved services_raw.csv
[ 2026-05-26 01:07:05,232 ] 41 root - INFO - Fetching trade_percent_gdp
[ 2026-05-26 01:07:05,430 ] 110 root - INFO - Saved trade_percent_gdp_raw.csv
[ 2026-05-26 01:07:05,430 ] 41 root - INFO - Fetching fdi
[ 2026-05-26 01:07:05,630 ] 110 root - INFO - Saved fdi_raw.csv
[ 2026-05-26 01:07:05,631 ] 41 root - INFO - Fetching interest_rate
[ 2026-05-26 01:07:05,810 ] 110 root - INFO - Saved interest_rate_raw.csv
[ 2026-05-26 01:07:05,810 ] 41 root - INFO - Fetching current_account_balance
[ 2026-05-26 01:07:05,952 ] 110 root - INFO - Saved current_account_balance_raw.csv
[ 2026-05-26 01:07:05,953 ] 41 root - INFO - Fetching population_growth
[ 2026-05-26 01:07:06,116 ] 110 root - INFO - Saved population_growth_raw.csv
[ 2026-05-26 01:07:06,116 ] 41 root - INFO - Fetching urbanization
[ 2026-05-26 01:07:06,283 ] 110 root - INFO - Saved urbanization_raw.csv
[ 2026-05-26 01:07:06,283 ] 41 root - INFO - Fetching birth_rate
[ 2026-05-26 01:07:06,426 ] 110 root - INFO - Saved birth_rate_raw.csv
[ 2026-05-26 01:07:06,427 ] 41 root - INFO - Fetching death_rate
[ 2026-05-26 01:07:06,568 ] 110 root - INFO - Saved death_rate_raw.csv
[ 2026-05-26 01:07:06,568 ] 41 root - INFO - Fetching population_density
[ 2026-05-26 01:07:06,725 ] 110 root - INFO - Saved population_density_raw.csv
[ 2026-05-26 01:07:06,725 ] 41 root - INFO - Fetching literacy_rate
[ 2026-05-26 01:07:06,935 ] 110 root - INFO - Saved literacy_rate_raw.csv
[ 2026-05-26 01:07:06,935 ] 41 root - INFO - Fetching internet_users
[ 2026-05-26 01:07:07,107 ] 110 root - INFO - Saved internet_users_raw.csv
[ 2026-05-26 01:07:07,107 ] 41 root - INFO - Fetching mobile_subscriptions
[ 2026-05-26 01:07:07,293 ] 110 root - INFO - Saved mobile_subscriptions_raw.csv
[ 2026-05-26 01:07:07,293 ] 41 root - INFO - Fetching broadband_subscriptions
[ 2026-05-26 01:07:07,495 ] 110 root - INFO - Saved broadband_subscriptions_raw.csv
[ 2026-05-26 01:07:07,496 ] 41 root - INFO - Fetching secure_servers
[ 2026-05-26 01:07:07,682 ] 110 root - INFO - Saved secure_servers_raw.csv
[ 2026-05-26 01:07:07,683 ] 41 root - INFO - Fetching high_tech_exports
[ 2026-05-26 01:07:07,961 ] 110 root - INFO - Saved high_tech_exports_raw.csv
[ 2026-05-26 01:07:07,961 ] 41 root - INFO - Fetching rnd_expenditure
[ 2026-05-26 01:07:08,218 ] 110 root - INFO - Saved rnd_expenditure_raw.csv
[ 2026-05-26 01:07:08,218 ] 41 root - INFO - Fetching renewable_energy
[ 2026-05-26 01:07:08,395 ] 110 root - INFO - Saved renewable_energy_raw.csv
[ 2026-05-26 01:07:08,395 ] 41 root - INFO - Fetching forest_area
[ 2026-05-26 01:07:08,619 ] 110 root - INFO - Saved forest_area_raw.csv
[ 2026-05-26 01:07:08,619 ] 41 root - INFO - Fetching air_pollution
[ 2026-05-26 01:07:08,857 ] 110 root - INFO - Saved air_pollution_raw.csv
[ 2026-05-26 01:07:08,857 ] 41 root - INFO - Fetching electricity_access
[ 2026-05-26 01:07:09,077 ] 110 root - INFO - Saved electricity_access_raw.csv
[ 2026-05-26 01:07:09,078 ] 41 root - INFO - Fetching military_expenditure
[ 2026-05-26 01:07:09,305 ] 110 root - INFO - Saved military_expenditure_raw.csv
[ 2026-05-26 01:07:09,306 ] 41 root - INFO - Fetching military_percent_gdp
[ 2026-05-26 01:07:09,544 ] 110 root - INFO - Saved military_percent_gdp_raw.csv
[ 2026-05-26 01:07:09,544 ] 41 root - INFO - Fetching armed_forces_personnel
[ 2026-05-26 01:07:09,787 ] 110 root - INFO - Saved armed_forces_personnel_raw.csv
[ 2026-05-26 01:07:09,790 ] 23 root - INFO - Data Ingestion Completed
[ 2026-05-26 01:07:09,793 ] 22 root - INFO - Loading data from artifacts\data_ingestion\raw_data\gdp_raw.csv
[ 2026-05-26 01:07:09,801 ] 26 root - INFO - Data loaded successfully
[ 2026-05-26 01:07:09,801 ] 396 root - INFO - Starting preprocessing pipeline
[ 2026-05-26 01:07:09,802 ] 53 root - INFO - Schema validation successful
[ 2026-05-26 01:07:09,802 ] 65 root - INFO - Standardizing columns
[ 2026-05-26 01:07:09,812 ] 94 root - INFO - Column standardization completed
[ 2026-05-26 01:07:09,812 ] 108 root - INFO - Converting datatypes
[ 2026-05-26 01:07:09,814 ] 125 root - INFO - Datatype conversion completed
[ 2026-05-26 01:07:09,814 ] 139 root - INFO - Handling missing values
[ 2026-05-26 01:07:09,821 ] 156 root - INFO - Missing value handling completed from (66, 5) to (65, 5)
[ 2026-05-26 01:07:09,821 ] 174 root - INFO - Removing duplicates
[ 2026-05-26 01:07:09,823 ] 188 root - INFO - Duplicates removed from (65, 5) to (65, 5)
[ 2026-05-26 01:07:09,824 ] 208 root - INFO - Filtering valid years
[ 2026-05-26 01:07:09,826 ] 217 root - INFO - Year filtering completed
[ 2026-05-26 01:07:09,826 ] 231 root - INFO - Sorting dataframe
[ 2026-05-26 01:07:09,829 ] 242 root - INFO - Sorting completed
[ 2026-05-26 01:07:09,831 ] 432 root - INFO - Preprocessing pipeline completed
[ 2026-05-26 01:07:09,836 ] 382 root - INFO - Processed dataframe saved at artifacts\data_processing\processed_data\gdp_data.csv
[ 2026-05-26 01:07:09,839 ] 354 root - INFO - Metadata saved at artifacts\data_processing\metadata\gdp_metadata.json
[ 2026-05-26 01:07:09,839 ] 484 root - INFO - GDP processing completed
[ 2026-05-26 01:07:09,841 ] 22 root - INFO - Loading data from artifacts\data_ingestion\raw_data\gdp_per_capita_raw.csv
[ 2026-05-26 01:07:09,866 ] 26 root - INFO - Data loaded successfully
[ 2026-05-26 01:07:09,866 ] 396 root - INFO - Starting preprocessing pipeline
[ 2026-05-26 01:07:09,866 ] 53 root - INFO - Schema validation successful
[ 2026-05-26 01:07:09,866 ] 65 root - INFO - Standardizing columns
[ 2026-05-26 01:07:09,869 ] 94 root - INFO - Column standardization completed
[ 2026-05-26 01:07:09,870 ] 108 root - INFO - Converting datatypes
[ 2026-05-26 01:07:09,871 ] 125 root - INFO - Datatype conversion completed
[ 2026-05-26 01:07:09,871 ] 139 root - INFO - Handling missing values
[ 2026-05-26 01:07:09,877 ] 156 root - INFO - Missing value handling completed from (66, 5) to (65, 5)
[ 2026-05-26 01:07:09,877 ] 174 root - INFO - Removing duplicates
[ 2026-05-26 01:07:09,880 ] 188 root - INFO - Duplicates removed from (65, 5) to (65, 5)
[ 2026-05-26 01:07:09,880 ] 208 root - INFO - Filtering valid years
[ 2026-05-26 01:07:09,883 ] 217 root - INFO - Year filtering completed
[ 2026-05-26 01:07:09,883 ] 231 root - INFO - Sorting dataframe
[ 2026-05-26 01:07:09,886 ] 242 root - INFO - Sorting completed
[ 2026-05-26 01:07:09,889 ] 432 root - INFO - Preprocessing pipeline completed
[ 2026-05-26 01:07:09,896 ] 382 root - INFO - Processed dataframe saved at artifacts\data_processing\processed_data\gdp_per_capita_data.csv
[ 2026-05-26 01:07:09,899 ] 354 root - INFO - Metadata saved at artifacts\data_processing\metadata\gdp_per_capita_metadata.json
[ 2026-05-26 01:07:09,899 ] 484 root - INFO - GDP_Per_Capita processing completed
[ 2026-05-26 01:07:09,902 ] 22 root - INFO - Loading data from artifacts\data_ingestion\raw_data\inflation_raw.csv
[ 2026-05-26 01:07:09,910 ] 26 root - INFO - Data loaded successfully
[ 2026-05-26 01:07:09,910 ] 396 root - INFO - Starting preprocessing pipeline
[ 2026-05-26 01:07:09,911 ] 53 root - INFO - Schema validation successful
[ 2026-05-26 01:07:09,911 ] 65 root - INFO - Standardizing columns
[ 2026-05-26 01:07:09,917 ] 94 root - INFO - Column standardization completed
[ 2026-05-26 01:07:09,917 ] 108 root - INFO - Converting datatypes
[ 2026-05-26 01:07:09,920 ] 125 root - INFO - Datatype conversion completed
[ 2026-05-26 01:07:09,920 ] 139 root - INFO - Handling missing values
[ 2026-05-26 01:07:09,928 ] 156 root - INFO - Missing value handling completed from (66, 5) to (65, 5)
[ 2026-05-26 01:07:09,929 ] 174 root - INFO - Removing duplicates
[ 2026-05-26 01:07:09,933 ] 188 root - INFO - Duplicates removed from (65, 5) to (65, 5)
[ 2026-05-26 01:07:09,933 ] 208 root - INFO - Filtering valid years
[ 2026-05-26 01:07:09,938 ] 217 root - INFO - Year filtering completed
[ 2026-05-26 01:07:09,938 ] 231 root - INFO - Sorting dataframe
[ 2026-05-26 01:07:09,943 ] 242 root - INFO - Sorting completed
[ 2026-05-26 01:07:09,946 ] 432 root - INFO - Preprocessing pipeline completed
[ 2026-05-26 01:07:09,957 ] 382 root - INFO - Processed dataframe saved at artifacts\data_processing\processed_data\inflation_data.csv
[ 2026-05-26 01:07:09,960 ] 354 root - INFO - Metadata saved at artifacts\data_processing\metadata\inflation_metadata.json
[ 2026-05-26 01:07:09,960 ] 484 root - INFO - Inflation processing completed
[ 2026-05-26 01:07:09,963 ] 22 root - INFO - Loading data from artifacts\data_ingestion\raw_data\interest_rate_raw.csv
[ 2026-05-26 01:07:10,004 ] 26 root - INFO - Data loaded successfully
[ 2026-05-26 01:07:10,005 ] 396 root - INFO - Starting preprocessing pipeline
[ 2026-05-26 01:07:10,005 ] 53 root - INFO - Schema validation successful
[ 2026-05-26 01:07:10,005 ] 65 root - INFO - Standardizing columns
[ 2026-05-26 01:07:10,010 ] 94 root - INFO - Column standardization completed
[ 2026-05-26 01:07:10,010 ] 108 root - INFO - Converting datatypes
[ 2026-05-26 01:07:10,012 ] 125 root - INFO - Datatype conversion completed
[ 2026-05-26 01:07:10,012 ] 139 root - INFO - Handling missing values
[ 2026-05-26 01:07:10,023 ] 156 root - INFO - Missing value handling completed from (66, 5) to (45, 5)
[ 2026-05-26 01:07:10,023 ] 174 root - INFO - Removing duplicates
[ 2026-05-26 01:07:10,026 ] 188 root - INFO - Duplicates removed from (45, 5) to (45, 5)
[ 2026-05-26 01:07:10,027 ] 208 root - INFO - Filtering valid years
[ 2026-05-26 01:07:10,028 ] 217 root - INFO - Year filtering completed
[ 2026-05-26 01:07:10,029 ] 231 root - INFO - Sorting dataframe
[ 2026-05-26 01:07:10,033 ] 242 root - INFO - Sorting completed
[ 2026-05-26 01:07:10,037 ] 432 root - INFO - Preprocessing pipeline completed
[ 2026-05-26 01:07:10,045 ] 382 root - INFO - Processed dataframe saved at artifacts\data_processing\processed_data\interest_rate_data.csv
[ 2026-05-26 01:07:10,049 ] 354 root - INFO - Metadata saved at artifacts\data_processing\metadata\interest_rate_metadata.json
[ 2026-05-26 01:07:10,049 ] 484 root - INFO - Interest_Rate processing completed
[ 2026-05-26 01:07:10,055 ] 22 root - INFO - Loading data from artifacts\data_ingestion\raw_data\forex_reserves_raw.csv
[ 2026-05-26 01:07:10,062 ] 26 root - INFO - Data loaded successfully
[ 2026-05-26 01:07:10,062 ] 396 root - INFO - Starting preprocessing pipeline
[ 2026-05-26 01:07:10,062 ] 53 root - INFO - Schema validation successful
[ 2026-05-26 01:07:10,063 ] 65 root - INFO - Standardizing columns
[ 2026-05-26 01:07:10,070 ] 94 root - INFO - Column standardization completed
[ 2026-05-26 01:07:10,070 ] 108 root - INFO - Converting datatypes
[ 2026-05-26 01:07:10,071 ] 125 root - INFO - Datatype conversion completed
[ 2026-05-26 01:07:10,072 ] 139 root - INFO - Handling missing values
[ 2026-05-26 01:07:10,078 ] 156 root - INFO - Missing value handling completed from (66, 5) to (65, 5)
[ 2026-05-26 01:07:10,079 ] 174 root - INFO - Removing duplicates
[ 2026-05-26 01:07:10,083 ] 188 root - INFO - Duplicates removed from (65, 5) to (65, 5)
[ 2026-05-26 01:07:10,083 ] 208 root - INFO - Filtering valid years
[ 2026-05-26 01:07:10,085 ] 217 root - INFO - Year filtering completed
[ 2026-05-26 01:07:10,085 ] 231 root - INFO - Sorting dataframe
[ 2026-05-26 01:07:10,089 ] 242 root - INFO - Sorting completed
[ 2026-05-26 01:07:10,093 ] 432 root - INFO - Preprocessing pipeline completed
[ 2026-05-26 01:07:10,101 ] 382 root - INFO - Processed dataframe saved at artifacts\data_processing\processed_data\forex_reserves_data.csv
[ 2026-05-26 01:07:10,105 ] 354 root - INFO - Metadata saved at artifacts\data_processing\metadata\forex_reserves_metadata.json
[ 2026-05-26 01:07:10,105 ] 484 root - INFO - Forex_Reserves processing completed
[ 2026-05-26 01:07:10,108 ] 22 root - INFO - Loading data from artifacts\data_ingestion\raw_data\current_account_balance_raw.csv
[ 2026-05-26 01:07:10,116 ] 26 root - INFO - Data loaded successfully
[ 2026-05-26 01:07:10,116 ] 396 root - INFO - Starting preprocessing pipeline
[ 2026-05-26 01:07:10,117 ] 53 root - INFO - Schema validation successful
[ 2026-05-26 01:07:10,117 ] 65 root - INFO - Standardizing columns
[ 2026-05-26 01:07:10,122 ] 94 root - INFO - Column standardization completed
[ 2026-05-26 01:07:10,122 ] 108 root - INFO - Converting datatypes
[ 2026-05-26 01:07:10,124 ] 125 root - INFO - Datatype conversion completed
[ 2026-05-26 01:07:10,124 ] 139 root - INFO - Handling missing values
[ 2026-05-26 01:07:10,129 ] 156 root - INFO - Missing value handling completed from (66, 5) to (50, 5)
[ 2026-05-26 01:07:10,130 ] 174 root - INFO - Removing duplicates
[ 2026-05-26 01:07:10,133 ] 188 root - INFO - Duplicates removed from (50, 5) to (50, 5)
[ 2026-05-26 01:07:10,134 ] 208 root - INFO - Filtering valid years
[ 2026-05-26 01:07:10,135 ] 217 root - INFO - Year filtering completed
[ 2026-05-26 01:07:10,136 ] 231 root - INFO - Sorting dataframe
[ 2026-05-26 01:07:10,139 ] 242 root - INFO - Sorting completed
[ 2026-05-26 01:07:10,141 ] 432 root - INFO - Preprocessing pipeline completed
[ 2026-05-26 01:07:10,146 ] 382 root - INFO - Processed dataframe saved at artifacts\data_processing\processed_data\current_account_balance_data.csv
[ 2026-05-26 01:07:10,149 ] 354 root - INFO - Metadata saved at artifacts\data_processing\metadata\current_account_balance_metadata.json
[ 2026-05-26 01:07:10,149 ] 484 root - INFO - Current_Account_Balance processing completed
[ 2026-05-26 01:07:10,151 ] 22 root - INFO - Loading data from artifacts\data_ingestion\raw_data\fdi_raw.csv
[ 2026-05-26 01:07:10,175 ] 26 root - INFO - Data loaded successfully
[ 2026-05-26 01:07:10,176 ] 396 root - INFO - Starting preprocessing pipeline
[ 2026-05-26 01:07:10,176 ] 53 root - INFO - Schema validation successful
[ 2026-05-26 01:07:10,176 ] 65 root - INFO - Standardizing columns
[ 2026-05-26 01:07:10,179 ] 94 root - INFO - Column standardization completed
[ 2026-05-26 01:07:10,180 ] 108 root - INFO - Converting datatypes
[ 2026-05-26 01:07:10,182 ] 125 root - INFO - Datatype conversion completed
[ 2026-05-26 01:07:10,183 ] 139 root - INFO - Handling missing values
[ 2026-05-26 01:07:10,190 ] 156 root - INFO - Missing value handling completed from (66, 5) to (55, 5)
[ 2026-05-26 01:07:10,190 ] 174 root - INFO - Removing duplicates
[ 2026-05-26 01:07:10,192 ] 188 root - INFO - Duplicates removed from (55, 5) to (55, 5)
[ 2026-05-26 01:07:10,193 ] 208 root - INFO - Filtering valid years
[ 2026-05-26 01:07:10,194 ] 217 root - INFO - Year filtering completed
[ 2026-05-26 01:07:10,194 ] 231 root - INFO - Sorting dataframe
[ 2026-05-26 01:07:10,198 ] 242 root - INFO - Sorting completed
[ 2026-05-26 01:07:10,201 ] 432 root - INFO - Preprocessing pipeline completed
[ 2026-05-26 01:07:10,208 ] 382 root - INFO - Processed dataframe saved at artifacts\data_processing\processed_data\fdi_data.csv
[ 2026-05-26 01:07:10,210 ] 354 root - INFO - Metadata saved at artifacts\data_processing\metadata\fdi_metadata.json
[ 2026-05-26 01:07:10,210 ] 484 root - INFO - FDI processing completed
[ 2026-05-26 01:07:10,213 ] 22 root - INFO - Loading data from artifacts\data_ingestion\raw_data\unemployment_raw.csv
[ 2026-05-26 01:07:10,223 ] 26 root - INFO - Data loaded successfully
[ 2026-05-26 01:07:10,223 ] 396 root - INFO - Starting preprocessing pipeline
[ 2026-05-26 01:07:10,224 ] 53 root - INFO - Schema validation successful
[ 2026-05-26 01:07:10,224 ] 65 root - INFO - Standardizing columns
[ 2026-05-26 01:07:10,228 ] 94 root - INFO - Column standardization completed
[ 2026-05-26 01:07:10,228 ] 108 root - INFO - Converting datatypes
[ 2026-05-26 01:07:10,230 ] 125 root - INFO - Datatype conversion completed
[ 2026-05-26 01:07:10,230 ] 139 root - INFO - Handling missing values
[ 2026-05-26 01:07:10,238 ] 156 root - INFO - Missing value handling completed from (66, 5) to (35, 5)
[ 2026-05-26 01:07:10,238 ] 174 root - INFO - Removing duplicates
[ 2026-05-26 01:07:10,240 ] 188 root - INFO - Duplicates removed from (35, 5) to (35, 5)
[ 2026-05-26 01:07:10,241 ] 208 root - INFO - Filtering valid years
[ 2026-05-26 01:07:10,242 ] 217 root - INFO - Year filtering completed
[ 2026-05-26 01:07:10,242 ] 231 root - INFO - Sorting dataframe
[ 2026-05-26 01:07:10,246 ] 242 root - INFO - Sorting completed
[ 2026-05-26 01:07:10,249 ] 432 root - INFO - Preprocessing pipeline completed
[ 2026-05-26 01:07:10,256 ] 382 root - INFO - Processed dataframe saved at artifacts\data_processing\processed_data\unemployment_data.csv
[ 2026-05-26 01:07:10,261 ] 354 root - INFO - Metadata saved at artifacts\data_processing\metadata\unemployment_metadata.json
[ 2026-05-26 01:07:10,261 ] 484 root - INFO - Unemployment processing completed
[ 2026-05-26 01:07:10,267 ] 22 root - INFO - Loading data from artifacts\data_ingestion\raw_data\population_raw.csv
[ 2026-05-26 01:07:10,277 ] 26 root - INFO - Data loaded successfully
[ 2026-05-26 01:07:10,277 ] 396 root - INFO - Starting preprocessing pipeline
[ 2026-05-26 01:07:10,278 ] 53 root - INFO - Schema validation successful
[ 2026-05-26 01:07:10,279 ] 65 root - INFO - Standardizing columns
[ 2026-05-26 01:07:10,289 ] 94 root - INFO - Column standardization completed
[ 2026-05-26 01:07:10,289 ] 108 root - INFO - Converting datatypes
[ 2026-05-26 01:07:10,291 ] 125 root - INFO - Datatype conversion completed
[ 2026-05-26 01:07:10,291 ] 139 root - INFO - Handling missing values
[ 2026-05-26 01:07:10,305 ] 156 root - INFO - Missing value handling completed from (66, 5) to (65, 5)
[ 2026-05-26 01:07:10,305 ] 174 root - INFO - Removing duplicates
[ 2026-05-26 01:07:10,310 ] 188 root - INFO - Duplicates removed from (65, 5) to (65, 5)
[ 2026-05-26 01:07:10,310 ] 208 root - INFO - Filtering valid years
[ 2026-05-26 01:07:10,312 ] 217 root - INFO - Year filtering completed
[ 2026-05-26 01:07:10,312 ] 231 root - INFO - Sorting dataframe
[ 2026-05-26 01:07:10,322 ] 242 root - INFO - Sorting completed
[ 2026-05-26 01:07:10,326 ] 432 root - INFO - Preprocessing pipeline completed
[ 2026-05-26 01:07:10,339 ] 382 root - INFO - Processed dataframe saved at artifacts\data_processing\processed_data\population_data.csv
[ 2026-05-26 01:07:10,343 ] 354 root - INFO - Metadata saved at artifacts\data_processing\metadata\population_metadata.json
[ 2026-05-26 01:07:10,344 ] 484 root - INFO - Population processing completed
[ 2026-05-26 01:07:10,347 ] 22 root - INFO - Loading data from artifacts\data_ingestion\raw_data\population_growth_raw.csv
[ 2026-05-26 01:07:10,381 ] 26 root - INFO - Data loaded successfully
[ 2026-05-26 01:07:10,381 ] 396 root - INFO - Starting preprocessing pipeline
[ 2026-05-26 01:07:10,382 ] 53 root - INFO - Schema validation successful
[ 2026-05-26 01:07:10,382 ] 65 root - INFO - Standardizing columns
[ 2026-05-26 01:07:10,386 ] 94 root - INFO - Column standardization completed
[ 2026-05-26 01:07:10,386 ] 108 root - INFO - Converting datatypes
[ 2026-05-26 01:07:10,388 ] 125 root - INFO - Datatype conversion completed
[ 2026-05-26 01:07:10,388 ] 139 root - INFO - Handling missing values
[ 2026-05-26 01:07:10,397 ] 156 root - INFO - Missing value handling completed from (66, 5) to (64, 5)
[ 2026-05-26 01:07:10,400 ] 174 root - INFO - Removing duplicates
[ 2026-05-26 01:07:10,404 ] 188 root - INFO - Duplicates removed from (64, 5) to (64, 5)
[ 2026-05-26 01:07:10,404 ] 208 root - INFO - Filtering valid years
[ 2026-05-26 01:07:10,406 ] 217 root - INFO - Year filtering completed
[ 2026-05-26 01:07:10,406 ] 231 root - INFO - Sorting dataframe
[ 2026-05-26 01:07:10,410 ] 242 root - INFO - Sorting completed
[ 2026-05-26 01:07:10,412 ] 432 root - INFO - Preprocessing pipeline completed
[ 2026-05-26 01:07:10,421 ] 382 root - INFO - Processed dataframe saved at artifacts\data_processing\processed_data\population_growth_data.csv
[ 2026-05-26 01:07:10,423 ] 354 root - INFO - Metadata saved at artifacts\data_processing\metadata\population_growth_metadata.json
[ 2026-05-26 01:07:10,423 ] 484 root - INFO - Population_Growth processing completed
[ 2026-05-26 01:07:10,427 ] 22 root - INFO - Loading data from artifacts\data_ingestion\raw_data\population_density_raw.csv
[ 2026-05-26 01:07:10,437 ] 26 root - INFO - Data loaded successfully
[ 2026-05-26 01:07:10,437 ] 396 root - INFO - Starting preprocessing pipeline
[ 2026-05-26 01:07:10,437 ] 53 root - INFO - Schema validation successful
[ 2026-05-26 01:07:10,438 ] 65 root - INFO - Standardizing columns
[ 2026-05-26 01:07:10,446 ] 94 root - INFO - Column standardization completed
[ 2026-05-26 01:07:10,446 ] 108 root - INFO - Converting datatypes
[ 2026-05-26 01:07:10,450 ] 125 root - INFO - Datatype conversion completed
[ 2026-05-26 01:07:10,450 ] 139 root - INFO - Handling missing values
[ 2026-05-26 01:07:10,458 ] 156 root - INFO - Missing value handling completed from (66, 5) to (63, 5)
[ 2026-05-26 01:07:10,458 ] 174 root - INFO - Removing duplicates
[ 2026-05-26 01:07:10,460 ] 188 root - INFO - Duplicates removed from (63, 5) to (63, 5)
[ 2026-05-26 01:07:10,461 ] 208 root - INFO - Filtering valid years
[ 2026-05-26 01:07:10,462 ] 217 root - INFO - Year filtering completed
[ 2026-05-26 01:07:10,462 ] 231 root - INFO - Sorting dataframe
[ 2026-05-26 01:07:10,468 ] 242 root - INFO - Sorting completed
[ 2026-05-26 01:07:10,470 ] 432 root - INFO - Preprocessing pipeline completed
[ 2026-05-26 01:07:10,476 ] 382 root - INFO - Processed dataframe saved at artifacts\data_processing\processed_data\population_density_data.csv
[ 2026-05-26 01:07:10,478 ] 354 root - INFO - Metadata saved at artifacts\data_processing\metadata\population_density_metadata.json
[ 2026-05-26 01:07:10,478 ] 484 root - INFO - Population_Density processing completed
[ 2026-05-26 01:07:10,480 ] 22 root - INFO - Loading data from artifacts\data_ingestion\raw_data\urbanization_raw.csv
[ 2026-05-26 01:07:10,488 ] 26 root - INFO - Data loaded successfully
[ 2026-05-26 01:07:10,488 ] 396 root - INFO - Starting preprocessing pipeline
[ 2026-05-26 01:07:10,489 ] 53 root - INFO - Schema validation successful
[ 2026-05-26 01:07:10,489 ] 65 root - INFO - Standardizing columns
[ 2026-05-26 01:07:10,492 ] 94 root - INFO - Column standardization completed
[ 2026-05-26 01:07:10,492 ] 108 root - INFO - Converting datatypes
[ 2026-05-26 01:07:10,494 ] 125 root - INFO - Datatype conversion completed
[ 2026-05-26 01:07:10,494 ] 139 root - INFO - Handling missing values
[ 2026-05-26 01:07:10,500 ] 156 root - INFO - Missing value handling completed from (66, 5) to (65, 5)
[ 2026-05-26 01:07:10,500 ] 174 root - INFO - Removing duplicates
[ 2026-05-26 01:07:10,503 ] 188 root - INFO - Duplicates removed from (65, 5) to (65, 5)
[ 2026-05-26 01:07:10,503 ] 208 root - INFO - Filtering valid years
[ 2026-05-26 01:07:10,505 ] 217 root - INFO - Year filtering completed
[ 2026-05-26 01:07:10,505 ] 231 root - INFO - Sorting dataframe
[ 2026-05-26 01:07:10,509 ] 242 root - INFO - Sorting completed
[ 2026-05-26 01:07:10,510 ] 432 root - INFO - Preprocessing pipeline completed
[ 2026-05-26 01:07:10,517 ] 382 root - INFO - Processed dataframe saved at artifacts\data_processing\processed_data\urbanization_data.csv
[ 2026-05-26 01:07:10,519 ] 354 root - INFO - Metadata saved at artifacts\data_processing\metadata\urbanization_metadata.json
[ 2026-05-26 01:07:10,519 ] 484 root - INFO - Urbanization processing completed
[ 2026-05-26 01:07:10,522 ] 22 root - INFO - Loading data from artifacts\data_ingestion\raw_data\birth_rate_raw.csv
[ 2026-05-26 01:07:10,528 ] 26 root - INFO - Data loaded successfully
[ 2026-05-26 01:07:10,528 ] 396 root - INFO - Starting preprocessing pipeline
[ 2026-05-26 01:07:10,528 ] 53 root - INFO - Schema validation successful
[ 2026-05-26 01:07:10,528 ] 65 root - INFO - Standardizing columns
[ 2026-05-26 01:07:10,531 ] 94 root - INFO - Column standardization completed
[ 2026-05-26 01:07:10,532 ] 108 root - INFO - Converting datatypes
[ 2026-05-26 01:07:10,533 ] 125 root - INFO - Datatype conversion completed
[ 2026-05-26 01:07:10,533 ] 139 root - INFO - Handling missing values
[ 2026-05-26 01:07:10,540 ] 156 root - INFO - Missing value handling completed from (66, 5) to (65, 5)
[ 2026-05-26 01:07:10,540 ] 174 root - INFO - Removing duplicates
[ 2026-05-26 01:07:10,543 ] 188 root - INFO - Duplicates removed from (65, 5) to (65, 5)
[ 2026-05-26 01:07:10,543 ] 208 root - INFO - Filtering valid years
[ 2026-05-26 01:07:10,545 ] 217 root - INFO - Year filtering completed
[ 2026-05-26 01:07:10,545 ] 231 root - INFO - Sorting dataframe
[ 2026-05-26 01:07:10,551 ] 242 root - INFO - Sorting completed
[ 2026-05-26 01:07:10,553 ] 432 root - INFO - Preprocessing pipeline completed
[ 2026-05-26 01:07:10,561 ] 382 root - INFO - Processed dataframe saved at artifacts\data_processing\processed_data\birth_rate_data.csv
[ 2026-05-26 01:07:10,563 ] 354 root - INFO - Metadata saved at artifacts\data_processing\metadata\birth_rate_metadata.json
[ 2026-05-26 01:07:10,565 ] 484 root - INFO - Birth_Rate processing completed
[ 2026-05-26 01:07:10,568 ] 22 root - INFO - Loading data from artifacts\data_ingestion\raw_data\death_rate_raw.csv
[ 2026-05-26 01:07:10,603 ] 26 root - INFO - Data loaded successfully
[ 2026-05-26 01:07:10,603 ] 396 root - INFO - Starting preprocessing pipeline
[ 2026-05-26 01:07:10,604 ] 53 root - INFO - Schema validation successful
[ 2026-05-26 01:07:10,604 ] 65 root - INFO - Standardizing columns
[ 2026-05-26 01:07:10,607 ] 94 root - INFO - Column standardization completed
[ 2026-05-26 01:07:10,607 ] 108 root - INFO - Converting datatypes
[ 2026-05-26 01:07:10,609 ] 125 root - INFO - Datatype conversion completed
[ 2026-05-26 01:07:10,609 ] 139 root - INFO - Handling missing values
[ 2026-05-26 01:07:10,618 ] 156 root - INFO - Missing value handling completed from (66, 5) to (65, 5)
[ 2026-05-26 01:07:10,618 ] 174 root - INFO - Removing duplicates
[ 2026-05-26 01:07:10,622 ] 188 root - INFO - Duplicates removed from (65, 5) to (65, 5)
[ 2026-05-26 01:07:10,623 ] 208 root - INFO - Filtering valid years
[ 2026-05-26 01:07:10,627 ] 217 root - INFO - Year filtering completed
[ 2026-05-26 01:07:10,627 ] 231 root - INFO - Sorting dataframe
[ 2026-05-26 01:07:10,635 ] 242 root - INFO - Sorting completed
[ 2026-05-26 01:07:10,651 ] 432 root - INFO - Preprocessing pipeline completed
[ 2026-05-26 01:07:10,658 ] 382 root - INFO - Processed dataframe saved at artifacts\data_processing\processed_data\death_rate_data.csv
[ 2026-05-26 01:07:10,660 ] 354 root - INFO - Metadata saved at artifacts\data_processing\metadata\death_rate_metadata.json
[ 2026-05-26 01:07:10,661 ] 484 root - INFO - Death_Rate processing completed
[ 2026-05-26 01:07:10,663 ] 22 root - INFO - Loading data from artifacts\data_ingestion\raw_data\life_expectancy_raw.csv
[ 2026-05-26 01:07:10,688 ] 26 root - INFO - Data loaded successfully
[ 2026-05-26 01:07:10,689 ] 396 root - INFO - Starting preprocessing pipeline
[ 2026-05-26 01:07:10,689 ] 53 root - INFO - Schema validation successful
[ 2026-05-26 01:07:10,689 ] 65 root - INFO - Standardizing columns
[ 2026-05-26 01:07:10,695 ] 94 root - INFO - Column standardization completed
[ 2026-05-26 01:07:10,695 ] 108 root - INFO - Converting datatypes
[ 2026-05-26 01:07:10,701 ] 125 root - INFO - Datatype conversion completed
[ 2026-05-26 01:07:10,702 ] 139 root - INFO - Handling missing values
[ 2026-05-26 01:07:10,722 ] 156 root - INFO - Missing value handling completed from (66, 5) to (65, 5)
[ 2026-05-26 01:07:10,723 ] 174 root - INFO - Removing duplicates
[ 2026-05-26 01:07:10,727 ] 188 root - INFO - Duplicates removed from (65, 5) to (65, 5)
[ 2026-05-26 01:07:10,727 ] 208 root - INFO - Filtering valid years
[ 2026-05-26 01:07:10,734 ] 217 root - INFO - Year filtering completed
[ 2026-05-26 01:07:10,735 ] 231 root - INFO - Sorting dataframe
[ 2026-05-26 01:07:10,740 ] 242 root - INFO - Sorting completed
[ 2026-05-26 01:07:10,743 ] 432 root - INFO - Preprocessing pipeline completed
[ 2026-05-26 01:07:10,754 ] 382 root - INFO - Processed dataframe saved at artifacts\data_processing\processed_data\life_expectancy_data.csv
[ 2026-05-26 01:07:10,763 ] 354 root - INFO - Metadata saved at artifacts\data_processing\metadata\life_expectancy_metadata.json
[ 2026-05-26 01:07:10,765 ] 484 root - INFO - Life_Expectancy processing completed
[ 2026-05-26 01:07:10,775 ] 22 root - INFO - Loading data from artifacts\data_ingestion\raw_data\literacy_rate_raw.csv
[ 2026-05-26 01:07:10,791 ] 26 root - INFO - Data loaded successfully
[ 2026-05-26 01:07:10,792 ] 396 root - INFO - Starting preprocessing pipeline
[ 2026-05-26 01:07:10,792 ] 53 root - INFO - Schema validation successful
[ 2026-05-26 01:07:10,794 ] 65 root - INFO - Standardizing columns
[ 2026-05-26 01:07:10,802 ] 94 root - INFO - Column standardization completed
[ 2026-05-26 01:07:10,802 ] 108 root - INFO - Converting datatypes
[ 2026-05-26 01:07:10,804 ] 125 root - INFO - Datatype conversion completed
[ 2026-05-26 01:07:10,804 ] 139 root - INFO - Handling missing values
[ 2026-05-26 01:07:10,817 ] 156 root - INFO - Missing value handling completed from (66, 5) to (14, 5)
[ 2026-05-26 01:07:10,818 ] 174 root - INFO - Removing duplicates
[ 2026-05-26 01:07:10,842 ] 188 root - INFO - Duplicates removed from (14, 5) to (14, 5)
[ 2026-05-26 01:07:10,842 ] 208 root - INFO - Filtering valid years
[ 2026-05-26 01:07:10,844 ] 217 root - INFO - Year filtering completed
[ 2026-05-26 01:07:10,844 ] 231 root - INFO - Sorting dataframe
[ 2026-05-26 01:07:10,871 ] 242 root - INFO - Sorting completed
[ 2026-05-26 01:07:10,874 ] 432 root - INFO - Preprocessing pipeline completed
[ 2026-05-26 01:07:10,882 ] 382 root - INFO - Processed dataframe saved at artifacts\data_processing\processed_data\literacy_rate_data.csv
[ 2026-05-26 01:07:10,885 ] 354 root - INFO - Metadata saved at artifacts\data_processing\metadata\literacy_rate_metadata.json
[ 2026-05-26 01:07:10,885 ] 484 root - INFO - Literacy_Rate processing completed
[ 2026-05-26 01:07:10,892 ] 22 root - INFO - Loading data from artifacts\data_ingestion\raw_data\exports_raw.csv
[ 2026-05-26 01:07:10,907 ] 26 root - INFO - Data loaded successfully
[ 2026-05-26 01:07:10,908 ] 396 root - INFO - Starting preprocessing pipeline
[ 2026-05-26 01:07:10,909 ] 53 root - INFO - Schema validation successful
[ 2026-05-26 01:07:10,910 ] 65 root - INFO - Standardizing columns
[ 2026-05-26 01:07:10,920 ] 94 root - INFO - Column standardization completed
[ 2026-05-26 01:07:10,920 ] 108 root - INFO - Converting datatypes
[ 2026-05-26 01:07:10,921 ] 125 root - INFO - Datatype conversion completed
[ 2026-05-26 01:07:10,921 ] 139 root - INFO - Handling missing values
[ 2026-05-26 01:07:10,938 ] 156 root - INFO - Missing value handling completed from (66, 5) to (65, 5)
[ 2026-05-26 01:07:10,938 ] 174 root - INFO - Removing duplicates
[ 2026-05-26 01:07:10,943 ] 188 root - INFO - Duplicates removed from (65, 5) to (65, 5)
[ 2026-05-26 01:07:10,943 ] 208 root - INFO - Filtering valid years
[ 2026-05-26 01:07:10,945 ] 217 root - INFO - Year filtering completed
[ 2026-05-26 01:07:10,945 ] 231 root - INFO - Sorting dataframe
[ 2026-05-26 01:07:10,950 ] 242 root - INFO - Sorting completed
[ 2026-05-26 01:07:10,953 ] 432 root - INFO - Preprocessing pipeline completed
[ 2026-05-26 01:07:10,965 ] 382 root - INFO - Processed dataframe saved at artifacts\data_processing\processed_data\exports_data.csv
[ 2026-05-26 01:07:10,967 ] 354 root - INFO - Metadata saved at artifacts\data_processing\metadata\exports_metadata.json
[ 2026-05-26 01:07:10,968 ] 484 root - INFO - Exports processing completed
[ 2026-05-26 01:07:10,971 ] 22 root - INFO - Loading data from artifacts\data_ingestion\raw_data\imports_raw.csv
[ 2026-05-26 01:07:10,984 ] 26 root - INFO - Data loaded successfully
[ 2026-05-26 01:07:10,984 ] 396 root - INFO - Starting preprocessing pipeline
[ 2026-05-26 01:07:10,985 ] 53 root - INFO - Schema validation successful
[ 2026-05-26 01:07:10,985 ] 65 root - INFO - Standardizing columns
[ 2026-05-26 01:07:10,992 ] 94 root - INFO - Column standardization completed
[ 2026-05-26 01:07:10,993 ] 108 root - INFO - Converting datatypes
[ 2026-05-26 01:07:10,994 ] 125 root - INFO - Datatype conversion completed
[ 2026-05-26 01:07:10,995 ] 139 root - INFO - Handling missing values
[ 2026-05-26 01:07:11,006 ] 156 root - INFO - Missing value handling completed from (66, 5) to (65, 5)
[ 2026-05-26 01:07:11,006 ] 174 root - INFO - Removing duplicates
[ 2026-05-26 01:07:11,010 ] 188 root - INFO - Duplicates removed from (65, 5) to (65, 5)
[ 2026-05-26 01:07:11,010 ] 208 root - INFO - Filtering valid years
[ 2026-05-26 01:07:11,012 ] 217 root - INFO - Year filtering completed
[ 2026-05-26 01:07:11,013 ] 231 root - INFO - Sorting dataframe
[ 2026-05-26 01:07:11,018 ] 242 root - INFO - Sorting completed
[ 2026-05-26 01:07:11,021 ] 432 root - INFO - Preprocessing pipeline completed
[ 2026-05-26 01:07:11,032 ] 382 root - INFO - Processed dataframe saved at artifacts\data_processing\processed_data\imports_data.csv
[ 2026-05-26 01:07:11,036 ] 354 root - INFO - Metadata saved at artifacts\data_processing\metadata\imports_metadata.json
[ 2026-05-26 01:07:11,036 ] 484 root - INFO - Imports processing completed
[ 2026-05-26 01:07:11,039 ] 22 root - INFO - Loading data from artifacts\data_ingestion\raw_data\trade_percent_gdp_raw.csv
[ 2026-05-26 01:07:11,046 ] 26 root - INFO - Data loaded successfully
[ 2026-05-26 01:07:11,046 ] 396 root - INFO - Starting preprocessing pipeline
[ 2026-05-26 01:07:11,052 ] 53 root - INFO - Schema validation successful
[ 2026-05-26 01:07:11,052 ] 65 root - INFO - Standardizing columns
[ 2026-05-26 01:07:11,058 ] 94 root - INFO - Column standardization completed
[ 2026-05-26 01:07:11,059 ] 108 root - INFO - Converting datatypes
[ 2026-05-26 01:07:11,061 ] 125 root - INFO - Datatype conversion completed
[ 2026-05-26 01:07:11,061 ] 139 root - INFO - Handling missing values
[ 2026-05-26 01:07:11,074 ] 156 root - INFO - Missing value handling completed from (66, 5) to (65, 5)
[ 2026-05-26 01:07:11,074 ] 174 root - INFO - Removing duplicates
[ 2026-05-26 01:07:11,077 ] 188 root - INFO - Duplicates removed from (65, 5) to (65, 5)
[ 2026-05-26 01:07:11,077 ] 208 root - INFO - Filtering valid years
[ 2026-05-26 01:07:11,083 ] 217 root - INFO - Year filtering completed
[ 2026-05-26 01:07:11,084 ] 231 root - INFO - Sorting dataframe
[ 2026-05-26 01:07:11,089 ] 242 root - INFO - Sorting completed
[ 2026-05-26 01:07:11,092 ] 432 root - INFO - Preprocessing pipeline completed
[ 2026-05-26 01:07:11,103 ] 382 root - INFO - Processed dataframe saved at artifacts\data_processing\processed_data\trade_percent_gdp_data.csv
[ 2026-05-26 01:07:11,106 ] 354 root - INFO - Metadata saved at artifacts\data_processing\metadata\trade_percent_gdp_metadata.json
[ 2026-05-26 01:07:11,107 ] 484 root - INFO - Trade_Percent_GDP processing completed
[ 2026-05-26 01:07:11,109 ] 22 root - INFO - Loading data from artifacts\data_ingestion\raw_data\high_tech_exports_raw.csv
[ 2026-05-26 01:07:11,117 ] 26 root - INFO - Data loaded successfully
[ 2026-05-26 01:07:11,118 ] 396 root - INFO - Starting preprocessing pipeline
[ 2026-05-26 01:07:11,118 ] 53 root - INFO - Schema validation successful
[ 2026-05-26 01:07:11,118 ] 65 root - INFO - Standardizing columns
[ 2026-05-26 01:07:11,122 ] 94 root - INFO - Column standardization completed
[ 2026-05-26 01:07:11,123 ] 108 root - INFO - Converting datatypes
[ 2026-05-26 01:07:11,124 ] 125 root - INFO - Datatype conversion completed
[ 2026-05-26 01:07:11,124 ] 139 root - INFO - Handling missing values
[ 2026-05-26 01:07:11,131 ] 156 root - INFO - Missing value handling completed from (66, 5) to (16, 5)
[ 2026-05-26 01:07:11,132 ] 174 root - INFO - Removing duplicates
[ 2026-05-26 01:07:11,136 ] 188 root - INFO - Duplicates removed from (16, 5) to (16, 5)
[ 2026-05-26 01:07:11,136 ] 208 root - INFO - Filtering valid years
[ 2026-05-26 01:07:11,138 ] 217 root - INFO - Year filtering completed
[ 2026-05-26 01:07:11,138 ] 231 root - INFO - Sorting dataframe
[ 2026-05-26 01:07:11,143 ] 242 root - INFO - Sorting completed
[ 2026-05-26 01:07:11,145 ] 432 root - INFO - Preprocessing pipeline completed
[ 2026-05-26 01:07:11,154 ] 382 root - INFO - Processed dataframe saved at artifacts\data_processing\processed_data\high_tech_exports_data.csv
[ 2026-05-26 01:07:11,156 ] 354 root - INFO - Metadata saved at artifacts\data_processing\metadata\high_tech_exports_metadata.json
[ 2026-05-26 01:07:11,156 ] 484 root - INFO - High_Tech_Exports processing completed
[ 2026-05-26 01:07:11,160 ] 22 root - INFO - Loading data from artifacts\data_ingestion\raw_data\internet_users_raw.csv
[ 2026-05-26 01:07:11,211 ] 26 root - INFO - Data loaded successfully
[ 2026-05-26 01:07:11,212 ] 396 root - INFO - Starting preprocessing pipeline
[ 2026-05-26 01:07:11,212 ] 53 root - INFO - Schema validation successful
[ 2026-05-26 01:07:11,212 ] 65 root - INFO - Standardizing columns
[ 2026-05-26 01:07:11,218 ] 94 root - INFO - Column standardization completed
[ 2026-05-26 01:07:11,219 ] 108 root - INFO - Converting datatypes
[ 2026-05-26 01:07:11,220 ] 125 root - INFO - Datatype conversion completed
[ 2026-05-26 01:07:11,221 ] 139 root - INFO - Handling missing values
[ 2026-05-26 01:07:11,233 ] 156 root - INFO - Missing value handling completed from (66, 5) to (35, 5)
[ 2026-05-26 01:07:11,233 ] 174 root - INFO - Removing duplicates
[ 2026-05-26 01:07:11,241 ] 188 root - INFO - Duplicates removed from (35, 5) to (35, 5)
[ 2026-05-26 01:07:11,241 ] 208 root - INFO - Filtering valid years
[ 2026-05-26 01:07:11,249 ] 217 root - INFO - Year filtering completed
[ 2026-05-26 01:07:11,250 ] 231 root - INFO - Sorting dataframe
[ 2026-05-26 01:07:11,258 ] 242 root - INFO - Sorting completed
[ 2026-05-26 01:07:11,267 ] 432 root - INFO - Preprocessing pipeline completed
[ 2026-05-26 01:07:11,276 ] 382 root - INFO - Processed dataframe saved at artifacts\data_processing\processed_data\internet_users_data.csv
[ 2026-05-26 01:07:11,279 ] 354 root - INFO - Metadata saved at artifacts\data_processing\metadata\internet_users_metadata.json
[ 2026-05-26 01:07:11,279 ] 484 root - INFO - Internet_Users processing completed
[ 2026-05-26 01:07:11,283 ] 22 root - INFO - Loading data from artifacts\data_ingestion\raw_data\mobile_subscriptions_raw.csv
[ 2026-05-26 01:07:11,305 ] 26 root - INFO - Data loaded successfully
[ 2026-05-26 01:07:11,305 ] 396 root - INFO - Starting preprocessing pipeline
[ 2026-05-26 01:07:11,305 ] 53 root - INFO - Schema validation successful
[ 2026-05-26 01:07:11,305 ] 65 root - INFO - Standardizing columns
[ 2026-05-26 01:07:11,309 ] 94 root - INFO - Column standardization completed
[ 2026-05-26 01:07:11,309 ] 108 root - INFO - Converting datatypes
[ 2026-05-26 01:07:11,311 ] 125 root - INFO - Datatype conversion completed
[ 2026-05-26 01:07:11,311 ] 139 root - INFO - Handling missing values
[ 2026-05-26 01:07:11,319 ] 156 root - INFO - Missing value handling completed from (66, 5) to (53, 5)
[ 2026-05-26 01:07:11,320 ] 174 root - INFO - Removing duplicates
[ 2026-05-26 01:07:11,322 ] 188 root - INFO - Duplicates removed from (53, 5) to (53, 5)
[ 2026-05-26 01:07:11,322 ] 208 root - INFO - Filtering valid years
[ 2026-05-26 01:07:11,324 ] 217 root - INFO - Year filtering completed
[ 2026-05-26 01:07:11,324 ] 231 root - INFO - Sorting dataframe
[ 2026-05-26 01:07:11,329 ] 242 root - INFO - Sorting completed
[ 2026-05-26 01:07:11,332 ] 432 root - INFO - Preprocessing pipeline completed
[ 2026-05-26 01:07:11,340 ] 382 root - INFO - Processed dataframe saved at artifacts\data_processing\processed_data\mobile_subscriptions_data.csv
[ 2026-05-26 01:07:11,347 ] 354 root - INFO - Metadata saved at artifacts\data_processing\metadata\mobile_subscriptions_metadata.json
[ 2026-05-26 01:07:11,348 ] 484 root - INFO - Mobile_Subscriptions processing completed
[ 2026-05-26 01:07:11,351 ] 22 root - INFO - Loading data from artifacts\data_ingestion\raw_data\broadband_subscriptions_raw.csv
[ 2026-05-26 01:07:11,370 ] 26 root - INFO - Data loaded successfully
[ 2026-05-26 01:07:11,370 ] 396 root - INFO - Starting preprocessing pipeline
[ 2026-05-26 01:07:11,370 ] 53 root - INFO - Schema validation successful
[ 2026-05-26 01:07:11,370 ] 65 root - INFO - Standardizing columns
[ 2026-05-26 01:07:11,374 ] 94 root - INFO - Column standardization completed
[ 2026-05-26 01:07:11,374 ] 108 root - INFO - Converting datatypes
[ 2026-05-26 01:07:11,375 ] 125 root - INFO - Datatype conversion completed
[ 2026-05-26 01:07:11,377 ] 139 root - INFO - Handling missing values
[ 2026-05-26 01:07:11,388 ] 156 root - INFO - Missing value handling completed from (66, 5) to (24, 5)
[ 2026-05-26 01:07:11,388 ] 174 root - INFO - Removing duplicates
[ 2026-05-26 01:07:11,394 ] 188 root - INFO - Duplicates removed from (24, 5) to (24, 5)
[ 2026-05-26 01:07:11,394 ] 208 root - INFO - Filtering valid years
[ 2026-05-26 01:07:11,395 ] 217 root - INFO - Year filtering completed
[ 2026-05-26 01:07:11,395 ] 231 root - INFO - Sorting dataframe
[ 2026-05-26 01:07:11,405 ] 242 root - INFO - Sorting completed
[ 2026-05-26 01:07:11,410 ] 432 root - INFO - Preprocessing pipeline completed
[ 2026-05-26 01:07:11,456 ] 382 root - INFO - Processed dataframe saved at artifacts\data_processing\processed_data\broadband_subscriptions_data.csv
[ 2026-05-26 01:07:11,486 ] 354 root - INFO - Metadata saved at artifacts\data_processing\metadata\broadband_subscriptions_metadata.json
[ 2026-05-26 01:07:11,487 ] 484 root - INFO - Broadband_Subscriptions processing completed
[ 2026-05-26 01:07:11,499 ] 22 root - INFO - Loading data from artifacts\data_ingestion\raw_data\secure_servers_raw.csv
[ 2026-05-26 01:07:11,539 ] 26 root - INFO - Data loaded successfully
[ 2026-05-26 01:07:11,539 ] 396 root - INFO - Starting preprocessing pipeline
[ 2026-05-26 01:07:11,540 ] 53 root - INFO - Schema validation successful
[ 2026-05-26 01:07:11,540 ] 65 root - INFO - Standardizing columns
[ 2026-05-26 01:07:11,555 ] 94 root - INFO - Column standardization completed
[ 2026-05-26 01:07:11,557 ] 108 root - INFO - Converting datatypes
[ 2026-05-26 01:07:11,563 ] 125 root - INFO - Datatype conversion completed
[ 2026-05-26 01:07:11,569 ] 139 root - INFO - Handling missing values
[ 2026-05-26 01:07:11,589 ] 156 root - INFO - Missing value handling completed from (66, 5) to (15, 5)
[ 2026-05-26 01:07:11,589 ] 174 root - INFO - Removing duplicates
[ 2026-05-26 01:07:11,595 ] 188 root - INFO - Duplicates removed from (15, 5) to (15, 5)
[ 2026-05-26 01:07:11,595 ] 208 root - INFO - Filtering valid years
[ 2026-05-26 01:07:11,597 ] 217 root - INFO - Year filtering completed
[ 2026-05-26 01:07:11,597 ] 231 root - INFO - Sorting dataframe
[ 2026-05-26 01:07:11,605 ] 242 root - INFO - Sorting completed
[ 2026-05-26 01:07:11,608 ] 432 root - INFO - Preprocessing pipeline completed
[ 2026-05-26 01:07:11,617 ] 382 root - INFO - Processed dataframe saved at artifacts\data_processing\processed_data\secure_servers_data.csv
[ 2026-05-26 01:07:11,620 ] 354 root - INFO - Metadata saved at artifacts\data_processing\metadata\secure_servers_metadata.json
[ 2026-05-26 01:07:11,620 ] 484 root - INFO - Secure_Servers processing completed
[ 2026-05-26 01:07:11,630 ] 22 root - INFO - Loading data from artifacts\data_ingestion\raw_data\rnd_expenditure_raw.csv
[ 2026-05-26 01:07:11,662 ] 26 root - INFO - Data loaded successfully
[ 2026-05-26 01:07:11,663 ] 396 root - INFO - Starting preprocessing pipeline
[ 2026-05-26 01:07:11,669 ] 53 root - INFO - Schema validation successful
[ 2026-05-26 01:07:11,671 ] 65 root - INFO - Standardizing columns
[ 2026-05-26 01:07:11,687 ] 94 root - INFO - Column standardization completed
[ 2026-05-26 01:07:11,687 ] 108 root - INFO - Converting datatypes
[ 2026-05-26 01:07:11,692 ] 125 root - INFO - Datatype conversion completed
[ 2026-05-26 01:07:11,692 ] 139 root - INFO - Handling missing values
[ 2026-05-26 01:07:11,709 ] 156 root - INFO - Missing value handling completed from (66, 5) to (25, 5)
[ 2026-05-26 01:07:11,710 ] 174 root - INFO - Removing duplicates
[ 2026-05-26 01:07:11,721 ] 188 root - INFO - Duplicates removed from (25, 5) to (25, 5)
[ 2026-05-26 01:07:11,731 ] 208 root - INFO - Filtering valid years
[ 2026-05-26 01:07:11,735 ] 217 root - INFO - Year filtering completed
[ 2026-05-26 01:07:11,735 ] 231 root - INFO - Sorting dataframe
[ 2026-05-26 01:07:11,742 ] 242 root - INFO - Sorting completed
[ 2026-05-26 01:07:11,747 ] 432 root - INFO - Preprocessing pipeline completed
[ 2026-05-26 01:07:11,773 ] 382 root - INFO - Processed dataframe saved at artifacts\data_processing\processed_data\rnd_expenditure_data.csv
[ 2026-05-26 01:07:11,776 ] 354 root - INFO - Metadata saved at artifacts\data_processing\metadata\rnd_expenditure_metadata.json
[ 2026-05-26 01:07:11,776 ] 484 root - INFO - RND_Expenditure processing completed
[ 2026-05-26 01:07:11,795 ] 22 root - INFO - Loading data from artifacts\data_ingestion\raw_data\air_pollution_raw.csv
[ 2026-05-26 01:07:11,872 ] 26 root - INFO - Data loaded successfully
[ 2026-05-26 01:07:11,873 ] 396 root - INFO - Starting preprocessing pipeline
[ 2026-05-26 01:07:11,876 ] 53 root - INFO - Schema validation successful
[ 2026-05-26 01:07:11,876 ] 65 root - INFO - Standardizing columns
[ 2026-05-26 01:07:11,889 ] 94 root - INFO - Column standardization completed
[ 2026-05-26 01:07:11,890 ] 108 root - INFO - Converting datatypes
[ 2026-05-26 01:07:11,904 ] 125 root - INFO - Datatype conversion completed
[ 2026-05-26 01:07:11,907 ] 139 root - INFO - Handling missing values
[ 2026-05-26 01:07:12,011 ] 156 root - INFO - Missing value handling completed from (66, 5) to (31, 5)
[ 2026-05-26 01:07:12,011 ] 174 root - INFO - Removing duplicates
[ 2026-05-26 01:07:12,014 ] 188 root - INFO - Duplicates removed from (31, 5) to (31, 5)
[ 2026-05-26 01:07:12,015 ] 208 root - INFO - Filtering valid years
[ 2026-05-26 01:07:12,017 ] 217 root - INFO - Year filtering completed
[ 2026-05-26 01:07:12,017 ] 231 root - INFO - Sorting dataframe
[ 2026-05-26 01:07:12,023 ] 242 root - INFO - Sorting completed
[ 2026-05-26 01:07:12,024 ] 432 root - INFO - Preprocessing pipeline completed
[ 2026-05-26 01:07:12,032 ] 382 root - INFO - Processed dataframe saved at artifacts\data_processing\processed_data\air_pollution_data.csv
[ 2026-05-26 01:07:12,034 ] 354 root - INFO - Metadata saved at artifacts\data_processing\metadata\air_pollution_metadata.json
[ 2026-05-26 01:07:12,035 ] 484 root - INFO - Air_Pollution processing completed
[ 2026-05-26 01:07:12,038 ] 22 root - INFO - Loading data from artifacts\data_ingestion\raw_data\forest_area_raw.csv
[ 2026-05-26 01:07:12,054 ] 26 root - INFO - Data loaded successfully
[ 2026-05-26 01:07:12,054 ] 396 root - INFO - Starting preprocessing pipeline
[ 2026-05-26 01:07:12,055 ] 53 root - INFO - Schema validation successful
[ 2026-05-26 01:07:12,055 ] 65 root - INFO - Standardizing columns
[ 2026-05-26 01:07:12,068 ] 94 root - INFO - Column standardization completed
[ 2026-05-26 01:07:12,068 ] 108 root - INFO - Converting datatypes
[ 2026-05-26 01:07:12,069 ] 125 root - INFO - Datatype conversion completed
[ 2026-05-26 01:07:12,069 ] 139 root - INFO - Handling missing values
[ 2026-05-26 01:07:12,076 ] 156 root - INFO - Missing value handling completed from (66, 5) to (34, 5)
[ 2026-05-26 01:07:12,077 ] 174 root - INFO - Removing duplicates
[ 2026-05-26 01:07:12,079 ] 188 root - INFO - Duplicates removed from (34, 5) to (34, 5)
[ 2026-05-26 01:07:12,079 ] 208 root - INFO - Filtering valid years
[ 2026-05-26 01:07:12,084 ] 217 root - INFO - Year filtering completed
[ 2026-05-26 01:07:12,084 ] 231 root - INFO - Sorting dataframe
[ 2026-05-26 01:07:12,091 ] 242 root - INFO - Sorting completed
[ 2026-05-26 01:07:12,094 ] 432 root - INFO - Preprocessing pipeline completed
[ 2026-05-26 01:07:12,108 ] 382 root - INFO - Processed dataframe saved at artifacts\data_processing\processed_data\forest_area_data.csv
[ 2026-05-26 01:07:12,113 ] 354 root - INFO - Metadata saved at artifacts\data_processing\metadata\forest_area_metadata.json
[ 2026-05-26 01:07:12,116 ] 484 root - INFO - Forest_Area processing completed
[ 2026-05-26 01:07:12,124 ] 22 root - INFO - Loading data from artifacts\data_ingestion\raw_data\renewable_energy_raw.csv
[ 2026-05-26 01:07:12,139 ] 26 root - INFO - Data loaded successfully
[ 2026-05-26 01:07:12,139 ] 396 root - INFO - Starting preprocessing pipeline
[ 2026-05-26 01:07:12,140 ] 53 root - INFO - Schema validation successful
[ 2026-05-26 01:07:12,140 ] 65 root - INFO - Standardizing columns
[ 2026-05-26 01:07:12,144 ] 94 root - INFO - Column standardization completed
[ 2026-05-26 01:07:12,144 ] 108 root - INFO - Converting datatypes
[ 2026-05-26 01:07:12,146 ] 125 root - INFO - Datatype conversion completed
[ 2026-05-26 01:07:12,146 ] 139 root - INFO - Handling missing values
[ 2026-05-26 01:07:12,180 ] 156 root - INFO - Missing value handling completed from (66, 5) to (32, 5)
[ 2026-05-26 01:07:12,181 ] 174 root - INFO - Removing duplicates
[ 2026-05-26 01:07:12,186 ] 188 root - INFO - Duplicates removed from (32, 5) to (32, 5)
[ 2026-05-26 01:07:12,186 ] 208 root - INFO - Filtering valid years
[ 2026-05-26 01:07:12,189 ] 217 root - INFO - Year filtering completed
[ 2026-05-26 01:07:12,189 ] 231 root - INFO - Sorting dataframe
[ 2026-05-26 01:07:12,193 ] 242 root - INFO - Sorting completed
[ 2026-05-26 01:07:12,196 ] 432 root - INFO - Preprocessing pipeline completed
[ 2026-05-26 01:07:12,205 ] 382 root - INFO - Processed dataframe saved at artifacts\data_processing\processed_data\renewable_energy_data.csv
[ 2026-05-26 01:07:12,207 ] 354 root - INFO - Metadata saved at artifacts\data_processing\metadata\renewable_energy_metadata.json
[ 2026-05-26 01:07:12,207 ] 484 root - INFO - Renewable_Energy processing completed
[ 2026-05-26 01:07:12,209 ] 22 root - INFO - Loading data from artifacts\data_ingestion\raw_data\electricity_access_raw.csv
[ 2026-05-26 01:07:12,260 ] 26 root - INFO - Data loaded successfully
[ 2026-05-26 01:07:12,261 ] 396 root - INFO - Starting preprocessing pipeline
[ 2026-05-26 01:07:12,261 ] 53 root - INFO - Schema validation successful
[ 2026-05-26 01:07:12,262 ] 65 root - INFO - Standardizing columns
[ 2026-05-26 01:07:12,276 ] 94 root - INFO - Column standardization completed
[ 2026-05-26 01:07:12,276 ] 108 root - INFO - Converting datatypes
[ 2026-05-26 01:07:12,294 ] 125 root - INFO - Datatype conversion completed
[ 2026-05-26 01:07:12,294 ] 139 root - INFO - Handling missing values
[ 2026-05-26 01:07:12,303 ] 156 root - INFO - Missing value handling completed from (66, 5) to (31, 5)
[ 2026-05-26 01:07:12,303 ] 174 root - INFO - Removing duplicates
[ 2026-05-26 01:07:12,306 ] 188 root - INFO - Duplicates removed from (31, 5) to (31, 5)
[ 2026-05-26 01:07:12,307 ] 208 root - INFO - Filtering valid years
[ 2026-05-26 01:07:12,308 ] 217 root - INFO - Year filtering completed
[ 2026-05-26 01:07:12,309 ] 231 root - INFO - Sorting dataframe
[ 2026-05-26 01:07:12,314 ] 242 root - INFO - Sorting completed
[ 2026-05-26 01:07:12,319 ] 432 root - INFO - Preprocessing pipeline completed
[ 2026-05-26 01:07:12,327 ] 382 root - INFO - Processed dataframe saved at artifacts\data_processing\processed_data\electricity_access_data.csv
[ 2026-05-26 01:07:12,338 ] 354 root - INFO - Metadata saved at artifacts\data_processing\metadata\electricity_access_metadata.json
[ 2026-05-26 01:07:12,338 ] 484 root - INFO - Electricity_Access processing completed
[ 2026-05-26 01:07:12,341 ] 22 root - INFO - Loading data from artifacts\data_ingestion\raw_data\agriculture_raw.csv
[ 2026-05-26 01:07:12,358 ] 26 root - INFO - Data loaded successfully
[ 2026-05-26 01:07:12,358 ] 396 root - INFO - Starting preprocessing pipeline
[ 2026-05-26 01:07:12,358 ] 53 root - INFO - Schema validation successful
[ 2026-05-26 01:07:12,359 ] 65 root - INFO - Standardizing columns
[ 2026-05-26 01:07:12,362 ] 94 root - INFO - Column standardization completed
[ 2026-05-26 01:07:12,363 ] 108 root - INFO - Converting datatypes
[ 2026-05-26 01:07:12,365 ] 125 root - INFO - Datatype conversion completed
[ 2026-05-26 01:07:12,365 ] 139 root - INFO - Handling missing values
[ 2026-05-26 01:07:12,371 ] 156 root - INFO - Missing value handling completed from (66, 5) to (65, 5)
[ 2026-05-26 01:07:12,373 ] 174 root - INFO - Removing duplicates
[ 2026-05-26 01:07:12,375 ] 188 root - INFO - Duplicates removed from (65, 5) to (65, 5)
[ 2026-05-26 01:07:12,375 ] 208 root - INFO - Filtering valid years
[ 2026-05-26 01:07:12,376 ] 217 root - INFO - Year filtering completed
[ 2026-05-26 01:07:12,376 ] 231 root - INFO - Sorting dataframe
[ 2026-05-26 01:07:12,381 ] 242 root - INFO - Sorting completed
[ 2026-05-26 01:07:12,386 ] 432 root - INFO - Preprocessing pipeline completed
[ 2026-05-26 01:07:12,395 ] 382 root - INFO - Processed dataframe saved at artifacts\data_processing\processed_data\agriculture_data.csv
[ 2026-05-26 01:07:12,402 ] 354 root - INFO - Metadata saved at artifacts\data_processing\metadata\agriculture_metadata.json
[ 2026-05-26 01:07:12,402 ] 484 root - INFO - Agriculture processing completed
[ 2026-05-26 01:07:12,406 ] 22 root - INFO - Loading data from artifacts\data_ingestion\raw_data\industry_raw.csv
[ 2026-05-26 01:07:12,415 ] 26 root - INFO - Data loaded successfully
[ 2026-05-26 01:07:12,415 ] 396 root - INFO - Starting preprocessing pipeline
[ 2026-05-26 01:07:12,416 ] 53 root - INFO - Schema validation successful
[ 2026-05-26 01:07:12,416 ] 65 root - INFO - Standardizing columns
[ 2026-05-26 01:07:12,420 ] 94 root - INFO - Column standardization completed
[ 2026-05-26 01:07:12,420 ] 108 root - INFO - Converting datatypes
[ 2026-05-26 01:07:12,421 ] 125 root - INFO - Datatype conversion completed
[ 2026-05-26 01:07:12,422 ] 139 root - INFO - Handling missing values
[ 2026-05-26 01:07:12,428 ] 156 root - INFO - Missing value handling completed from (66, 5) to (65, 5)
[ 2026-05-26 01:07:12,428 ] 174 root - INFO - Removing duplicates
[ 2026-05-26 01:07:12,436 ] 188 root - INFO - Duplicates removed from (65, 5) to (65, 5)
[ 2026-05-26 01:07:12,436 ] 208 root - INFO - Filtering valid years
[ 2026-05-26 01:07:12,439 ] 217 root - INFO - Year filtering completed
[ 2026-05-26 01:07:12,439 ] 231 root - INFO - Sorting dataframe
[ 2026-05-26 01:07:12,443 ] 242 root - INFO - Sorting completed
[ 2026-05-26 01:07:12,446 ] 432 root - INFO - Preprocessing pipeline completed
[ 2026-05-26 01:07:12,457 ] 382 root - INFO - Processed dataframe saved at artifacts\data_processing\processed_data\industry_data.csv
[ 2026-05-26 01:07:12,462 ] 354 root - INFO - Metadata saved at artifacts\data_processing\metadata\industry_metadata.json
[ 2026-05-26 01:07:12,462 ] 484 root - INFO - Industry processing completed
[ 2026-05-26 01:07:12,466 ] 22 root - INFO - Loading data from artifacts\data_ingestion\raw_data\services_raw.csv
[ 2026-05-26 01:07:12,487 ] 26 root - INFO - Data loaded successfully
[ 2026-05-26 01:07:12,488 ] 396 root - INFO - Starting preprocessing pipeline
[ 2026-05-26 01:07:12,488 ] 53 root - INFO - Schema validation successful
[ 2026-05-26 01:07:12,489 ] 65 root - INFO - Standardizing columns
[ 2026-05-26 01:07:12,501 ] 94 root - INFO - Column standardization completed
[ 2026-05-26 01:07:12,501 ] 108 root - INFO - Converting datatypes
[ 2026-05-26 01:07:12,505 ] 125 root - INFO - Datatype conversion completed
[ 2026-05-26 01:07:12,505 ] 139 root - INFO - Handling missing values
[ 2026-05-26 01:07:12,527 ] 156 root - INFO - Missing value handling completed from (66, 5) to (65, 5)
[ 2026-05-26 01:07:12,527 ] 174 root - INFO - Removing duplicates
[ 2026-05-26 01:07:12,530 ] 188 root - INFO - Duplicates removed from (65, 5) to (65, 5)
[ 2026-05-26 01:07:12,534 ] 208 root - INFO - Filtering valid years
[ 2026-05-26 01:07:12,536 ] 217 root - INFO - Year filtering completed
[ 2026-05-26 01:07:12,537 ] 231 root - INFO - Sorting dataframe
[ 2026-05-26 01:07:12,557 ] 242 root - INFO - Sorting completed
[ 2026-05-26 01:07:12,566 ] 432 root - INFO - Preprocessing pipeline completed
[ 2026-05-26 01:07:12,576 ] 382 root - INFO - Processed dataframe saved at artifacts\data_processing\processed_data\services_data.csv
[ 2026-05-26 01:07:12,583 ] 354 root - INFO - Metadata saved at artifacts\data_processing\metadata\services_metadata.json
[ 2026-05-26 01:07:12,584 ] 484 root - INFO - Services processing completed
[ 2026-05-26 01:07:12,588 ] 22 root - INFO - Loading data from artifacts\data_ingestion\raw_data\military_expenditure_raw.csv
[ 2026-05-26 01:07:12,604 ] 26 root - INFO - Data loaded successfully
[ 2026-05-26 01:07:12,604 ] 396 root - INFO - Starting preprocessing pipeline
[ 2026-05-26 01:07:12,605 ] 53 root - INFO - Schema validation successful
[ 2026-05-26 01:07:12,605 ] 65 root - INFO - Standardizing columns
[ 2026-05-26 01:07:12,616 ] 94 root - INFO - Column standardization completed
[ 2026-05-26 01:07:12,617 ] 108 root - INFO - Converting datatypes
[ 2026-05-26 01:07:12,624 ] 125 root - INFO - Datatype conversion completed
[ 2026-05-26 01:07:12,624 ] 139 root - INFO - Handling missing values
[ 2026-05-26 01:07:12,633 ] 156 root - INFO - Missing value handling completed from (66, 5) to (65, 5)
[ 2026-05-26 01:07:12,635 ] 174 root - INFO - Removing duplicates
[ 2026-05-26 01:07:12,640 ] 188 root - INFO - Duplicates removed from (65, 5) to (65, 5)
[ 2026-05-26 01:07:12,640 ] 208 root - INFO - Filtering valid years
[ 2026-05-26 01:07:12,642 ] 217 root - INFO - Year filtering completed
[ 2026-05-26 01:07:12,643 ] 231 root - INFO - Sorting dataframe
[ 2026-05-26 01:07:12,650 ] 242 root - INFO - Sorting completed
[ 2026-05-26 01:07:12,660 ] 432 root - INFO - Preprocessing pipeline completed
[ 2026-05-26 01:07:12,670 ] 382 root - INFO - Processed dataframe saved at artifacts\data_processing\processed_data\military_expenditure_data.csv
[ 2026-05-26 01:07:12,674 ] 354 root - INFO - Metadata saved at artifacts\data_processing\metadata\military_expenditure_metadata.json
[ 2026-05-26 01:07:12,675 ] 484 root - INFO - Military_Expenditure processing completed
[ 2026-05-26 01:07:12,677 ] 22 root - INFO - Loading data from artifacts\data_ingestion\raw_data\military_percent_gdp_raw.csv
[ 2026-05-26 01:07:12,694 ] 26 root - INFO - Data loaded successfully
[ 2026-05-26 01:07:12,695 ] 396 root - INFO - Starting preprocessing pipeline
[ 2026-05-26 01:07:12,695 ] 53 root - INFO - Schema validation successful
[ 2026-05-26 01:07:12,695 ] 65 root - INFO - Standardizing columns
[ 2026-05-26 01:07:12,702 ] 94 root - INFO - Column standardization completed
[ 2026-05-26 01:07:12,703 ] 108 root - INFO - Converting datatypes
[ 2026-05-26 01:07:12,704 ] 125 root - INFO - Datatype conversion completed
[ 2026-05-26 01:07:12,705 ] 139 root - INFO - Handling missing values
[ 2026-05-26 01:07:12,718 ] 156 root - INFO - Missing value handling completed from (66, 5) to (65, 5)
[ 2026-05-26 01:07:12,719 ] 174 root - INFO - Removing duplicates
[ 2026-05-26 01:07:12,721 ] 188 root - INFO - Duplicates removed from (65, 5) to (65, 5)
[ 2026-05-26 01:07:12,722 ] 208 root - INFO - Filtering valid years
[ 2026-05-26 01:07:12,723 ] 217 root - INFO - Year filtering completed
[ 2026-05-26 01:07:12,723 ] 231 root - INFO - Sorting dataframe
[ 2026-05-26 01:07:12,728 ] 242 root - INFO - Sorting completed
[ 2026-05-26 01:07:12,733 ] 432 root - INFO - Preprocessing pipeline completed
[ 2026-05-26 01:07:12,740 ] 382 root - INFO - Processed dataframe saved at artifacts\data_processing\processed_data\military_percent_gdp_data.csv
[ 2026-05-26 01:07:12,745 ] 354 root - INFO - Metadata saved at artifacts\data_processing\metadata\military_percent_gdp_metadata.json
[ 2026-05-26 01:07:12,745 ] 484 root - INFO - Military_Percent_GDP processing completed
[ 2026-05-26 01:07:12,749 ] 22 root - INFO - Loading data from artifacts\data_ingestion\raw_data\armed_forces_personnel_raw.csv
[ 2026-05-26 01:07:12,760 ] 26 root - INFO - Data loaded successfully
[ 2026-05-26 01:07:12,761 ] 396 root - INFO - Starting preprocessing pipeline
[ 2026-05-26 01:07:12,761 ] 53 root - INFO - Schema validation successful
[ 2026-05-26 01:07:12,761 ] 65 root - INFO - Standardizing columns
[ 2026-05-26 01:07:12,770 ] 94 root - INFO - Column standardization completed
[ 2026-05-26 01:07:12,770 ] 108 root - INFO - Converting datatypes
[ 2026-05-26 01:07:12,772 ] 125 root - INFO - Datatype conversion completed
[ 2026-05-26 01:07:12,772 ] 139 root - INFO - Handling missing values
[ 2026-05-26 01:07:12,781 ] 156 root - INFO - Missing value handling completed from (66, 5) to (33, 5)
[ 2026-05-26 01:07:12,781 ] 174 root - INFO - Removing duplicates
[ 2026-05-26 01:07:12,785 ] 188 root - INFO - Duplicates removed from (33, 5) to (33, 5)
[ 2026-05-26 01:07:12,785 ] 208 root - INFO - Filtering valid years
[ 2026-05-26 01:07:12,787 ] 217 root - INFO - Year filtering completed
[ 2026-05-26 01:07:12,787 ] 231 root - INFO - Sorting dataframe
[ 2026-05-26 01:07:12,792 ] 242 root - INFO - Sorting completed
[ 2026-05-26 01:07:12,796 ] 432 root - INFO - Preprocessing pipeline completed
[ 2026-05-26 01:07:12,806 ] 382 root - INFO - Processed dataframe saved at artifacts\data_processing\processed_data\armed_forces_personnel_data.csv
[ 2026-05-26 01:07:12,808 ] 354 root - INFO - Metadata saved at artifacts\data_processing\metadata\armed_forces_personnel_metadata.json
[ 2026-05-26 01:07:12,808 ] 484 root - INFO - Armed_Forces_Personnel processing completed
[ 2026-05-26 01:07:12,808 ] 46 root - INFO - Economy Section Processing Started
[ 2026-05-26 01:07:12,809 ] 53 root - INFO - economy section processing started
[ 2026-05-26 01:07:13,230 ] 65 root - INFO - economy csv files fetched to dataframes.
[ 2026-05-26 01:07:13,396 ] 57 root - INFO - economy section processing completed
[ 2026-05-26 01:07:13,396 ] 53 root - INFO - demographics section processing started
[ 2026-05-26 01:07:13,953 ] 65 root - INFO - demographics csv files fetched to dataframes.
[ 2026-05-26 01:07:14,071 ] 57 root - INFO - demographics section processing completed
[ 2026-05-26 01:07:14,071 ] 53 root - INFO - trade section processing started
[ 2026-05-26 01:07:14,173 ] 65 root - INFO - trade csv files fetched to dataframes.
[ 2026-05-26 01:07:14,218 ] 57 root - INFO - trade section processing completed
[ 2026-05-26 01:07:14,218 ] 53 root - INFO - technology section processing started
[ 2026-05-26 01:07:14,527 ] 65 root - INFO - technology csv files fetched to dataframes.
[ 2026-05-26 01:07:14,607 ] 57 root - INFO - technology section processing completed
[ 2026-05-26 01:07:14,607 ] 53 root - INFO - environment section processing started
[ 2026-05-26 01:07:14,808 ] 65 root - INFO - environment csv files fetched to dataframes.
[ 2026-05-26 01:07:14,849 ] 57 root - INFO - environment section processing completed
[ 2026-05-26 01:07:14,849 ] 53 root - INFO - industry section processing started
[ 2026-05-26 01:07:14,945 ] 65 root - INFO - industry csv files fetched to dataframes.
[ 2026-05-26 01:07:14,981 ] 57 root - INFO - industry section processing completed
[ 2026-05-26 01:07:14,981 ] 53 root - INFO - military section processing started
[ 2026-05-26 01:07:15,106 ] 65 root - INFO - military csv files fetched to dataframes.
[ 2026-05-26 01:07:15,143 ] 57 root - INFO - military section processing completed
[ 2026-05-26 01:07:15,143 ] 59 root - INFO - Economy Section Processing Completed
