[ 2026-05-25 08:52:15,766 ] 23 root - INFO - Data Ingestion Started
[ 2026-05-25 08:52:15,767 ] 41 root - INFO - Fetching gdp
[ 2026-05-25 08:52:15,932 ] 110 root - INFO - Saved gdp_raw.csv
[ 2026-05-25 08:52:15,932 ] 41 root - INFO - Fetching gdp_per_capita
[ 2026-05-25 08:52:16,035 ] 110 root - INFO - Saved gdp_per_capita_raw.csv
[ 2026-05-25 08:52:16,035 ] 41 root - INFO - Fetching population
[ 2026-05-25 08:52:16,151 ] 110 root - INFO - Saved population_raw.csv
[ 2026-05-25 08:52:16,151 ] 41 root - INFO - Fetching inflation
[ 2026-05-25 08:52:16,297 ] 110 root - INFO - Saved inflation_raw.csv
[ 2026-05-25 08:52:16,298 ] 41 root - INFO - Fetching unemployment
[ 2026-05-25 08:52:16,421 ] 110 root - INFO - Saved unemployment_raw.csv
[ 2026-05-25 08:52:16,421 ] 41 root - INFO - Fetching life_expectancy
[ 2026-05-25 08:52:16,549 ] 110 root - INFO - Saved life_expectancy_raw.csv
[ 2026-05-25 08:52:16,549 ] 41 root - INFO - Fetching exports
[ 2026-05-25 08:52:16,666 ] 110 root - INFO - Saved exports_raw.csv
[ 2026-05-25 08:52:16,667 ] 41 root - INFO - Fetching imports
[ 2026-05-25 08:52:16,788 ] 110 root - INFO - Saved imports_raw.csv
[ 2026-05-25 08:52:16,790 ] 41 root - INFO - Fetching forex_reserves
[ 2026-05-25 08:52:16,908 ] 110 root - INFO - Saved forex_reserves_raw.csv
[ 2026-05-25 08:52:16,908 ] 41 root - INFO - Fetching agriculture
[ 2026-05-25 08:52:17,019 ] 110 root - INFO - Saved agriculture_raw.csv
[ 2026-05-25 08:52:17,020 ] 41 root - INFO - Fetching industry
[ 2026-05-25 08:52:17,123 ] 110 root - INFO - Saved industry_raw.csv
[ 2026-05-25 08:52:17,124 ] 41 root - INFO - Fetching services
[ 2026-05-25 08:52:17,249 ] 110 root - INFO - Saved services_raw.csv
[ 2026-05-25 08:52:17,249 ] 41 root - INFO - Fetching trade_percent_gdp
[ 2026-05-25 08:52:17,379 ] 110 root - INFO - Saved trade_percent_gdp_raw.csv
[ 2026-05-25 08:52:17,380 ] 41 root - INFO - Fetching fdi
[ 2026-05-25 08:52:17,510 ] 110 root - INFO - Saved fdi_raw.csv
[ 2026-05-25 08:52:17,510 ] 41 root - INFO - Fetching interest_rate
[ 2026-05-25 08:52:17,619 ] 110 root - INFO - Saved interest_rate_raw.csv
[ 2026-05-25 08:52:17,619 ] 41 root - INFO - Fetching current_account_balance
[ 2026-05-25 08:52:17,736 ] 110 root - INFO - Saved current_account_balance_raw.csv
[ 2026-05-25 08:52:17,736 ] 41 root - INFO - Fetching population_growth
[ 2026-05-25 08:52:17,875 ] 110 root - INFO - Saved population_growth_raw.csv
[ 2026-05-25 08:52:17,876 ] 41 root - INFO - Fetching urbanization
[ 2026-05-25 08:52:17,993 ] 110 root - INFO - Saved urbanization_raw.csv
[ 2026-05-25 08:52:17,993 ] 41 root - INFO - Fetching birth_rate
[ 2026-05-25 08:52:18,139 ] 110 root - INFO - Saved birth_rate_raw.csv
[ 2026-05-25 08:52:18,140 ] 41 root - INFO - Fetching death_rate
[ 2026-05-25 08:52:18,273 ] 110 root - INFO - Saved death_rate_raw.csv
[ 2026-05-25 08:52:18,273 ] 41 root - INFO - Fetching population_density
[ 2026-05-25 08:52:18,408 ] 110 root - INFO - Saved population_density_raw.csv
[ 2026-05-25 08:52:18,408 ] 41 root - INFO - Fetching literacy_rate
[ 2026-05-25 08:52:18,543 ] 110 root - INFO - Saved literacy_rate_raw.csv
[ 2026-05-25 08:52:18,543 ] 41 root - INFO - Fetching internet_users
[ 2026-05-25 08:52:18,675 ] 110 root - INFO - Saved internet_users_raw.csv
[ 2026-05-25 08:52:18,675 ] 41 root - INFO - Fetching mobile_subscriptions
[ 2026-05-25 08:52:18,817 ] 110 root - INFO - Saved mobile_subscriptions_raw.csv
[ 2026-05-25 08:52:18,818 ] 41 root - INFO - Fetching broadband_subscriptions
[ 2026-05-25 08:52:18,940 ] 110 root - INFO - Saved broadband_subscriptions_raw.csv
[ 2026-05-25 08:52:18,940 ] 41 root - INFO - Fetching secure_servers
[ 2026-05-25 08:52:19,077 ] 110 root - INFO - Saved secure_servers_raw.csv
[ 2026-05-25 08:52:19,077 ] 41 root - INFO - Fetching high_tech_exports
[ 2026-05-25 08:52:19,200 ] 110 root - INFO - Saved high_tech_exports_raw.csv
[ 2026-05-25 08:52:19,201 ] 41 root - INFO - Fetching rnd_expenditure
[ 2026-05-25 08:52:19,332 ] 110 root - INFO - Saved rnd_expenditure_raw.csv
[ 2026-05-25 08:52:19,332 ] 41 root - INFO - Fetching renewable_energy
[ 2026-05-25 08:52:19,450 ] 110 root - INFO - Saved renewable_energy_raw.csv
[ 2026-05-25 08:52:19,450 ] 41 root - INFO - Fetching forest_area
[ 2026-05-25 08:52:19,603 ] 110 root - INFO - Saved forest_area_raw.csv
[ 2026-05-25 08:52:19,603 ] 41 root - INFO - Fetching air_pollution
[ 2026-05-25 08:52:19,732 ] 110 root - INFO - Saved air_pollution_raw.csv
[ 2026-05-25 08:52:19,732 ] 41 root - INFO - Fetching electricity_access
[ 2026-05-25 08:52:19,852 ] 110 root - INFO - Saved electricity_access_raw.csv
[ 2026-05-25 08:52:19,853 ] 41 root - INFO - Fetching military_expenditure
[ 2026-05-25 08:52:19,976 ] 110 root - INFO - Saved military_expenditure_raw.csv
[ 2026-05-25 08:52:19,977 ] 41 root - INFO - Fetching military_percent_gdp
[ 2026-05-25 08:52:20,113 ] 110 root - INFO - Saved military_percent_gdp_raw.csv
[ 2026-05-25 08:52:20,113 ] 41 root - INFO - Fetching armed_forces_personnel
[ 2026-05-25 08:52:20,223 ] 110 root - INFO - Saved armed_forces_personnel_raw.csv
[ 2026-05-25 08:52:20,227 ] 25 root - INFO - Data Ingestion Completed
[ 2026-05-25 08:52:20,236 ] 40 root - INFO - Processor 1 started
[ 2026-05-25 08:52:20,237 ] 22 root - INFO - Loading data from artifacts\05_25_2026_08_52_15\data_ingestion\raw_data\armed_forces_personnel_raw.csv
[ 2026-05-25 08:52:20,244 ] 26 root - INFO - Data loaded successfully
[ 2026-05-25 08:52:20,244 ] 396 root - INFO - Starting preprocessing pipeline
[ 2026-05-25 08:52:20,244 ] 53 root - INFO - Schema validation successful
[ 2026-05-25 08:52:20,245 ] 65 root - INFO - Standardizing columns
[ 2026-05-25 08:52:20,256 ] 94 root - INFO - Column standardization completed
[ 2026-05-25 08:52:20,256 ] 108 root - INFO - Converting datatypes
[ 2026-05-25 08:52:20,258 ] 125 root - INFO - Datatype conversion completed
[ 2026-05-25 08:52:20,258 ] 139 root - INFO - Handling missing values
[ 2026-05-25 08:52:20,272 ] 156 root - INFO - Missing value handling completed from (66, 5) to (33, 5)
[ 2026-05-25 08:52:20,272 ] 174 root - INFO - Removing duplicates
[ 2026-05-25 08:52:20,276 ] 188 root - INFO - Duplicates removed from (33, 5) to (33, 5)
[ 2026-05-25 08:52:20,276 ] 208 root - INFO - Filtering valid years
[ 2026-05-25 08:52:20,279 ] 217 root - INFO - Year filtering completed
[ 2026-05-25 08:52:20,279 ] 231 root - INFO - Sorting dataframe
[ 2026-05-25 08:52:20,283 ] 242 root - INFO - Sorting completed
[ 2026-05-25 08:52:20,286 ] 432 root - INFO - Preprocessing pipeline completed
[ 2026-05-25 08:52:20,294 ] 382 root - INFO - Processed dataframe saved at artifacts\05_25_2026_08_52_15\data_processing\processed_data\armed_forces_personnel_data.csv
[ 2026-05-25 08:52:20,295 ] 90 root - INFO - Processed_Data DIR created!!!
[ 2026-05-25 08:52:20,298 ] 354 root - INFO - Metadata saved at artifacts\05_25_2026_08_52_15\data_processing\metadata\armed_forces_personnel_metadata.json
[ 2026-05-25 08:52:20,298 ] 42 root - INFO - Processor 2 started
[ 2026-05-25 08:52:20,298 ] 49 root - INFO - Air pollution processing started
[ 2026-05-25 08:52:20,299 ] 22 root - INFO - Loading data from artifacts\05_25_2026_08_52_15\data_ingestion\raw_data\air_pollution_raw.csv
[ 2026-05-25 08:52:20,306 ] 26 root - INFO - Data loaded successfully
[ 2026-05-25 08:52:20,306 ] 396 root - INFO - Starting preprocessing pipeline
[ 2026-05-25 08:52:20,307 ] 53 root - INFO - Schema validation successful
[ 2026-05-25 08:52:20,307 ] 65 root - INFO - Standardizing columns
[ 2026-05-25 08:52:20,310 ] 94 root - INFO - Column standardization completed
[ 2026-05-25 08:52:20,312 ] 108 root - INFO - Converting datatypes
[ 2026-05-25 08:52:20,314 ] 125 root - INFO - Datatype conversion completed
[ 2026-05-25 08:52:20,314 ] 139 root - INFO - Handling missing values
[ 2026-05-25 08:52:20,325 ] 156 root - INFO - Missing value handling completed from (66, 5) to (31, 5)
[ 2026-05-25 08:52:20,325 ] 174 root - INFO - Removing duplicates
[ 2026-05-25 08:52:20,329 ] 188 root - INFO - Duplicates removed from (31, 5) to (31, 5)
[ 2026-05-25 08:52:20,329 ] 208 root - INFO - Filtering valid years
[ 2026-05-25 08:52:20,331 ] 217 root - INFO - Year filtering completed
[ 2026-05-25 08:52:20,332 ] 231 root - INFO - Sorting dataframe
[ 2026-05-25 08:52:20,337 ] 242 root - INFO - Sorting completed
[ 2026-05-25 08:52:20,341 ] 432 root - INFO - Preprocessing pipeline completed
[ 2026-05-25 08:52:20,341 ] 70 root - INFO - Preprocessed Data location: artifacts\05_25_2026_08_52_15\data_processing\processed_data
[ 2026-05-25 08:52:20,343 ] 80 root - INFO - Processed_Data DIR created!!!
[ 2026-05-25 08:52:20,352 ] 382 root - INFO - Processed dataframe saved at artifacts\05_25_2026_08_52_15\data_processing\processed_data\air_pollution_data.csv
[ 2026-05-25 08:52:20,352 ] 91 root - INFO - Air pollution processed csv saved
[ 2026-05-25 08:52:20,356 ] 354 root - INFO - Metadata saved at artifacts\05_25_2026_08_52_15\data_processing\metadata\air_pollution_metadata.json
[ 2026-05-25 08:52:20,356 ] 109 root - INFO - Air pollution metadata saved
[ 2026-05-25 08:52:20,357 ] 113 root - INFO - Air pollution processing completed
[ 2026-05-25 08:52:20,357 ] 44 root - INFO - Processor 3 started
[ 2026-05-25 08:52:20,357 ] 22 root - INFO - Loading data from artifacts\05_25_2026_08_52_15\data_ingestion\raw_data\broadband_subscriptions_raw.csv
[ 2026-05-25 08:52:20,365 ] 26 root - INFO - Data loaded successfully
[ 2026-05-25 08:52:20,366 ] 396 root - INFO - Starting preprocessing pipeline
[ 2026-05-25 08:52:20,366 ] 53 root - INFO - Schema validation successful
[ 2026-05-25 08:52:20,366 ] 65 root - INFO - Standardizing columns
[ 2026-05-25 08:52:20,370 ] 94 root - INFO - Column standardization completed
[ 2026-05-25 08:52:20,370 ] 108 root - INFO - Converting datatypes
[ 2026-05-25 08:52:20,372 ] 125 root - INFO - Datatype conversion completed
[ 2026-05-25 08:52:20,372 ] 139 root - INFO - Handling missing values
[ 2026-05-25 08:52:20,379 ] 156 root - INFO - Missing value handling completed from (66, 5) to (24, 5)
[ 2026-05-25 08:52:20,379 ] 174 root - INFO - Removing duplicates
[ 2026-05-25 08:52:20,382 ] 188 root - INFO - Duplicates removed from (24, 5) to (24, 5)
[ 2026-05-25 08:52:20,382 ] 208 root - INFO - Filtering valid years
[ 2026-05-25 08:52:20,384 ] 217 root - INFO - Year filtering completed
[ 2026-05-25 08:52:20,384 ] 231 root - INFO - Sorting dataframe
[ 2026-05-25 08:52:20,388 ] 242 root - INFO - Sorting completed
[ 2026-05-25 08:52:20,390 ] 432 root - INFO - Preprocessing pipeline completed
[ 2026-05-25 08:52:20,418 ] 382 root - INFO - Processed dataframe saved at artifacts\05_25_2026_08_52_15\data_processing\processed_data\broadband_subscriptions_data.csv
[ 2026-05-25 08:52:20,422 ] 354 root - INFO - Metadata saved at artifacts\05_25_2026_08_52_15\data_processing\metadata\broadband_subscriptions_metadata.json
[ 2026-05-25 08:52:20,422 ] 46 root - INFO - Processor 4 started
[ 2026-05-25 08:52:20,422 ] 22 root - INFO - Loading data from artifacts\05_25_2026_08_52_15\data_ingestion\raw_data\birth_rate_raw.csv
[ 2026-05-25 08:52:20,429 ] 26 root - INFO - Data loaded successfully
[ 2026-05-25 08:52:20,430 ] 396 root - INFO - Starting preprocessing pipeline
[ 2026-05-25 08:52:20,430 ] 53 root - INFO - Schema validation successful
[ 2026-05-25 08:52:20,430 ] 65 root - INFO - Standardizing columns
[ 2026-05-25 08:52:20,435 ] 94 root - INFO - Column standardization completed
[ 2026-05-25 08:52:20,436 ] 108 root - INFO - Converting datatypes
[ 2026-05-25 08:52:20,438 ] 125 root - INFO - Datatype conversion completed
[ 2026-05-25 08:52:20,438 ] 139 root - INFO - Handling missing values
[ 2026-05-25 08:52:20,445 ] 156 root - INFO - Missing value handling completed from (66, 5) to (65, 5)
[ 2026-05-25 08:52:20,446 ] 174 root - INFO - Removing duplicates
[ 2026-05-25 08:52:20,449 ] 188 root - INFO - Duplicates removed from (65, 5) to (65, 5)
[ 2026-05-25 08:52:20,450 ] 208 root - INFO - Filtering valid years
[ 2026-05-25 08:52:20,451 ] 217 root - INFO - Year filtering completed
[ 2026-05-25 08:52:20,451 ] 231 root - INFO - Sorting dataframe
[ 2026-05-25 08:52:20,456 ] 242 root - INFO - Sorting completed
[ 2026-05-25 08:52:20,460 ] 432 root - INFO - Preprocessing pipeline completed
[ 2026-05-25 08:52:20,468 ] 382 root - INFO - Processed dataframe saved at artifacts\05_25_2026_08_52_15\data_processing\processed_data\birth_rate_data.csv
[ 2026-05-25 08:52:20,475 ] 354 root - INFO - Metadata saved at artifacts\05_25_2026_08_52_15\data_processing\metadata\birth_rate_metadata.json
[ 2026-05-25 08:52:20,475 ] 48 root - INFO - All Processors ended
