[ 2026-05-25 23:58:16,724 ] 21 root - INFO - Data Ingestion Started
[ 2026-05-25 23:58:16,724 ] 41 root - INFO - Fetching gdp
[ 2026-05-25 23:58:17,310 ] 110 root - INFO - Saved gdp_raw.csv
[ 2026-05-25 23:58:17,310 ] 41 root - INFO - Fetching gdp_per_capita
[ 2026-05-25 23:58:17,427 ] 110 root - INFO - Saved gdp_per_capita_raw.csv
[ 2026-05-25 23:58:17,427 ] 41 root - INFO - Fetching population
[ 2026-05-25 23:58:17,518 ] 110 root - INFO - Saved population_raw.csv
[ 2026-05-25 23:58:17,519 ] 41 root - INFO - Fetching inflation
[ 2026-05-25 23:58:17,619 ] 110 root - INFO - Saved inflation_raw.csv
[ 2026-05-25 23:58:17,620 ] 41 root - INFO - Fetching unemployment
[ 2026-05-25 23:58:17,692 ] 110 root - INFO - Saved unemployment_raw.csv
[ 2026-05-25 23:58:17,693 ] 41 root - INFO - Fetching life_expectancy
[ 2026-05-25 23:58:17,771 ] 110 root - INFO - Saved life_expectancy_raw.csv
[ 2026-05-25 23:58:17,771 ] 41 root - INFO - Fetching exports
[ 2026-05-25 23:58:17,842 ] 110 root - INFO - Saved exports_raw.csv
[ 2026-05-25 23:58:17,842 ] 41 root - INFO - Fetching imports
[ 2026-05-25 23:58:17,925 ] 110 root - INFO - Saved imports_raw.csv
[ 2026-05-25 23:58:17,925 ] 41 root - INFO - Fetching forex_reserves
[ 2026-05-25 23:58:17,999 ] 110 root - INFO - Saved forex_reserves_raw.csv
[ 2026-05-25 23:58:17,999 ] 41 root - INFO - Fetching agriculture
[ 2026-05-25 23:58:18,079 ] 110 root - INFO - Saved agriculture_raw.csv
[ 2026-05-25 23:58:18,079 ] 41 root - INFO - Fetching industry
[ 2026-05-25 23:58:18,147 ] 110 root - INFO - Saved industry_raw.csv
[ 2026-05-25 23:58:18,147 ] 41 root - INFO - Fetching services
[ 2026-05-25 23:58:18,252 ] 110 root - INFO - Saved services_raw.csv
[ 2026-05-25 23:58:18,252 ] 41 root - INFO - Fetching trade_percent_gdp
[ 2026-05-25 23:58:18,342 ] 110 root - INFO - Saved trade_percent_gdp_raw.csv
[ 2026-05-25 23:58:18,342 ] 41 root - INFO - Fetching fdi
[ 2026-05-25 23:58:18,452 ] 110 root - INFO - Saved fdi_raw.csv
[ 2026-05-25 23:58:18,452 ] 41 root - INFO - Fetching interest_rate
[ 2026-05-25 23:58:18,545 ] 110 root - INFO - Saved interest_rate_raw.csv
[ 2026-05-25 23:58:18,545 ] 41 root - INFO - Fetching current_account_balance
[ 2026-05-25 23:58:18,653 ] 110 root - INFO - Saved current_account_balance_raw.csv
[ 2026-05-25 23:58:18,653 ] 41 root - INFO - Fetching population_growth
[ 2026-05-25 23:58:18,815 ] 110 root - INFO - Saved population_growth_raw.csv
[ 2026-05-25 23:58:18,815 ] 41 root - INFO - Fetching urbanization
[ 2026-05-25 23:58:18,883 ] 110 root - INFO - Saved urbanization_raw.csv
[ 2026-05-25 23:58:18,883 ] 41 root - INFO - Fetching birth_rate
[ 2026-05-25 23:58:18,958 ] 110 root - INFO - Saved birth_rate_raw.csv
[ 2026-05-25 23:58:18,958 ] 41 root - INFO - Fetching death_rate
[ 2026-05-25 23:58:19,050 ] 110 root - INFO - Saved death_rate_raw.csv
[ 2026-05-25 23:58:19,050 ] 41 root - INFO - Fetching population_density
[ 2026-05-25 23:58:19,133 ] 110 root - INFO - Saved population_density_raw.csv
[ 2026-05-25 23:58:19,133 ] 41 root - INFO - Fetching literacy_rate
[ 2026-05-25 23:58:19,250 ] 110 root - INFO - Saved literacy_rate_raw.csv
[ 2026-05-25 23:58:19,250 ] 41 root - INFO - Fetching internet_users
[ 2026-05-25 23:58:19,359 ] 110 root - INFO - Saved internet_users_raw.csv
[ 2026-05-25 23:58:19,359 ] 41 root - INFO - Fetching mobile_subscriptions
[ 2026-05-25 23:58:19,448 ] 110 root - INFO - Saved mobile_subscriptions_raw.csv
[ 2026-05-25 23:58:19,448 ] 41 root - INFO - Fetching broadband_subscriptions
[ 2026-05-25 23:58:19,563 ] 110 root - INFO - Saved broadband_subscriptions_raw.csv
[ 2026-05-25 23:58:19,563 ] 41 root - INFO - Fetching secure_servers
[ 2026-05-25 23:58:19,735 ] 110 root - INFO - Saved secure_servers_raw.csv
[ 2026-05-25 23:58:19,735 ] 41 root - INFO - Fetching high_tech_exports
[ 2026-05-25 23:58:19,830 ] 110 root - INFO - Saved high_tech_exports_raw.csv
[ 2026-05-25 23:58:19,830 ] 41 root - INFO - Fetching rnd_expenditure
[ 2026-05-25 23:58:19,908 ] 110 root - INFO - Saved rnd_expenditure_raw.csv
[ 2026-05-25 23:58:19,908 ] 41 root - INFO - Fetching renewable_energy
[ 2026-05-25 23:58:20,007 ] 110 root - INFO - Saved renewable_energy_raw.csv
[ 2026-05-25 23:58:20,007 ] 41 root - INFO - Fetching forest_area
[ 2026-05-25 23:58:20,078 ] 110 root - INFO - Saved forest_area_raw.csv
[ 2026-05-25 23:58:20,078 ] 41 root - INFO - Fetching air_pollution
[ 2026-05-25 23:58:20,152 ] 110 root - INFO - Saved air_pollution_raw.csv
[ 2026-05-25 23:58:20,152 ] 41 root - INFO - Fetching electricity_access
[ 2026-05-25 23:58:20,246 ] 110 root - INFO - Saved electricity_access_raw.csv
[ 2026-05-25 23:58:20,246 ] 41 root - INFO - Fetching military_expenditure
[ 2026-05-25 23:58:20,355 ] 110 root - INFO - Saved military_expenditure_raw.csv
[ 2026-05-25 23:58:20,355 ] 41 root - INFO - Fetching military_percent_gdp
[ 2026-05-25 23:58:20,447 ] 110 root - INFO - Saved military_percent_gdp_raw.csv
[ 2026-05-25 23:58:20,447 ] 41 root - INFO - Fetching armed_forces_personnel
[ 2026-05-25 23:58:20,530 ] 110 root - INFO - Saved armed_forces_personnel_raw.csv
[ 2026-05-25 23:58:20,532 ] 23 root - INFO - Data Ingestion Completed
[ 2026-05-25 23:58:20,533 ] 22 root - INFO - Loading data from artifacts\data_ingestion\raw_data\gdp_raw.csv
[ 2026-05-25 23:58:20,539 ] 26 root - INFO - Data loaded successfully
[ 2026-05-25 23:58:20,539 ] 396 root - INFO - Starting preprocessing pipeline
[ 2026-05-25 23:58:20,539 ] 53 root - INFO - Schema validation successful
[ 2026-05-25 23:58:20,539 ] 65 root - INFO - Standardizing columns
[ 2026-05-25 23:58:20,546 ] 94 root - INFO - Column standardization completed
[ 2026-05-25 23:58:20,546 ] 108 root - INFO - Converting datatypes
[ 2026-05-25 23:58:20,547 ] 125 root - INFO - Datatype conversion completed
[ 2026-05-25 23:58:20,547 ] 139 root - INFO - Handling missing values
[ 2026-05-25 23:58:20,552 ] 156 root - INFO - Missing value handling completed from (66, 5) to (65, 5)
[ 2026-05-25 23:58:20,552 ] 174 root - INFO - Removing duplicates
[ 2026-05-25 23:58:20,555 ] 188 root - INFO - Duplicates removed from (65, 5) to (65, 5)
[ 2026-05-25 23:58:20,555 ] 208 root - INFO - Filtering valid years
[ 2026-05-25 23:58:20,557 ] 217 root - INFO - Year filtering completed
[ 2026-05-25 23:58:20,557 ] 231 root - INFO - Sorting dataframe
[ 2026-05-25 23:58:20,559 ] 242 root - INFO - Sorting completed
[ 2026-05-25 23:58:20,561 ] 432 root - INFO - Preprocessing pipeline completed
[ 2026-05-25 23:58:20,566 ] 382 root - INFO - Processed dataframe saved at artifacts\data_processing\processed_data\gdp_data.csv
[ 2026-05-25 23:58:20,568 ] 354 root - INFO - Metadata saved at artifacts\data_processing\metadata\gdp_metadata.json
[ 2026-05-25 23:58:20,568 ] 484 root - INFO - GDP processing completed
[ 2026-05-25 23:58:20,570 ] 22 root - INFO - Loading data from artifacts\data_ingestion\raw_data\gdp_per_capita_raw.csv
[ 2026-05-25 23:58:20,576 ] 26 root - INFO - Data loaded successfully
[ 2026-05-25 23:58:20,576 ] 396 root - INFO - Starting preprocessing pipeline
[ 2026-05-25 23:58:20,576 ] 53 root - INFO - Schema validation successful
[ 2026-05-25 23:58:20,576 ] 65 root - INFO - Standardizing columns
[ 2026-05-25 23:58:20,580 ] 94 root - INFO - Column standardization completed
[ 2026-05-25 23:58:20,580 ] 108 root - INFO - Converting datatypes
[ 2026-05-25 23:58:20,581 ] 125 root - INFO - Datatype conversion completed
[ 2026-05-25 23:58:20,581 ] 139 root - INFO - Handling missing values
[ 2026-05-25 23:58:20,586 ] 156 root - INFO - Missing value handling completed from (66, 5) to (65, 5)
[ 2026-05-25 23:58:20,586 ] 174 root - INFO - Removing duplicates
[ 2026-05-25 23:58:20,588 ] 188 root - INFO - Duplicates removed from (65, 5) to (65, 5)
[ 2026-05-25 23:58:20,589 ] 208 root - INFO - Filtering valid years
[ 2026-05-25 23:58:20,590 ] 217 root - INFO - Year filtering completed
[ 2026-05-25 23:58:20,590 ] 231 root - INFO - Sorting dataframe
[ 2026-05-25 23:58:20,592 ] 242 root - INFO - Sorting completed
[ 2026-05-25 23:58:20,594 ] 432 root - INFO - Preprocessing pipeline completed
[ 2026-05-25 23:58:20,598 ] 382 root - INFO - Processed dataframe saved at artifacts\data_processing\processed_data\gdp_per_capita_data.csv
[ 2026-05-25 23:58:20,600 ] 354 root - INFO - Metadata saved at artifacts\data_processing\metadata\gdp_per_capita_metadata.json
[ 2026-05-25 23:58:20,600 ] 484 root - INFO - GDP_Per_Capita processing completed
[ 2026-05-25 23:58:20,602 ] 22 root - INFO - Loading data from artifacts\data_ingestion\raw_data\inflation_raw.csv
[ 2026-05-25 23:58:20,606 ] 26 root - INFO - Data loaded successfully
[ 2026-05-25 23:58:20,606 ] 396 root - INFO - Starting preprocessing pipeline
[ 2026-05-25 23:58:20,606 ] 53 root - INFO - Schema validation successful
[ 2026-05-25 23:58:20,606 ] 65 root - INFO - Standardizing columns
[ 2026-05-25 23:58:20,609 ] 94 root - INFO - Column standardization completed
[ 2026-05-25 23:58:20,609 ] 108 root - INFO - Converting datatypes
[ 2026-05-25 23:58:20,610 ] 125 root - INFO - Datatype conversion completed
[ 2026-05-25 23:58:20,610 ] 139 root - INFO - Handling missing values
[ 2026-05-25 23:58:20,613 ] 156 root - INFO - Missing value handling completed from (66, 5) to (65, 5)
[ 2026-05-25 23:58:20,614 ] 174 root - INFO - Removing duplicates
[ 2026-05-25 23:58:20,615 ] 188 root - INFO - Duplicates removed from (65, 5) to (65, 5)
[ 2026-05-25 23:58:20,615 ] 208 root - INFO - Filtering valid years
[ 2026-05-25 23:58:20,616 ] 217 root - INFO - Year filtering completed
[ 2026-05-25 23:58:20,616 ] 231 root - INFO - Sorting dataframe
[ 2026-05-25 23:58:20,619 ] 242 root - INFO - Sorting completed
[ 2026-05-25 23:58:20,619 ] 432 root - INFO - Preprocessing pipeline completed
[ 2026-05-25 23:58:20,624 ] 382 root - INFO - Processed dataframe saved at artifacts\data_processing\processed_data\inflation_data.csv
[ 2026-05-25 23:58:20,626 ] 354 root - INFO - Metadata saved at artifacts\data_processing\metadata\inflation_metadata.json
[ 2026-05-25 23:58:20,626 ] 484 root - INFO - Inflation processing completed
[ 2026-05-25 23:58:20,627 ] 22 root - INFO - Loading data from artifacts\data_ingestion\raw_data\interest_rate_raw.csv
[ 2026-05-25 23:58:20,632 ] 26 root - INFO - Data loaded successfully
[ 2026-05-25 23:58:20,632 ] 396 root - INFO - Starting preprocessing pipeline
[ 2026-05-25 23:58:20,632 ] 53 root - INFO - Schema validation successful
[ 2026-05-25 23:58:20,632 ] 65 root - INFO - Standardizing columns
[ 2026-05-25 23:58:20,642 ] 94 root - INFO - Column standardization completed
[ 2026-05-25 23:58:20,642 ] 108 root - INFO - Converting datatypes
[ 2026-05-25 23:58:20,644 ] 125 root - INFO - Datatype conversion completed
[ 2026-05-25 23:58:20,644 ] 139 root - INFO - Handling missing values
[ 2026-05-25 23:58:20,650 ] 156 root - INFO - Missing value handling completed from (66, 5) to (45, 5)
[ 2026-05-25 23:58:20,652 ] 174 root - INFO - Removing duplicates
[ 2026-05-25 23:58:20,654 ] 188 root - INFO - Duplicates removed from (45, 5) to (45, 5)
[ 2026-05-25 23:58:20,655 ] 208 root - INFO - Filtering valid years
[ 2026-05-25 23:58:20,656 ] 217 root - INFO - Year filtering completed
[ 2026-05-25 23:58:20,656 ] 231 root - INFO - Sorting dataframe
[ 2026-05-25 23:58:20,662 ] 242 root - INFO - Sorting completed
[ 2026-05-25 23:58:20,664 ] 432 root - INFO - Preprocessing pipeline completed
[ 2026-05-25 23:58:20,669 ] 382 root - INFO - Processed dataframe saved at artifacts\data_processing\processed_data\interest_rate_data.csv
[ 2026-05-25 23:58:20,672 ] 354 root - INFO - Metadata saved at artifacts\data_processing\metadata\interest_rate_metadata.json
[ 2026-05-25 23:58:20,672 ] 484 root - INFO - Interest_Rate processing completed
[ 2026-05-25 23:58:20,674 ] 22 root - INFO - Loading data from artifacts\data_ingestion\raw_data\forex_reserves_raw.csv
[ 2026-05-25 23:58:20,679 ] 26 root - INFO - Data loaded successfully
[ 2026-05-25 23:58:20,679 ] 396 root - INFO - Starting preprocessing pipeline
[ 2026-05-25 23:58:20,680 ] 53 root - INFO - Schema validation successful
[ 2026-05-25 23:58:20,680 ] 65 root - INFO - Standardizing columns
[ 2026-05-25 23:58:20,682 ] 94 root - INFO - Column standardization completed
[ 2026-05-25 23:58:20,682 ] 108 root - INFO - Converting datatypes
[ 2026-05-25 23:58:20,683 ] 125 root - INFO - Datatype conversion completed
[ 2026-05-25 23:58:20,683 ] 139 root - INFO - Handling missing values
[ 2026-05-25 23:58:20,687 ] 156 root - INFO - Missing value handling completed from (66, 5) to (65, 5)
[ 2026-05-25 23:58:20,688 ] 174 root - INFO - Removing duplicates
[ 2026-05-25 23:58:20,690 ] 188 root - INFO - Duplicates removed from (65, 5) to (65, 5)
[ 2026-05-25 23:58:20,690 ] 208 root - INFO - Filtering valid years
[ 2026-05-25 23:58:20,691 ] 217 root - INFO - Year filtering completed
[ 2026-05-25 23:58:20,692 ] 231 root - INFO - Sorting dataframe
[ 2026-05-25 23:58:20,694 ] 242 root - INFO - Sorting completed
[ 2026-05-25 23:58:20,697 ] 432 root - INFO - Preprocessing pipeline completed
[ 2026-05-25 23:58:20,701 ] 382 root - INFO - Processed dataframe saved at artifacts\data_processing\processed_data\forex_reserves_data.csv
[ 2026-05-25 23:58:20,705 ] 354 root - INFO - Metadata saved at artifacts\data_processing\metadata\forex_reserves_metadata.json
[ 2026-05-25 23:58:20,705 ] 484 root - INFO - Forex_Reserves processing completed
[ 2026-05-25 23:58:20,708 ] 22 root - INFO - Loading data from artifacts\data_ingestion\raw_data\current_account_balance_raw.csv
[ 2026-05-25 23:58:20,715 ] 26 root - INFO - Data loaded successfully
[ 2026-05-25 23:58:20,715 ] 396 root - INFO - Starting preprocessing pipeline
[ 2026-05-25 23:58:20,715 ] 53 root - INFO - Schema validation successful
[ 2026-05-25 23:58:20,717 ] 65 root - INFO - Standardizing columns
[ 2026-05-25 23:58:20,720 ] 94 root - INFO - Column standardization completed
[ 2026-05-25 23:58:20,720 ] 108 root - INFO - Converting datatypes
[ 2026-05-25 23:58:20,722 ] 125 root - INFO - Datatype conversion completed
[ 2026-05-25 23:58:20,722 ] 139 root - INFO - Handling missing values
[ 2026-05-25 23:58:20,728 ] 156 root - INFO - Missing value handling completed from (66, 5) to (50, 5)
[ 2026-05-25 23:58:20,728 ] 174 root - INFO - Removing duplicates
[ 2026-05-25 23:58:20,730 ] 188 root - INFO - Duplicates removed from (50, 5) to (50, 5)
[ 2026-05-25 23:58:20,730 ] 208 root - INFO - Filtering valid years
[ 2026-05-25 23:58:20,731 ] 217 root - INFO - Year filtering completed
[ 2026-05-25 23:58:20,731 ] 231 root - INFO - Sorting dataframe
[ 2026-05-25 23:58:20,734 ] 242 root - INFO - Sorting completed
[ 2026-05-25 23:58:20,735 ] 432 root - INFO - Preprocessing pipeline completed
[ 2026-05-25 23:58:20,742 ] 382 root - INFO - Processed dataframe saved at artifacts\data_processing\processed_data\current_account_balance_data.csv
[ 2026-05-25 23:58:20,743 ] 354 root - INFO - Metadata saved at artifacts\data_processing\metadata\current_account_balance_metadata.json
[ 2026-05-25 23:58:20,743 ] 484 root - INFO - Current_Account_Balance processing completed
[ 2026-05-25 23:58:20,745 ] 22 root - INFO - Loading data from artifacts\data_ingestion\raw_data\fdi_raw.csv
[ 2026-05-25 23:58:20,749 ] 26 root - INFO - Data loaded successfully
[ 2026-05-25 23:58:20,749 ] 396 root - INFO - Starting preprocessing pipeline
[ 2026-05-25 23:58:20,750 ] 53 root - INFO - Schema validation successful
[ 2026-05-25 23:58:20,750 ] 65 root - INFO - Standardizing columns
[ 2026-05-25 23:58:20,751 ] 94 root - INFO - Column standardization completed
[ 2026-05-25 23:58:20,751 ] 108 root - INFO - Converting datatypes
[ 2026-05-25 23:58:20,754 ] 125 root - INFO - Datatype conversion completed
[ 2026-05-25 23:58:20,754 ] 139 root - INFO - Handling missing values
[ 2026-05-25 23:58:20,758 ] 156 root - INFO - Missing value handling completed from (66, 5) to (55, 5)
[ 2026-05-25 23:58:20,758 ] 174 root - INFO - Removing duplicates
[ 2026-05-25 23:58:20,759 ] 188 root - INFO - Duplicates removed from (55, 5) to (55, 5)
[ 2026-05-25 23:58:20,759 ] 208 root - INFO - Filtering valid years
[ 2026-05-25 23:58:20,760 ] 217 root - INFO - Year filtering completed
[ 2026-05-25 23:58:20,760 ] 231 root - INFO - Sorting dataframe
[ 2026-05-25 23:58:20,762 ] 242 root - INFO - Sorting completed
[ 2026-05-25 23:58:20,763 ] 432 root - INFO - Preprocessing pipeline completed
[ 2026-05-25 23:58:20,766 ] 382 root - INFO - Processed dataframe saved at artifacts\data_processing\processed_data\fdi_data.csv
[ 2026-05-25 23:58:20,768 ] 354 root - INFO - Metadata saved at artifacts\data_processing\metadata\fdi_metadata.json
[ 2026-05-25 23:58:20,768 ] 484 root - INFO - FDI processing completed
[ 2026-05-25 23:58:20,769 ] 22 root - INFO - Loading data from artifacts\data_ingestion\raw_data\unemployment_raw.csv
[ 2026-05-25 23:58:20,774 ] 26 root - INFO - Data loaded successfully
[ 2026-05-25 23:58:20,774 ] 396 root - INFO - Starting preprocessing pipeline
[ 2026-05-25 23:58:20,774 ] 53 root - INFO - Schema validation successful
[ 2026-05-25 23:58:20,774 ] 65 root - INFO - Standardizing columns
[ 2026-05-25 23:58:20,776 ] 94 root - INFO - Column standardization completed
[ 2026-05-25 23:58:20,776 ] 108 root - INFO - Converting datatypes
[ 2026-05-25 23:58:20,776 ] 125 root - INFO - Datatype conversion completed
[ 2026-05-25 23:58:20,777 ] 139 root - INFO - Handling missing values
[ 2026-05-25 23:58:20,779 ] 156 root - INFO - Missing value handling completed from (66, 5) to (35, 5)
[ 2026-05-25 23:58:20,779 ] 174 root - INFO - Removing duplicates
[ 2026-05-25 23:58:20,781 ] 188 root - INFO - Duplicates removed from (35, 5) to (35, 5)
[ 2026-05-25 23:58:20,781 ] 208 root - INFO - Filtering valid years
[ 2026-05-25 23:58:20,781 ] 217 root - INFO - Year filtering completed
[ 2026-05-25 23:58:20,781 ] 231 root - INFO - Sorting dataframe
[ 2026-05-25 23:58:20,783 ] 242 root - INFO - Sorting completed
[ 2026-05-25 23:58:20,784 ] 432 root - INFO - Preprocessing pipeline completed
[ 2026-05-25 23:58:20,788 ] 382 root - INFO - Processed dataframe saved at artifacts\data_processing\processed_data\unemployment_data.csv
[ 2026-05-25 23:58:20,789 ] 354 root - INFO - Metadata saved at artifacts\data_processing\metadata\unemployment_metadata.json
[ 2026-05-25 23:58:20,789 ] 484 root - INFO - Unemployment processing completed
[ 2026-05-25 23:58:20,790 ] 22 root - INFO - Loading data from artifacts\data_ingestion\raw_data\population_raw.csv
[ 2026-05-25 23:58:20,793 ] 26 root - INFO - Data loaded successfully
[ 2026-05-25 23:58:20,793 ] 396 root - INFO - Starting preprocessing pipeline
[ 2026-05-25 23:58:20,794 ] 53 root - INFO - Schema validation successful
[ 2026-05-25 23:58:20,794 ] 65 root - INFO - Standardizing columns
[ 2026-05-25 23:58:20,795 ] 94 root - INFO - Column standardization completed
[ 2026-05-25 23:58:20,795 ] 108 root - INFO - Converting datatypes
[ 2026-05-25 23:58:20,796 ] 125 root - INFO - Datatype conversion completed
[ 2026-05-25 23:58:20,796 ] 139 root - INFO - Handling missing values
[ 2026-05-25 23:58:20,798 ] 156 root - INFO - Missing value handling completed from (66, 5) to (65, 5)
[ 2026-05-25 23:58:20,798 ] 174 root - INFO - Removing duplicates
[ 2026-05-25 23:58:20,799 ] 188 root - INFO - Duplicates removed from (65, 5) to (65, 5)
[ 2026-05-25 23:58:20,799 ] 208 root - INFO - Filtering valid years
[ 2026-05-25 23:58:20,800 ] 217 root - INFO - Year filtering completed
[ 2026-05-25 23:58:20,800 ] 231 root - INFO - Sorting dataframe
[ 2026-05-25 23:58:20,802 ] 242 root - INFO - Sorting completed
[ 2026-05-25 23:58:20,802 ] 432 root - INFO - Preprocessing pipeline completed
[ 2026-05-25 23:58:20,805 ] 382 root - INFO - Processed dataframe saved at artifacts\data_processing\processed_data\population_data.csv
[ 2026-05-25 23:58:20,806 ] 354 root - INFO - Metadata saved at artifacts\data_processing\metadata\population_metadata.json
[ 2026-05-25 23:58:20,806 ] 484 root - INFO - Population processing completed
[ 2026-05-25 23:58:20,809 ] 22 root - INFO - Loading data from artifacts\data_ingestion\raw_data\population_growth_raw.csv
[ 2026-05-25 23:58:20,812 ] 26 root - INFO - Data loaded successfully
[ 2026-05-25 23:58:20,812 ] 396 root - INFO - Starting preprocessing pipeline
[ 2026-05-25 23:58:20,812 ] 53 root - INFO - Schema validation successful
[ 2026-05-25 23:58:20,812 ] 65 root - INFO - Standardizing columns
[ 2026-05-25 23:58:20,814 ] 94 root - INFO - Column standardization completed
[ 2026-05-25 23:58:20,814 ] 108 root - INFO - Converting datatypes
[ 2026-05-25 23:58:20,814 ] 125 root - INFO - Datatype conversion completed
[ 2026-05-25 23:58:20,814 ] 139 root - INFO - Handling missing values
[ 2026-05-25 23:58:20,818 ] 156 root - INFO - Missing value handling completed from (66, 5) to (64, 5)
[ 2026-05-25 23:58:20,818 ] 174 root - INFO - Removing duplicates
[ 2026-05-25 23:58:20,820 ] 188 root - INFO - Duplicates removed from (64, 5) to (64, 5)
[ 2026-05-25 23:58:20,820 ] 208 root - INFO - Filtering valid years
[ 2026-05-25 23:58:20,822 ] 217 root - INFO - Year filtering completed
[ 2026-05-25 23:58:20,822 ] 231 root - INFO - Sorting dataframe
[ 2026-05-25 23:58:20,824 ] 242 root - INFO - Sorting completed
[ 2026-05-25 23:58:20,824 ] 432 root - INFO - Preprocessing pipeline completed
[ 2026-05-25 23:58:20,828 ] 382 root - INFO - Processed dataframe saved at artifacts\data_processing\processed_data\population_growth_data.csv
[ 2026-05-25 23:58:20,830 ] 354 root - INFO - Metadata saved at artifacts\data_processing\metadata\population_growth_metadata.json
[ 2026-05-25 23:58:20,830 ] 484 root - INFO - Population_Growth processing completed
[ 2026-05-25 23:58:20,832 ] 22 root - INFO - Loading data from artifacts\data_ingestion\raw_data\population_density_raw.csv
[ 2026-05-25 23:58:20,835 ] 26 root - INFO - Data loaded successfully
[ 2026-05-25 23:58:20,835 ] 396 root - INFO - Starting preprocessing pipeline
[ 2026-05-25 23:58:20,836 ] 53 root - INFO - Schema validation successful
[ 2026-05-25 23:58:20,836 ] 65 root - INFO - Standardizing columns
[ 2026-05-25 23:58:20,838 ] 94 root - INFO - Column standardization completed
[ 2026-05-25 23:58:20,838 ] 108 root - INFO - Converting datatypes
[ 2026-05-25 23:58:20,839 ] 125 root - INFO - Datatype conversion completed
[ 2026-05-25 23:58:20,839 ] 139 root - INFO - Handling missing values
[ 2026-05-25 23:58:20,842 ] 156 root - INFO - Missing value handling completed from (66, 5) to (63, 5)
[ 2026-05-25 23:58:20,842 ] 174 root - INFO - Removing duplicates
[ 2026-05-25 23:58:20,843 ] 188 root - INFO - Duplicates removed from (63, 5) to (63, 5)
[ 2026-05-25 23:58:20,843 ] 208 root - INFO - Filtering valid years
[ 2026-05-25 23:58:20,844 ] 217 root - INFO - Year filtering completed
[ 2026-05-25 23:58:20,844 ] 231 root - INFO - Sorting dataframe
[ 2026-05-25 23:58:20,846 ] 242 root - INFO - Sorting completed
[ 2026-05-25 23:58:20,847 ] 432 root - INFO - Preprocessing pipeline completed
[ 2026-05-25 23:58:20,851 ] 382 root - INFO - Processed dataframe saved at artifacts\data_processing\processed_data\population_density_data.csv
[ 2026-05-25 23:58:20,853 ] 354 root - INFO - Metadata saved at artifacts\data_processing\metadata\population_density_metadata.json
[ 2026-05-25 23:58:20,853 ] 484 root - INFO - Population_Density processing completed
[ 2026-05-25 23:58:20,855 ] 22 root - INFO - Loading data from artifacts\data_ingestion\raw_data\urbanization_raw.csv
[ 2026-05-25 23:58:20,860 ] 26 root - INFO - Data loaded successfully
[ 2026-05-25 23:58:20,860 ] 396 root - INFO - Starting preprocessing pipeline
[ 2026-05-25 23:58:20,860 ] 53 root - INFO - Schema validation successful
[ 2026-05-25 23:58:20,860 ] 65 root - INFO - Standardizing columns
[ 2026-05-25 23:58:20,862 ] 94 root - INFO - Column standardization completed
[ 2026-05-25 23:58:20,862 ] 108 root - INFO - Converting datatypes
[ 2026-05-25 23:58:20,863 ] 125 root - INFO - Datatype conversion completed
[ 2026-05-25 23:58:20,863 ] 139 root - INFO - Handling missing values
[ 2026-05-25 23:58:20,868 ] 156 root - INFO - Missing value handling completed from (66, 5) to (65, 5)
[ 2026-05-25 23:58:20,868 ] 174 root - INFO - Removing duplicates
[ 2026-05-25 23:58:20,869 ] 188 root - INFO - Duplicates removed from (65, 5) to (65, 5)
[ 2026-05-25 23:58:20,869 ] 208 root - INFO - Filtering valid years
[ 2026-05-25 23:58:20,870 ] 217 root - INFO - Year filtering completed
[ 2026-05-25 23:58:20,872 ] 231 root - INFO - Sorting dataframe
[ 2026-05-25 23:58:20,875 ] 242 root - INFO - Sorting completed
[ 2026-05-25 23:58:20,877 ] 432 root - INFO - Preprocessing pipeline completed
[ 2026-05-25 23:58:20,881 ] 382 root - INFO - Processed dataframe saved at artifacts\data_processing\processed_data\urbanization_data.csv
[ 2026-05-25 23:58:20,884 ] 354 root - INFO - Metadata saved at artifacts\data_processing\metadata\urbanization_metadata.json
[ 2026-05-25 23:58:20,884 ] 484 root - INFO - Urbanization processing completed
[ 2026-05-25 23:58:20,886 ] 22 root - INFO - Loading data from artifacts\data_ingestion\raw_data\birth_rate_raw.csv
[ 2026-05-25 23:58:20,891 ] 26 root - INFO - Data loaded successfully
[ 2026-05-25 23:58:20,891 ] 396 root - INFO - Starting preprocessing pipeline
[ 2026-05-25 23:58:20,891 ] 53 root - INFO - Schema validation successful
[ 2026-05-25 23:58:20,891 ] 65 root - INFO - Standardizing columns
[ 2026-05-25 23:58:20,895 ] 94 root - INFO - Column standardization completed
[ 2026-05-25 23:58:20,895 ] 108 root - INFO - Converting datatypes
[ 2026-05-25 23:58:20,895 ] 125 root - INFO - Datatype conversion completed
[ 2026-05-25 23:58:20,895 ] 139 root - INFO - Handling missing values
[ 2026-05-25 23:58:20,899 ] 156 root - INFO - Missing value handling completed from (66, 5) to (65, 5)
[ 2026-05-25 23:58:20,899 ] 174 root - INFO - Removing duplicates
[ 2026-05-25 23:58:20,900 ] 188 root - INFO - Duplicates removed from (65, 5) to (65, 5)
[ 2026-05-25 23:58:20,900 ] 208 root - INFO - Filtering valid years
[ 2026-05-25 23:58:20,901 ] 217 root - INFO - Year filtering completed
[ 2026-05-25 23:58:20,901 ] 231 root - INFO - Sorting dataframe
[ 2026-05-25 23:58:20,904 ] 242 root - INFO - Sorting completed
[ 2026-05-25 23:58:20,905 ] 432 root - INFO - Preprocessing pipeline completed
[ 2026-05-25 23:58:20,909 ] 382 root - INFO - Processed dataframe saved at artifacts\data_processing\processed_data\birth_rate_data.csv
[ 2026-05-25 23:58:20,911 ] 354 root - INFO - Metadata saved at artifacts\data_processing\metadata\birth_rate_metadata.json
[ 2026-05-25 23:58:20,911 ] 484 root - INFO - Birth_Rate processing completed
[ 2026-05-25 23:58:20,913 ] 22 root - INFO - Loading data from artifacts\data_ingestion\raw_data\death_rate_raw.csv
[ 2026-05-25 23:58:20,918 ] 26 root - INFO - Data loaded successfully
[ 2026-05-25 23:58:20,918 ] 396 root - INFO - Starting preprocessing pipeline
[ 2026-05-25 23:58:20,918 ] 53 root - INFO - Schema validation successful
[ 2026-05-25 23:58:20,918 ] 65 root - INFO - Standardizing columns
[ 2026-05-25 23:58:20,921 ] 94 root - INFO - Column standardization completed
[ 2026-05-25 23:58:20,921 ] 108 root - INFO - Converting datatypes
[ 2026-05-25 23:58:20,922 ] 125 root - INFO - Datatype conversion completed
[ 2026-05-25 23:58:20,922 ] 139 root - INFO - Handling missing values
[ 2026-05-25 23:58:20,926 ] 156 root - INFO - Missing value handling completed from (66, 5) to (65, 5)
[ 2026-05-25 23:58:20,926 ] 174 root - INFO - Removing duplicates
[ 2026-05-25 23:58:20,928 ] 188 root - INFO - Duplicates removed from (65, 5) to (65, 5)
[ 2026-05-25 23:58:20,929 ] 208 root - INFO - Filtering valid years
[ 2026-05-25 23:58:20,930 ] 217 root - INFO - Year filtering completed
[ 2026-05-25 23:58:20,930 ] 231 root - INFO - Sorting dataframe
[ 2026-05-25 23:58:20,932 ] 242 root - INFO - Sorting completed
[ 2026-05-25 23:58:20,934 ] 432 root - INFO - Preprocessing pipeline completed
[ 2026-05-25 23:58:20,938 ] 382 root - INFO - Processed dataframe saved at artifacts\data_processing\processed_data\death_rate_data.csv
[ 2026-05-25 23:58:20,939 ] 354 root - INFO - Metadata saved at artifacts\data_processing\metadata\death_rate_metadata.json
[ 2026-05-25 23:58:20,940 ] 484 root - INFO - Death_Rate processing completed
[ 2026-05-25 23:58:20,941 ] 22 root - INFO - Loading data from artifacts\data_ingestion\raw_data\life_expectancy_raw.csv
[ 2026-05-25 23:58:20,946 ] 26 root - INFO - Data loaded successfully
[ 2026-05-25 23:58:20,946 ] 396 root - INFO - Starting preprocessing pipeline
[ 2026-05-25 23:58:20,946 ] 53 root - INFO - Schema validation successful
[ 2026-05-25 23:58:20,946 ] 65 root - INFO - Standardizing columns
[ 2026-05-25 23:58:20,949 ] 94 root - INFO - Column standardization completed
[ 2026-05-25 23:58:20,949 ] 108 root - INFO - Converting datatypes
[ 2026-05-25 23:58:20,950 ] 125 root - INFO - Datatype conversion completed
[ 2026-05-25 23:58:20,950 ] 139 root - INFO - Handling missing values
[ 2026-05-25 23:58:20,953 ] 156 root - INFO - Missing value handling completed from (66, 5) to (65, 5)
[ 2026-05-25 23:58:20,953 ] 174 root - INFO - Removing duplicates
[ 2026-05-25 23:58:20,955 ] 188 root - INFO - Duplicates removed from (65, 5) to (65, 5)
[ 2026-05-25 23:58:20,955 ] 208 root - INFO - Filtering valid years
[ 2026-05-25 23:58:20,956 ] 217 root - INFO - Year filtering completed
[ 2026-05-25 23:58:20,956 ] 231 root - INFO - Sorting dataframe
[ 2026-05-25 23:58:20,958 ] 242 root - INFO - Sorting completed
[ 2026-05-25 23:58:20,960 ] 432 root - INFO - Preprocessing pipeline completed
[ 2026-05-25 23:58:20,963 ] 382 root - INFO - Processed dataframe saved at artifacts\data_processing\processed_data\life_expectancy_data.csv
[ 2026-05-25 23:58:20,965 ] 354 root - INFO - Metadata saved at artifacts\data_processing\metadata\life_expectancy_metadata.json
[ 2026-05-25 23:58:20,965 ] 484 root - INFO - Life_Expectancy processing completed
[ 2026-05-25 23:58:20,966 ] 22 root - INFO - Loading data from artifacts\data_ingestion\raw_data\literacy_rate_raw.csv
[ 2026-05-25 23:58:20,971 ] 26 root - INFO - Data loaded successfully
[ 2026-05-25 23:58:20,972 ] 396 root - INFO - Starting preprocessing pipeline
[ 2026-05-25 23:58:20,972 ] 53 root - INFO - Schema validation successful
[ 2026-05-25 23:58:20,972 ] 65 root - INFO - Standardizing columns
[ 2026-05-25 23:58:20,974 ] 94 root - INFO - Column standardization completed
[ 2026-05-25 23:58:20,974 ] 108 root - INFO - Converting datatypes
[ 2026-05-25 23:58:20,975 ] 125 root - INFO - Datatype conversion completed
[ 2026-05-25 23:58:20,975 ] 139 root - INFO - Handling missing values
[ 2026-05-25 23:58:20,978 ] 156 root - INFO - Missing value handling completed from (66, 5) to (14, 5)
[ 2026-05-25 23:58:20,978 ] 174 root - INFO - Removing duplicates
[ 2026-05-25 23:58:20,980 ] 188 root - INFO - Duplicates removed from (14, 5) to (14, 5)
[ 2026-05-25 23:58:20,980 ] 208 root - INFO - Filtering valid years
[ 2026-05-25 23:58:20,980 ] 217 root - INFO - Year filtering completed
[ 2026-05-25 23:58:20,981 ] 231 root - INFO - Sorting dataframe
[ 2026-05-25 23:58:20,982 ] 242 root - INFO - Sorting completed
[ 2026-05-25 23:58:20,984 ] 432 root - INFO - Preprocessing pipeline completed
[ 2026-05-25 23:58:20,987 ] 382 root - INFO - Processed dataframe saved at artifacts\data_processing\processed_data\literacy_rate_data.csv
[ 2026-05-25 23:58:20,988 ] 354 root - INFO - Metadata saved at artifacts\data_processing\metadata\literacy_rate_metadata.json
[ 2026-05-25 23:58:20,989 ] 484 root - INFO - Literacy_Rate processing completed
[ 2026-05-25 23:58:20,991 ] 22 root - INFO - Loading data from artifacts\data_ingestion\raw_data\exports_raw.csv
[ 2026-05-25 23:58:20,994 ] 26 root - INFO - Data loaded successfully
[ 2026-05-25 23:58:20,994 ] 396 root - INFO - Starting preprocessing pipeline
[ 2026-05-25 23:58:20,994 ] 53 root - INFO - Schema validation successful
[ 2026-05-25 23:58:20,994 ] 65 root - INFO - Standardizing columns
[ 2026-05-25 23:58:20,996 ] 94 root - INFO - Column standardization completed
[ 2026-05-25 23:58:20,996 ] 108 root - INFO - Converting datatypes
[ 2026-05-25 23:58:20,997 ] 125 root - INFO - Datatype conversion completed
[ 2026-05-25 23:58:20,997 ] 139 root - INFO - Handling missing values
[ 2026-05-25 23:58:21,001 ] 156 root - INFO - Missing value handling completed from (66, 5) to (65, 5)
[ 2026-05-25 23:58:21,001 ] 174 root - INFO - Removing duplicates
[ 2026-05-25 23:58:21,002 ] 188 root - INFO - Duplicates removed from (65, 5) to (65, 5)
[ 2026-05-25 23:58:21,002 ] 208 root - INFO - Filtering valid years
[ 2026-05-25 23:58:21,003 ] 217 root - INFO - Year filtering completed
[ 2026-05-25 23:58:21,003 ] 231 root - INFO - Sorting dataframe
[ 2026-05-25 23:58:21,006 ] 242 root - INFO - Sorting completed
[ 2026-05-25 23:58:21,007 ] 432 root - INFO - Preprocessing pipeline completed
[ 2026-05-25 23:58:21,010 ] 382 root - INFO - Processed dataframe saved at artifacts\data_processing\processed_data\exports_data.csv
[ 2026-05-25 23:58:21,011 ] 354 root - INFO - Metadata saved at artifacts\data_processing\metadata\exports_metadata.json
[ 2026-05-25 23:58:21,011 ] 484 root - INFO - Exports processing completed
[ 2026-05-25 23:58:21,013 ] 22 root - INFO - Loading data from artifacts\data_ingestion\raw_data\imports_raw.csv
[ 2026-05-25 23:58:21,017 ] 26 root - INFO - Data loaded successfully
[ 2026-05-25 23:58:21,017 ] 396 root - INFO - Starting preprocessing pipeline
[ 2026-05-25 23:58:21,017 ] 53 root - INFO - Schema validation successful
[ 2026-05-25 23:58:21,017 ] 65 root - INFO - Standardizing columns
[ 2026-05-25 23:58:21,019 ] 94 root - INFO - Column standardization completed
[ 2026-05-25 23:58:21,019 ] 108 root - INFO - Converting datatypes
[ 2026-05-25 23:58:21,020 ] 125 root - INFO - Datatype conversion completed
[ 2026-05-25 23:58:21,021 ] 139 root - INFO - Handling missing values
[ 2026-05-25 23:58:21,024 ] 156 root - INFO - Missing value handling completed from (66, 5) to (65, 5)
[ 2026-05-25 23:58:21,024 ] 174 root - INFO - Removing duplicates
[ 2026-05-25 23:58:21,025 ] 188 root - INFO - Duplicates removed from (65, 5) to (65, 5)
[ 2026-05-25 23:58:21,026 ] 208 root - INFO - Filtering valid years
[ 2026-05-25 23:58:21,026 ] 217 root - INFO - Year filtering completed
[ 2026-05-25 23:58:21,026 ] 231 root - INFO - Sorting dataframe
[ 2026-05-25 23:58:21,029 ] 242 root - INFO - Sorting completed
[ 2026-05-25 23:58:21,030 ] 432 root - INFO - Preprocessing pipeline completed
[ 2026-05-25 23:58:21,033 ] 382 root - INFO - Processed dataframe saved at artifacts\data_processing\processed_data\imports_data.csv
[ 2026-05-25 23:58:21,035 ] 354 root - INFO - Metadata saved at artifacts\data_processing\metadata\imports_metadata.json
[ 2026-05-25 23:58:21,035 ] 484 root - INFO - Imports processing completed
[ 2026-05-25 23:58:21,036 ] 22 root - INFO - Loading data from artifacts\data_ingestion\raw_data\trade_percent_gdp_raw.csv
[ 2026-05-25 23:58:21,041 ] 26 root - INFO - Data loaded successfully
[ 2026-05-25 23:58:21,041 ] 396 root - INFO - Starting preprocessing pipeline
[ 2026-05-25 23:58:21,042 ] 53 root - INFO - Schema validation successful
[ 2026-05-25 23:58:21,042 ] 65 root - INFO - Standardizing columns
[ 2026-05-25 23:58:21,043 ] 94 root - INFO - Column standardization completed
[ 2026-05-25 23:58:21,043 ] 108 root - INFO - Converting datatypes
[ 2026-05-25 23:58:21,044 ] 125 root - INFO - Datatype conversion completed
[ 2026-05-25 23:58:21,044 ] 139 root - INFO - Handling missing values
[ 2026-05-25 23:58:21,048 ] 156 root - INFO - Missing value handling completed from (66, 5) to (65, 5)
[ 2026-05-25 23:58:21,049 ] 174 root - INFO - Removing duplicates
[ 2026-05-25 23:58:21,050 ] 188 root - INFO - Duplicates removed from (65, 5) to (65, 5)
[ 2026-05-25 23:58:21,051 ] 208 root - INFO - Filtering valid years
[ 2026-05-25 23:58:21,052 ] 217 root - INFO - Year filtering completed
[ 2026-05-25 23:58:21,052 ] 231 root - INFO - Sorting dataframe
[ 2026-05-25 23:58:21,056 ] 242 root - INFO - Sorting completed
[ 2026-05-25 23:58:21,058 ] 432 root - INFO - Preprocessing pipeline completed
[ 2026-05-25 23:58:21,063 ] 382 root - INFO - Processed dataframe saved at artifacts\data_processing\processed_data\trade_percent_gdp_data.csv
[ 2026-05-25 23:58:21,065 ] 354 root - INFO - Metadata saved at artifacts\data_processing\metadata\trade_percent_gdp_metadata.json
[ 2026-05-25 23:58:21,065 ] 484 root - INFO - Trade_Percent_GDP processing completed
[ 2026-05-25 23:58:21,066 ] 22 root - INFO - Loading data from artifacts\data_ingestion\raw_data\high_tech_exports_raw.csv
[ 2026-05-25 23:58:21,072 ] 26 root - INFO - Data loaded successfully
[ 2026-05-25 23:58:21,073 ] 396 root - INFO - Starting preprocessing pipeline
[ 2026-05-25 23:58:21,073 ] 53 root - INFO - Schema validation successful
[ 2026-05-25 23:58:21,073 ] 65 root - INFO - Standardizing columns
[ 2026-05-25 23:58:21,076 ] 94 root - INFO - Column standardization completed
[ 2026-05-25 23:58:21,076 ] 108 root - INFO - Converting datatypes
[ 2026-05-25 23:58:21,077 ] 125 root - INFO - Datatype conversion completed
[ 2026-05-25 23:58:21,077 ] 139 root - INFO - Handling missing values
[ 2026-05-25 23:58:21,083 ] 156 root - INFO - Missing value handling completed from (66, 5) to (16, 5)
[ 2026-05-25 23:58:21,083 ] 174 root - INFO - Removing duplicates
[ 2026-05-25 23:58:21,086 ] 188 root - INFO - Duplicates removed from (16, 5) to (16, 5)
[ 2026-05-25 23:58:21,086 ] 208 root - INFO - Filtering valid years
[ 2026-05-25 23:58:21,088 ] 217 root - INFO - Year filtering completed
[ 2026-05-25 23:58:21,088 ] 231 root - INFO - Sorting dataframe
[ 2026-05-25 23:58:21,091 ] 242 root - INFO - Sorting completed
[ 2026-05-25 23:58:21,093 ] 432 root - INFO - Preprocessing pipeline completed
[ 2026-05-25 23:58:21,098 ] 382 root - INFO - Processed dataframe saved at artifacts\data_processing\processed_data\high_tech_exports_data.csv
[ 2026-05-25 23:58:21,101 ] 354 root - INFO - Metadata saved at artifacts\data_processing\metadata\high_tech_exports_metadata.json
[ 2026-05-25 23:58:21,101 ] 484 root - INFO - High_Tech_Exports processing completed
[ 2026-05-25 23:58:21,106 ] 22 root - INFO - Loading data from artifacts\data_ingestion\raw_data\internet_users_raw.csv
[ 2026-05-25 23:58:21,114 ] 26 root - INFO - Data loaded successfully
[ 2026-05-25 23:58:21,114 ] 396 root - INFO - Starting preprocessing pipeline
[ 2026-05-25 23:58:21,115 ] 53 root - INFO - Schema validation successful
[ 2026-05-25 23:58:21,115 ] 65 root - INFO - Standardizing columns
[ 2026-05-25 23:58:21,120 ] 94 root - INFO - Column standardization completed
[ 2026-05-25 23:58:21,120 ] 108 root - INFO - Converting datatypes
[ 2026-05-25 23:58:21,122 ] 125 root - INFO - Datatype conversion completed
[ 2026-05-25 23:58:21,123 ] 139 root - INFO - Handling missing values
[ 2026-05-25 23:58:21,131 ] 156 root - INFO - Missing value handling completed from (66, 5) to (35, 5)
[ 2026-05-25 23:58:21,131 ] 174 root - INFO - Removing duplicates
[ 2026-05-25 23:58:21,135 ] 188 root - INFO - Duplicates removed from (35, 5) to (35, 5)
[ 2026-05-25 23:58:21,135 ] 208 root - INFO - Filtering valid years
[ 2026-05-25 23:58:21,137 ] 217 root - INFO - Year filtering completed
[ 2026-05-25 23:58:21,138 ] 231 root - INFO - Sorting dataframe
[ 2026-05-25 23:58:21,143 ] 242 root - INFO - Sorting completed
[ 2026-05-25 23:58:21,145 ] 432 root - INFO - Preprocessing pipeline completed
[ 2026-05-25 23:58:21,151 ] 382 root - INFO - Processed dataframe saved at artifacts\data_processing\processed_data\internet_users_data.csv
[ 2026-05-25 23:58:21,156 ] 354 root - INFO - Metadata saved at artifacts\data_processing\metadata\internet_users_metadata.json
[ 2026-05-25 23:58:21,156 ] 484 root - INFO - Internet_Users processing completed
[ 2026-05-25 23:58:21,160 ] 22 root - INFO - Loading data from artifacts\data_ingestion\raw_data\mobile_subscriptions_raw.csv
[ 2026-05-25 23:58:21,167 ] 26 root - INFO - Data loaded successfully
[ 2026-05-25 23:58:21,167 ] 396 root - INFO - Starting preprocessing pipeline
[ 2026-05-25 23:58:21,167 ] 53 root - INFO - Schema validation successful
[ 2026-05-25 23:58:21,168 ] 65 root - INFO - Standardizing columns
[ 2026-05-25 23:58:21,173 ] 94 root - INFO - Column standardization completed
[ 2026-05-25 23:58:21,173 ] 108 root - INFO - Converting datatypes
[ 2026-05-25 23:58:21,175 ] 125 root - INFO - Datatype conversion completed
[ 2026-05-25 23:58:21,175 ] 139 root - INFO - Handling missing values
[ 2026-05-25 23:58:21,183 ] 156 root - INFO - Missing value handling completed from (66, 5) to (53, 5)
[ 2026-05-25 23:58:21,183 ] 174 root - INFO - Removing duplicates
[ 2026-05-25 23:58:21,187 ] 188 root - INFO - Duplicates removed from (53, 5) to (53, 5)
[ 2026-05-25 23:58:21,189 ] 208 root - INFO - Filtering valid years
[ 2026-05-25 23:58:21,190 ] 217 root - INFO - Year filtering completed
[ 2026-05-25 23:58:21,191 ] 231 root - INFO - Sorting dataframe
[ 2026-05-25 23:58:21,194 ] 242 root - INFO - Sorting completed
[ 2026-05-25 23:58:21,196 ] 432 root - INFO - Preprocessing pipeline completed
[ 2026-05-25 23:58:21,205 ] 382 root - INFO - Processed dataframe saved at artifacts\data_processing\processed_data\mobile_subscriptions_data.csv
[ 2026-05-25 23:58:21,208 ] 354 root - INFO - Metadata saved at artifacts\data_processing\metadata\mobile_subscriptions_metadata.json
[ 2026-05-25 23:58:21,208 ] 484 root - INFO - Mobile_Subscriptions processing completed
[ 2026-05-25 23:58:21,211 ] 22 root - INFO - Loading data from artifacts\data_ingestion\raw_data\broadband_subscriptions_raw.csv
[ 2026-05-25 23:58:21,217 ] 26 root - INFO - Data loaded successfully
[ 2026-05-25 23:58:21,217 ] 396 root - INFO - Starting preprocessing pipeline
[ 2026-05-25 23:58:21,217 ] 53 root - INFO - Schema validation successful
[ 2026-05-25 23:58:21,217 ] 65 root - INFO - Standardizing columns
[ 2026-05-25 23:58:21,221 ] 94 root - INFO - Column standardization completed
[ 2026-05-25 23:58:21,221 ] 108 root - INFO - Converting datatypes
[ 2026-05-25 23:58:21,223 ] 125 root - INFO - Datatype conversion completed
[ 2026-05-25 23:58:21,223 ] 139 root - INFO - Handling missing values
[ 2026-05-25 23:58:21,229 ] 156 root - INFO - Missing value handling completed from (66, 5) to (24, 5)
[ 2026-05-25 23:58:21,231 ] 174 root - INFO - Removing duplicates
[ 2026-05-25 23:58:21,232 ] 188 root - INFO - Duplicates removed from (24, 5) to (24, 5)
[ 2026-05-25 23:58:21,233 ] 208 root - INFO - Filtering valid years
[ 2026-05-25 23:58:21,233 ] 217 root - INFO - Year filtering completed
[ 2026-05-25 23:58:21,234 ] 231 root - INFO - Sorting dataframe
[ 2026-05-25 23:58:21,237 ] 242 root - INFO - Sorting completed
[ 2026-05-25 23:58:21,239 ] 432 root - INFO - Preprocessing pipeline completed
[ 2026-05-25 23:58:21,243 ] 382 root - INFO - Processed dataframe saved at artifacts\data_processing\processed_data\broadband_subscriptions_data.csv
[ 2026-05-25 23:58:21,245 ] 354 root - INFO - Metadata saved at artifacts\data_processing\metadata\broadband_subscriptions_metadata.json
[ 2026-05-25 23:58:21,245 ] 484 root - INFO - Broadband_Subscriptions processing completed
[ 2026-05-25 23:58:21,247 ] 22 root - INFO - Loading data from artifacts\data_ingestion\raw_data\secure_servers_raw.csv
[ 2026-05-25 23:58:21,251 ] 26 root - INFO - Data loaded successfully
[ 2026-05-25 23:58:21,251 ] 396 root - INFO - Starting preprocessing pipeline
[ 2026-05-25 23:58:21,252 ] 53 root - INFO - Schema validation successful
[ 2026-05-25 23:58:21,252 ] 65 root - INFO - Standardizing columns
[ 2026-05-25 23:58:21,256 ] 94 root - INFO - Column standardization completed
[ 2026-05-25 23:58:21,256 ] 108 root - INFO - Converting datatypes
[ 2026-05-25 23:58:21,257 ] 125 root - INFO - Datatype conversion completed
[ 2026-05-25 23:58:21,257 ] 139 root - INFO - Handling missing values
[ 2026-05-25 23:58:21,261 ] 156 root - INFO - Missing value handling completed from (66, 5) to (15, 5)
[ 2026-05-25 23:58:21,261 ] 174 root - INFO - Removing duplicates
[ 2026-05-25 23:58:21,262 ] 188 root - INFO - Duplicates removed from (15, 5) to (15, 5)
[ 2026-05-25 23:58:21,262 ] 208 root - INFO - Filtering valid years
[ 2026-05-25 23:58:21,263 ] 217 root - INFO - Year filtering completed
[ 2026-05-25 23:58:21,263 ] 231 root - INFO - Sorting dataframe
[ 2026-05-25 23:58:21,266 ] 242 root - INFO - Sorting completed
[ 2026-05-25 23:58:21,267 ] 432 root - INFO - Preprocessing pipeline completed
[ 2026-05-25 23:58:21,271 ] 382 root - INFO - Processed dataframe saved at artifacts\data_processing\processed_data\secure_servers_data.csv
[ 2026-05-25 23:58:21,272 ] 354 root - INFO - Metadata saved at artifacts\data_processing\metadata\secure_servers_metadata.json
[ 2026-05-25 23:58:21,273 ] 484 root - INFO - Secure_Servers processing completed
[ 2026-05-25 23:58:21,274 ] 22 root - INFO - Loading data from artifacts\data_ingestion\raw_data\rnd_expenditure_raw.csv
[ 2026-05-25 23:58:21,279 ] 26 root - INFO - Data loaded successfully
[ 2026-05-25 23:58:21,279 ] 396 root - INFO - Starting preprocessing pipeline
[ 2026-05-25 23:58:21,280 ] 53 root - INFO - Schema validation successful
[ 2026-05-25 23:58:21,280 ] 65 root - INFO - Standardizing columns
[ 2026-05-25 23:58:21,282 ] 94 root - INFO - Column standardization completed
[ 2026-05-25 23:58:21,282 ] 108 root - INFO - Converting datatypes
[ 2026-05-25 23:58:21,283 ] 125 root - INFO - Datatype conversion completed
[ 2026-05-25 23:58:21,283 ] 139 root - INFO - Handling missing values
[ 2026-05-25 23:58:21,286 ] 156 root - INFO - Missing value handling completed from (66, 5) to (25, 5)
[ 2026-05-25 23:58:21,286 ] 174 root - INFO - Removing duplicates
[ 2026-05-25 23:58:21,288 ] 188 root - INFO - Duplicates removed from (25, 5) to (25, 5)
[ 2026-05-25 23:58:21,289 ] 208 root - INFO - Filtering valid years
[ 2026-05-25 23:58:21,290 ] 217 root - INFO - Year filtering completed
[ 2026-05-25 23:58:21,290 ] 231 root - INFO - Sorting dataframe
[ 2026-05-25 23:58:21,292 ] 242 root - INFO - Sorting completed
[ 2026-05-25 23:58:21,293 ] 432 root - INFO - Preprocessing pipeline completed
[ 2026-05-25 23:58:21,296 ] 382 root - INFO - Processed dataframe saved at artifacts\data_processing\processed_data\rnd_expenditure_data.csv
[ 2026-05-25 23:58:21,298 ] 354 root - INFO - Metadata saved at artifacts\data_processing\metadata\rnd_expenditure_metadata.json
[ 2026-05-25 23:58:21,299 ] 484 root - INFO - RND_Expenditure processing completed
[ 2026-05-25 23:58:21,300 ] 22 root - INFO - Loading data from artifacts\data_ingestion\raw_data\air_pollution_raw.csv
[ 2026-05-25 23:58:21,305 ] 26 root - INFO - Data loaded successfully
[ 2026-05-25 23:58:21,305 ] 396 root - INFO - Starting preprocessing pipeline
[ 2026-05-25 23:58:21,306 ] 53 root - INFO - Schema validation successful
[ 2026-05-25 23:58:21,306 ] 65 root - INFO - Standardizing columns
[ 2026-05-25 23:58:21,308 ] 94 root - INFO - Column standardization completed
[ 2026-05-25 23:58:21,308 ] 108 root - INFO - Converting datatypes
[ 2026-05-25 23:58:21,309 ] 125 root - INFO - Datatype conversion completed
[ 2026-05-25 23:58:21,309 ] 139 root - INFO - Handling missing values
[ 2026-05-25 23:58:21,313 ] 156 root - INFO - Missing value handling completed from (66, 5) to (31, 5)
[ 2026-05-25 23:58:21,313 ] 174 root - INFO - Removing duplicates
[ 2026-05-25 23:58:21,315 ] 188 root - INFO - Duplicates removed from (31, 5) to (31, 5)
[ 2026-05-25 23:58:21,315 ] 208 root - INFO - Filtering valid years
[ 2026-05-25 23:58:21,316 ] 217 root - INFO - Year filtering completed
[ 2026-05-25 23:58:21,316 ] 231 root - INFO - Sorting dataframe
[ 2026-05-25 23:58:21,318 ] 242 root - INFO - Sorting completed
[ 2026-05-25 23:58:21,320 ] 432 root - INFO - Preprocessing pipeline completed
[ 2026-05-25 23:58:21,325 ] 382 root - INFO - Processed dataframe saved at artifacts\data_processing\processed_data\air_pollution_data.csv
[ 2026-05-25 23:58:21,327 ] 354 root - INFO - Metadata saved at artifacts\data_processing\metadata\air_pollution_metadata.json
[ 2026-05-25 23:58:21,327 ] 484 root - INFO - Air_Pollution processing completed
[ 2026-05-25 23:58:21,329 ] 22 root - INFO - Loading data from artifacts\data_ingestion\raw_data\forest_area_raw.csv
[ 2026-05-25 23:58:21,333 ] 26 root - INFO - Data loaded successfully
[ 2026-05-25 23:58:21,333 ] 396 root - INFO - Starting preprocessing pipeline
[ 2026-05-25 23:58:21,334 ] 53 root - INFO - Schema validation successful
[ 2026-05-25 23:58:21,334 ] 65 root - INFO - Standardizing columns
[ 2026-05-25 23:58:21,336 ] 94 root - INFO - Column standardization completed
[ 2026-05-25 23:58:21,336 ] 108 root - INFO - Converting datatypes
[ 2026-05-25 23:58:21,337 ] 125 root - INFO - Datatype conversion completed
[ 2026-05-25 23:58:21,337 ] 139 root - INFO - Handling missing values
[ 2026-05-25 23:58:21,343 ] 156 root - INFO - Missing value handling completed from (66, 5) to (34, 5)
[ 2026-05-25 23:58:21,343 ] 174 root - INFO - Removing duplicates
[ 2026-05-25 23:58:21,345 ] 188 root - INFO - Duplicates removed from (34, 5) to (34, 5)
[ 2026-05-25 23:58:21,345 ] 208 root - INFO - Filtering valid years
[ 2026-05-25 23:58:21,346 ] 217 root - INFO - Year filtering completed
[ 2026-05-25 23:58:21,346 ] 231 root - INFO - Sorting dataframe
[ 2026-05-25 23:58:21,349 ] 242 root - INFO - Sorting completed
[ 2026-05-25 23:58:21,350 ] 432 root - INFO - Preprocessing pipeline completed
[ 2026-05-25 23:58:21,355 ] 382 root - INFO - Processed dataframe saved at artifacts\data_processing\processed_data\forest_area_data.csv
[ 2026-05-25 23:58:21,357 ] 354 root - INFO - Metadata saved at artifacts\data_processing\metadata\forest_area_metadata.json
[ 2026-05-25 23:58:21,357 ] 484 root - INFO - Forest_Area processing completed
[ 2026-05-25 23:58:21,360 ] 22 root - INFO - Loading data from artifacts\data_ingestion\raw_data\renewable_energy_raw.csv
[ 2026-05-25 23:58:21,366 ] 26 root - INFO - Data loaded successfully
[ 2026-05-25 23:58:21,366 ] 396 root - INFO - Starting preprocessing pipeline
[ 2026-05-25 23:58:21,367 ] 53 root - INFO - Schema validation successful
[ 2026-05-25 23:58:21,367 ] 65 root - INFO - Standardizing columns
[ 2026-05-25 23:58:21,373 ] 94 root - INFO - Column standardization completed
[ 2026-05-25 23:58:21,374 ] 108 root - INFO - Converting datatypes
[ 2026-05-25 23:58:21,375 ] 125 root - INFO - Datatype conversion completed
[ 2026-05-25 23:58:21,375 ] 139 root - INFO - Handling missing values
[ 2026-05-25 23:58:21,382 ] 156 root - INFO - Missing value handling completed from (66, 5) to (32, 5)
[ 2026-05-25 23:58:21,382 ] 174 root - INFO - Removing duplicates
[ 2026-05-25 23:58:21,385 ] 188 root - INFO - Duplicates removed from (32, 5) to (32, 5)
[ 2026-05-25 23:58:21,385 ] 208 root - INFO - Filtering valid years
[ 2026-05-25 23:58:21,386 ] 217 root - INFO - Year filtering completed
[ 2026-05-25 23:58:21,387 ] 231 root - INFO - Sorting dataframe
[ 2026-05-25 23:58:21,390 ] 242 root - INFO - Sorting completed
[ 2026-05-25 23:58:21,393 ] 432 root - INFO - Preprocessing pipeline completed
[ 2026-05-25 23:58:21,399 ] 382 root - INFO - Processed dataframe saved at artifacts\data_processing\processed_data\renewable_energy_data.csv
[ 2026-05-25 23:58:21,401 ] 354 root - INFO - Metadata saved at artifacts\data_processing\metadata\renewable_energy_metadata.json
[ 2026-05-25 23:58:21,401 ] 484 root - INFO - Renewable_Energy processing completed
[ 2026-05-25 23:58:21,404 ] 22 root - INFO - Loading data from artifacts\data_ingestion\raw_data\electricity_access_raw.csv
[ 2026-05-25 23:58:21,411 ] 26 root - INFO - Data loaded successfully
[ 2026-05-25 23:58:21,411 ] 396 root - INFO - Starting preprocessing pipeline
[ 2026-05-25 23:58:21,411 ] 53 root - INFO - Schema validation successful
[ 2026-05-25 23:58:21,411 ] 65 root - INFO - Standardizing columns
[ 2026-05-25 23:58:21,414 ] 94 root - INFO - Column standardization completed
[ 2026-05-25 23:58:21,414 ] 108 root - INFO - Converting datatypes
[ 2026-05-25 23:58:21,415 ] 125 root - INFO - Datatype conversion completed
[ 2026-05-25 23:58:21,415 ] 139 root - INFO - Handling missing values
[ 2026-05-25 23:58:21,420 ] 156 root - INFO - Missing value handling completed from (66, 5) to (31, 5)
[ 2026-05-25 23:58:21,420 ] 174 root - INFO - Removing duplicates
[ 2026-05-25 23:58:21,424 ] 188 root - INFO - Duplicates removed from (31, 5) to (31, 5)
[ 2026-05-25 23:58:21,424 ] 208 root - INFO - Filtering valid years
[ 2026-05-25 23:58:21,425 ] 217 root - INFO - Year filtering completed
[ 2026-05-25 23:58:21,425 ] 231 root - INFO - Sorting dataframe
[ 2026-05-25 23:58:21,428 ] 242 root - INFO - Sorting completed
[ 2026-05-25 23:58:21,430 ] 432 root - INFO - Preprocessing pipeline completed
[ 2026-05-25 23:58:21,435 ] 382 root - INFO - Processed dataframe saved at artifacts\data_processing\processed_data\electricity_access_data.csv
[ 2026-05-25 23:58:21,438 ] 354 root - INFO - Metadata saved at artifacts\data_processing\metadata\electricity_access_metadata.json
[ 2026-05-25 23:58:21,438 ] 484 root - INFO - Electricity_Access processing completed
[ 2026-05-25 23:58:21,440 ] 22 root - INFO - Loading data from artifacts\data_ingestion\raw_data\agriculture_raw.csv
[ 2026-05-25 23:58:21,449 ] 26 root - INFO - Data loaded successfully
[ 2026-05-25 23:58:21,449 ] 396 root - INFO - Starting preprocessing pipeline
[ 2026-05-25 23:58:21,450 ] 53 root - INFO - Schema validation successful
[ 2026-05-25 23:58:21,450 ] 65 root - INFO - Standardizing columns
[ 2026-05-25 23:58:21,454 ] 94 root - INFO - Column standardization completed
[ 2026-05-25 23:58:21,455 ] 108 root - INFO - Converting datatypes
[ 2026-05-25 23:58:21,456 ] 125 root - INFO - Datatype conversion completed
[ 2026-05-25 23:58:21,457 ] 139 root - INFO - Handling missing values
[ 2026-05-25 23:58:21,464 ] 156 root - INFO - Missing value handling completed from (66, 5) to (65, 5)
[ 2026-05-25 23:58:21,464 ] 174 root - INFO - Removing duplicates
[ 2026-05-25 23:58:21,467 ] 188 root - INFO - Duplicates removed from (65, 5) to (65, 5)
[ 2026-05-25 23:58:21,467 ] 208 root - INFO - Filtering valid years
[ 2026-05-25 23:58:21,469 ] 217 root - INFO - Year filtering completed
[ 2026-05-25 23:58:21,469 ] 231 root - INFO - Sorting dataframe
[ 2026-05-25 23:58:21,473 ] 242 root - INFO - Sorting completed
[ 2026-05-25 23:58:21,477 ] 432 root - INFO - Preprocessing pipeline completed
[ 2026-05-25 23:58:21,484 ] 382 root - INFO - Processed dataframe saved at artifacts\data_processing\processed_data\agriculture_data.csv
[ 2026-05-25 23:58:21,485 ] 354 root - INFO - Metadata saved at artifacts\data_processing\metadata\agriculture_metadata.json
[ 2026-05-25 23:58:21,485 ] 484 root - INFO - Agriculture processing completed
[ 2026-05-25 23:58:21,490 ] 22 root - INFO - Loading data from artifacts\data_ingestion\raw_data\industry_raw.csv
[ 2026-05-25 23:58:21,496 ] 26 root - INFO - Data loaded successfully
[ 2026-05-25 23:58:21,497 ] 396 root - INFO - Starting preprocessing pipeline
[ 2026-05-25 23:58:21,497 ] 53 root - INFO - Schema validation successful
[ 2026-05-25 23:58:21,497 ] 65 root - INFO - Standardizing columns
[ 2026-05-25 23:58:21,501 ] 94 root - INFO - Column standardization completed
[ 2026-05-25 23:58:21,501 ] 108 root - INFO - Converting datatypes
[ 2026-05-25 23:58:21,503 ] 125 root - INFO - Datatype conversion completed
[ 2026-05-25 23:58:21,503 ] 139 root - INFO - Handling missing values
[ 2026-05-25 23:58:21,509 ] 156 root - INFO - Missing value handling completed from (66, 5) to (65, 5)
[ 2026-05-25 23:58:21,510 ] 174 root - INFO - Removing duplicates
[ 2026-05-25 23:58:21,513 ] 188 root - INFO - Duplicates removed from (65, 5) to (65, 5)
[ 2026-05-25 23:58:21,513 ] 208 root - INFO - Filtering valid years
[ 2026-05-25 23:58:21,514 ] 217 root - INFO - Year filtering completed
[ 2026-05-25 23:58:21,515 ] 231 root - INFO - Sorting dataframe
[ 2026-05-25 23:58:21,519 ] 242 root - INFO - Sorting completed
[ 2026-05-25 23:58:21,521 ] 432 root - INFO - Preprocessing pipeline completed
[ 2026-05-25 23:58:21,527 ] 382 root - INFO - Processed dataframe saved at artifacts\data_processing\processed_data\industry_data.csv
[ 2026-05-25 23:58:21,529 ] 354 root - INFO - Metadata saved at artifacts\data_processing\metadata\industry_metadata.json
[ 2026-05-25 23:58:21,529 ] 484 root - INFO - Industry processing completed
[ 2026-05-25 23:58:21,532 ] 22 root - INFO - Loading data from artifacts\data_ingestion\raw_data\services_raw.csv
[ 2026-05-25 23:58:21,539 ] 26 root - INFO - Data loaded successfully
[ 2026-05-25 23:58:21,540 ] 396 root - INFO - Starting preprocessing pipeline
[ 2026-05-25 23:58:21,540 ] 53 root - INFO - Schema validation successful
[ 2026-05-25 23:58:21,540 ] 65 root - INFO - Standardizing columns
[ 2026-05-25 23:58:21,544 ] 94 root - INFO - Column standardization completed
[ 2026-05-25 23:58:21,544 ] 108 root - INFO - Converting datatypes
[ 2026-05-25 23:58:21,545 ] 125 root - INFO - Datatype conversion completed
[ 2026-05-25 23:58:21,545 ] 139 root - INFO - Handling missing values
[ 2026-05-25 23:58:21,550 ] 156 root - INFO - Missing value handling completed from (66, 5) to (65, 5)
[ 2026-05-25 23:58:21,550 ] 174 root - INFO - Removing duplicates
[ 2026-05-25 23:58:21,552 ] 188 root - INFO - Duplicates removed from (65, 5) to (65, 5)
[ 2026-05-25 23:58:21,552 ] 208 root - INFO - Filtering valid years
[ 2026-05-25 23:58:21,555 ] 217 root - INFO - Year filtering completed
[ 2026-05-25 23:58:21,555 ] 231 root - INFO - Sorting dataframe
[ 2026-05-25 23:58:21,558 ] 242 root - INFO - Sorting completed
[ 2026-05-25 23:58:21,560 ] 432 root - INFO - Preprocessing pipeline completed
[ 2026-05-25 23:58:21,565 ] 382 root - INFO - Processed dataframe saved at artifacts\data_processing\processed_data\services_data.csv
[ 2026-05-25 23:58:21,567 ] 354 root - INFO - Metadata saved at artifacts\data_processing\metadata\services_metadata.json
[ 2026-05-25 23:58:21,567 ] 484 root - INFO - Services processing completed
[ 2026-05-25 23:58:21,568 ] 22 root - INFO - Loading data from artifacts\data_ingestion\raw_data\military_expenditure_raw.csv
[ 2026-05-25 23:58:21,574 ] 26 root - INFO - Data loaded successfully
[ 2026-05-25 23:58:21,574 ] 396 root - INFO - Starting preprocessing pipeline
[ 2026-05-25 23:58:21,575 ] 53 root - INFO - Schema validation successful
[ 2026-05-25 23:58:21,575 ] 65 root - INFO - Standardizing columns
[ 2026-05-25 23:58:21,577 ] 94 root - INFO - Column standardization completed
[ 2026-05-25 23:58:21,577 ] 108 root - INFO - Converting datatypes
[ 2026-05-25 23:58:21,578 ] 125 root - INFO - Datatype conversion completed
[ 2026-05-25 23:58:21,578 ] 139 root - INFO - Handling missing values
[ 2026-05-25 23:58:21,582 ] 156 root - INFO - Missing value handling completed from (66, 5) to (65, 5)
[ 2026-05-25 23:58:21,583 ] 174 root - INFO - Removing duplicates
[ 2026-05-25 23:58:21,584 ] 188 root - INFO - Duplicates removed from (65, 5) to (65, 5)
[ 2026-05-25 23:58:21,584 ] 208 root - INFO - Filtering valid years
[ 2026-05-25 23:58:21,586 ] 217 root - INFO - Year filtering completed
[ 2026-05-25 23:58:21,586 ] 231 root - INFO - Sorting dataframe
[ 2026-05-25 23:58:21,589 ] 242 root - INFO - Sorting completed
[ 2026-05-25 23:58:21,590 ] 432 root - INFO - Preprocessing pipeline completed
[ 2026-05-25 23:58:21,594 ] 382 root - INFO - Processed dataframe saved at artifacts\data_processing\processed_data\military_expenditure_data.csv
[ 2026-05-25 23:58:21,596 ] 354 root - INFO - Metadata saved at artifacts\data_processing\metadata\military_expenditure_metadata.json
[ 2026-05-25 23:58:21,596 ] 484 root - INFO - Military_Expenditure processing completed
[ 2026-05-25 23:58:21,598 ] 22 root - INFO - Loading data from artifacts\data_ingestion\raw_data\military_percent_gdp_raw.csv
[ 2026-05-25 23:58:21,603 ] 26 root - INFO - Data loaded successfully
[ 2026-05-25 23:58:21,603 ] 396 root - INFO - Starting preprocessing pipeline
[ 2026-05-25 23:58:21,603 ] 53 root - INFO - Schema validation successful
[ 2026-05-25 23:58:21,603 ] 65 root - INFO - Standardizing columns
[ 2026-05-25 23:58:21,607 ] 94 root - INFO - Column standardization completed
[ 2026-05-25 23:58:21,607 ] 108 root - INFO - Converting datatypes
[ 2026-05-25 23:58:21,608 ] 125 root - INFO - Datatype conversion completed
[ 2026-05-25 23:58:21,608 ] 139 root - INFO - Handling missing values
[ 2026-05-25 23:58:21,612 ] 156 root - INFO - Missing value handling completed from (66, 5) to (65, 5)
[ 2026-05-25 23:58:21,612 ] 174 root - INFO - Removing duplicates
[ 2026-05-25 23:58:21,614 ] 188 root - INFO - Duplicates removed from (65, 5) to (65, 5)
[ 2026-05-25 23:58:21,614 ] 208 root - INFO - Filtering valid years
[ 2026-05-25 23:58:21,615 ] 217 root - INFO - Year filtering completed
[ 2026-05-25 23:58:21,615 ] 231 root - INFO - Sorting dataframe
[ 2026-05-25 23:58:21,617 ] 242 root - INFO - Sorting completed
[ 2026-05-25 23:58:21,618 ] 432 root - INFO - Preprocessing pipeline completed
[ 2026-05-25 23:58:21,623 ] 382 root - INFO - Processed dataframe saved at artifacts\data_processing\processed_data\military_percent_gdp_data.csv
[ 2026-05-25 23:58:21,624 ] 354 root - INFO - Metadata saved at artifacts\data_processing\metadata\military_percent_gdp_metadata.json
[ 2026-05-25 23:58:21,624 ] 484 root - INFO - Military_Percent_GDP processing completed
[ 2026-05-25 23:58:21,627 ] 22 root - INFO - Loading data from artifacts\data_ingestion\raw_data\armed_forces_personnel_raw.csv
[ 2026-05-25 23:58:21,630 ] 26 root - INFO - Data loaded successfully
[ 2026-05-25 23:58:21,631 ] 396 root - INFO - Starting preprocessing pipeline
[ 2026-05-25 23:58:21,631 ] 53 root - INFO - Schema validation successful
[ 2026-05-25 23:58:21,631 ] 65 root - INFO - Standardizing columns
[ 2026-05-25 23:58:21,633 ] 94 root - INFO - Column standardization completed
[ 2026-05-25 23:58:21,633 ] 108 root - INFO - Converting datatypes
[ 2026-05-25 23:58:21,633 ] 125 root - INFO - Datatype conversion completed
[ 2026-05-25 23:58:21,634 ] 139 root - INFO - Handling missing values
[ 2026-05-25 23:58:21,639 ] 156 root - INFO - Missing value handling completed from (66, 5) to (33, 5)
[ 2026-05-25 23:58:21,639 ] 174 root - INFO - Removing duplicates
[ 2026-05-25 23:58:21,642 ] 188 root - INFO - Duplicates removed from (33, 5) to (33, 5)
[ 2026-05-25 23:58:21,642 ] 208 root - INFO - Filtering valid years
[ 2026-05-25 23:58:21,643 ] 217 root - INFO - Year filtering completed
[ 2026-05-25 23:58:21,643 ] 231 root - INFO - Sorting dataframe
[ 2026-05-25 23:58:21,646 ] 242 root - INFO - Sorting completed
[ 2026-05-25 23:58:21,648 ] 432 root - INFO - Preprocessing pipeline completed
[ 2026-05-25 23:58:21,652 ] 382 root - INFO - Processed dataframe saved at artifacts\data_processing\processed_data\armed_forces_personnel_data.csv
[ 2026-05-25 23:58:21,656 ] 354 root - INFO - Metadata saved at artifacts\data_processing\metadata\armed_forces_personnel_metadata.json
[ 2026-05-25 23:58:21,656 ] 484 root - INFO - Armed_Forces_Personnel processing completed
[ 2026-05-25 23:58:21,657 ] 46 root - INFO - Economy Section Processing Started
