[ 2026-05-26 01:13:13,246 ] 21 root - INFO - Data Ingestion Started
[ 2026-05-26 01:13:13,246 ] 41 root - INFO - Fetching gdp
[ 2026-05-26 01:13:13,479 ] 110 root - INFO - Saved gdp_raw.csv
[ 2026-05-26 01:13:13,479 ] 41 root - INFO - Fetching gdp_per_capita
[ 2026-05-26 01:13:13,559 ] 110 root - INFO - Saved gdp_per_capita_raw.csv
[ 2026-05-26 01:13:13,560 ] 41 root - INFO - Fetching population
[ 2026-05-26 01:13:13,647 ] 110 root - INFO - Saved population_raw.csv
[ 2026-05-26 01:13:13,647 ] 41 root - INFO - Fetching inflation
[ 2026-05-26 01:13:13,719 ] 110 root - INFO - Saved inflation_raw.csv
[ 2026-05-26 01:13:13,720 ] 41 root - INFO - Fetching unemployment
[ 2026-05-26 01:13:13,820 ] 110 root - INFO - Saved unemployment_raw.csv
[ 2026-05-26 01:13:13,820 ] 41 root - INFO - Fetching life_expectancy
[ 2026-05-26 01:13:13,903 ] 110 root - INFO - Saved life_expectancy_raw.csv
[ 2026-05-26 01:13:13,903 ] 41 root - INFO - Fetching exports
[ 2026-05-26 01:13:14,009 ] 110 root - INFO - Saved exports_raw.csv
[ 2026-05-26 01:13:14,009 ] 41 root - INFO - Fetching imports
[ 2026-05-26 01:13:14,086 ] 110 root - INFO - Saved imports_raw.csv
[ 2026-05-26 01:13:14,086 ] 41 root - INFO - Fetching forex_reserves
[ 2026-05-26 01:13:14,179 ] 110 root - INFO - Saved forex_reserves_raw.csv
[ 2026-05-26 01:13:14,179 ] 41 root - INFO - Fetching agriculture
[ 2026-05-26 01:13:14,248 ] 110 root - INFO - Saved agriculture_raw.csv
[ 2026-05-26 01:13:14,248 ] 41 root - INFO - Fetching industry
[ 2026-05-26 01:13:14,373 ] 110 root - INFO - Saved industry_raw.csv
[ 2026-05-26 01:13:14,373 ] 41 root - INFO - Fetching services
[ 2026-05-26 01:13:14,520 ] 110 root - INFO - Saved services_raw.csv
[ 2026-05-26 01:13:14,520 ] 41 root - INFO - Fetching trade_percent_gdp
[ 2026-05-26 01:13:14,615 ] 110 root - INFO - Saved trade_percent_gdp_raw.csv
[ 2026-05-26 01:13:14,615 ] 41 root - INFO - Fetching fdi
[ 2026-05-26 01:13:14,690 ] 110 root - INFO - Saved fdi_raw.csv
[ 2026-05-26 01:13:14,690 ] 41 root - INFO - Fetching interest_rate
[ 2026-05-26 01:13:14,782 ] 110 root - INFO - Saved interest_rate_raw.csv
[ 2026-05-26 01:13:14,782 ] 41 root - INFO - Fetching current_account_balance
[ 2026-05-26 01:13:14,880 ] 110 root - INFO - Saved current_account_balance_raw.csv
[ 2026-05-26 01:13:14,880 ] 41 root - INFO - Fetching population_growth
[ 2026-05-26 01:13:14,962 ] 110 root - INFO - Saved population_growth_raw.csv
[ 2026-05-26 01:13:14,962 ] 41 root - INFO - Fetching urbanization
[ 2026-05-26 01:13:15,032 ] 110 root - INFO - Saved urbanization_raw.csv
[ 2026-05-26 01:13:15,032 ] 41 root - INFO - Fetching birth_rate
[ 2026-05-26 01:13:15,155 ] 110 root - INFO - Saved birth_rate_raw.csv
[ 2026-05-26 01:13:15,155 ] 41 root - INFO - Fetching death_rate
[ 2026-05-26 01:13:15,236 ] 110 root - INFO - Saved death_rate_raw.csv
[ 2026-05-26 01:13:15,237 ] 41 root - INFO - Fetching population_density
[ 2026-05-26 01:13:15,308 ] 110 root - INFO - Saved population_density_raw.csv
[ 2026-05-26 01:13:15,308 ] 41 root - INFO - Fetching literacy_rate
[ 2026-05-26 01:13:15,376 ] 110 root - INFO - Saved literacy_rate_raw.csv
[ 2026-05-26 01:13:15,376 ] 41 root - INFO - Fetching internet_users
[ 2026-05-26 01:13:15,510 ] 110 root - INFO - Saved internet_users_raw.csv
[ 2026-05-26 01:13:15,510 ] 41 root - INFO - Fetching mobile_subscriptions
[ 2026-05-26 01:13:15,691 ] 110 root - INFO - Saved mobile_subscriptions_raw.csv
[ 2026-05-26 01:13:15,691 ] 41 root - INFO - Fetching broadband_subscriptions
[ 2026-05-26 01:13:15,762 ] 110 root - INFO - Saved broadband_subscriptions_raw.csv
[ 2026-05-26 01:13:15,762 ] 41 root - INFO - Fetching secure_servers
[ 2026-05-26 01:13:15,829 ] 110 root - INFO - Saved secure_servers_raw.csv
[ 2026-05-26 01:13:15,829 ] 41 root - INFO - Fetching high_tech_exports
[ 2026-05-26 01:13:15,894 ] 110 root - INFO - Saved high_tech_exports_raw.csv
[ 2026-05-26 01:13:15,894 ] 41 root - INFO - Fetching rnd_expenditure
[ 2026-05-26 01:13:15,974 ] 110 root - INFO - Saved rnd_expenditure_raw.csv
[ 2026-05-26 01:13:15,974 ] 41 root - INFO - Fetching renewable_energy
[ 2026-05-26 01:13:16,049 ] 110 root - INFO - Saved renewable_energy_raw.csv
[ 2026-05-26 01:13:16,049 ] 41 root - INFO - Fetching forest_area
[ 2026-05-26 01:13:16,125 ] 110 root - INFO - Saved forest_area_raw.csv
[ 2026-05-26 01:13:16,125 ] 41 root - INFO - Fetching air_pollution
[ 2026-05-26 01:13:16,193 ] 110 root - INFO - Saved air_pollution_raw.csv
[ 2026-05-26 01:13:16,193 ] 41 root - INFO - Fetching electricity_access
[ 2026-05-26 01:13:16,273 ] 110 root - INFO - Saved electricity_access_raw.csv
[ 2026-05-26 01:13:16,273 ] 41 root - INFO - Fetching military_expenditure
[ 2026-05-26 01:13:16,360 ] 110 root - INFO - Saved military_expenditure_raw.csv
[ 2026-05-26 01:13:16,360 ] 41 root - INFO - Fetching military_percent_gdp
[ 2026-05-26 01:13:16,443 ] 110 root - INFO - Saved military_percent_gdp_raw.csv
[ 2026-05-26 01:13:16,444 ] 41 root - INFO - Fetching armed_forces_personnel
[ 2026-05-26 01:13:16,513 ] 110 root - INFO - Saved armed_forces_personnel_raw.csv
[ 2026-05-26 01:13:16,515 ] 23 root - INFO - Data Ingestion Completed
[ 2026-05-26 01:13:16,516 ] 22 root - INFO - Loading data from artifacts\data_ingestion\raw_data\gdp_raw.csv
[ 2026-05-26 01:13:16,518 ] 26 root - INFO - Data loaded successfully
[ 2026-05-26 01:13:16,518 ] 396 root - INFO - Starting preprocessing pipeline
[ 2026-05-26 01:13:16,518 ] 53 root - INFO - Schema validation successful
[ 2026-05-26 01:13:16,518 ] 65 root - INFO - Standardizing columns
[ 2026-05-26 01:13:16,521 ] 94 root - INFO - Column standardization completed
[ 2026-05-26 01:13:16,521 ] 108 root - INFO - Converting datatypes
[ 2026-05-26 01:13:16,521 ] 125 root - INFO - Datatype conversion completed
[ 2026-05-26 01:13:16,521 ] 139 root - INFO - Handling missing values
[ 2026-05-26 01:13:16,523 ] 156 root - INFO - Missing value handling completed from (66, 5) to (65, 5)
[ 2026-05-26 01:13:16,523 ] 174 root - INFO - Removing duplicates
[ 2026-05-26 01:13:16,524 ] 188 root - INFO - Duplicates removed from (65, 5) to (65, 5)
[ 2026-05-26 01:13:16,524 ] 208 root - INFO - Filtering valid years
[ 2026-05-26 01:13:16,525 ] 217 root - INFO - Year filtering completed
[ 2026-05-26 01:13:16,525 ] 231 root - INFO - Sorting dataframe
[ 2026-05-26 01:13:16,526 ] 242 root - INFO - Sorting completed
[ 2026-05-26 01:13:16,526 ] 432 root - INFO - Preprocessing pipeline completed
[ 2026-05-26 01:13:16,530 ] 382 root - INFO - Processed dataframe saved at artifacts\data_processing\processed_data\gdp_data.csv
[ 2026-05-26 01:13:16,530 ] 354 root - INFO - Metadata saved at artifacts\data_processing\metadata\gdp_metadata.json
[ 2026-05-26 01:13:16,530 ] 484 root - INFO - GDP processing completed
[ 2026-05-26 01:13:16,531 ] 22 root - INFO - Loading data from artifacts\data_ingestion\raw_data\gdp_per_capita_raw.csv
[ 2026-05-26 01:13:16,533 ] 26 root - INFO - Data loaded successfully
[ 2026-05-26 01:13:16,533 ] 396 root - INFO - Starting preprocessing pipeline
[ 2026-05-26 01:13:16,533 ] 53 root - INFO - Schema validation successful
[ 2026-05-26 01:13:16,533 ] 65 root - INFO - Standardizing columns
[ 2026-05-26 01:13:16,535 ] 94 root - INFO - Column standardization completed
[ 2026-05-26 01:13:16,535 ] 108 root - INFO - Converting datatypes
[ 2026-05-26 01:13:16,535 ] 125 root - INFO - Datatype conversion completed
[ 2026-05-26 01:13:16,535 ] 139 root - INFO - Handling missing values
[ 2026-05-26 01:13:16,537 ] 156 root - INFO - Missing value handling completed from (66, 5) to (65, 5)
[ 2026-05-26 01:13:16,537 ] 174 root - INFO - Removing duplicates
[ 2026-05-26 01:13:16,537 ] 188 root - INFO - Duplicates removed from (65, 5) to (65, 5)
[ 2026-05-26 01:13:16,537 ] 208 root - INFO - Filtering valid years
[ 2026-05-26 01:13:16,538 ] 217 root - INFO - Year filtering completed
[ 2026-05-26 01:13:16,538 ] 231 root - INFO - Sorting dataframe
[ 2026-05-26 01:13:16,539 ] 242 root - INFO - Sorting completed
[ 2026-05-26 01:13:16,540 ] 432 root - INFO - Preprocessing pipeline completed
[ 2026-05-26 01:13:16,542 ] 382 root - INFO - Processed dataframe saved at artifacts\data_processing\processed_data\gdp_per_capita_data.csv
[ 2026-05-26 01:13:16,542 ] 354 root - INFO - Metadata saved at artifacts\data_processing\metadata\gdp_per_capita_metadata.json
[ 2026-05-26 01:13:16,543 ] 484 root - INFO - GDP_Per_Capita processing completed
[ 2026-05-26 01:13:16,543 ] 22 root - INFO - Loading data from artifacts\data_ingestion\raw_data\inflation_raw.csv
[ 2026-05-26 01:13:16,545 ] 26 root - INFO - Data loaded successfully
[ 2026-05-26 01:13:16,545 ] 396 root - INFO - Starting preprocessing pipeline
[ 2026-05-26 01:13:16,545 ] 53 root - INFO - Schema validation successful
[ 2026-05-26 01:13:16,545 ] 65 root - INFO - Standardizing columns
[ 2026-05-26 01:13:16,546 ] 94 root - INFO - Column standardization completed
[ 2026-05-26 01:13:16,546 ] 108 root - INFO - Converting datatypes
[ 2026-05-26 01:13:16,547 ] 125 root - INFO - Datatype conversion completed
[ 2026-05-26 01:13:16,547 ] 139 root - INFO - Handling missing values
[ 2026-05-26 01:13:16,548 ] 156 root - INFO - Missing value handling completed from (66, 5) to (65, 5)
[ 2026-05-26 01:13:16,548 ] 174 root - INFO - Removing duplicates
[ 2026-05-26 01:13:16,549 ] 188 root - INFO - Duplicates removed from (65, 5) to (65, 5)
[ 2026-05-26 01:13:16,549 ] 208 root - INFO - Filtering valid years
[ 2026-05-26 01:13:16,550 ] 217 root - INFO - Year filtering completed
[ 2026-05-26 01:13:16,550 ] 231 root - INFO - Sorting dataframe
[ 2026-05-26 01:13:16,551 ] 242 root - INFO - Sorting completed
[ 2026-05-26 01:13:16,551 ] 432 root - INFO - Preprocessing pipeline completed
[ 2026-05-26 01:13:16,553 ] 382 root - INFO - Processed dataframe saved at artifacts\data_processing\processed_data\inflation_data.csv
[ 2026-05-26 01:13:16,554 ] 354 root - INFO - Metadata saved at artifacts\data_processing\metadata\inflation_metadata.json
[ 2026-05-26 01:13:16,554 ] 484 root - INFO - Inflation processing completed
[ 2026-05-26 01:13:16,555 ] 22 root - INFO - Loading data from artifacts\data_ingestion\raw_data\interest_rate_raw.csv
[ 2026-05-26 01:13:16,558 ] 26 root - INFO - Data loaded successfully
[ 2026-05-26 01:13:16,558 ] 396 root - INFO - Starting preprocessing pipeline
[ 2026-05-26 01:13:16,558 ] 53 root - INFO - Schema validation successful
[ 2026-05-26 01:13:16,558 ] 65 root - INFO - Standardizing columns
[ 2026-05-26 01:13:16,559 ] 94 root - INFO - Column standardization completed
[ 2026-05-26 01:13:16,559 ] 108 root - INFO - Converting datatypes
[ 2026-05-26 01:13:16,560 ] 125 root - INFO - Datatype conversion completed
[ 2026-05-26 01:13:16,560 ] 139 root - INFO - Handling missing values
[ 2026-05-26 01:13:16,562 ] 156 root - INFO - Missing value handling completed from (66, 5) to (45, 5)
[ 2026-05-26 01:13:16,562 ] 174 root - INFO - Removing duplicates
[ 2026-05-26 01:13:16,563 ] 188 root - INFO - Duplicates removed from (45, 5) to (45, 5)
[ 2026-05-26 01:13:16,563 ] 208 root - INFO - Filtering valid years
[ 2026-05-26 01:13:16,564 ] 217 root - INFO - Year filtering completed
[ 2026-05-26 01:13:16,564 ] 231 root - INFO - Sorting dataframe
[ 2026-05-26 01:13:16,565 ] 242 root - INFO - Sorting completed
[ 2026-05-26 01:13:16,566 ] 432 root - INFO - Preprocessing pipeline completed
[ 2026-05-26 01:13:16,569 ] 382 root - INFO - Processed dataframe saved at artifacts\data_processing\processed_data\interest_rate_data.csv
[ 2026-05-26 01:13:16,570 ] 354 root - INFO - Metadata saved at artifacts\data_processing\metadata\interest_rate_metadata.json
[ 2026-05-26 01:13:16,570 ] 484 root - INFO - Interest_Rate processing completed
[ 2026-05-26 01:13:16,571 ] 22 root - INFO - Loading data from artifacts\data_ingestion\raw_data\forex_reserves_raw.csv
[ 2026-05-26 01:13:16,575 ] 26 root - INFO - Data loaded successfully
[ 2026-05-26 01:13:16,575 ] 396 root - INFO - Starting preprocessing pipeline
[ 2026-05-26 01:13:16,575 ] 53 root - INFO - Schema validation successful
[ 2026-05-26 01:13:16,575 ] 65 root - INFO - Standardizing columns
[ 2026-05-26 01:13:16,577 ] 94 root - INFO - Column standardization completed
[ 2026-05-26 01:13:16,577 ] 108 root - INFO - Converting datatypes
[ 2026-05-26 01:13:16,577 ] 125 root - INFO - Datatype conversion completed
[ 2026-05-26 01:13:16,577 ] 139 root - INFO - Handling missing values
[ 2026-05-26 01:13:16,580 ] 156 root - INFO - Missing value handling completed from (66, 5) to (65, 5)
[ 2026-05-26 01:13:16,581 ] 174 root - INFO - Removing duplicates
[ 2026-05-26 01:13:16,582 ] 188 root - INFO - Duplicates removed from (65, 5) to (65, 5)
[ 2026-05-26 01:13:16,582 ] 208 root - INFO - Filtering valid years
[ 2026-05-26 01:13:16,583 ] 217 root - INFO - Year filtering completed
[ 2026-05-26 01:13:16,583 ] 231 root - INFO - Sorting dataframe
[ 2026-05-26 01:13:16,585 ] 242 root - INFO - Sorting completed
[ 2026-05-26 01:13:16,586 ] 432 root - INFO - Preprocessing pipeline completed
[ 2026-05-26 01:13:16,589 ] 382 root - INFO - Processed dataframe saved at artifacts\data_processing\processed_data\forex_reserves_data.csv
[ 2026-05-26 01:13:16,591 ] 354 root - INFO - Metadata saved at artifacts\data_processing\metadata\forex_reserves_metadata.json
[ 2026-05-26 01:13:16,591 ] 484 root - INFO - Forex_Reserves processing completed
[ 2026-05-26 01:13:16,592 ] 22 root - INFO - Loading data from artifacts\data_ingestion\raw_data\current_account_balance_raw.csv
[ 2026-05-26 01:13:16,596 ] 26 root - INFO - Data loaded successfully
[ 2026-05-26 01:13:16,596 ] 396 root - INFO - Starting preprocessing pipeline
[ 2026-05-26 01:13:16,596 ] 53 root - INFO - Schema validation successful
[ 2026-05-26 01:13:16,596 ] 65 root - INFO - Standardizing columns
[ 2026-05-26 01:13:16,597 ] 94 root - INFO - Column standardization completed
[ 2026-05-26 01:13:16,598 ] 108 root - INFO - Converting datatypes
[ 2026-05-26 01:13:16,598 ] 125 root - INFO - Datatype conversion completed
[ 2026-05-26 01:13:16,598 ] 139 root - INFO - Handling missing values
[ 2026-05-26 01:13:16,601 ] 156 root - INFO - Missing value handling completed from (66, 5) to (50, 5)
[ 2026-05-26 01:13:16,601 ] 174 root - INFO - Removing duplicates
[ 2026-05-26 01:13:16,602 ] 188 root - INFO - Duplicates removed from (50, 5) to (50, 5)
[ 2026-05-26 01:13:16,602 ] 208 root - INFO - Filtering valid years
[ 2026-05-26 01:13:16,603 ] 217 root - INFO - Year filtering completed
[ 2026-05-26 01:13:16,603 ] 231 root - INFO - Sorting dataframe
[ 2026-05-26 01:13:16,604 ] 242 root - INFO - Sorting completed
[ 2026-05-26 01:13:16,605 ] 432 root - INFO - Preprocessing pipeline completed
[ 2026-05-26 01:13:16,607 ] 382 root - INFO - Processed dataframe saved at artifacts\data_processing\processed_data\current_account_balance_data.csv
[ 2026-05-26 01:13:16,608 ] 354 root - INFO - Metadata saved at artifacts\data_processing\metadata\current_account_balance_metadata.json
[ 2026-05-26 01:13:16,609 ] 484 root - INFO - Current_Account_Balance processing completed
[ 2026-05-26 01:13:16,609 ] 22 root - INFO - Loading data from artifacts\data_ingestion\raw_data\fdi_raw.csv
[ 2026-05-26 01:13:16,623 ] 26 root - INFO - Data loaded successfully
[ 2026-05-26 01:13:16,623 ] 396 root - INFO - Starting preprocessing pipeline
[ 2026-05-26 01:13:16,623 ] 53 root - INFO - Schema validation successful
[ 2026-05-26 01:13:16,623 ] 65 root - INFO - Standardizing columns
[ 2026-05-26 01:13:16,625 ] 94 root - INFO - Column standardization completed
[ 2026-05-26 01:13:16,625 ] 108 root - INFO - Converting datatypes
[ 2026-05-26 01:13:16,626 ] 125 root - INFO - Datatype conversion completed
[ 2026-05-26 01:13:16,626 ] 139 root - INFO - Handling missing values
[ 2026-05-26 01:13:16,629 ] 156 root - INFO - Missing value handling completed from (66, 5) to (55, 5)
[ 2026-05-26 01:13:16,629 ] 174 root - INFO - Removing duplicates
[ 2026-05-26 01:13:16,630 ] 188 root - INFO - Duplicates removed from (55, 5) to (55, 5)
[ 2026-05-26 01:13:16,630 ] 208 root - INFO - Filtering valid years
[ 2026-05-26 01:13:16,631 ] 217 root - INFO - Year filtering completed
[ 2026-05-26 01:13:16,631 ] 231 root - INFO - Sorting dataframe
[ 2026-05-26 01:13:16,632 ] 242 root - INFO - Sorting completed
[ 2026-05-26 01:13:16,633 ] 432 root - INFO - Preprocessing pipeline completed
[ 2026-05-26 01:13:16,636 ] 382 root - INFO - Processed dataframe saved at artifacts\data_processing\processed_data\fdi_data.csv
[ 2026-05-26 01:13:16,637 ] 354 root - INFO - Metadata saved at artifacts\data_processing\metadata\fdi_metadata.json
[ 2026-05-26 01:13:16,637 ] 484 root - INFO - FDI processing completed
[ 2026-05-26 01:13:16,637 ] 22 root - INFO - Loading data from artifacts\data_ingestion\raw_data\unemployment_raw.csv
[ 2026-05-26 01:13:16,640 ] 26 root - INFO - Data loaded successfully
[ 2026-05-26 01:13:16,640 ] 396 root - INFO - Starting preprocessing pipeline
[ 2026-05-26 01:13:16,640 ] 53 root - INFO - Schema validation successful
[ 2026-05-26 01:13:16,640 ] 65 root - INFO - Standardizing columns
[ 2026-05-26 01:13:16,641 ] 94 root - INFO - Column standardization completed
[ 2026-05-26 01:13:16,641 ] 108 root - INFO - Converting datatypes
[ 2026-05-26 01:13:16,641 ] 125 root - INFO - Datatype conversion completed
[ 2026-05-26 01:13:16,641 ] 139 root - INFO - Handling missing values
[ 2026-05-26 01:13:16,643 ] 156 root - INFO - Missing value handling completed from (66, 5) to (35, 5)
[ 2026-05-26 01:13:16,643 ] 174 root - INFO - Removing duplicates
[ 2026-05-26 01:13:16,644 ] 188 root - INFO - Duplicates removed from (35, 5) to (35, 5)
[ 2026-05-26 01:13:16,644 ] 208 root - INFO - Filtering valid years
[ 2026-05-26 01:13:16,645 ] 217 root - INFO - Year filtering completed
[ 2026-05-26 01:13:16,645 ] 231 root - INFO - Sorting dataframe
[ 2026-05-26 01:13:16,646 ] 242 root - INFO - Sorting completed
[ 2026-05-26 01:13:16,646 ] 432 root - INFO - Preprocessing pipeline completed
[ 2026-05-26 01:13:16,648 ] 382 root - INFO - Processed dataframe saved at artifacts\data_processing\processed_data\unemployment_data.csv
[ 2026-05-26 01:13:16,649 ] 354 root - INFO - Metadata saved at artifacts\data_processing\metadata\unemployment_metadata.json
[ 2026-05-26 01:13:16,649 ] 484 root - INFO - Unemployment processing completed
[ 2026-05-26 01:13:16,649 ] 22 root - INFO - Loading data from artifacts\data_ingestion\raw_data\population_raw.csv
[ 2026-05-26 01:13:16,651 ] 26 root - INFO - Data loaded successfully
[ 2026-05-26 01:13:16,651 ] 396 root - INFO - Starting preprocessing pipeline
[ 2026-05-26 01:13:16,652 ] 53 root - INFO - Schema validation successful
[ 2026-05-26 01:13:16,652 ] 65 root - INFO - Standardizing columns
[ 2026-05-26 01:13:16,653 ] 94 root - INFO - Column standardization completed
[ 2026-05-26 01:13:16,653 ] 108 root - INFO - Converting datatypes
[ 2026-05-26 01:13:16,653 ] 125 root - INFO - Datatype conversion completed
[ 2026-05-26 01:13:16,653 ] 139 root - INFO - Handling missing values
[ 2026-05-26 01:13:16,655 ] 156 root - INFO - Missing value handling completed from (66, 5) to (65, 5)
[ 2026-05-26 01:13:16,655 ] 174 root - INFO - Removing duplicates
[ 2026-05-26 01:13:16,656 ] 188 root - INFO - Duplicates removed from (65, 5) to (65, 5)
[ 2026-05-26 01:13:16,656 ] 208 root - INFO - Filtering valid years
[ 2026-05-26 01:13:16,656 ] 217 root - INFO - Year filtering completed
[ 2026-05-26 01:13:16,656 ] 231 root - INFO - Sorting dataframe
[ 2026-05-26 01:13:16,657 ] 242 root - INFO - Sorting completed
[ 2026-05-26 01:13:16,658 ] 432 root - INFO - Preprocessing pipeline completed
[ 2026-05-26 01:13:16,660 ] 382 root - INFO - Processed dataframe saved at artifacts\data_processing\processed_data\population_data.csv
[ 2026-05-26 01:13:16,660 ] 354 root - INFO - Metadata saved at artifacts\data_processing\metadata\population_metadata.json
[ 2026-05-26 01:13:16,660 ] 484 root - INFO - Population processing completed
[ 2026-05-26 01:13:16,661 ] 22 root - INFO - Loading data from artifacts\data_ingestion\raw_data\population_growth_raw.csv
[ 2026-05-26 01:13:16,663 ] 26 root - INFO - Data loaded successfully
[ 2026-05-26 01:13:16,663 ] 396 root - INFO - Starting preprocessing pipeline
[ 2026-05-26 01:13:16,663 ] 53 root - INFO - Schema validation successful
[ 2026-05-26 01:13:16,663 ] 65 root - INFO - Standardizing columns
[ 2026-05-26 01:13:16,664 ] 94 root - INFO - Column standardization completed
[ 2026-05-26 01:13:16,664 ] 108 root - INFO - Converting datatypes
[ 2026-05-26 01:13:16,664 ] 125 root - INFO - Datatype conversion completed
[ 2026-05-26 01:13:16,664 ] 139 root - INFO - Handling missing values
[ 2026-05-26 01:13:16,666 ] 156 root - INFO - Missing value handling completed from (66, 5) to (64, 5)
[ 2026-05-26 01:13:16,666 ] 174 root - INFO - Removing duplicates
[ 2026-05-26 01:13:16,667 ] 188 root - INFO - Duplicates removed from (64, 5) to (64, 5)
[ 2026-05-26 01:13:16,667 ] 208 root - INFO - Filtering valid years
[ 2026-05-26 01:13:16,667 ] 217 root - INFO - Year filtering completed
[ 2026-05-26 01:13:16,667 ] 231 root - INFO - Sorting dataframe
[ 2026-05-26 01:13:16,668 ] 242 root - INFO - Sorting completed
[ 2026-05-26 01:13:16,669 ] 432 root - INFO - Preprocessing pipeline completed
[ 2026-05-26 01:13:16,671 ] 382 root - INFO - Processed dataframe saved at artifacts\data_processing\processed_data\population_growth_data.csv
[ 2026-05-26 01:13:16,671 ] 354 root - INFO - Metadata saved at artifacts\data_processing\metadata\population_growth_metadata.json
[ 2026-05-26 01:13:16,671 ] 484 root - INFO - Population_Growth processing completed
[ 2026-05-26 01:13:16,672 ] 22 root - INFO - Loading data from artifacts\data_ingestion\raw_data\population_density_raw.csv
[ 2026-05-26 01:13:16,674 ] 26 root - INFO - Data loaded successfully
[ 2026-05-26 01:13:16,674 ] 396 root - INFO - Starting preprocessing pipeline
[ 2026-05-26 01:13:16,674 ] 53 root - INFO - Schema validation successful
[ 2026-05-26 01:13:16,674 ] 65 root - INFO - Standardizing columns
[ 2026-05-26 01:13:16,675 ] 94 root - INFO - Column standardization completed
[ 2026-05-26 01:13:16,675 ] 108 root - INFO - Converting datatypes
[ 2026-05-26 01:13:16,675 ] 125 root - INFO - Datatype conversion completed
[ 2026-05-26 01:13:16,675 ] 139 root - INFO - Handling missing values
[ 2026-05-26 01:13:16,677 ] 156 root - INFO - Missing value handling completed from (66, 5) to (63, 5)
[ 2026-05-26 01:13:16,677 ] 174 root - INFO - Removing duplicates
[ 2026-05-26 01:13:16,678 ] 188 root - INFO - Duplicates removed from (63, 5) to (63, 5)
[ 2026-05-26 01:13:16,678 ] 208 root - INFO - Filtering valid years
[ 2026-05-26 01:13:16,678 ] 217 root - INFO - Year filtering completed
[ 2026-05-26 01:13:16,678 ] 231 root - INFO - Sorting dataframe
[ 2026-05-26 01:13:16,679 ] 242 root - INFO - Sorting completed
[ 2026-05-26 01:13:16,680 ] 432 root - INFO - Preprocessing pipeline completed
[ 2026-05-26 01:13:16,682 ] 382 root - INFO - Processed dataframe saved at artifacts\data_processing\processed_data\population_density_data.csv
[ 2026-05-26 01:13:16,682 ] 354 root - INFO - Metadata saved at artifacts\data_processing\metadata\population_density_metadata.json
[ 2026-05-26 01:13:16,682 ] 484 root - INFO - Population_Density processing completed
[ 2026-05-26 01:13:16,683 ] 22 root - INFO - Loading data from artifacts\data_ingestion\raw_data\urbanization_raw.csv
[ 2026-05-26 01:13:16,685 ] 26 root - INFO - Data loaded successfully
[ 2026-05-26 01:13:16,687 ] 396 root - INFO - Starting preprocessing pipeline
[ 2026-05-26 01:13:16,687 ] 53 root - INFO - Schema validation successful
[ 2026-05-26 01:13:16,687 ] 65 root - INFO - Standardizing columns
[ 2026-05-26 01:13:16,687 ] 94 root - INFO - Column standardization completed
[ 2026-05-26 01:13:16,687 ] 108 root - INFO - Converting datatypes
[ 2026-05-26 01:13:16,687 ] 125 root - INFO - Datatype conversion completed
[ 2026-05-26 01:13:16,687 ] 139 root - INFO - Handling missing values
[ 2026-05-26 01:13:16,689 ] 156 root - INFO - Missing value handling completed from (66, 5) to (65, 5)
[ 2026-05-26 01:13:16,689 ] 174 root - INFO - Removing duplicates
[ 2026-05-26 01:13:16,690 ] 188 root - INFO - Duplicates removed from (65, 5) to (65, 5)
[ 2026-05-26 01:13:16,690 ] 208 root - INFO - Filtering valid years
[ 2026-05-26 01:13:16,690 ] 217 root - INFO - Year filtering completed
[ 2026-05-26 01:13:16,690 ] 231 root - INFO - Sorting dataframe
[ 2026-05-26 01:13:16,691 ] 242 root - INFO - Sorting completed
[ 2026-05-26 01:13:16,692 ] 432 root - INFO - Preprocessing pipeline completed
[ 2026-05-26 01:13:16,694 ] 382 root - INFO - Processed dataframe saved at artifacts\data_processing\processed_data\urbanization_data.csv
[ 2026-05-26 01:13:16,694 ] 354 root - INFO - Metadata saved at artifacts\data_processing\metadata\urbanization_metadata.json
[ 2026-05-26 01:13:16,694 ] 484 root - INFO - Urbanization processing completed
[ 2026-05-26 01:13:16,695 ] 22 root - INFO - Loading data from artifacts\data_ingestion\raw_data\birth_rate_raw.csv
[ 2026-05-26 01:13:16,697 ] 26 root - INFO - Data loaded successfully
[ 2026-05-26 01:13:16,697 ] 396 root - INFO - Starting preprocessing pipeline
[ 2026-05-26 01:13:16,697 ] 53 root - INFO - Schema validation successful
[ 2026-05-26 01:13:16,697 ] 65 root - INFO - Standardizing columns
[ 2026-05-26 01:13:16,698 ] 94 root - INFO - Column standardization completed
[ 2026-05-26 01:13:16,698 ] 108 root - INFO - Converting datatypes
[ 2026-05-26 01:13:16,698 ] 125 root - INFO - Datatype conversion completed
[ 2026-05-26 01:13:16,698 ] 139 root - INFO - Handling missing values
[ 2026-05-26 01:13:16,700 ] 156 root - INFO - Missing value handling completed from (66, 5) to (65, 5)
[ 2026-05-26 01:13:16,700 ] 174 root - INFO - Removing duplicates
[ 2026-05-26 01:13:16,701 ] 188 root - INFO - Duplicates removed from (65, 5) to (65, 5)
[ 2026-05-26 01:13:16,701 ] 208 root - INFO - Filtering valid years
[ 2026-05-26 01:13:16,701 ] 217 root - INFO - Year filtering completed
[ 2026-05-26 01:13:16,701 ] 231 root - INFO - Sorting dataframe
[ 2026-05-26 01:13:16,702 ] 242 root - INFO - Sorting completed
[ 2026-05-26 01:13:16,703 ] 432 root - INFO - Preprocessing pipeline completed
[ 2026-05-26 01:13:16,704 ] 382 root - INFO - Processed dataframe saved at artifacts\data_processing\processed_data\birth_rate_data.csv
[ 2026-05-26 01:13:16,705 ] 354 root - INFO - Metadata saved at artifacts\data_processing\metadata\birth_rate_metadata.json
[ 2026-05-26 01:13:16,705 ] 484 root - INFO - Birth_Rate processing completed
[ 2026-05-26 01:13:16,706 ] 22 root - INFO - Loading data from artifacts\data_ingestion\raw_data\death_rate_raw.csv
[ 2026-05-26 01:13:16,708 ] 26 root - INFO - Data loaded successfully
[ 2026-05-26 01:13:16,708 ] 396 root - INFO - Starting preprocessing pipeline
[ 2026-05-26 01:13:16,709 ] 53 root - INFO - Schema validation successful
[ 2026-05-26 01:13:16,709 ] 65 root - INFO - Standardizing columns
[ 2026-05-26 01:13:16,710 ] 94 root - INFO - Column standardization completed
[ 2026-05-26 01:13:16,710 ] 108 root - INFO - Converting datatypes
[ 2026-05-26 01:13:16,710 ] 125 root - INFO - Datatype conversion completed
[ 2026-05-26 01:13:16,710 ] 139 root - INFO - Handling missing values
[ 2026-05-26 01:13:16,712 ] 156 root - INFO - Missing value handling completed from (66, 5) to (65, 5)
[ 2026-05-26 01:13:16,712 ] 174 root - INFO - Removing duplicates
[ 2026-05-26 01:13:16,712 ] 188 root - INFO - Duplicates removed from (65, 5) to (65, 5)
[ 2026-05-26 01:13:16,712 ] 208 root - INFO - Filtering valid years
[ 2026-05-26 01:13:16,713 ] 217 root - INFO - Year filtering completed
[ 2026-05-26 01:13:16,713 ] 231 root - INFO - Sorting dataframe
[ 2026-05-26 01:13:16,714 ] 242 root - INFO - Sorting completed
[ 2026-05-26 01:13:16,714 ] 432 root - INFO - Preprocessing pipeline completed
[ 2026-05-26 01:13:16,716 ] 382 root - INFO - Processed dataframe saved at artifacts\data_processing\processed_data\death_rate_data.csv
[ 2026-05-26 01:13:16,717 ] 354 root - INFO - Metadata saved at artifacts\data_processing\metadata\death_rate_metadata.json
[ 2026-05-26 01:13:16,717 ] 484 root - INFO - Death_Rate processing completed
[ 2026-05-26 01:13:16,717 ] 22 root - INFO - Loading data from artifacts\data_ingestion\raw_data\life_expectancy_raw.csv
[ 2026-05-26 01:13:16,719 ] 26 root - INFO - Data loaded successfully
[ 2026-05-26 01:13:16,719 ] 396 root - INFO - Starting preprocessing pipeline
[ 2026-05-26 01:13:16,720 ] 53 root - INFO - Schema validation successful
[ 2026-05-26 01:13:16,720 ] 65 root - INFO - Standardizing columns
[ 2026-05-26 01:13:16,720 ] 94 root - INFO - Column standardization completed
[ 2026-05-26 01:13:16,721 ] 108 root - INFO - Converting datatypes
[ 2026-05-26 01:13:16,721 ] 125 root - INFO - Datatype conversion completed
[ 2026-05-26 01:13:16,721 ] 139 root - INFO - Handling missing values
[ 2026-05-26 01:13:16,723 ] 156 root - INFO - Missing value handling completed from (66, 5) to (65, 5)
[ 2026-05-26 01:13:16,723 ] 174 root - INFO - Removing duplicates
[ 2026-05-26 01:13:16,723 ] 188 root - INFO - Duplicates removed from (65, 5) to (65, 5)
[ 2026-05-26 01:13:16,723 ] 208 root - INFO - Filtering valid years
[ 2026-05-26 01:13:16,724 ] 217 root - INFO - Year filtering completed
[ 2026-05-26 01:13:16,724 ] 231 root - INFO - Sorting dataframe
[ 2026-05-26 01:13:16,725 ] 242 root - INFO - Sorting completed
[ 2026-05-26 01:13:16,725 ] 432 root - INFO - Preprocessing pipeline completed
[ 2026-05-26 01:13:16,727 ] 382 root - INFO - Processed dataframe saved at artifacts\data_processing\processed_data\life_expectancy_data.csv
[ 2026-05-26 01:13:16,728 ] 354 root - INFO - Metadata saved at artifacts\data_processing\metadata\life_expectancy_metadata.json
[ 2026-05-26 01:13:16,728 ] 484 root - INFO - Life_Expectancy processing completed
[ 2026-05-26 01:13:16,728 ] 22 root - INFO - Loading data from artifacts\data_ingestion\raw_data\literacy_rate_raw.csv
[ 2026-05-26 01:13:16,730 ] 26 root - INFO - Data loaded successfully
[ 2026-05-26 01:13:16,731 ] 396 root - INFO - Starting preprocessing pipeline
[ 2026-05-26 01:13:16,731 ] 53 root - INFO - Schema validation successful
[ 2026-05-26 01:13:16,731 ] 65 root - INFO - Standardizing columns
[ 2026-05-26 01:13:16,732 ] 94 root - INFO - Column standardization completed
[ 2026-05-26 01:13:16,732 ] 108 root - INFO - Converting datatypes
[ 2026-05-26 01:13:16,732 ] 125 root - INFO - Datatype conversion completed
[ 2026-05-26 01:13:16,732 ] 139 root - INFO - Handling missing values
[ 2026-05-26 01:13:16,734 ] 156 root - INFO - Missing value handling completed from (66, 5) to (14, 5)
[ 2026-05-26 01:13:16,734 ] 174 root - INFO - Removing duplicates
[ 2026-05-26 01:13:16,735 ] 188 root - INFO - Duplicates removed from (14, 5) to (14, 5)
[ 2026-05-26 01:13:16,735 ] 208 root - INFO - Filtering valid years
[ 2026-05-26 01:13:16,735 ] 217 root - INFO - Year filtering completed
[ 2026-05-26 01:13:16,735 ] 231 root - INFO - Sorting dataframe
[ 2026-05-26 01:13:16,736 ] 242 root - INFO - Sorting completed
[ 2026-05-26 01:13:16,737 ] 432 root - INFO - Preprocessing pipeline completed
[ 2026-05-26 01:13:16,738 ] 382 root - INFO - Processed dataframe saved at artifacts\data_processing\processed_data\literacy_rate_data.csv
[ 2026-05-26 01:13:16,739 ] 354 root - INFO - Metadata saved at artifacts\data_processing\metadata\literacy_rate_metadata.json
[ 2026-05-26 01:13:16,739 ] 484 root - INFO - Literacy_Rate processing completed
[ 2026-05-26 01:13:16,740 ] 22 root - INFO - Loading data from artifacts\data_ingestion\raw_data\exports_raw.csv
[ 2026-05-26 01:13:16,742 ] 26 root - INFO - Data loaded successfully
[ 2026-05-26 01:13:16,742 ] 396 root - INFO - Starting preprocessing pipeline
[ 2026-05-26 01:13:16,742 ] 53 root - INFO - Schema validation successful
[ 2026-05-26 01:13:16,742 ] 65 root - INFO - Standardizing columns
[ 2026-05-26 01:13:16,743 ] 94 root - INFO - Column standardization completed
[ 2026-05-26 01:13:16,743 ] 108 root - INFO - Converting datatypes
[ 2026-05-26 01:13:16,743 ] 125 root - INFO - Datatype conversion completed
[ 2026-05-26 01:13:16,743 ] 139 root - INFO - Handling missing values
[ 2026-05-26 01:13:16,745 ] 156 root - INFO - Missing value handling completed from (66, 5) to (65, 5)
[ 2026-05-26 01:13:16,745 ] 174 root - INFO - Removing duplicates
[ 2026-05-26 01:13:16,746 ] 188 root - INFO - Duplicates removed from (65, 5) to (65, 5)
[ 2026-05-26 01:13:16,746 ] 208 root - INFO - Filtering valid years
[ 2026-05-26 01:13:16,746 ] 217 root - INFO - Year filtering completed
[ 2026-05-26 01:13:16,746 ] 231 root - INFO - Sorting dataframe
[ 2026-05-26 01:13:16,747 ] 242 root - INFO - Sorting completed
[ 2026-05-26 01:13:16,747 ] 432 root - INFO - Preprocessing pipeline completed
[ 2026-05-26 01:13:16,749 ] 382 root - INFO - Processed dataframe saved at artifacts\data_processing\processed_data\exports_data.csv
[ 2026-05-26 01:13:16,750 ] 354 root - INFO - Metadata saved at artifacts\data_processing\metadata\exports_metadata.json
[ 2026-05-26 01:13:16,750 ] 484 root - INFO - Exports processing completed
[ 2026-05-26 01:13:16,751 ] 22 root - INFO - Loading data from artifacts\data_ingestion\raw_data\imports_raw.csv
[ 2026-05-26 01:13:16,752 ] 26 root - INFO - Data loaded successfully
[ 2026-05-26 01:13:16,753 ] 396 root - INFO - Starting preprocessing pipeline
[ 2026-05-26 01:13:16,753 ] 53 root - INFO - Schema validation successful
[ 2026-05-26 01:13:16,753 ] 65 root - INFO - Standardizing columns
[ 2026-05-26 01:13:16,753 ] 94 root - INFO - Column standardization completed
[ 2026-05-26 01:13:16,754 ] 108 root - INFO - Converting datatypes
[ 2026-05-26 01:13:16,754 ] 125 root - INFO - Datatype conversion completed
[ 2026-05-26 01:13:16,754 ] 139 root - INFO - Handling missing values
[ 2026-05-26 01:13:16,755 ] 156 root - INFO - Missing value handling completed from (66, 5) to (65, 5)
[ 2026-05-26 01:13:16,755 ] 174 root - INFO - Removing duplicates
[ 2026-05-26 01:13:16,756 ] 188 root - INFO - Duplicates removed from (65, 5) to (65, 5)
[ 2026-05-26 01:13:16,756 ] 208 root - INFO - Filtering valid years
[ 2026-05-26 01:13:16,757 ] 217 root - INFO - Year filtering completed
[ 2026-05-26 01:13:16,757 ] 231 root - INFO - Sorting dataframe
[ 2026-05-26 01:13:16,758 ] 242 root - INFO - Sorting completed
[ 2026-05-26 01:13:16,758 ] 432 root - INFO - Preprocessing pipeline completed
[ 2026-05-26 01:13:16,760 ] 382 root - INFO - Processed dataframe saved at artifacts\data_processing\processed_data\imports_data.csv
[ 2026-05-26 01:13:16,761 ] 354 root - INFO - Metadata saved at artifacts\data_processing\metadata\imports_metadata.json
[ 2026-05-26 01:13:16,761 ] 484 root - INFO - Imports processing completed
[ 2026-05-26 01:13:16,762 ] 22 root - INFO - Loading data from artifacts\data_ingestion\raw_data\trade_percent_gdp_raw.csv
[ 2026-05-26 01:13:16,765 ] 26 root - INFO - Data loaded successfully
[ 2026-05-26 01:13:16,765 ] 396 root - INFO - Starting preprocessing pipeline
[ 2026-05-26 01:13:16,765 ] 53 root - INFO - Schema validation successful
[ 2026-05-26 01:13:16,765 ] 65 root - INFO - Standardizing columns
[ 2026-05-26 01:13:16,766 ] 94 root - INFO - Column standardization completed
[ 2026-05-26 01:13:16,766 ] 108 root - INFO - Converting datatypes
[ 2026-05-26 01:13:16,767 ] 125 root - INFO - Datatype conversion completed
[ 2026-05-26 01:13:16,767 ] 139 root - INFO - Handling missing values
[ 2026-05-26 01:13:16,769 ] 156 root - INFO - Missing value handling completed from (66, 5) to (65, 5)
[ 2026-05-26 01:13:16,769 ] 174 root - INFO - Removing duplicates
[ 2026-05-26 01:13:16,770 ] 188 root - INFO - Duplicates removed from (65, 5) to (65, 5)
[ 2026-05-26 01:13:16,770 ] 208 root - INFO - Filtering valid years
[ 2026-05-26 01:13:16,771 ] 217 root - INFO - Year filtering completed
[ 2026-05-26 01:13:16,771 ] 231 root - INFO - Sorting dataframe
[ 2026-05-26 01:13:16,772 ] 242 root - INFO - Sorting completed
[ 2026-05-26 01:13:16,773 ] 432 root - INFO - Preprocessing pipeline completed
[ 2026-05-26 01:13:16,775 ] 382 root - INFO - Processed dataframe saved at artifacts\data_processing\processed_data\trade_percent_gdp_data.csv
[ 2026-05-26 01:13:16,776 ] 354 root - INFO - Metadata saved at artifacts\data_processing\metadata\trade_percent_gdp_metadata.json
[ 2026-05-26 01:13:16,776 ] 484 root - INFO - Trade_Percent_GDP processing completed
[ 2026-05-26 01:13:16,777 ] 22 root - INFO - Loading data from artifacts\data_ingestion\raw_data\high_tech_exports_raw.csv
[ 2026-05-26 01:13:16,779 ] 26 root - INFO - Data loaded successfully
[ 2026-05-26 01:13:16,779 ] 396 root - INFO - Starting preprocessing pipeline
[ 2026-05-26 01:13:16,780 ] 53 root - INFO - Schema validation successful
[ 2026-05-26 01:13:16,780 ] 65 root - INFO - Standardizing columns
[ 2026-05-26 01:13:16,781 ] 94 root - INFO - Column standardization completed
[ 2026-05-26 01:13:16,781 ] 108 root - INFO - Converting datatypes
[ 2026-05-26 01:13:16,782 ] 125 root - INFO - Datatype conversion completed
[ 2026-05-26 01:13:16,782 ] 139 root - INFO - Handling missing values
[ 2026-05-26 01:13:16,784 ] 156 root - INFO - Missing value handling completed from (66, 5) to (16, 5)
[ 2026-05-26 01:13:16,784 ] 174 root - INFO - Removing duplicates
[ 2026-05-26 01:13:16,785 ] 188 root - INFO - Duplicates removed from (16, 5) to (16, 5)
[ 2026-05-26 01:13:16,785 ] 208 root - INFO - Filtering valid years
[ 2026-05-26 01:13:16,785 ] 217 root - INFO - Year filtering completed
[ 2026-05-26 01:13:16,785 ] 231 root - INFO - Sorting dataframe
[ 2026-05-26 01:13:16,787 ] 242 root - INFO - Sorting completed
[ 2026-05-26 01:13:16,787 ] 432 root - INFO - Preprocessing pipeline completed
[ 2026-05-26 01:13:16,790 ] 382 root - INFO - Processed dataframe saved at artifacts\data_processing\processed_data\high_tech_exports_data.csv
[ 2026-05-26 01:13:16,791 ] 354 root - INFO - Metadata saved at artifacts\data_processing\metadata\high_tech_exports_metadata.json
[ 2026-05-26 01:13:16,791 ] 484 root - INFO - High_Tech_Exports processing completed
[ 2026-05-26 01:13:16,792 ] 22 root - INFO - Loading data from artifacts\data_ingestion\raw_data\internet_users_raw.csv
[ 2026-05-26 01:13:16,794 ] 26 root - INFO - Data loaded successfully
[ 2026-05-26 01:13:16,794 ] 396 root - INFO - Starting preprocessing pipeline
[ 2026-05-26 01:13:16,795 ] 53 root - INFO - Schema validation successful
[ 2026-05-26 01:13:16,795 ] 65 root - INFO - Standardizing columns
[ 2026-05-26 01:13:16,796 ] 94 root - INFO - Column standardization completed
[ 2026-05-26 01:13:16,796 ] 108 root - INFO - Converting datatypes
[ 2026-05-26 01:13:16,797 ] 125 root - INFO - Datatype conversion completed
[ 2026-05-26 01:13:16,797 ] 139 root - INFO - Handling missing values
[ 2026-05-26 01:13:16,799 ] 156 root - INFO - Missing value handling completed from (66, 5) to (35, 5)
[ 2026-05-26 01:13:16,799 ] 174 root - INFO - Removing duplicates
[ 2026-05-26 01:13:16,800 ] 188 root - INFO - Duplicates removed from (35, 5) to (35, 5)
[ 2026-05-26 01:13:16,800 ] 208 root - INFO - Filtering valid years
[ 2026-05-26 01:13:16,800 ] 217 root - INFO - Year filtering completed
[ 2026-05-26 01:13:16,800 ] 231 root - INFO - Sorting dataframe
[ 2026-05-26 01:13:16,801 ] 242 root - INFO - Sorting completed
[ 2026-05-26 01:13:16,802 ] 432 root - INFO - Preprocessing pipeline completed
[ 2026-05-26 01:13:16,805 ] 382 root - INFO - Processed dataframe saved at artifacts\data_processing\processed_data\internet_users_data.csv
[ 2026-05-26 01:13:16,805 ] 354 root - INFO - Metadata saved at artifacts\data_processing\metadata\internet_users_metadata.json
[ 2026-05-26 01:13:16,805 ] 484 root - INFO - Internet_Users processing completed
[ 2026-05-26 01:13:16,806 ] 22 root - INFO - Loading data from artifacts\data_ingestion\raw_data\mobile_subscriptions_raw.csv
[ 2026-05-26 01:13:16,809 ] 26 root - INFO - Data loaded successfully
[ 2026-05-26 01:13:16,809 ] 396 root - INFO - Starting preprocessing pipeline
[ 2026-05-26 01:13:16,809 ] 53 root - INFO - Schema validation successful
[ 2026-05-26 01:13:16,809 ] 65 root - INFO - Standardizing columns
[ 2026-05-26 01:13:16,810 ] 94 root - INFO - Column standardization completed
[ 2026-05-26 01:13:16,810 ] 108 root - INFO - Converting datatypes
[ 2026-05-26 01:13:16,811 ] 125 root - INFO - Datatype conversion completed
[ 2026-05-26 01:13:16,811 ] 139 root - INFO - Handling missing values
[ 2026-05-26 01:13:16,814 ] 156 root - INFO - Missing value handling completed from (66, 5) to (53, 5)
[ 2026-05-26 01:13:16,814 ] 174 root - INFO - Removing duplicates
[ 2026-05-26 01:13:16,814 ] 188 root - INFO - Duplicates removed from (53, 5) to (53, 5)
[ 2026-05-26 01:13:16,814 ] 208 root - INFO - Filtering valid years
[ 2026-05-26 01:13:16,815 ] 217 root - INFO - Year filtering completed
[ 2026-05-26 01:13:16,815 ] 231 root - INFO - Sorting dataframe
[ 2026-05-26 01:13:16,816 ] 242 root - INFO - Sorting completed
[ 2026-05-26 01:13:16,818 ] 432 root - INFO - Preprocessing pipeline completed
[ 2026-05-26 01:13:16,819 ] 382 root - INFO - Processed dataframe saved at artifacts\data_processing\processed_data\mobile_subscriptions_data.csv
[ 2026-05-26 01:13:16,820 ] 354 root - INFO - Metadata saved at artifacts\data_processing\metadata\mobile_subscriptions_metadata.json
[ 2026-05-26 01:13:16,820 ] 484 root - INFO - Mobile_Subscriptions processing completed
[ 2026-05-26 01:13:16,821 ] 22 root - INFO - Loading data from artifacts\data_ingestion\raw_data\broadband_subscriptions_raw.csv
[ 2026-05-26 01:13:16,823 ] 26 root - INFO - Data loaded successfully
[ 2026-05-26 01:13:16,823 ] 396 root - INFO - Starting preprocessing pipeline
[ 2026-05-26 01:13:16,824 ] 53 root - INFO - Schema validation successful
[ 2026-05-26 01:13:16,824 ] 65 root - INFO - Standardizing columns
[ 2026-05-26 01:13:16,825 ] 94 root - INFO - Column standardization completed
[ 2026-05-26 01:13:16,825 ] 108 root - INFO - Converting datatypes
[ 2026-05-26 01:13:16,825 ] 125 root - INFO - Datatype conversion completed
[ 2026-05-26 01:13:16,825 ] 139 root - INFO - Handling missing values
[ 2026-05-26 01:13:16,828 ] 156 root - INFO - Missing value handling completed from (66, 5) to (24, 5)
[ 2026-05-26 01:13:16,828 ] 174 root - INFO - Removing duplicates
[ 2026-05-26 01:13:16,829 ] 188 root - INFO - Duplicates removed from (24, 5) to (24, 5)
[ 2026-05-26 01:13:16,829 ] 208 root - INFO - Filtering valid years
[ 2026-05-26 01:13:16,829 ] 217 root - INFO - Year filtering completed
[ 2026-05-26 01:13:16,830 ] 231 root - INFO - Sorting dataframe
[ 2026-05-26 01:13:16,831 ] 242 root - INFO - Sorting completed
[ 2026-05-26 01:13:16,832 ] 432 root - INFO - Preprocessing pipeline completed
[ 2026-05-26 01:13:16,834 ] 382 root - INFO - Processed dataframe saved at artifacts\data_processing\processed_data\broadband_subscriptions_data.csv
[ 2026-05-26 01:13:16,835 ] 354 root - INFO - Metadata saved at artifacts\data_processing\metadata\broadband_subscriptions_metadata.json
[ 2026-05-26 01:13:16,835 ] 484 root - INFO - Broadband_Subscriptions processing completed
[ 2026-05-26 01:13:16,836 ] 22 root - INFO - Loading data from artifacts\data_ingestion\raw_data\secure_servers_raw.csv
[ 2026-05-26 01:13:16,839 ] 26 root - INFO - Data loaded successfully
[ 2026-05-26 01:13:16,839 ] 396 root - INFO - Starting preprocessing pipeline
[ 2026-05-26 01:13:16,839 ] 53 root - INFO - Schema validation successful
[ 2026-05-26 01:13:16,839 ] 65 root - INFO - Standardizing columns
[ 2026-05-26 01:13:16,840 ] 94 root - INFO - Column standardization completed
[ 2026-05-26 01:13:16,840 ] 108 root - INFO - Converting datatypes
[ 2026-05-26 01:13:16,841 ] 125 root - INFO - Datatype conversion completed
[ 2026-05-26 01:13:16,841 ] 139 root - INFO - Handling missing values
[ 2026-05-26 01:13:16,844 ] 156 root - INFO - Missing value handling completed from (66, 5) to (15, 5)
[ 2026-05-26 01:13:16,844 ] 174 root - INFO - Removing duplicates
[ 2026-05-26 01:13:16,845 ] 188 root - INFO - Duplicates removed from (15, 5) to (15, 5)
[ 2026-05-26 01:13:16,845 ] 208 root - INFO - Filtering valid years
[ 2026-05-26 01:13:16,845 ] 217 root - INFO - Year filtering completed
[ 2026-05-26 01:13:16,845 ] 231 root - INFO - Sorting dataframe
[ 2026-05-26 01:13:16,846 ] 242 root - INFO - Sorting completed
[ 2026-05-26 01:13:16,846 ] 432 root - INFO - Preprocessing pipeline completed
[ 2026-05-26 01:13:16,849 ] 382 root - INFO - Processed dataframe saved at artifacts\data_processing\processed_data\secure_servers_data.csv
[ 2026-05-26 01:13:16,849 ] 354 root - INFO - Metadata saved at artifacts\data_processing\metadata\secure_servers_metadata.json
[ 2026-05-26 01:13:16,849 ] 484 root - INFO - Secure_Servers processing completed
[ 2026-05-26 01:13:16,850 ] 22 root - INFO - Loading data from artifacts\data_ingestion\raw_data\rnd_expenditure_raw.csv
[ 2026-05-26 01:13:16,854 ] 26 root - INFO - Data loaded successfully
[ 2026-05-26 01:13:16,854 ] 396 root - INFO - Starting preprocessing pipeline
[ 2026-05-26 01:13:16,854 ] 53 root - INFO - Schema validation successful
[ 2026-05-26 01:13:16,854 ] 65 root - INFO - Standardizing columns
[ 2026-05-26 01:13:16,854 ] 94 root - INFO - Column standardization completed
[ 2026-05-26 01:13:16,856 ] 108 root - INFO - Converting datatypes
[ 2026-05-26 01:13:16,856 ] 125 root - INFO - Datatype conversion completed
[ 2026-05-26 01:13:16,856 ] 139 root - INFO - Handling missing values
[ 2026-05-26 01:13:16,857 ] 156 root - INFO - Missing value handling completed from (66, 5) to (25, 5)
[ 2026-05-26 01:13:16,857 ] 174 root - INFO - Removing duplicates
[ 2026-05-26 01:13:16,859 ] 188 root - INFO - Duplicates removed from (25, 5) to (25, 5)
[ 2026-05-26 01:13:16,859 ] 208 root - INFO - Filtering valid years
[ 2026-05-26 01:13:16,860 ] 217 root - INFO - Year filtering completed
[ 2026-05-26 01:13:16,860 ] 231 root - INFO - Sorting dataframe
[ 2026-05-26 01:13:16,861 ] 242 root - INFO - Sorting completed
[ 2026-05-26 01:13:16,862 ] 432 root - INFO - Preprocessing pipeline completed
[ 2026-05-26 01:13:16,863 ] 382 root - INFO - Processed dataframe saved at artifacts\data_processing\processed_data\rnd_expenditure_data.csv
[ 2026-05-26 01:13:16,864 ] 354 root - INFO - Metadata saved at artifacts\data_processing\metadata\rnd_expenditure_metadata.json
[ 2026-05-26 01:13:16,864 ] 484 root - INFO - RND_Expenditure processing completed
[ 2026-05-26 01:13:16,865 ] 22 root - INFO - Loading data from artifacts\data_ingestion\raw_data\air_pollution_raw.csv
[ 2026-05-26 01:13:16,867 ] 26 root - INFO - Data loaded successfully
[ 2026-05-26 01:13:16,867 ] 396 root - INFO - Starting preprocessing pipeline
[ 2026-05-26 01:13:16,867 ] 53 root - INFO - Schema validation successful
[ 2026-05-26 01:13:16,867 ] 65 root - INFO - Standardizing columns
[ 2026-05-26 01:13:16,868 ] 94 root - INFO - Column standardization completed
[ 2026-05-26 01:13:16,868 ] 108 root - INFO - Converting datatypes
[ 2026-05-26 01:13:16,868 ] 125 root - INFO - Datatype conversion completed
[ 2026-05-26 01:13:16,868 ] 139 root - INFO - Handling missing values
[ 2026-05-26 01:13:16,870 ] 156 root - INFO - Missing value handling completed from (66, 5) to (31, 5)
[ 2026-05-26 01:13:16,870 ] 174 root - INFO - Removing duplicates
[ 2026-05-26 01:13:16,871 ] 188 root - INFO - Duplicates removed from (31, 5) to (31, 5)
[ 2026-05-26 01:13:16,871 ] 208 root - INFO - Filtering valid years
[ 2026-05-26 01:13:16,871 ] 217 root - INFO - Year filtering completed
[ 2026-05-26 01:13:16,871 ] 231 root - INFO - Sorting dataframe
[ 2026-05-26 01:13:16,872 ] 242 root - INFO - Sorting completed
[ 2026-05-26 01:13:16,873 ] 432 root - INFO - Preprocessing pipeline completed
[ 2026-05-26 01:13:16,883 ] 382 root - INFO - Processed dataframe saved at artifacts\data_processing\processed_data\air_pollution_data.csv
[ 2026-05-26 01:13:16,884 ] 354 root - INFO - Metadata saved at artifacts\data_processing\metadata\air_pollution_metadata.json
[ 2026-05-26 01:13:16,884 ] 484 root - INFO - Air_Pollution processing completed
[ 2026-05-26 01:13:16,885 ] 22 root - INFO - Loading data from artifacts\data_ingestion\raw_data\forest_area_raw.csv
[ 2026-05-26 01:13:16,888 ] 26 root - INFO - Data loaded successfully
[ 2026-05-26 01:13:16,888 ] 396 root - INFO - Starting preprocessing pipeline
[ 2026-05-26 01:13:16,888 ] 53 root - INFO - Schema validation successful
[ 2026-05-26 01:13:16,888 ] 65 root - INFO - Standardizing columns
[ 2026-05-26 01:13:16,889 ] 94 root - INFO - Column standardization completed
[ 2026-05-26 01:13:16,890 ] 108 root - INFO - Converting datatypes
[ 2026-05-26 01:13:16,890 ] 125 root - INFO - Datatype conversion completed
[ 2026-05-26 01:13:16,890 ] 139 root - INFO - Handling missing values
[ 2026-05-26 01:13:16,892 ] 156 root - INFO - Missing value handling completed from (66, 5) to (34, 5)
[ 2026-05-26 01:13:16,892 ] 174 root - INFO - Removing duplicates
[ 2026-05-26 01:13:16,893 ] 188 root - INFO - Duplicates removed from (34, 5) to (34, 5)
[ 2026-05-26 01:13:16,893 ] 208 root - INFO - Filtering valid years
[ 2026-05-26 01:13:16,894 ] 217 root - INFO - Year filtering completed
[ 2026-05-26 01:13:16,894 ] 231 root - INFO - Sorting dataframe
[ 2026-05-26 01:13:16,895 ] 242 root - INFO - Sorting completed
[ 2026-05-26 01:13:16,895 ] 432 root - INFO - Preprocessing pipeline completed
[ 2026-05-26 01:13:16,897 ] 382 root - INFO - Processed dataframe saved at artifacts\data_processing\processed_data\forest_area_data.csv
[ 2026-05-26 01:13:16,898 ] 354 root - INFO - Metadata saved at artifacts\data_processing\metadata\forest_area_metadata.json
[ 2026-05-26 01:13:16,898 ] 484 root - INFO - Forest_Area processing completed
[ 2026-05-26 01:13:16,898 ] 22 root - INFO - Loading data from artifacts\data_ingestion\raw_data\renewable_energy_raw.csv
[ 2026-05-26 01:13:16,901 ] 26 root - INFO - Data loaded successfully
[ 2026-05-26 01:13:16,901 ] 396 root - INFO - Starting preprocessing pipeline
[ 2026-05-26 01:13:16,901 ] 53 root - INFO - Schema validation successful
[ 2026-05-26 01:13:16,901 ] 65 root - INFO - Standardizing columns
[ 2026-05-26 01:13:16,902 ] 94 root - INFO - Column standardization completed
[ 2026-05-26 01:13:16,902 ] 108 root - INFO - Converting datatypes
[ 2026-05-26 01:13:16,902 ] 125 root - INFO - Datatype conversion completed
[ 2026-05-26 01:13:16,902 ] 139 root - INFO - Handling missing values
[ 2026-05-26 01:13:16,904 ] 156 root - INFO - Missing value handling completed from (66, 5) to (32, 5)
[ 2026-05-26 01:13:16,904 ] 174 root - INFO - Removing duplicates
[ 2026-05-26 01:13:16,905 ] 188 root - INFO - Duplicates removed from (32, 5) to (32, 5)
[ 2026-05-26 01:13:16,905 ] 208 root - INFO - Filtering valid years
[ 2026-05-26 01:13:16,905 ] 217 root - INFO - Year filtering completed
[ 2026-05-26 01:13:16,905 ] 231 root - INFO - Sorting dataframe
[ 2026-05-26 01:13:16,907 ] 242 root - INFO - Sorting completed
[ 2026-05-26 01:13:16,908 ] 432 root - INFO - Preprocessing pipeline completed
[ 2026-05-26 01:13:16,910 ] 382 root - INFO - Processed dataframe saved at artifacts\data_processing\processed_data\renewable_energy_data.csv
[ 2026-05-26 01:13:16,911 ] 354 root - INFO - Metadata saved at artifacts\data_processing\metadata\renewable_energy_metadata.json
[ 2026-05-26 01:13:16,911 ] 484 root - INFO - Renewable_Energy processing completed
[ 2026-05-26 01:13:16,912 ] 22 root - INFO - Loading data from artifacts\data_ingestion\raw_data\electricity_access_raw.csv
[ 2026-05-26 01:13:16,915 ] 26 root - INFO - Data loaded successfully
[ 2026-05-26 01:13:16,915 ] 396 root - INFO - Starting preprocessing pipeline
[ 2026-05-26 01:13:16,915 ] 53 root - INFO - Schema validation successful
[ 2026-05-26 01:13:16,915 ] 65 root - INFO - Standardizing columns
[ 2026-05-26 01:13:16,916 ] 94 root - INFO - Column standardization completed
[ 2026-05-26 01:13:16,917 ] 108 root - INFO - Converting datatypes
[ 2026-05-26 01:13:16,917 ] 125 root - INFO - Datatype conversion completed
[ 2026-05-26 01:13:16,917 ] 139 root - INFO - Handling missing values
[ 2026-05-26 01:13:16,919 ] 156 root - INFO - Missing value handling completed from (66, 5) to (31, 5)
[ 2026-05-26 01:13:16,919 ] 174 root - INFO - Removing duplicates
[ 2026-05-26 01:13:16,920 ] 188 root - INFO - Duplicates removed from (31, 5) to (31, 5)
[ 2026-05-26 01:13:16,920 ] 208 root - INFO - Filtering valid years
[ 2026-05-26 01:13:16,921 ] 217 root - INFO - Year filtering completed
[ 2026-05-26 01:13:16,921 ] 231 root - INFO - Sorting dataframe
[ 2026-05-26 01:13:16,922 ] 242 root - INFO - Sorting completed
[ 2026-05-26 01:13:16,923 ] 432 root - INFO - Preprocessing pipeline completed
[ 2026-05-26 01:13:16,926 ] 382 root - INFO - Processed dataframe saved at artifacts\data_processing\processed_data\electricity_access_data.csv
[ 2026-05-26 01:13:16,927 ] 354 root - INFO - Metadata saved at artifacts\data_processing\metadata\electricity_access_metadata.json
[ 2026-05-26 01:13:16,927 ] 484 root - INFO - Electricity_Access processing completed
[ 2026-05-26 01:13:16,928 ] 22 root - INFO - Loading data from artifacts\data_ingestion\raw_data\agriculture_raw.csv
[ 2026-05-26 01:13:16,931 ] 26 root - INFO - Data loaded successfully
[ 2026-05-26 01:13:16,931 ] 396 root - INFO - Starting preprocessing pipeline
[ 2026-05-26 01:13:16,931 ] 53 root - INFO - Schema validation successful
[ 2026-05-26 01:13:16,931 ] 65 root - INFO - Standardizing columns
[ 2026-05-26 01:13:16,933 ] 94 root - INFO - Column standardization completed
[ 2026-05-26 01:13:16,933 ] 108 root - INFO - Converting datatypes
[ 2026-05-26 01:13:16,933 ] 125 root - INFO - Datatype conversion completed
[ 2026-05-26 01:13:16,933 ] 139 root - INFO - Handling missing values
[ 2026-05-26 01:13:16,936 ] 156 root - INFO - Missing value handling completed from (66, 5) to (65, 5)
[ 2026-05-26 01:13:16,936 ] 174 root - INFO - Removing duplicates
[ 2026-05-26 01:13:16,937 ] 188 root - INFO - Duplicates removed from (65, 5) to (65, 5)
[ 2026-05-26 01:13:16,937 ] 208 root - INFO - Filtering valid years
[ 2026-05-26 01:13:16,938 ] 217 root - INFO - Year filtering completed
[ 2026-05-26 01:13:16,938 ] 231 root - INFO - Sorting dataframe
[ 2026-05-26 01:13:16,940 ] 242 root - INFO - Sorting completed
[ 2026-05-26 01:13:16,941 ] 432 root - INFO - Preprocessing pipeline completed
[ 2026-05-26 01:13:16,944 ] 382 root - INFO - Processed dataframe saved at artifacts\data_processing\processed_data\agriculture_data.csv
[ 2026-05-26 01:13:16,945 ] 354 root - INFO - Metadata saved at artifacts\data_processing\metadata\agriculture_metadata.json
[ 2026-05-26 01:13:16,945 ] 484 root - INFO - Agriculture processing completed
[ 2026-05-26 01:13:16,947 ] 22 root - INFO - Loading data from artifacts\data_ingestion\raw_data\industry_raw.csv
[ 2026-05-26 01:13:16,950 ] 26 root - INFO - Data loaded successfully
[ 2026-05-26 01:13:16,950 ] 396 root - INFO - Starting preprocessing pipeline
[ 2026-05-26 01:13:16,950 ] 53 root - INFO - Schema validation successful
[ 2026-05-26 01:13:16,950 ] 65 root - INFO - Standardizing columns
[ 2026-05-26 01:13:16,952 ] 94 root - INFO - Column standardization completed
[ 2026-05-26 01:13:16,952 ] 108 root - INFO - Converting datatypes
[ 2026-05-26 01:13:16,953 ] 125 root - INFO - Datatype conversion completed
[ 2026-05-26 01:13:16,953 ] 139 root - INFO - Handling missing values
[ 2026-05-26 01:13:16,956 ] 156 root - INFO - Missing value handling completed from (66, 5) to (65, 5)
[ 2026-05-26 01:13:16,956 ] 174 root - INFO - Removing duplicates
[ 2026-05-26 01:13:16,958 ] 188 root - INFO - Duplicates removed from (65, 5) to (65, 5)
[ 2026-05-26 01:13:16,958 ] 208 root - INFO - Filtering valid years
[ 2026-05-26 01:13:16,958 ] 217 root - INFO - Year filtering completed
[ 2026-05-26 01:13:16,958 ] 231 root - INFO - Sorting dataframe
[ 2026-05-26 01:13:16,960 ] 242 root - INFO - Sorting completed
[ 2026-05-26 01:13:16,961 ] 432 root - INFO - Preprocessing pipeline completed
[ 2026-05-26 01:13:16,964 ] 382 root - INFO - Processed dataframe saved at artifacts\data_processing\processed_data\industry_data.csv
[ 2026-05-26 01:13:16,966 ] 354 root - INFO - Metadata saved at artifacts\data_processing\metadata\industry_metadata.json
[ 2026-05-26 01:13:16,966 ] 484 root - INFO - Industry processing completed
[ 2026-05-26 01:13:16,967 ] 22 root - INFO - Loading data from artifacts\data_ingestion\raw_data\services_raw.csv
[ 2026-05-26 01:13:16,971 ] 26 root - INFO - Data loaded successfully
[ 2026-05-26 01:13:16,971 ] 396 root - INFO - Starting preprocessing pipeline
[ 2026-05-26 01:13:16,972 ] 53 root - INFO - Schema validation successful
[ 2026-05-26 01:13:16,972 ] 65 root - INFO - Standardizing columns
[ 2026-05-26 01:13:16,974 ] 94 root - INFO - Column standardization completed
[ 2026-05-26 01:13:16,974 ] 108 root - INFO - Converting datatypes
[ 2026-05-26 01:13:16,974 ] 125 root - INFO - Datatype conversion completed
[ 2026-05-26 01:13:16,974 ] 139 root - INFO - Handling missing values
[ 2026-05-26 01:13:16,977 ] 156 root - INFO - Missing value handling completed from (66, 5) to (65, 5)
[ 2026-05-26 01:13:16,978 ] 174 root - INFO - Removing duplicates
[ 2026-05-26 01:13:16,978 ] 188 root - INFO - Duplicates removed from (65, 5) to (65, 5)
[ 2026-05-26 01:13:16,979 ] 208 root - INFO - Filtering valid years
[ 2026-05-26 01:13:16,979 ] 217 root - INFO - Year filtering completed
[ 2026-05-26 01:13:16,979 ] 231 root - INFO - Sorting dataframe
[ 2026-05-26 01:13:16,981 ] 242 root - INFO - Sorting completed
[ 2026-05-26 01:13:16,982 ] 432 root - INFO - Preprocessing pipeline completed
[ 2026-05-26 01:13:16,985 ] 382 root - INFO - Processed dataframe saved at artifacts\data_processing\processed_data\services_data.csv
[ 2026-05-26 01:13:16,986 ] 354 root - INFO - Metadata saved at artifacts\data_processing\metadata\services_metadata.json
[ 2026-05-26 01:13:16,986 ] 484 root - INFO - Services processing completed
[ 2026-05-26 01:13:16,987 ] 22 root - INFO - Loading data from artifacts\data_ingestion\raw_data\military_expenditure_raw.csv
[ 2026-05-26 01:13:16,991 ] 26 root - INFO - Data loaded successfully
[ 2026-05-26 01:13:16,991 ] 396 root - INFO - Starting preprocessing pipeline
[ 2026-05-26 01:13:16,991 ] 53 root - INFO - Schema validation successful
[ 2026-05-26 01:13:16,991 ] 65 root - INFO - Standardizing columns
[ 2026-05-26 01:13:16,992 ] 94 root - INFO - Column standardization completed
[ 2026-05-26 01:13:16,993 ] 108 root - INFO - Converting datatypes
[ 2026-05-26 01:13:16,993 ] 125 root - INFO - Datatype conversion completed
[ 2026-05-26 01:13:16,993 ] 139 root - INFO - Handling missing values
[ 2026-05-26 01:13:16,996 ] 156 root - INFO - Missing value handling completed from (66, 5) to (65, 5)
[ 2026-05-26 01:13:16,996 ] 174 root - INFO - Removing duplicates
[ 2026-05-26 01:13:16,997 ] 188 root - INFO - Duplicates removed from (65, 5) to (65, 5)
[ 2026-05-26 01:13:16,997 ] 208 root - INFO - Filtering valid years
[ 2026-05-26 01:13:16,997 ] 217 root - INFO - Year filtering completed
[ 2026-05-26 01:13:16,998 ] 231 root - INFO - Sorting dataframe
[ 2026-05-26 01:13:16,999 ] 242 root - INFO - Sorting completed
[ 2026-05-26 01:13:17,000 ] 432 root - INFO - Preprocessing pipeline completed
[ 2026-05-26 01:13:17,003 ] 382 root - INFO - Processed dataframe saved at artifacts\data_processing\processed_data\military_expenditure_data.csv
[ 2026-05-26 01:13:17,004 ] 354 root - INFO - Metadata saved at artifacts\data_processing\metadata\military_expenditure_metadata.json
[ 2026-05-26 01:13:17,004 ] 484 root - INFO - Military_Expenditure processing completed
[ 2026-05-26 01:13:17,005 ] 22 root - INFO - Loading data from artifacts\data_ingestion\raw_data\military_percent_gdp_raw.csv
[ 2026-05-26 01:13:17,008 ] 26 root - INFO - Data loaded successfully
[ 2026-05-26 01:13:17,008 ] 396 root - INFO - Starting preprocessing pipeline
[ 2026-05-26 01:13:17,008 ] 53 root - INFO - Schema validation successful
[ 2026-05-26 01:13:17,008 ] 65 root - INFO - Standardizing columns
[ 2026-05-26 01:13:17,010 ] 94 root - INFO - Column standardization completed
[ 2026-05-26 01:13:17,010 ] 108 root - INFO - Converting datatypes
[ 2026-05-26 01:13:17,010 ] 125 root - INFO - Datatype conversion completed
[ 2026-05-26 01:13:17,010 ] 139 root - INFO - Handling missing values
[ 2026-05-26 01:13:17,012 ] 156 root - INFO - Missing value handling completed from (66, 5) to (65, 5)
[ 2026-05-26 01:13:17,012 ] 174 root - INFO - Removing duplicates
[ 2026-05-26 01:13:17,013 ] 188 root - INFO - Duplicates removed from (65, 5) to (65, 5)
[ 2026-05-26 01:13:17,013 ] 208 root - INFO - Filtering valid years
[ 2026-05-26 01:13:17,013 ] 217 root - INFO - Year filtering completed
[ 2026-05-26 01:13:17,014 ] 231 root - INFO - Sorting dataframe
[ 2026-05-26 01:13:17,015 ] 242 root - INFO - Sorting completed
[ 2026-05-26 01:13:17,015 ] 432 root - INFO - Preprocessing pipeline completed
[ 2026-05-26 01:13:17,017 ] 382 root - INFO - Processed dataframe saved at artifacts\data_processing\processed_data\military_percent_gdp_data.csv
[ 2026-05-26 01:13:17,018 ] 354 root - INFO - Metadata saved at artifacts\data_processing\metadata\military_percent_gdp_metadata.json
[ 2026-05-26 01:13:17,019 ] 484 root - INFO - Military_Percent_GDP processing completed
[ 2026-05-26 01:13:17,019 ] 22 root - INFO - Loading data from artifacts\data_ingestion\raw_data\armed_forces_personnel_raw.csv
[ 2026-05-26 01:13:17,022 ] 26 root - INFO - Data loaded successfully
[ 2026-05-26 01:13:17,022 ] 396 root - INFO - Starting preprocessing pipeline
[ 2026-05-26 01:13:17,022 ] 53 root - INFO - Schema validation successful
[ 2026-05-26 01:13:17,022 ] 65 root - INFO - Standardizing columns
[ 2026-05-26 01:13:17,023 ] 94 root - INFO - Column standardization completed
[ 2026-05-26 01:13:17,023 ] 108 root - INFO - Converting datatypes
[ 2026-05-26 01:13:17,024 ] 125 root - INFO - Datatype conversion completed
[ 2026-05-26 01:13:17,024 ] 139 root - INFO - Handling missing values
[ 2026-05-26 01:13:17,026 ] 156 root - INFO - Missing value handling completed from (66, 5) to (33, 5)
[ 2026-05-26 01:13:17,026 ] 174 root - INFO - Removing duplicates
[ 2026-05-26 01:13:17,027 ] 188 root - INFO - Duplicates removed from (33, 5) to (33, 5)
[ 2026-05-26 01:13:17,027 ] 208 root - INFO - Filtering valid years
[ 2026-05-26 01:13:17,027 ] 217 root - INFO - Year filtering completed
[ 2026-05-26 01:13:17,027 ] 231 root - INFO - Sorting dataframe
[ 2026-05-26 01:13:17,029 ] 242 root - INFO - Sorting completed
[ 2026-05-26 01:13:17,029 ] 432 root - INFO - Preprocessing pipeline completed
[ 2026-05-26 01:13:17,031 ] 382 root - INFO - Processed dataframe saved at artifacts\data_processing\processed_data\armed_forces_personnel_data.csv
[ 2026-05-26 01:13:17,032 ] 354 root - INFO - Metadata saved at artifacts\data_processing\metadata\armed_forces_personnel_metadata.json
[ 2026-05-26 01:13:17,032 ] 484 root - INFO - Armed_Forces_Personnel processing completed
[ 2026-05-26 01:13:17,033 ] 46 root - INFO - Economy Section Processing Started
[ 2026-05-26 01:13:17,033 ] 53 root - INFO - economy section processing started
[ 2026-05-26 01:13:17,060 ] 65 root - INFO - economy csv files fetched to dataframes.
[ 2026-05-26 01:13:17,085 ] 57 root - INFO - economy section processing completed
[ 2026-05-26 01:13:17,085 ] 53 root - INFO - demographics section processing started
[ 2026-05-26 01:13:17,189 ] 65 root - INFO - demographics csv files fetched to dataframes.
[ 2026-05-26 01:13:17,216 ] 57 root - INFO - demographics section processing completed
[ 2026-05-26 01:13:17,217 ] 53 root - INFO - trade section processing started
[ 2026-05-26 01:13:17,238 ] 65 root - INFO - trade csv files fetched to dataframes.
[ 2026-05-26 01:13:17,249 ] 57 root - INFO - trade section processing completed
[ 2026-05-26 01:13:17,249 ] 53 root - INFO - technology section processing started
[ 2026-05-26 01:13:17,277 ] 65 root - INFO - technology csv files fetched to dataframes.
[ 2026-05-26 01:13:17,296 ] 57 root - INFO - technology section processing completed
[ 2026-05-26 01:13:17,296 ] 53 root - INFO - environment section processing started
[ 2026-05-26 01:13:17,325 ] 65 root - INFO - environment csv files fetched to dataframes.
[ 2026-05-26 01:13:17,341 ] 57 root - INFO - environment section processing completed
[ 2026-05-26 01:13:17,341 ] 53 root - INFO - industry section processing started
[ 2026-05-26 01:13:17,359 ] 65 root - INFO - industry csv files fetched to dataframes.
[ 2026-05-26 01:13:17,367 ] 57 root - INFO - industry section processing completed
[ 2026-05-26 01:13:17,367 ] 53 root - INFO - military section processing started
[ 2026-05-26 01:13:17,383 ] 65 root - INFO - military csv files fetched to dataframes.
[ 2026-05-26 01:13:17,393 ] 57 root - INFO - military section processing completed
[ 2026-05-26 01:13:17,393 ] 59 root - INFO - Economy Section Processing Completed
