[ 2026-05-26 02:36:36,506 ] 21 root - INFO - Data Ingestion Started
[ 2026-05-26 02:36:36,507 ] 41 root - INFO - Fetching gdp
[ 2026-05-26 02:36:37,197 ] 110 root - INFO - Saved gdp_raw.csv
[ 2026-05-26 02:36:37,197 ] 41 root - INFO - Fetching gdp_per_capita
[ 2026-05-26 02:36:37,545 ] 110 root - INFO - Saved gdp_per_capita_raw.csv
[ 2026-05-26 02:36:37,545 ] 41 root - INFO - Fetching population
[ 2026-05-26 02:36:37,938 ] 110 root - INFO - Saved population_raw.csv
[ 2026-05-26 02:36:37,939 ] 41 root - INFO - Fetching inflation
[ 2026-05-26 02:36:38,642 ] 110 root - INFO - Saved inflation_raw.csv
[ 2026-05-26 02:36:38,649 ] 41 root - INFO - Fetching unemployment
[ 2026-05-26 02:36:38,905 ] 110 root - INFO - Saved unemployment_raw.csv
[ 2026-05-26 02:36:38,905 ] 41 root - INFO - Fetching life_expectancy
[ 2026-05-26 02:36:39,836 ] 110 root - INFO - Saved life_expectancy_raw.csv
[ 2026-05-26 02:36:39,837 ] 41 root - INFO - Fetching exports
[ 2026-05-26 02:36:40,820 ] 110 root - INFO - Saved exports_raw.csv
[ 2026-05-26 02:36:40,821 ] 41 root - INFO - Fetching imports
[ 2026-05-26 02:36:42,014 ] 110 root - INFO - Saved imports_raw.csv
[ 2026-05-26 02:36:42,015 ] 41 root - INFO - Fetching forex_reserves
[ 2026-05-26 02:36:42,767 ] 110 root - INFO - Saved forex_reserves_raw.csv
[ 2026-05-26 02:36:42,767 ] 41 root - INFO - Fetching agriculture
[ 2026-05-26 02:36:43,787 ] 110 root - INFO - Saved agriculture_raw.csv
[ 2026-05-26 02:36:43,787 ] 41 root - INFO - Fetching industry
[ 2026-05-26 02:36:44,774 ] 110 root - INFO - Saved industry_raw.csv
[ 2026-05-26 02:36:44,774 ] 41 root - INFO - Fetching services
[ 2026-05-26 02:36:45,651 ] 110 root - INFO - Saved services_raw.csv
[ 2026-05-26 02:36:45,654 ] 41 root - INFO - Fetching trade_percent_gdp
[ 2026-05-26 02:36:47,035 ] 110 root - INFO - Saved trade_percent_gdp_raw.csv
[ 2026-05-26 02:36:47,035 ] 41 root - INFO - Fetching fdi
[ 2026-05-26 02:36:48,000 ] 110 root - INFO - Saved fdi_raw.csv
[ 2026-05-26 02:36:48,001 ] 41 root - INFO - Fetching interest_rate
[ 2026-05-26 02:36:48,938 ] 110 root - INFO - Saved interest_rate_raw.csv
[ 2026-05-26 02:36:48,940 ] 41 root - INFO - Fetching current_account_balance
[ 2026-05-26 02:36:50,682 ] 110 root - INFO - Saved current_account_balance_raw.csv
[ 2026-05-26 02:36:50,682 ] 41 root - INFO - Fetching population_growth
[ 2026-05-26 02:36:51,801 ] 110 root - INFO - Saved population_growth_raw.csv
[ 2026-05-26 02:36:51,802 ] 41 root - INFO - Fetching urbanization
[ 2026-05-26 02:36:52,818 ] 110 root - INFO - Saved urbanization_raw.csv
[ 2026-05-26 02:36:52,819 ] 41 root - INFO - Fetching birth_rate
[ 2026-05-26 02:36:53,795 ] 110 root - INFO - Saved birth_rate_raw.csv
[ 2026-05-26 02:36:53,806 ] 41 root - INFO - Fetching death_rate
[ 2026-05-26 02:36:54,686 ] 110 root - INFO - Saved death_rate_raw.csv
[ 2026-05-26 02:36:54,686 ] 41 root - INFO - Fetching population_density
[ 2026-05-26 02:36:55,500 ] 110 root - INFO - Saved population_density_raw.csv
[ 2026-05-26 02:36:55,500 ] 41 root - INFO - Fetching literacy_rate
[ 2026-05-26 02:36:56,158 ] 110 root - INFO - Saved literacy_rate_raw.csv
[ 2026-05-26 02:36:56,158 ] 41 root - INFO - Fetching internet_users
[ 2026-05-26 02:36:57,127 ] 110 root - INFO - Saved internet_users_raw.csv
[ 2026-05-26 02:36:57,127 ] 41 root - INFO - Fetching mobile_subscriptions
[ 2026-05-26 02:36:58,024 ] 110 root - INFO - Saved mobile_subscriptions_raw.csv
[ 2026-05-26 02:36:58,024 ] 41 root - INFO - Fetching broadband_subscriptions
[ 2026-05-26 02:36:58,843 ] 110 root - INFO - Saved broadband_subscriptions_raw.csv
[ 2026-05-26 02:36:58,843 ] 41 root - INFO - Fetching secure_servers
[ 2026-05-26 02:36:59,611 ] 110 root - INFO - Saved secure_servers_raw.csv
[ 2026-05-26 02:36:59,612 ] 41 root - INFO - Fetching high_tech_exports
[ 2026-05-26 02:37:00,674 ] 110 root - INFO - Saved high_tech_exports_raw.csv
[ 2026-05-26 02:37:00,675 ] 41 root - INFO - Fetching rnd_expenditure
[ 2026-05-26 02:37:01,871 ] 110 root - INFO - Saved rnd_expenditure_raw.csv
[ 2026-05-26 02:37:01,871 ] 41 root - INFO - Fetching renewable_energy
[ 2026-05-26 02:37:02,711 ] 110 root - INFO - Saved renewable_energy_raw.csv
[ 2026-05-26 02:37:02,711 ] 41 root - INFO - Fetching forest_area
[ 2026-05-26 02:37:03,910 ] 110 root - INFO - Saved forest_area_raw.csv
[ 2026-05-26 02:37:03,910 ] 41 root - INFO - Fetching air_pollution
[ 2026-05-26 02:37:04,901 ] 110 root - INFO - Saved air_pollution_raw.csv
[ 2026-05-26 02:37:04,901 ] 41 root - INFO - Fetching electricity_access
[ 2026-05-26 02:37:05,640 ] 110 root - INFO - Saved electricity_access_raw.csv
[ 2026-05-26 02:37:05,640 ] 41 root - INFO - Fetching military_expenditure
[ 2026-05-26 02:37:06,599 ] 110 root - INFO - Saved military_expenditure_raw.csv
[ 2026-05-26 02:37:06,600 ] 41 root - INFO - Fetching military_percent_gdp
[ 2026-05-26 02:37:07,312 ] 110 root - INFO - Saved military_percent_gdp_raw.csv
[ 2026-05-26 02:37:07,312 ] 41 root - INFO - Fetching armed_forces_personnel
[ 2026-05-26 02:37:07,632 ] 110 root - INFO - Saved armed_forces_personnel_raw.csv
[ 2026-05-26 02:37:07,639 ] 23 root - INFO - Data Ingestion Completed
[ 2026-05-26 02:37:07,640 ] 22 root - INFO - Loading data from artifacts\data_ingestion\raw_data\gdp_raw.csv
[ 2026-05-26 02:37:07,690 ] 26 root - INFO - Data loaded successfully
[ 2026-05-26 02:37:07,690 ] 396 root - INFO - Starting preprocessing pipeline
[ 2026-05-26 02:37:07,690 ] 53 root - INFO - Schema validation successful
[ 2026-05-26 02:37:07,690 ] 65 root - INFO - Standardizing columns
[ 2026-05-26 02:37:07,714 ] 94 root - INFO - Column standardization completed
[ 2026-05-26 02:37:07,714 ] 108 root - INFO - Converting datatypes
[ 2026-05-26 02:37:07,716 ] 125 root - INFO - Datatype conversion completed
[ 2026-05-26 02:37:07,716 ] 139 root - INFO - Handling missing values
[ 2026-05-26 02:37:07,736 ] 156 root - INFO - Missing value handling completed from (17556, 5) to (14308, 5)
[ 2026-05-26 02:37:07,736 ] 174 root - INFO - Removing duplicates
[ 2026-05-26 02:37:07,752 ] 188 root - INFO - Duplicates removed from (14308, 5) to (14308, 5)
[ 2026-05-26 02:37:07,753 ] 208 root - INFO - Filtering valid years
[ 2026-05-26 02:37:07,754 ] 217 root - INFO - Year filtering completed
[ 2026-05-26 02:37:07,754 ] 231 root - INFO - Sorting dataframe
[ 2026-05-26 02:37:07,773 ] 242 root - INFO - Sorting completed
[ 2026-05-26 02:37:07,780 ] 432 root - INFO - Preprocessing pipeline completed
[ 2026-05-26 02:37:07,885 ] 382 root - INFO - Processed dataframe saved at artifacts\data_processing\processed_data\gdp_data.csv
[ 2026-05-26 02:37:07,888 ] 354 root - INFO - Metadata saved at artifacts\data_processing\metadata\gdp_metadata.json
[ 2026-05-26 02:37:07,889 ] 484 root - INFO - GDP processing completed
[ 2026-05-26 02:37:07,891 ] 22 root - INFO - Loading data from artifacts\data_ingestion\raw_data\gdp_per_capita_raw.csv
[ 2026-05-26 02:37:07,955 ] 26 root - INFO - Data loaded successfully
[ 2026-05-26 02:37:07,955 ] 396 root - INFO - Starting preprocessing pipeline
[ 2026-05-26 02:37:07,955 ] 53 root - INFO - Schema validation successful
[ 2026-05-26 02:37:07,956 ] 65 root - INFO - Standardizing columns
[ 2026-05-26 02:37:07,961 ] 94 root - INFO - Column standardization completed
[ 2026-05-26 02:37:07,961 ] 108 root - INFO - Converting datatypes
[ 2026-05-26 02:37:07,962 ] 125 root - INFO - Datatype conversion completed
[ 2026-05-26 02:37:07,962 ] 139 root - INFO - Handling missing values
[ 2026-05-26 02:37:07,971 ] 156 root - INFO - Missing value handling completed from (17556, 5) to (14308, 5)
[ 2026-05-26 02:37:07,971 ] 174 root - INFO - Removing duplicates
[ 2026-05-26 02:37:07,975 ] 188 root - INFO - Duplicates removed from (14308, 5) to (14308, 5)
[ 2026-05-26 02:37:07,975 ] 208 root - INFO - Filtering valid years
[ 2026-05-26 02:37:07,976 ] 217 root - INFO - Year filtering completed
[ 2026-05-26 02:37:07,976 ] 231 root - INFO - Sorting dataframe
[ 2026-05-26 02:37:07,981 ] 242 root - INFO - Sorting completed
[ 2026-05-26 02:37:07,985 ] 432 root - INFO - Preprocessing pipeline completed
[ 2026-05-26 02:37:08,077 ] 382 root - INFO - Processed dataframe saved at artifacts\data_processing\processed_data\gdp_per_capita_data.csv
[ 2026-05-26 02:37:08,080 ] 354 root - INFO - Metadata saved at artifacts\data_processing\metadata\gdp_per_capita_metadata.json
[ 2026-05-26 02:37:08,080 ] 484 root - INFO - GDP_Per_Capita processing completed
[ 2026-05-26 02:37:08,083 ] 22 root - INFO - Loading data from artifacts\data_ingestion\raw_data\inflation_raw.csv
[ 2026-05-26 02:37:08,175 ] 26 root - INFO - Data loaded successfully
[ 2026-05-26 02:37:08,175 ] 396 root - INFO - Starting preprocessing pipeline
[ 2026-05-26 02:37:08,175 ] 53 root - INFO - Schema validation successful
[ 2026-05-26 02:37:08,176 ] 65 root - INFO - Standardizing columns
[ 2026-05-26 02:37:08,182 ] 94 root - INFO - Column standardization completed
[ 2026-05-26 02:37:08,182 ] 108 root - INFO - Converting datatypes
[ 2026-05-26 02:37:08,183 ] 125 root - INFO - Datatype conversion completed
[ 2026-05-26 02:37:08,184 ] 139 root - INFO - Handling missing values
[ 2026-05-26 02:37:08,193 ] 156 root - INFO - Missing value handling completed from (17556, 5) to (9066, 5)
[ 2026-05-26 02:37:08,193 ] 174 root - INFO - Removing duplicates
[ 2026-05-26 02:37:08,197 ] 188 root - INFO - Duplicates removed from (9066, 5) to (9066, 5)
[ 2026-05-26 02:37:08,197 ] 208 root - INFO - Filtering valid years
[ 2026-05-26 02:37:08,198 ] 217 root - INFO - Year filtering completed
[ 2026-05-26 02:37:08,198 ] 231 root - INFO - Sorting dataframe
[ 2026-05-26 02:37:08,203 ] 242 root - INFO - Sorting completed
[ 2026-05-26 02:37:08,204 ] 432 root - INFO - Preprocessing pipeline completed
[ 2026-05-26 02:37:08,237 ] 382 root - INFO - Processed dataframe saved at artifacts\data_processing\processed_data\inflation_data.csv
[ 2026-05-26 02:37:08,238 ] 354 root - INFO - Metadata saved at artifacts\data_processing\metadata\inflation_metadata.json
[ 2026-05-26 02:37:08,238 ] 484 root - INFO - Inflation processing completed
[ 2026-05-26 02:37:08,239 ] 22 root - INFO - Loading data from artifacts\data_ingestion\raw_data\interest_rate_raw.csv
[ 2026-05-26 02:37:08,270 ] 26 root - INFO - Data loaded successfully
[ 2026-05-26 02:37:08,270 ] 396 root - INFO - Starting preprocessing pipeline
[ 2026-05-26 02:37:08,270 ] 53 root - INFO - Schema validation successful
[ 2026-05-26 02:37:08,270 ] 65 root - INFO - Standardizing columns
[ 2026-05-26 02:37:08,274 ] 94 root - INFO - Column standardization completed
[ 2026-05-26 02:37:08,274 ] 108 root - INFO - Converting datatypes
[ 2026-05-26 02:37:08,274 ] 125 root - INFO - Datatype conversion completed
[ 2026-05-26 02:37:08,274 ] 139 root - INFO - Handling missing values
[ 2026-05-26 02:37:08,278 ] 156 root - INFO - Missing value handling completed from (17556, 5) to (4694, 5)
[ 2026-05-26 02:37:08,279 ] 174 root - INFO - Removing duplicates
[ 2026-05-26 02:37:08,280 ] 188 root - INFO - Duplicates removed from (4694, 5) to (4694, 5)
[ 2026-05-26 02:37:08,280 ] 208 root - INFO - Filtering valid years
[ 2026-05-26 02:37:08,281 ] 217 root - INFO - Year filtering completed
[ 2026-05-26 02:37:08,281 ] 231 root - INFO - Sorting dataframe
[ 2026-05-26 02:37:08,283 ] 242 root - INFO - Sorting completed
[ 2026-05-26 02:37:08,284 ] 432 root - INFO - Preprocessing pipeline completed
[ 2026-05-26 02:37:08,299 ] 382 root - INFO - Processed dataframe saved at artifacts\data_processing\processed_data\interest_rate_data.csv
[ 2026-05-26 02:37:08,300 ] 354 root - INFO - Metadata saved at artifacts\data_processing\metadata\interest_rate_metadata.json
[ 2026-05-26 02:37:08,300 ] 484 root - INFO - Interest_Rate processing completed
[ 2026-05-26 02:37:08,301 ] 22 root - INFO - Loading data from artifacts\data_ingestion\raw_data\forex_reserves_raw.csv
[ 2026-05-26 02:37:08,335 ] 26 root - INFO - Data loaded successfully
[ 2026-05-26 02:37:08,336 ] 396 root - INFO - Starting preprocessing pipeline
[ 2026-05-26 02:37:08,336 ] 53 root - INFO - Schema validation successful
[ 2026-05-26 02:37:08,336 ] 65 root - INFO - Standardizing columns
[ 2026-05-26 02:37:08,339 ] 94 root - INFO - Column standardization completed
[ 2026-05-26 02:37:08,339 ] 108 root - INFO - Converting datatypes
[ 2026-05-26 02:37:08,340 ] 125 root - INFO - Datatype conversion completed
[ 2026-05-26 02:37:08,340 ] 139 root - INFO - Handling missing values
[ 2026-05-26 02:37:08,345 ] 156 root - INFO - Missing value handling completed from (17556, 5) to (9366, 5)
[ 2026-05-26 02:37:08,345 ] 174 root - INFO - Removing duplicates
[ 2026-05-26 02:37:08,348 ] 188 root - INFO - Duplicates removed from (9366, 5) to (9366, 5)
[ 2026-05-26 02:37:08,348 ] 208 root - INFO - Filtering valid years
[ 2026-05-26 02:37:08,348 ] 217 root - INFO - Year filtering completed
[ 2026-05-26 02:37:08,348 ] 231 root - INFO - Sorting dataframe
[ 2026-05-26 02:37:08,352 ] 242 root - INFO - Sorting completed
[ 2026-05-26 02:37:08,354 ] 432 root - INFO - Preprocessing pipeline completed
[ 2026-05-26 02:37:08,384 ] 382 root - INFO - Processed dataframe saved at artifacts\data_processing\processed_data\forex_reserves_data.csv
[ 2026-05-26 02:37:08,385 ] 354 root - INFO - Metadata saved at artifacts\data_processing\metadata\forex_reserves_metadata.json
[ 2026-05-26 02:37:08,385 ] 484 root - INFO - Forex_Reserves processing completed
[ 2026-05-26 02:37:08,386 ] 22 root - INFO - Loading data from artifacts\data_ingestion\raw_data\current_account_balance_raw.csv
[ 2026-05-26 02:37:08,415 ] 26 root - INFO - Data loaded successfully
[ 2026-05-26 02:37:08,415 ] 396 root - INFO - Starting preprocessing pipeline
[ 2026-05-26 02:37:08,415 ] 53 root - INFO - Schema validation successful
[ 2026-05-26 02:37:08,415 ] 65 root - INFO - Standardizing columns
[ 2026-05-26 02:37:08,419 ] 94 root - INFO - Column standardization completed
[ 2026-05-26 02:37:08,419 ] 108 root - INFO - Converting datatypes
[ 2026-05-26 02:37:08,420 ] 125 root - INFO - Datatype conversion completed
[ 2026-05-26 02:37:08,420 ] 139 root - INFO - Handling missing values
[ 2026-05-26 02:37:08,423 ] 156 root - INFO - Missing value handling completed from (17556, 5) to (7714, 5)
[ 2026-05-26 02:37:08,423 ] 174 root - INFO - Removing duplicates
[ 2026-05-26 02:37:08,425 ] 188 root - INFO - Duplicates removed from (7714, 5) to (7714, 5)
[ 2026-05-26 02:37:08,425 ] 208 root - INFO - Filtering valid years
[ 2026-05-26 02:37:08,426 ] 217 root - INFO - Year filtering completed
[ 2026-05-26 02:37:08,426 ] 231 root - INFO - Sorting dataframe
[ 2026-05-26 02:37:08,427 ] 242 root - INFO - Sorting completed
[ 2026-05-26 02:37:08,429 ] 432 root - INFO - Preprocessing pipeline completed
[ 2026-05-26 02:37:08,454 ] 382 root - INFO - Processed dataframe saved at artifacts\data_processing\processed_data\current_account_balance_data.csv
[ 2026-05-26 02:37:08,456 ] 354 root - INFO - Metadata saved at artifacts\data_processing\metadata\current_account_balance_metadata.json
[ 2026-05-26 02:37:08,456 ] 484 root - INFO - Current_Account_Balance processing completed
[ 2026-05-26 02:37:08,457 ] 22 root - INFO - Loading data from artifacts\data_ingestion\raw_data\fdi_raw.csv
[ 2026-05-26 02:37:08,491 ] 26 root - INFO - Data loaded successfully
[ 2026-05-26 02:37:08,491 ] 396 root - INFO - Starting preprocessing pipeline
[ 2026-05-26 02:37:08,491 ] 53 root - INFO - Schema validation successful
[ 2026-05-26 02:37:08,491 ] 65 root - INFO - Standardizing columns
[ 2026-05-26 02:37:08,495 ] 94 root - INFO - Column standardization completed
[ 2026-05-26 02:37:08,495 ] 108 root - INFO - Converting datatypes
[ 2026-05-26 02:37:08,496 ] 125 root - INFO - Datatype conversion completed
[ 2026-05-26 02:37:08,496 ] 139 root - INFO - Handling missing values
[ 2026-05-26 02:37:08,502 ] 156 root - INFO - Missing value handling completed from (17556, 5) to (11946, 5)
[ 2026-05-26 02:37:08,502 ] 174 root - INFO - Removing duplicates
[ 2026-05-26 02:37:08,505 ] 188 root - INFO - Duplicates removed from (11946, 5) to (11946, 5)
[ 2026-05-26 02:37:08,505 ] 208 root - INFO - Filtering valid years
[ 2026-05-26 02:37:08,506 ] 217 root - INFO - Year filtering completed
[ 2026-05-26 02:37:08,507 ] 231 root - INFO - Sorting dataframe
[ 2026-05-26 02:37:08,511 ] 242 root - INFO - Sorting completed
[ 2026-05-26 02:37:08,513 ] 432 root - INFO - Preprocessing pipeline completed
[ 2026-05-26 02:37:08,579 ] 382 root - INFO - Processed dataframe saved at artifacts\data_processing\processed_data\fdi_data.csv
[ 2026-05-26 02:37:08,580 ] 354 root - INFO - Metadata saved at artifacts\data_processing\metadata\fdi_metadata.json
[ 2026-05-26 02:37:08,580 ] 484 root - INFO - FDI processing completed
[ 2026-05-26 02:37:08,582 ] 22 root - INFO - Loading data from artifacts\data_ingestion\raw_data\unemployment_raw.csv
[ 2026-05-26 02:37:08,623 ] 26 root - INFO - Data loaded successfully
[ 2026-05-26 02:37:08,623 ] 396 root - INFO - Starting preprocessing pipeline
[ 2026-05-26 02:37:08,623 ] 53 root - INFO - Schema validation successful
[ 2026-05-26 02:37:08,624 ] 65 root - INFO - Standardizing columns
[ 2026-05-26 02:37:08,628 ] 94 root - INFO - Column standardization completed
[ 2026-05-26 02:37:08,628 ] 108 root - INFO - Converting datatypes
[ 2026-05-26 02:37:08,629 ] 125 root - INFO - Datatype conversion completed
[ 2026-05-26 02:37:08,629 ] 139 root - INFO - Handling missing values
[ 2026-05-26 02:37:08,636 ] 156 root - INFO - Missing value handling completed from (17556, 5) to (8071, 5)
[ 2026-05-26 02:37:08,636 ] 174 root - INFO - Removing duplicates
[ 2026-05-26 02:37:08,638 ] 188 root - INFO - Duplicates removed from (8071, 5) to (8071, 5)
[ 2026-05-26 02:37:08,638 ] 208 root - INFO - Filtering valid years
[ 2026-05-26 02:37:08,639 ] 217 root - INFO - Year filtering completed
[ 2026-05-26 02:37:08,639 ] 231 root - INFO - Sorting dataframe
[ 2026-05-26 02:37:08,642 ] 242 root - INFO - Sorting completed
[ 2026-05-26 02:37:08,643 ] 432 root - INFO - Preprocessing pipeline completed
[ 2026-05-26 02:37:08,668 ] 382 root - INFO - Processed dataframe saved at artifacts\data_processing\processed_data\unemployment_data.csv
[ 2026-05-26 02:37:08,669 ] 354 root - INFO - Metadata saved at artifacts\data_processing\metadata\unemployment_metadata.json
[ 2026-05-26 02:37:08,669 ] 484 root - INFO - Unemployment processing completed
[ 2026-05-26 02:37:08,670 ] 22 root - INFO - Loading data from artifacts\data_ingestion\raw_data\population_raw.csv
[ 2026-05-26 02:37:08,711 ] 26 root - INFO - Data loaded successfully
[ 2026-05-26 02:37:08,711 ] 396 root - INFO - Starting preprocessing pipeline
[ 2026-05-26 02:37:08,711 ] 53 root - INFO - Schema validation successful
[ 2026-05-26 02:37:08,712 ] 65 root - INFO - Standardizing columns
[ 2026-05-26 02:37:08,719 ] 94 root - INFO - Column standardization completed
[ 2026-05-26 02:37:08,720 ] 108 root - INFO - Converting datatypes
[ 2026-05-26 02:37:08,721 ] 125 root - INFO - Datatype conversion completed
[ 2026-05-26 02:37:08,722 ] 139 root - INFO - Handling missing values
[ 2026-05-26 02:37:08,738 ] 156 root - INFO - Missing value handling completed from (17556, 5) to (16935, 5)
[ 2026-05-26 02:37:08,738 ] 174 root - INFO - Removing duplicates
[ 2026-05-26 02:37:08,749 ] 188 root - INFO - Duplicates removed from (16935, 5) to (16935, 5)
[ 2026-05-26 02:37:08,750 ] 208 root - INFO - Filtering valid years
[ 2026-05-26 02:37:08,752 ] 217 root - INFO - Year filtering completed
[ 2026-05-26 02:37:08,752 ] 231 root - INFO - Sorting dataframe
[ 2026-05-26 02:37:08,771 ] 242 root - INFO - Sorting completed
[ 2026-05-26 02:37:08,778 ] 432 root - INFO - Preprocessing pipeline completed
[ 2026-05-26 02:37:08,907 ] 382 root - INFO - Processed dataframe saved at artifacts\data_processing\processed_data\population_data.csv
[ 2026-05-26 02:37:08,909 ] 354 root - INFO - Metadata saved at artifacts\data_processing\metadata\population_metadata.json
[ 2026-05-26 02:37:08,909 ] 484 root - INFO - Population processing completed
[ 2026-05-26 02:37:08,912 ] 22 root - INFO - Loading data from artifacts\data_ingestion\raw_data\population_growth_raw.csv
[ 2026-05-26 02:37:08,978 ] 26 root - INFO - Data loaded successfully
[ 2026-05-26 02:37:08,979 ] 396 root - INFO - Starting preprocessing pipeline
[ 2026-05-26 02:37:08,979 ] 53 root - INFO - Schema validation successful
[ 2026-05-26 02:37:08,979 ] 65 root - INFO - Standardizing columns
[ 2026-05-26 02:37:08,988 ] 94 root - INFO - Column standardization completed
[ 2026-05-26 02:37:08,988 ] 108 root - INFO - Converting datatypes
[ 2026-05-26 02:37:08,990 ] 125 root - INFO - Datatype conversion completed
[ 2026-05-26 02:37:08,990 ] 139 root - INFO - Handling missing values
[ 2026-05-26 02:37:09,001 ] 156 root - INFO - Missing value handling completed from (17556, 5) to (16672, 5)
[ 2026-05-26 02:37:09,001 ] 174 root - INFO - Removing duplicates
[ 2026-05-26 02:37:09,006 ] 188 root - INFO - Duplicates removed from (16672, 5) to (16672, 5)
[ 2026-05-26 02:37:09,006 ] 208 root - INFO - Filtering valid years
[ 2026-05-26 02:37:09,007 ] 217 root - INFO - Year filtering completed
[ 2026-05-26 02:37:09,008 ] 231 root - INFO - Sorting dataframe
[ 2026-05-26 02:37:09,015 ] 242 root - INFO - Sorting completed
[ 2026-05-26 02:37:09,017 ] 432 root - INFO - Preprocessing pipeline completed
[ 2026-05-26 02:37:09,080 ] 382 root - INFO - Processed dataframe saved at artifacts\data_processing\processed_data\population_growth_data.csv
[ 2026-05-26 02:37:09,081 ] 354 root - INFO - Metadata saved at artifacts\data_processing\metadata\population_growth_metadata.json
[ 2026-05-26 02:37:09,081 ] 484 root - INFO - Population_Growth processing completed
[ 2026-05-26 02:37:09,083 ] 22 root - INFO - Loading data from artifacts\data_ingestion\raw_data\population_density_raw.csv
[ 2026-05-26 02:37:09,117 ] 26 root - INFO - Data loaded successfully
[ 2026-05-26 02:37:09,118 ] 396 root - INFO - Starting preprocessing pipeline
[ 2026-05-26 02:37:09,118 ] 53 root - INFO - Schema validation successful
[ 2026-05-26 02:37:09,118 ] 65 root - INFO - Standardizing columns
[ 2026-05-26 02:37:09,122 ] 94 root - INFO - Column standardization completed
[ 2026-05-26 02:37:09,122 ] 108 root - INFO - Converting datatypes
[ 2026-05-26 02:37:09,123 ] 125 root - INFO - Datatype conversion completed
[ 2026-05-26 02:37:09,123 ] 139 root - INFO - Handling missing values
[ 2026-05-26 02:37:09,130 ] 156 root - INFO - Missing value handling completed from (17556, 5) to (15048, 5)
[ 2026-05-26 02:37:09,131 ] 174 root - INFO - Removing duplicates
[ 2026-05-26 02:37:09,136 ] 188 root - INFO - Duplicates removed from (15048, 5) to (15048, 5)
[ 2026-05-26 02:37:09,136 ] 208 root - INFO - Filtering valid years
[ 2026-05-26 02:37:09,137 ] 217 root - INFO - Year filtering completed
[ 2026-05-26 02:37:09,137 ] 231 root - INFO - Sorting dataframe
[ 2026-05-26 02:37:09,141 ] 242 root - INFO - Sorting completed
[ 2026-05-26 02:37:09,143 ] 432 root - INFO - Preprocessing pipeline completed
[ 2026-05-26 02:37:09,198 ] 382 root - INFO - Processed dataframe saved at artifacts\data_processing\processed_data\population_density_data.csv
[ 2026-05-26 02:37:09,199 ] 354 root - INFO - Metadata saved at artifacts\data_processing\metadata\population_density_metadata.json
[ 2026-05-26 02:37:09,199 ] 484 root - INFO - Population_Density processing completed
[ 2026-05-26 02:37:09,201 ] 22 root - INFO - Loading data from artifacts\data_ingestion\raw_data\urbanization_raw.csv
[ 2026-05-26 02:37:09,236 ] 26 root - INFO - Data loaded successfully
[ 2026-05-26 02:37:09,236 ] 396 root - INFO - Starting preprocessing pipeline
[ 2026-05-26 02:37:09,236 ] 53 root - INFO - Schema validation successful
[ 2026-05-26 02:37:09,237 ] 65 root - INFO - Standardizing columns
[ 2026-05-26 02:37:09,241 ] 94 root - INFO - Column standardization completed
[ 2026-05-26 02:37:09,241 ] 108 root - INFO - Converting datatypes
[ 2026-05-26 02:37:09,243 ] 125 root - INFO - Datatype conversion completed
[ 2026-05-26 02:37:09,243 ] 139 root - INFO - Handling missing values
[ 2026-05-26 02:37:09,251 ] 156 root - INFO - Missing value handling completed from (17556, 5) to (16965, 5)
[ 2026-05-26 02:37:09,251 ] 174 root - INFO - Removing duplicates
[ 2026-05-26 02:37:09,256 ] 188 root - INFO - Duplicates removed from (16965, 5) to (16965, 5)
[ 2026-05-26 02:37:09,257 ] 208 root - INFO - Filtering valid years
[ 2026-05-26 02:37:09,258 ] 217 root - INFO - Year filtering completed
[ 2026-05-26 02:37:09,258 ] 231 root - INFO - Sorting dataframe
[ 2026-05-26 02:37:09,265 ] 242 root - INFO - Sorting completed
[ 2026-05-26 02:37:09,267 ] 432 root - INFO - Preprocessing pipeline completed
[ 2026-05-26 02:37:09,461 ] 382 root - INFO - Processed dataframe saved at artifacts\data_processing\processed_data\urbanization_data.csv
[ 2026-05-26 02:37:09,464 ] 354 root - INFO - Metadata saved at artifacts\data_processing\metadata\urbanization_metadata.json
[ 2026-05-26 02:37:09,464 ] 484 root - INFO - Urbanization processing completed
[ 2026-05-26 02:37:09,467 ] 22 root - INFO - Loading data from artifacts\data_ingestion\raw_data\birth_rate_raw.csv
[ 2026-05-26 02:37:09,521 ] 26 root - INFO - Data loaded successfully
[ 2026-05-26 02:37:09,521 ] 396 root - INFO - Starting preprocessing pipeline
[ 2026-05-26 02:37:09,521 ] 53 root - INFO - Schema validation successful
[ 2026-05-26 02:37:09,521 ] 65 root - INFO - Standardizing columns
[ 2026-05-26 02:37:09,525 ] 94 root - INFO - Column standardization completed
[ 2026-05-26 02:37:09,525 ] 108 root - INFO - Converting datatypes
[ 2026-05-26 02:37:09,526 ] 125 root - INFO - Datatype conversion completed
[ 2026-05-26 02:37:09,526 ] 139 root - INFO - Handling missing values
[ 2026-05-26 02:37:09,532 ] 156 root - INFO - Missing value handling completed from (17556, 5) to (16935, 5)
[ 2026-05-26 02:37:09,533 ] 174 root - INFO - Removing duplicates
[ 2026-05-26 02:37:09,537 ] 188 root - INFO - Duplicates removed from (16935, 5) to (16935, 5)
[ 2026-05-26 02:37:09,537 ] 208 root - INFO - Filtering valid years
[ 2026-05-26 02:37:09,538 ] 217 root - INFO - Year filtering completed
[ 2026-05-26 02:37:09,538 ] 231 root - INFO - Sorting dataframe
[ 2026-05-26 02:37:09,542 ] 242 root - INFO - Sorting completed
[ 2026-05-26 02:37:09,543 ] 432 root - INFO - Preprocessing pipeline completed
[ 2026-05-26 02:37:09,579 ] 382 root - INFO - Processed dataframe saved at artifacts\data_processing\processed_data\birth_rate_data.csv
[ 2026-05-26 02:37:09,580 ] 354 root - INFO - Metadata saved at artifacts\data_processing\metadata\birth_rate_metadata.json
[ 2026-05-26 02:37:09,580 ] 484 root - INFO - Birth_Rate processing completed
[ 2026-05-26 02:37:09,581 ] 22 root - INFO - Loading data from artifacts\data_ingestion\raw_data\death_rate_raw.csv
[ 2026-05-26 02:37:09,607 ] 26 root - INFO - Data loaded successfully
[ 2026-05-26 02:37:09,607 ] 396 root - INFO - Starting preprocessing pipeline
[ 2026-05-26 02:37:09,607 ] 53 root - INFO - Schema validation successful
[ 2026-05-26 02:37:09,607 ] 65 root - INFO - Standardizing columns
[ 2026-05-26 02:37:09,610 ] 94 root - INFO - Column standardization completed
[ 2026-05-26 02:37:09,610 ] 108 root - INFO - Converting datatypes
[ 2026-05-26 02:37:09,611 ] 125 root - INFO - Datatype conversion completed
[ 2026-05-26 02:37:09,611 ] 139 root - INFO - Handling missing values
[ 2026-05-26 02:37:09,616 ] 156 root - INFO - Missing value handling completed from (17556, 5) to (16935, 5)
[ 2026-05-26 02:37:09,617 ] 174 root - INFO - Removing duplicates
[ 2026-05-26 02:37:09,620 ] 188 root - INFO - Duplicates removed from (16935, 5) to (16935, 5)
[ 2026-05-26 02:37:09,620 ] 208 root - INFO - Filtering valid years
[ 2026-05-26 02:37:09,621 ] 217 root - INFO - Year filtering completed
[ 2026-05-26 02:37:09,621 ] 231 root - INFO - Sorting dataframe
[ 2026-05-26 02:37:09,626 ] 242 root - INFO - Sorting completed
[ 2026-05-26 02:37:09,629 ] 432 root - INFO - Preprocessing pipeline completed
[ 2026-05-26 02:37:09,693 ] 382 root - INFO - Processed dataframe saved at artifacts\data_processing\processed_data\death_rate_data.csv
[ 2026-05-26 02:37:09,695 ] 354 root - INFO - Metadata saved at artifacts\data_processing\metadata\death_rate_metadata.json
[ 2026-05-26 02:37:09,695 ] 484 root - INFO - Death_Rate processing completed
[ 2026-05-26 02:37:09,697 ] 22 root - INFO - Loading data from artifacts\data_ingestion\raw_data\life_expectancy_raw.csv
[ 2026-05-26 02:37:09,747 ] 26 root - INFO - Data loaded successfully
[ 2026-05-26 02:37:09,747 ] 396 root - INFO - Starting preprocessing pipeline
[ 2026-05-26 02:37:09,748 ] 53 root - INFO - Schema validation successful
[ 2026-05-26 02:37:09,748 ] 65 root - INFO - Standardizing columns
[ 2026-05-26 02:37:09,756 ] 94 root - INFO - Column standardization completed
[ 2026-05-26 02:37:09,756 ] 108 root - INFO - Converting datatypes
[ 2026-05-26 02:37:09,757 ] 125 root - INFO - Datatype conversion completed
[ 2026-05-26 02:37:09,757 ] 139 root - INFO - Handling missing values
[ 2026-05-26 02:37:09,771 ] 156 root - INFO - Missing value handling completed from (17556, 5) to (16931, 5)
[ 2026-05-26 02:37:09,771 ] 174 root - INFO - Removing duplicates
[ 2026-05-26 02:37:09,780 ] 188 root - INFO - Duplicates removed from (16931, 5) to (16931, 5)
[ 2026-05-26 02:37:09,780 ] 208 root - INFO - Filtering valid years
[ 2026-05-26 02:37:09,781 ] 217 root - INFO - Year filtering completed
[ 2026-05-26 02:37:09,782 ] 231 root - INFO - Sorting dataframe
[ 2026-05-26 02:37:09,791 ] 242 root - INFO - Sorting completed
[ 2026-05-26 02:37:09,794 ] 432 root - INFO - Preprocessing pipeline completed
[ 2026-05-26 02:37:09,887 ] 382 root - INFO - Processed dataframe saved at artifacts\data_processing\processed_data\life_expectancy_data.csv
[ 2026-05-26 02:37:09,889 ] 354 root - INFO - Metadata saved at artifacts\data_processing\metadata\life_expectancy_metadata.json
[ 2026-05-26 02:37:09,889 ] 484 root - INFO - Life_Expectancy processing completed
[ 2026-05-26 02:37:09,891 ] 22 root - INFO - Loading data from artifacts\data_ingestion\raw_data\literacy_rate_raw.csv
[ 2026-05-26 02:37:09,933 ] 26 root - INFO - Data loaded successfully
[ 2026-05-26 02:37:09,934 ] 396 root - INFO - Starting preprocessing pipeline
[ 2026-05-26 02:37:09,934 ] 53 root - INFO - Schema validation successful
[ 2026-05-26 02:37:09,934 ] 65 root - INFO - Standardizing columns
[ 2026-05-26 02:37:09,938 ] 94 root - INFO - Column standardization completed
[ 2026-05-26 02:37:09,938 ] 108 root - INFO - Converting datatypes
[ 2026-05-26 02:37:09,939 ] 125 root - INFO - Datatype conversion completed
[ 2026-05-26 02:37:09,939 ] 139 root - INFO - Handling missing values
[ 2026-05-26 02:37:09,943 ] 156 root - INFO - Missing value handling completed from (17556, 5) to (2704, 5)
[ 2026-05-26 02:37:09,943 ] 174 root - INFO - Removing duplicates
[ 2026-05-26 02:37:09,944 ] 188 root - INFO - Duplicates removed from (2704, 5) to (2704, 5)
[ 2026-05-26 02:37:09,944 ] 208 root - INFO - Filtering valid years
[ 2026-05-26 02:37:09,945 ] 217 root - INFO - Year filtering completed
[ 2026-05-26 02:37:09,945 ] 231 root - INFO - Sorting dataframe
[ 2026-05-26 02:37:09,947 ] 242 root - INFO - Sorting completed
[ 2026-05-26 02:37:09,948 ] 432 root - INFO - Preprocessing pipeline completed
[ 2026-05-26 02:37:09,957 ] 382 root - INFO - Processed dataframe saved at artifacts\data_processing\processed_data\literacy_rate_data.csv
[ 2026-05-26 02:37:09,958 ] 354 root - INFO - Metadata saved at artifacts\data_processing\metadata\literacy_rate_metadata.json
[ 2026-05-26 02:37:09,958 ] 484 root - INFO - Literacy_Rate processing completed
[ 2026-05-26 02:37:09,959 ] 22 root - INFO - Loading data from artifacts\data_ingestion\raw_data\exports_raw.csv
[ 2026-05-26 02:37:09,998 ] 26 root - INFO - Data loaded successfully
[ 2026-05-26 02:37:09,998 ] 396 root - INFO - Starting preprocessing pipeline
[ 2026-05-26 02:37:09,998 ] 53 root - INFO - Schema validation successful
[ 2026-05-26 02:37:09,998 ] 65 root - INFO - Standardizing columns
[ 2026-05-26 02:37:10,000 ] 94 root - INFO - Column standardization completed
[ 2026-05-26 02:37:10,000 ] 108 root - INFO - Converting datatypes
[ 2026-05-26 02:37:10,001 ] 125 root - INFO - Datatype conversion completed
[ 2026-05-26 02:37:10,001 ] 139 root - INFO - Handling missing values
[ 2026-05-26 02:37:10,003 ] 156 root - INFO - Missing value handling completed from (17556, 5) to (10920, 5)
[ 2026-05-26 02:37:10,004 ] 174 root - INFO - Removing duplicates
[ 2026-05-26 02:37:10,005 ] 188 root - INFO - Duplicates removed from (10920, 5) to (10920, 5)
[ 2026-05-26 02:37:10,005 ] 208 root - INFO - Filtering valid years
[ 2026-05-26 02:37:10,005 ] 217 root - INFO - Year filtering completed
[ 2026-05-26 02:37:10,005 ] 231 root - INFO - Sorting dataframe
[ 2026-05-26 02:37:10,007 ] 242 root - INFO - Sorting completed
[ 2026-05-26 02:37:10,008 ] 432 root - INFO - Preprocessing pipeline completed
[ 2026-05-26 02:37:10,030 ] 382 root - INFO - Processed dataframe saved at artifacts\data_processing\processed_data\exports_data.csv
[ 2026-05-26 02:37:10,031 ] 354 root - INFO - Metadata saved at artifacts\data_processing\metadata\exports_metadata.json
[ 2026-05-26 02:37:10,031 ] 484 root - INFO - Exports processing completed
[ 2026-05-26 02:37:10,032 ] 22 root - INFO - Loading data from artifacts\data_ingestion\raw_data\imports_raw.csv
[ 2026-05-26 02:37:10,056 ] 26 root - INFO - Data loaded successfully
[ 2026-05-26 02:37:10,056 ] 396 root - INFO - Starting preprocessing pipeline
[ 2026-05-26 02:37:10,056 ] 53 root - INFO - Schema validation successful
[ 2026-05-26 02:37:10,056 ] 65 root - INFO - Standardizing columns
[ 2026-05-26 02:37:10,058 ] 94 root - INFO - Column standardization completed
[ 2026-05-26 02:37:10,058 ] 108 root - INFO - Converting datatypes
[ 2026-05-26 02:37:10,059 ] 125 root - INFO - Datatype conversion completed
[ 2026-05-26 02:37:10,059 ] 139 root - INFO - Handling missing values
[ 2026-05-26 02:37:10,062 ] 156 root - INFO - Missing value handling completed from (17556, 5) to (10979, 5)
[ 2026-05-26 02:37:10,062 ] 174 root - INFO - Removing duplicates
[ 2026-05-26 02:37:10,063 ] 188 root - INFO - Duplicates removed from (10979, 5) to (10979, 5)
[ 2026-05-26 02:37:10,063 ] 208 root - INFO - Filtering valid years
[ 2026-05-26 02:37:10,064 ] 217 root - INFO - Year filtering completed
[ 2026-05-26 02:37:10,064 ] 231 root - INFO - Sorting dataframe
[ 2026-05-26 02:37:10,066 ] 242 root - INFO - Sorting completed
[ 2026-05-26 02:37:10,066 ] 432 root - INFO - Preprocessing pipeline completed
[ 2026-05-26 02:37:10,100 ] 382 root - INFO - Processed dataframe saved at artifacts\data_processing\processed_data\imports_data.csv
[ 2026-05-26 02:37:10,101 ] 354 root - INFO - Metadata saved at artifacts\data_processing\metadata\imports_metadata.json
[ 2026-05-26 02:37:10,101 ] 484 root - INFO - Imports processing completed
[ 2026-05-26 02:37:10,102 ] 22 root - INFO - Loading data from artifacts\data_ingestion\raw_data\trade_percent_gdp_raw.csv
[ 2026-05-26 02:37:10,126 ] 26 root - INFO - Data loaded successfully
[ 2026-05-26 02:37:10,126 ] 396 root - INFO - Starting preprocessing pipeline
[ 2026-05-26 02:37:10,126 ] 53 root - INFO - Schema validation successful
[ 2026-05-26 02:37:10,126 ] 65 root - INFO - Standardizing columns
[ 2026-05-26 02:37:10,129 ] 94 root - INFO - Column standardization completed
[ 2026-05-26 02:37:10,129 ] 108 root - INFO - Converting datatypes
[ 2026-05-26 02:37:10,130 ] 125 root - INFO - Datatype conversion completed
[ 2026-05-26 02:37:10,130 ] 139 root - INFO - Handling missing values
[ 2026-05-26 02:37:10,133 ] 156 root - INFO - Missing value handling completed from (17556, 5) to (10714, 5)
[ 2026-05-26 02:37:10,134 ] 174 root - INFO - Removing duplicates
[ 2026-05-26 02:37:10,137 ] 188 root - INFO - Duplicates removed from (10714, 5) to (10714, 5)
[ 2026-05-26 02:37:10,137 ] 208 root - INFO - Filtering valid years
[ 2026-05-26 02:37:10,138 ] 217 root - INFO - Year filtering completed
[ 2026-05-26 02:37:10,138 ] 231 root - INFO - Sorting dataframe
[ 2026-05-26 02:37:10,142 ] 242 root - INFO - Sorting completed
[ 2026-05-26 02:37:10,144 ] 432 root - INFO - Preprocessing pipeline completed
[ 2026-05-26 02:37:10,181 ] 382 root - INFO - Processed dataframe saved at artifacts\data_processing\processed_data\trade_percent_gdp_data.csv
[ 2026-05-26 02:37:10,181 ] 354 root - INFO - Metadata saved at artifacts\data_processing\metadata\trade_percent_gdp_metadata.json
[ 2026-05-26 02:37:10,181 ] 484 root - INFO - Trade_Percent_GDP processing completed
[ 2026-05-26 02:37:10,182 ] 22 root - INFO - Loading data from artifacts\data_ingestion\raw_data\high_tech_exports_raw.csv
[ 2026-05-26 02:37:10,213 ] 26 root - INFO - Data loaded successfully
[ 2026-05-26 02:37:10,213 ] 396 root - INFO - Starting preprocessing pipeline
[ 2026-05-26 02:37:10,213 ] 53 root - INFO - Schema validation successful
[ 2026-05-26 02:37:10,213 ] 65 root - INFO - Standardizing columns
[ 2026-05-26 02:37:10,216 ] 94 root - INFO - Column standardization completed
[ 2026-05-26 02:37:10,216 ] 108 root - INFO - Converting datatypes
[ 2026-05-26 02:37:10,216 ] 125 root - INFO - Datatype conversion completed
[ 2026-05-26 02:37:10,217 ] 139 root - INFO - Handling missing values
[ 2026-05-26 02:37:10,221 ] 156 root - INFO - Missing value handling completed from (17556, 5) to (3185, 5)
[ 2026-05-26 02:37:10,221 ] 174 root - INFO - Removing duplicates
[ 2026-05-26 02:37:10,222 ] 188 root - INFO - Duplicates removed from (3185, 5) to (3185, 5)
[ 2026-05-26 02:37:10,222 ] 208 root - INFO - Filtering valid years
[ 2026-05-26 02:37:10,223 ] 217 root - INFO - Year filtering completed
[ 2026-05-26 02:37:10,223 ] 231 root - INFO - Sorting dataframe
[ 2026-05-26 02:37:10,225 ] 242 root - INFO - Sorting completed
[ 2026-05-26 02:37:10,226 ] 432 root - INFO - Preprocessing pipeline completed
[ 2026-05-26 02:37:10,237 ] 382 root - INFO - Processed dataframe saved at artifacts\data_processing\processed_data\high_tech_exports_data.csv
[ 2026-05-26 02:37:10,238 ] 354 root - INFO - Metadata saved at artifacts\data_processing\metadata\high_tech_exports_metadata.json
[ 2026-05-26 02:37:10,238 ] 484 root - INFO - High_Tech_Exports processing completed
[ 2026-05-26 02:37:10,239 ] 22 root - INFO - Loading data from artifacts\data_ingestion\raw_data\internet_users_raw.csv
[ 2026-05-26 02:37:10,269 ] 26 root - INFO - Data loaded successfully
[ 2026-05-26 02:37:10,269 ] 396 root - INFO - Starting preprocessing pipeline
[ 2026-05-26 02:37:10,270 ] 53 root - INFO - Schema validation successful
[ 2026-05-26 02:37:10,270 ] 65 root - INFO - Standardizing columns
[ 2026-05-26 02:37:10,273 ] 94 root - INFO - Column standardization completed
[ 2026-05-26 02:37:10,274 ] 108 root - INFO - Converting datatypes
[ 2026-05-26 02:37:10,276 ] 125 root - INFO - Datatype conversion completed
[ 2026-05-26 02:37:10,276 ] 139 root - INFO - Handling missing values
[ 2026-05-26 02:37:10,282 ] 156 root - INFO - Missing value handling completed from (17556, 5) to (6833, 5)
[ 2026-05-26 02:37:10,282 ] 174 root - INFO - Removing duplicates
[ 2026-05-26 02:37:10,284 ] 188 root - INFO - Duplicates removed from (6833, 5) to (6833, 5)
[ 2026-05-26 02:37:10,284 ] 208 root - INFO - Filtering valid years
[ 2026-05-26 02:37:10,285 ] 217 root - INFO - Year filtering completed
[ 2026-05-26 02:37:10,285 ] 231 root - INFO - Sorting dataframe
[ 2026-05-26 02:37:10,288 ] 242 root - INFO - Sorting completed
[ 2026-05-26 02:37:10,289 ] 432 root - INFO - Preprocessing pipeline completed
[ 2026-05-26 02:37:10,332 ] 382 root - INFO - Processed dataframe saved at artifacts\data_processing\processed_data\internet_users_data.csv
[ 2026-05-26 02:37:10,335 ] 354 root - INFO - Metadata saved at artifacts\data_processing\metadata\internet_users_metadata.json
[ 2026-05-26 02:37:10,335 ] 484 root - INFO - Internet_Users processing completed
[ 2026-05-26 02:37:10,338 ] 22 root - INFO - Loading data from artifacts\data_ingestion\raw_data\mobile_subscriptions_raw.csv
[ 2026-05-26 02:37:10,397 ] 26 root - INFO - Data loaded successfully
[ 2026-05-26 02:37:10,398 ] 396 root - INFO - Starting preprocessing pipeline
[ 2026-05-26 02:37:10,398 ] 53 root - INFO - Schema validation successful
[ 2026-05-26 02:37:10,398 ] 65 root - INFO - Standardizing columns
[ 2026-05-26 02:37:10,405 ] 94 root - INFO - Column standardization completed
[ 2026-05-26 02:37:10,405 ] 108 root - INFO - Converting datatypes
[ 2026-05-26 02:37:10,406 ] 125 root - INFO - Datatype conversion completed
[ 2026-05-26 02:37:10,406 ] 139 root - INFO - Handling missing values
[ 2026-05-26 02:37:10,412 ] 156 root - INFO - Missing value handling completed from (17556, 5) to (12915, 5)
[ 2026-05-26 02:37:10,412 ] 174 root - INFO - Removing duplicates
[ 2026-05-26 02:37:10,415 ] 188 root - INFO - Duplicates removed from (12915, 5) to (12915, 5)
[ 2026-05-26 02:37:10,415 ] 208 root - INFO - Filtering valid years
[ 2026-05-26 02:37:10,416 ] 217 root - INFO - Year filtering completed
[ 2026-05-26 02:37:10,416 ] 231 root - INFO - Sorting dataframe
[ 2026-05-26 02:37:10,419 ] 242 root - INFO - Sorting completed
[ 2026-05-26 02:37:10,421 ] 432 root - INFO - Preprocessing pipeline completed
[ 2026-05-26 02:37:10,457 ] 382 root - INFO - Processed dataframe saved at artifacts\data_processing\processed_data\mobile_subscriptions_data.csv
[ 2026-05-26 02:37:10,458 ] 354 root - INFO - Metadata saved at artifacts\data_processing\metadata\mobile_subscriptions_metadata.json
[ 2026-05-26 02:37:10,458 ] 484 root - INFO - Mobile_Subscriptions processing completed
[ 2026-05-26 02:37:10,459 ] 22 root - INFO - Loading data from artifacts\data_ingestion\raw_data\broadband_subscriptions_raw.csv
[ 2026-05-26 02:37:10,504 ] 26 root - INFO - Data loaded successfully
[ 2026-05-26 02:37:10,504 ] 396 root - INFO - Starting preprocessing pipeline
[ 2026-05-26 02:37:10,504 ] 53 root - INFO - Schema validation successful
[ 2026-05-26 02:37:10,505 ] 65 root - INFO - Standardizing columns
[ 2026-05-26 02:37:10,511 ] 94 root - INFO - Column standardization completed
[ 2026-05-26 02:37:10,511 ] 108 root - INFO - Converting datatypes
[ 2026-05-26 02:37:10,513 ] 125 root - INFO - Datatype conversion completed
[ 2026-05-26 02:37:10,513 ] 139 root - INFO - Handling missing values
[ 2026-05-26 02:37:10,520 ] 156 root - INFO - Missing value handling completed from (17556, 5) to (5294, 5)
[ 2026-05-26 02:37:10,520 ] 174 root - INFO - Removing duplicates
[ 2026-05-26 02:37:10,522 ] 188 root - INFO - Duplicates removed from (5294, 5) to (5294, 5)
[ 2026-05-26 02:37:10,522 ] 208 root - INFO - Filtering valid years
[ 2026-05-26 02:37:10,523 ] 217 root - INFO - Year filtering completed
[ 2026-05-26 02:37:10,523 ] 231 root - INFO - Sorting dataframe
[ 2026-05-26 02:37:10,527 ] 242 root - INFO - Sorting completed
[ 2026-05-26 02:37:10,529 ] 432 root - INFO - Preprocessing pipeline completed
[ 2026-05-26 02:37:10,564 ] 382 root - INFO - Processed dataframe saved at artifacts\data_processing\processed_data\broadband_subscriptions_data.csv
[ 2026-05-26 02:37:10,566 ] 354 root - INFO - Metadata saved at artifacts\data_processing\metadata\broadband_subscriptions_metadata.json
[ 2026-05-26 02:37:10,566 ] 484 root - INFO - Broadband_Subscriptions processing completed
[ 2026-05-26 02:37:10,568 ] 22 root - INFO - Loading data from artifacts\data_ingestion\raw_data\secure_servers_raw.csv
[ 2026-05-26 02:37:10,609 ] 26 root - INFO - Data loaded successfully
[ 2026-05-26 02:37:10,609 ] 396 root - INFO - Starting preprocessing pipeline
[ 2026-05-26 02:37:10,609 ] 53 root - INFO - Schema validation successful
[ 2026-05-26 02:37:10,609 ] 65 root - INFO - Standardizing columns
[ 2026-05-26 02:37:10,615 ] 94 root - INFO - Column standardization completed
[ 2026-05-26 02:37:10,615 ] 108 root - INFO - Converting datatypes
[ 2026-05-26 02:37:10,616 ] 125 root - INFO - Datatype conversion completed
[ 2026-05-26 02:37:10,616 ] 139 root - INFO - Handling missing values
[ 2026-05-26 02:37:10,624 ] 156 root - INFO - Missing value handling completed from (17556, 5) to (3853, 5)
[ 2026-05-26 02:37:10,624 ] 174 root - INFO - Removing duplicates
[ 2026-05-26 02:37:10,626 ] 188 root - INFO - Duplicates removed from (3853, 5) to (3853, 5)
[ 2026-05-26 02:37:10,626 ] 208 root - INFO - Filtering valid years
[ 2026-05-26 02:37:10,626 ] 217 root - INFO - Year filtering completed
[ 2026-05-26 02:37:10,626 ] 231 root - INFO - Sorting dataframe
[ 2026-05-26 02:37:10,628 ] 242 root - INFO - Sorting completed
[ 2026-05-26 02:37:10,630 ] 432 root - INFO - Preprocessing pipeline completed
[ 2026-05-26 02:37:10,645 ] 382 root - INFO - Processed dataframe saved at artifacts\data_processing\processed_data\secure_servers_data.csv
[ 2026-05-26 02:37:10,646 ] 354 root - INFO - Metadata saved at artifacts\data_processing\metadata\secure_servers_metadata.json
[ 2026-05-26 02:37:10,646 ] 484 root - INFO - Secure_Servers processing completed
[ 2026-05-26 02:37:10,647 ] 22 root - INFO - Loading data from artifacts\data_ingestion\raw_data\rnd_expenditure_raw.csv
[ 2026-05-26 02:37:10,673 ] 26 root - INFO - Data loaded successfully
[ 2026-05-26 02:37:10,673 ] 396 root - INFO - Starting preprocessing pipeline
[ 2026-05-26 02:37:10,673 ] 53 root - INFO - Schema validation successful
[ 2026-05-26 02:37:10,673 ] 65 root - INFO - Standardizing columns
[ 2026-05-26 02:37:10,676 ] 94 root - INFO - Column standardization completed
[ 2026-05-26 02:37:10,676 ] 108 root - INFO - Converting datatypes
[ 2026-05-26 02:37:10,677 ] 125 root - INFO - Datatype conversion completed
[ 2026-05-26 02:37:10,677 ] 139 root - INFO - Handling missing values
[ 2026-05-26 02:37:10,680 ] 156 root - INFO - Missing value handling completed from (17556, 5) to (3140, 5)
[ 2026-05-26 02:37:10,680 ] 174 root - INFO - Removing duplicates
[ 2026-05-26 02:37:10,681 ] 188 root - INFO - Duplicates removed from (3140, 5) to (3140, 5)
[ 2026-05-26 02:37:10,681 ] 208 root - INFO - Filtering valid years
[ 2026-05-26 02:37:10,682 ] 217 root - INFO - Year filtering completed
[ 2026-05-26 02:37:10,682 ] 231 root - INFO - Sorting dataframe
[ 2026-05-26 02:37:10,683 ] 242 root - INFO - Sorting completed
[ 2026-05-26 02:37:10,684 ] 432 root - INFO - Preprocessing pipeline completed
[ 2026-05-26 02:37:10,700 ] 382 root - INFO - Processed dataframe saved at artifacts\data_processing\processed_data\rnd_expenditure_data.csv
[ 2026-05-26 02:37:10,701 ] 354 root - INFO - Metadata saved at artifacts\data_processing\metadata\rnd_expenditure_metadata.json
[ 2026-05-26 02:37:10,701 ] 484 root - INFO - RND_Expenditure processing completed
[ 2026-05-26 02:37:10,703 ] 22 root - INFO - Loading data from artifacts\data_ingestion\raw_data\air_pollution_raw.csv
[ 2026-05-26 02:37:10,741 ] 26 root - INFO - Data loaded successfully
[ 2026-05-26 02:37:10,741 ] 396 root - INFO - Starting preprocessing pipeline
[ 2026-05-26 02:37:10,741 ] 53 root - INFO - Schema validation successful
[ 2026-05-26 02:37:10,741 ] 65 root - INFO - Standardizing columns
[ 2026-05-26 02:37:10,744 ] 94 root - INFO - Column standardization completed
[ 2026-05-26 02:37:10,744 ] 108 root - INFO - Converting datatypes
[ 2026-05-26 02:37:10,745 ] 125 root - INFO - Datatype conversion completed
[ 2026-05-26 02:37:10,745 ] 139 root - INFO - Handling missing values
[ 2026-05-26 02:37:10,749 ] 156 root - INFO - Missing value handling completed from (17556, 5) to (7564, 5)
[ 2026-05-26 02:37:10,749 ] 174 root - INFO - Removing duplicates
[ 2026-05-26 02:37:10,751 ] 188 root - INFO - Duplicates removed from (7564, 5) to (7564, 5)
[ 2026-05-26 02:37:10,751 ] 208 root - INFO - Filtering valid years
[ 2026-05-26 02:37:10,751 ] 217 root - INFO - Year filtering completed
[ 2026-05-26 02:37:10,751 ] 231 root - INFO - Sorting dataframe
[ 2026-05-26 02:37:10,754 ] 242 root - INFO - Sorting completed
[ 2026-05-26 02:37:10,754 ] 432 root - INFO - Preprocessing pipeline completed
[ 2026-05-26 02:37:10,773 ] 382 root - INFO - Processed dataframe saved at artifacts\data_processing\processed_data\air_pollution_data.csv
[ 2026-05-26 02:37:10,774 ] 354 root - INFO - Metadata saved at artifacts\data_processing\metadata\air_pollution_metadata.json
[ 2026-05-26 02:37:10,775 ] 484 root - INFO - Air_Pollution processing completed
[ 2026-05-26 02:37:10,775 ] 22 root - INFO - Loading data from artifacts\data_ingestion\raw_data\forest_area_raw.csv
[ 2026-05-26 02:37:10,803 ] 26 root - INFO - Data loaded successfully
[ 2026-05-26 02:37:10,803 ] 396 root - INFO - Starting preprocessing pipeline
[ 2026-05-26 02:37:10,803 ] 53 root - INFO - Schema validation successful
[ 2026-05-26 02:37:10,803 ] 65 root - INFO - Standardizing columns
[ 2026-05-26 02:37:10,806 ] 94 root - INFO - Column standardization completed
[ 2026-05-26 02:37:10,806 ] 108 root - INFO - Converting datatypes
[ 2026-05-26 02:37:10,807 ] 125 root - INFO - Datatype conversion completed
[ 2026-05-26 02:37:10,807 ] 139 root - INFO - Handling missing values
[ 2026-05-26 02:37:10,810 ] 156 root - INFO - Missing value handling completed from (17556, 5) to (8495, 5)
[ 2026-05-26 02:37:10,811 ] 174 root - INFO - Removing duplicates
[ 2026-05-26 02:37:10,812 ] 188 root - INFO - Duplicates removed from (8495, 5) to (8495, 5)
[ 2026-05-26 02:37:10,812 ] 208 root - INFO - Filtering valid years
[ 2026-05-26 02:37:10,813 ] 217 root - INFO - Year filtering completed
[ 2026-05-26 02:37:10,813 ] 231 root - INFO - Sorting dataframe
[ 2026-05-26 02:37:10,815 ] 242 root - INFO - Sorting completed
[ 2026-05-26 02:37:10,816 ] 432 root - INFO - Preprocessing pipeline completed
[ 2026-05-26 02:37:10,843 ] 382 root - INFO - Processed dataframe saved at artifacts\data_processing\processed_data\forest_area_data.csv
[ 2026-05-26 02:37:10,844 ] 354 root - INFO - Metadata saved at artifacts\data_processing\metadata\forest_area_metadata.json
[ 2026-05-26 02:37:10,844 ] 484 root - INFO - Forest_Area processing completed
[ 2026-05-26 02:37:10,846 ] 22 root - INFO - Loading data from artifacts\data_ingestion\raw_data\renewable_energy_raw.csv
[ 2026-05-26 02:37:10,871 ] 26 root - INFO - Data loaded successfully
[ 2026-05-26 02:37:10,871 ] 396 root - INFO - Starting preprocessing pipeline
[ 2026-05-26 02:37:10,872 ] 53 root - INFO - Schema validation successful
[ 2026-05-26 02:37:10,872 ] 65 root - INFO - Standardizing columns
[ 2026-05-26 02:37:10,875 ] 94 root - INFO - Column standardization completed
[ 2026-05-26 02:37:10,876 ] 108 root - INFO - Converting datatypes
[ 2026-05-26 02:37:10,876 ] 125 root - INFO - Datatype conversion completed
[ 2026-05-26 02:37:10,876 ] 139 root - INFO - Handling missing values
[ 2026-05-26 02:37:10,880 ] 156 root - INFO - Missing value handling completed from (17556, 5) to (8110, 5)
[ 2026-05-26 02:37:10,880 ] 174 root - INFO - Removing duplicates
[ 2026-05-26 02:37:10,882 ] 188 root - INFO - Duplicates removed from (8110, 5) to (8110, 5)
[ 2026-05-26 02:37:10,882 ] 208 root - INFO - Filtering valid years
[ 2026-05-26 02:37:10,883 ] 217 root - INFO - Year filtering completed
[ 2026-05-26 02:37:10,883 ] 231 root - INFO - Sorting dataframe
[ 2026-05-26 02:37:10,885 ] 242 root - INFO - Sorting completed
[ 2026-05-26 02:37:10,886 ] 432 root - INFO - Preprocessing pipeline completed
[ 2026-05-26 02:37:10,908 ] 382 root - INFO - Processed dataframe saved at artifacts\data_processing\processed_data\renewable_energy_data.csv
[ 2026-05-26 02:37:10,909 ] 354 root - INFO - Metadata saved at artifacts\data_processing\metadata\renewable_energy_metadata.json
[ 2026-05-26 02:37:10,909 ] 484 root - INFO - Renewable_Energy processing completed
[ 2026-05-26 02:37:10,911 ] 22 root - INFO - Loading data from artifacts\data_ingestion\raw_data\electricity_access_raw.csv
[ 2026-05-26 02:37:10,944 ] 26 root - INFO - Data loaded successfully
[ 2026-05-26 02:37:10,944 ] 396 root - INFO - Starting preprocessing pipeline
[ 2026-05-26 02:37:10,945 ] 53 root - INFO - Schema validation successful
[ 2026-05-26 02:37:10,945 ] 65 root - INFO - Standardizing columns
[ 2026-05-26 02:37:10,951 ] 94 root - INFO - Column standardization completed
[ 2026-05-26 02:37:10,951 ] 108 root - INFO - Converting datatypes
[ 2026-05-26 02:37:10,952 ] 125 root - INFO - Datatype conversion completed
[ 2026-05-26 02:37:10,952 ] 139 root - INFO - Handling missing values
[ 2026-05-26 02:37:10,960 ] 156 root - INFO - Missing value handling completed from (17556, 5) to (7746, 5)
[ 2026-05-26 02:37:10,961 ] 174 root - INFO - Removing duplicates
[ 2026-05-26 02:37:10,964 ] 188 root - INFO - Duplicates removed from (7746, 5) to (7746, 5)
[ 2026-05-26 02:37:10,964 ] 208 root - INFO - Filtering valid years
[ 2026-05-26 02:37:10,965 ] 217 root - INFO - Year filtering completed
[ 2026-05-26 02:37:10,965 ] 231 root - INFO - Sorting dataframe
[ 2026-05-26 02:37:10,969 ] 242 root - INFO - Sorting completed
[ 2026-05-26 02:37:10,971 ] 432 root - INFO - Preprocessing pipeline completed
[ 2026-05-26 02:37:11,047 ] 382 root - INFO - Processed dataframe saved at artifacts\data_processing\processed_data\electricity_access_data.csv
[ 2026-05-26 02:37:11,054 ] 354 root - INFO - Metadata saved at artifacts\data_processing\metadata\electricity_access_metadata.json
[ 2026-05-26 02:37:11,054 ] 484 root - INFO - Electricity_Access processing completed
[ 2026-05-26 02:37:11,059 ] 22 root - INFO - Loading data from artifacts\data_ingestion\raw_data\agriculture_raw.csv
[ 2026-05-26 02:37:11,162 ] 26 root - INFO - Data loaded successfully
[ 2026-05-26 02:37:11,162 ] 396 root - INFO - Starting preprocessing pipeline
[ 2026-05-26 02:37:11,163 ] 53 root - INFO - Schema validation successful
[ 2026-05-26 02:37:11,163 ] 65 root - INFO - Standardizing columns
[ 2026-05-26 02:37:11,176 ] 94 root - INFO - Column standardization completed
[ 2026-05-26 02:37:11,177 ] 108 root - INFO - Converting datatypes
[ 2026-05-26 02:37:11,179 ] 125 root - INFO - Datatype conversion completed
[ 2026-05-26 02:37:11,179 ] 139 root - INFO - Handling missing values
[ 2026-05-26 02:37:11,198 ] 156 root - INFO - Missing value handling completed from (17556, 5) to (10968, 5)
[ 2026-05-26 02:37:11,199 ] 174 root - INFO - Removing duplicates
[ 2026-05-26 02:37:11,207 ] 188 root - INFO - Duplicates removed from (10968, 5) to (10968, 5)
[ 2026-05-26 02:37:11,208 ] 208 root - INFO - Filtering valid years
[ 2026-05-26 02:37:11,210 ] 217 root - INFO - Year filtering completed
[ 2026-05-26 02:37:11,210 ] 231 root - INFO - Sorting dataframe
[ 2026-05-26 02:37:11,221 ] 242 root - INFO - Sorting completed
[ 2026-05-26 02:37:11,226 ] 432 root - INFO - Preprocessing pipeline completed
[ 2026-05-26 02:37:11,335 ] 382 root - INFO - Processed dataframe saved at artifacts\data_processing\processed_data\agriculture_data.csv
[ 2026-05-26 02:37:11,339 ] 354 root - INFO - Metadata saved at artifacts\data_processing\metadata\agriculture_metadata.json
[ 2026-05-26 02:37:11,339 ] 484 root - INFO - Agriculture processing completed
[ 2026-05-26 02:37:11,342 ] 22 root - INFO - Loading data from artifacts\data_ingestion\raw_data\industry_raw.csv
[ 2026-05-26 02:37:11,438 ] 26 root - INFO - Data loaded successfully
[ 2026-05-26 02:37:11,439 ] 396 root - INFO - Starting preprocessing pipeline
[ 2026-05-26 02:37:11,440 ] 53 root - INFO - Schema validation successful
[ 2026-05-26 02:37:11,440 ] 65 root - INFO - Standardizing columns
[ 2026-05-26 02:37:11,453 ] 94 root - INFO - Column standardization completed
[ 2026-05-26 02:37:11,453 ] 108 root - INFO - Converting datatypes
[ 2026-05-26 02:37:11,456 ] 125 root - INFO - Datatype conversion completed
[ 2026-05-26 02:37:11,456 ] 139 root - INFO - Handling missing values
[ 2026-05-26 02:37:11,472 ] 156 root - INFO - Missing value handling completed from (17556, 5) to (10903, 5)
[ 2026-05-26 02:37:11,472 ] 174 root - INFO - Removing duplicates
[ 2026-05-26 02:37:11,479 ] 188 root - INFO - Duplicates removed from (10903, 5) to (10903, 5)
[ 2026-05-26 02:37:11,479 ] 208 root - INFO - Filtering valid years
[ 2026-05-26 02:37:11,481 ] 217 root - INFO - Year filtering completed
[ 2026-05-26 02:37:11,481 ] 231 root - INFO - Sorting dataframe
[ 2026-05-26 02:37:11,490 ] 242 root - INFO - Sorting completed
[ 2026-05-26 02:37:11,494 ] 432 root - INFO - Preprocessing pipeline completed
[ 2026-05-26 02:37:11,568 ] 382 root - INFO - Processed dataframe saved at artifacts\data_processing\processed_data\industry_data.csv
[ 2026-05-26 02:37:11,570 ] 354 root - INFO - Metadata saved at artifacts\data_processing\metadata\industry_metadata.json
[ 2026-05-26 02:37:11,570 ] 484 root - INFO - Industry processing completed
[ 2026-05-26 02:37:11,574 ] 22 root - INFO - Loading data from artifacts\data_ingestion\raw_data\services_raw.csv
[ 2026-05-26 02:37:11,652 ] 26 root - INFO - Data loaded successfully
[ 2026-05-26 02:37:11,652 ] 396 root - INFO - Starting preprocessing pipeline
[ 2026-05-26 02:37:11,653 ] 53 root - INFO - Schema validation successful
[ 2026-05-26 02:37:11,653 ] 65 root - INFO - Standardizing columns
[ 2026-05-26 02:37:11,668 ] 94 root - INFO - Column standardization completed
[ 2026-05-26 02:37:11,668 ] 108 root - INFO - Converting datatypes
[ 2026-05-26 02:37:11,671 ] 125 root - INFO - Datatype conversion completed
[ 2026-05-26 02:37:11,671 ] 139 root - INFO - Handling missing values
[ 2026-05-26 02:37:11,705 ] 156 root - INFO - Missing value handling completed from (17556, 5) to (10330, 5)
[ 2026-05-26 02:37:11,705 ] 174 root - INFO - Removing duplicates
[ 2026-05-26 02:37:11,716 ] 188 root - INFO - Duplicates removed from (10330, 5) to (10330, 5)
[ 2026-05-26 02:37:11,717 ] 208 root - INFO - Filtering valid years
[ 2026-05-26 02:37:11,721 ] 217 root - INFO - Year filtering completed
[ 2026-05-26 02:37:11,721 ] 231 root - INFO - Sorting dataframe
[ 2026-05-26 02:37:11,747 ] 242 root - INFO - Sorting completed
[ 2026-05-26 02:37:11,756 ] 432 root - INFO - Preprocessing pipeline completed
[ 2026-05-26 02:37:11,897 ] 382 root - INFO - Processed dataframe saved at artifacts\data_processing\processed_data\services_data.csv
[ 2026-05-26 02:37:11,901 ] 354 root - INFO - Metadata saved at artifacts\data_processing\metadata\services_metadata.json
[ 2026-05-26 02:37:11,901 ] 484 root - INFO - Services processing completed
[ 2026-05-26 02:37:11,904 ] 22 root - INFO - Loading data from artifacts\data_ingestion\raw_data\military_expenditure_raw.csv
[ 2026-05-26 02:37:11,984 ] 26 root - INFO - Data loaded successfully
[ 2026-05-26 02:37:11,985 ] 396 root - INFO - Starting preprocessing pipeline
[ 2026-05-26 02:37:11,985 ] 53 root - INFO - Schema validation successful
[ 2026-05-26 02:37:11,985 ] 65 root - INFO - Standardizing columns
[ 2026-05-26 02:37:11,994 ] 94 root - INFO - Column standardization completed
[ 2026-05-26 02:37:11,995 ] 108 root - INFO - Converting datatypes
[ 2026-05-26 02:37:11,996 ] 125 root - INFO - Datatype conversion completed
[ 2026-05-26 02:37:11,997 ] 139 root - INFO - Handling missing values
[ 2026-05-26 02:37:12,010 ] 156 root - INFO - Missing value handling completed from (17556, 5) to (10441, 5)
[ 2026-05-26 02:37:12,010 ] 174 root - INFO - Removing duplicates
[ 2026-05-26 02:37:12,016 ] 188 root - INFO - Duplicates removed from (10441, 5) to (10441, 5)
[ 2026-05-26 02:37:12,016 ] 208 root - INFO - Filtering valid years
[ 2026-05-26 02:37:12,018 ] 217 root - INFO - Year filtering completed
[ 2026-05-26 02:37:12,018 ] 231 root - INFO - Sorting dataframe
[ 2026-05-26 02:37:12,025 ] 242 root - INFO - Sorting completed
[ 2026-05-26 02:37:12,029 ] 432 root - INFO - Preprocessing pipeline completed
[ 2026-05-26 02:37:12,086 ] 382 root - INFO - Processed dataframe saved at artifacts\data_processing\processed_data\military_expenditure_data.csv
[ 2026-05-26 02:37:12,087 ] 354 root - INFO - Metadata saved at artifacts\data_processing\metadata\military_expenditure_metadata.json
[ 2026-05-26 02:37:12,087 ] 484 root - INFO - Military_Expenditure processing completed
[ 2026-05-26 02:37:12,088 ] 22 root - INFO - Loading data from artifacts\data_ingestion\raw_data\military_percent_gdp_raw.csv
[ 2026-05-26 02:37:12,124 ] 26 root - INFO - Data loaded successfully
[ 2026-05-26 02:37:12,124 ] 396 root - INFO - Starting preprocessing pipeline
[ 2026-05-26 02:37:12,124 ] 53 root - INFO - Schema validation successful
[ 2026-05-26 02:37:12,124 ] 65 root - INFO - Standardizing columns
[ 2026-05-26 02:37:12,129 ] 94 root - INFO - Column standardization completed
[ 2026-05-26 02:37:12,129 ] 108 root - INFO - Converting datatypes
[ 2026-05-26 02:37:12,130 ] 125 root - INFO - Datatype conversion completed
[ 2026-05-26 02:37:12,130 ] 139 root - INFO - Handling missing values
[ 2026-05-26 02:37:12,136 ] 156 root - INFO - Missing value handling completed from (17556, 5) to (10344, 5)
[ 2026-05-26 02:37:12,136 ] 174 root - INFO - Removing duplicates
[ 2026-05-26 02:37:12,138 ] 188 root - INFO - Duplicates removed from (10344, 5) to (10344, 5)
[ 2026-05-26 02:37:12,138 ] 208 root - INFO - Filtering valid years
[ 2026-05-26 02:37:12,139 ] 217 root - INFO - Year filtering completed
[ 2026-05-26 02:37:12,139 ] 231 root - INFO - Sorting dataframe
[ 2026-05-26 02:37:12,142 ] 242 root - INFO - Sorting completed
[ 2026-05-26 02:37:12,144 ] 432 root - INFO - Preprocessing pipeline completed
[ 2026-05-26 02:37:12,187 ] 382 root - INFO - Processed dataframe saved at artifacts\data_processing\processed_data\military_percent_gdp_data.csv
[ 2026-05-26 02:37:12,189 ] 354 root - INFO - Metadata saved at artifacts\data_processing\metadata\military_percent_gdp_metadata.json
[ 2026-05-26 02:37:12,189 ] 484 root - INFO - Military_Percent_GDP processing completed
[ 2026-05-26 02:37:12,190 ] 22 root - INFO - Loading data from artifacts\data_ingestion\raw_data\armed_forces_personnel_raw.csv
[ 2026-05-26 02:37:12,234 ] 26 root - INFO - Data loaded successfully
[ 2026-05-26 02:37:12,234 ] 396 root - INFO - Starting preprocessing pipeline
[ 2026-05-26 02:37:12,234 ] 53 root - INFO - Schema validation successful
[ 2026-05-26 02:37:12,234 ] 65 root - INFO - Standardizing columns
[ 2026-05-26 02:37:12,239 ] 94 root - INFO - Column standardization completed
[ 2026-05-26 02:37:12,239 ] 108 root - INFO - Converting datatypes
[ 2026-05-26 02:37:12,240 ] 125 root - INFO - Datatype conversion completed
[ 2026-05-26 02:37:12,240 ] 139 root - INFO - Handling missing values
[ 2026-05-26 02:37:12,248 ] 156 root - INFO - Missing value handling completed from (17556, 5) to (6727, 5)
[ 2026-05-26 02:37:12,248 ] 174 root - INFO - Removing duplicates
[ 2026-05-26 02:37:12,250 ] 188 root - INFO - Duplicates removed from (6727, 5) to (6727, 5)
[ 2026-05-26 02:37:12,250 ] 208 root - INFO - Filtering valid years
[ 2026-05-26 02:37:12,251 ] 217 root - INFO - Year filtering completed
[ 2026-05-26 02:37:12,251 ] 231 root - INFO - Sorting dataframe
[ 2026-05-26 02:37:12,255 ] 242 root - INFO - Sorting completed
[ 2026-05-26 02:37:12,256 ] 432 root - INFO - Preprocessing pipeline completed
[ 2026-05-26 02:37:12,282 ] 382 root - INFO - Processed dataframe saved at artifacts\data_processing\processed_data\armed_forces_personnel_data.csv
[ 2026-05-26 02:37:12,283 ] 354 root - INFO - Metadata saved at artifacts\data_processing\metadata\armed_forces_personnel_metadata.json
[ 2026-05-26 02:37:12,283 ] 484 root - INFO - Armed_Forces_Personnel processing completed
[ 2026-05-26 02:37:12,283 ] 46 root - INFO - Economy Section Processing Started
[ 2026-05-26 02:37:12,284 ] 53 root - INFO - economy section processing started
[ 2026-05-26 02:37:12,557 ] 65 root - INFO - economy csv files fetched to dataframes.
[ 2026-05-26 02:37:12,759 ] 57 root - INFO - economy section processing completed
[ 2026-05-26 02:37:12,759 ] 53 root - INFO - demographics section processing started
[ 2026-05-26 02:37:13,052 ] 65 root - INFO - demographics csv files fetched to dataframes.
[ 2026-05-26 02:37:13,301 ] 57 root - INFO - demographics section processing completed
[ 2026-05-26 02:37:13,301 ] 53 root - INFO - trade section processing started
[ 2026-05-26 02:37:13,416 ] 65 root - INFO - trade csv files fetched to dataframes.
[ 2026-05-26 02:37:13,526 ] 57 root - INFO - trade section processing completed
[ 2026-05-26 02:37:13,526 ] 53 root - INFO - technology section processing started
[ 2026-05-26 02:37:13,699 ] 65 root - INFO - technology csv files fetched to dataframes.
[ 2026-05-26 02:37:13,802 ] 57 root - INFO - technology section processing completed
[ 2026-05-26 02:37:13,802 ] 53 root - INFO - environment section processing started
[ 2026-05-26 02:37:13,928 ] 65 root - INFO - environment csv files fetched to dataframes.
[ 2026-05-26 02:37:13,993 ] 57 root - INFO - environment section processing completed
[ 2026-05-26 02:37:13,993 ] 53 root - INFO - industry section processing started
[ 2026-05-26 02:37:14,065 ] 65 root - INFO - industry csv files fetched to dataframes.
[ 2026-05-26 02:37:14,126 ] 57 root - INFO - industry section processing completed
[ 2026-05-26 02:37:14,126 ] 53 root - INFO - military section processing started
[ 2026-05-26 02:37:14,266 ] 65 root - INFO - military csv files fetched to dataframes.
[ 2026-05-26 02:37:14,346 ] 57 root - INFO - military section processing completed
[ 2026-05-26 02:37:14,346 ] 59 root - INFO - Economy Section Processing Completed
