[ 2026-05-26 00:16:55,578 ] 21 root - INFO - Data Ingestion Started
[ 2026-05-26 00:16:55,578 ] 41 root - INFO - Fetching gdp
[ 2026-05-26 00:16:55,740 ] 110 root - INFO - Saved gdp_raw.csv
[ 2026-05-26 00:16:55,740 ] 41 root - INFO - Fetching gdp_per_capita
[ 2026-05-26 00:16:55,812 ] 110 root - INFO - Saved gdp_per_capita_raw.csv
[ 2026-05-26 00:16:55,812 ] 41 root - INFO - Fetching population
[ 2026-05-26 00:16:55,916 ] 110 root - INFO - Saved population_raw.csv
[ 2026-05-26 00:16:55,916 ] 41 root - INFO - Fetching inflation
[ 2026-05-26 00:16:55,980 ] 110 root - INFO - Saved inflation_raw.csv
[ 2026-05-26 00:16:55,982 ] 41 root - INFO - Fetching unemployment
[ 2026-05-26 00:16:56,066 ] 110 root - INFO - Saved unemployment_raw.csv
[ 2026-05-26 00:16:56,066 ] 41 root - INFO - Fetching life_expectancy
[ 2026-05-26 00:16:56,153 ] 110 root - INFO - Saved life_expectancy_raw.csv
[ 2026-05-26 00:16:56,153 ] 41 root - INFO - Fetching exports
[ 2026-05-26 00:16:56,234 ] 110 root - INFO - Saved exports_raw.csv
[ 2026-05-26 00:16:56,234 ] 41 root - INFO - Fetching imports
[ 2026-05-26 00:16:56,306 ] 110 root - INFO - Saved imports_raw.csv
[ 2026-05-26 00:16:56,306 ] 41 root - INFO - Fetching forex_reserves
[ 2026-05-26 00:16:56,395 ] 110 root - INFO - Saved forex_reserves_raw.csv
[ 2026-05-26 00:16:56,395 ] 41 root - INFO - Fetching agriculture
[ 2026-05-26 00:16:56,470 ] 110 root - INFO - Saved agriculture_raw.csv
[ 2026-05-26 00:16:56,470 ] 41 root - INFO - Fetching industry
[ 2026-05-26 00:16:56,554 ] 110 root - INFO - Saved industry_raw.csv
[ 2026-05-26 00:16:56,554 ] 41 root - INFO - Fetching services
[ 2026-05-26 00:16:56,633 ] 110 root - INFO - Saved services_raw.csv
[ 2026-05-26 00:16:56,633 ] 41 root - INFO - Fetching trade_percent_gdp
[ 2026-05-26 00:16:56,720 ] 110 root - INFO - Saved trade_percent_gdp_raw.csv
[ 2026-05-26 00:16:56,720 ] 41 root - INFO - Fetching fdi
[ 2026-05-26 00:16:56,829 ] 110 root - INFO - Saved fdi_raw.csv
[ 2026-05-26 00:16:56,829 ] 41 root - INFO - Fetching interest_rate
[ 2026-05-26 00:16:56,919 ] 110 root - INFO - Saved interest_rate_raw.csv
[ 2026-05-26 00:16:56,920 ] 41 root - INFO - Fetching current_account_balance
[ 2026-05-26 00:16:57,011 ] 110 root - INFO - Saved current_account_balance_raw.csv
[ 2026-05-26 00:16:57,011 ] 41 root - INFO - Fetching population_growth
[ 2026-05-26 00:16:57,118 ] 110 root - INFO - Saved population_growth_raw.csv
[ 2026-05-26 00:16:57,119 ] 41 root - INFO - Fetching urbanization
[ 2026-05-26 00:16:57,201 ] 110 root - INFO - Saved urbanization_raw.csv
[ 2026-05-26 00:16:57,201 ] 41 root - INFO - Fetching birth_rate
[ 2026-05-26 00:16:57,275 ] 110 root - INFO - Saved birth_rate_raw.csv
[ 2026-05-26 00:16:57,275 ] 41 root - INFO - Fetching death_rate
[ 2026-05-26 00:16:57,356 ] 110 root - INFO - Saved death_rate_raw.csv
[ 2026-05-26 00:16:57,356 ] 41 root - INFO - Fetching population_density
[ 2026-05-26 00:16:57,441 ] 110 root - INFO - Saved population_density_raw.csv
[ 2026-05-26 00:16:57,441 ] 41 root - INFO - Fetching literacy_rate
[ 2026-05-26 00:16:57,514 ] 110 root - INFO - Saved literacy_rate_raw.csv
[ 2026-05-26 00:16:57,514 ] 41 root - INFO - Fetching internet_users
[ 2026-05-26 00:16:57,590 ] 110 root - INFO - Saved internet_users_raw.csv
[ 2026-05-26 00:16:57,590 ] 41 root - INFO - Fetching mobile_subscriptions
[ 2026-05-26 00:16:57,671 ] 110 root - INFO - Saved mobile_subscriptions_raw.csv
[ 2026-05-26 00:16:57,671 ] 41 root - INFO - Fetching broadband_subscriptions
[ 2026-05-26 00:16:57,744 ] 110 root - INFO - Saved broadband_subscriptions_raw.csv
[ 2026-05-26 00:16:57,744 ] 41 root - INFO - Fetching secure_servers
[ 2026-05-26 00:16:57,828 ] 110 root - INFO - Saved secure_servers_raw.csv
[ 2026-05-26 00:16:57,828 ] 41 root - INFO - Fetching high_tech_exports
[ 2026-05-26 00:16:57,895 ] 110 root - INFO - Saved high_tech_exports_raw.csv
[ 2026-05-26 00:16:57,895 ] 41 root - INFO - Fetching rnd_expenditure
[ 2026-05-26 00:16:57,972 ] 110 root - INFO - Saved rnd_expenditure_raw.csv
[ 2026-05-26 00:16:57,972 ] 41 root - INFO - Fetching renewable_energy
[ 2026-05-26 00:16:58,068 ] 110 root - INFO - Saved renewable_energy_raw.csv
[ 2026-05-26 00:16:58,068 ] 41 root - INFO - Fetching forest_area
[ 2026-05-26 00:16:58,156 ] 110 root - INFO - Saved forest_area_raw.csv
[ 2026-05-26 00:16:58,156 ] 41 root - INFO - Fetching air_pollution
[ 2026-05-26 00:16:58,242 ] 110 root - INFO - Saved air_pollution_raw.csv
[ 2026-05-26 00:16:58,242 ] 41 root - INFO - Fetching electricity_access
[ 2026-05-26 00:16:58,358 ] 110 root - INFO - Saved electricity_access_raw.csv
[ 2026-05-26 00:16:58,359 ] 41 root - INFO - Fetching military_expenditure
[ 2026-05-26 00:16:58,431 ] 110 root - INFO - Saved military_expenditure_raw.csv
[ 2026-05-26 00:16:58,431 ] 41 root - INFO - Fetching military_percent_gdp
[ 2026-05-26 00:16:58,515 ] 110 root - INFO - Saved military_percent_gdp_raw.csv
[ 2026-05-26 00:16:58,515 ] 41 root - INFO - Fetching armed_forces_personnel
[ 2026-05-26 00:16:58,585 ] 110 root - INFO - Saved armed_forces_personnel_raw.csv
[ 2026-05-26 00:16:58,587 ] 23 root - INFO - Data Ingestion Completed
[ 2026-05-26 00:16:58,588 ] 22 root - INFO - Loading data from artifacts\data_ingestion\raw_data\gdp_raw.csv
[ 2026-05-26 00:16:58,590 ] 26 root - INFO - Data loaded successfully
[ 2026-05-26 00:16:58,590 ] 396 root - INFO - Starting preprocessing pipeline
[ 2026-05-26 00:16:58,590 ] 53 root - INFO - Schema validation successful
[ 2026-05-26 00:16:58,590 ] 65 root - INFO - Standardizing columns
[ 2026-05-26 00:16:58,593 ] 94 root - INFO - Column standardization completed
[ 2026-05-26 00:16:58,593 ] 108 root - INFO - Converting datatypes
[ 2026-05-26 00:16:58,594 ] 125 root - INFO - Datatype conversion completed
[ 2026-05-26 00:16:58,594 ] 139 root - INFO - Handling missing values
[ 2026-05-26 00:16:58,596 ] 156 root - INFO - Missing value handling completed from (66, 5) to (65, 5)
[ 2026-05-26 00:16:58,597 ] 174 root - INFO - Removing duplicates
[ 2026-05-26 00:16:58,598 ] 188 root - INFO - Duplicates removed from (65, 5) to (65, 5)
[ 2026-05-26 00:16:58,598 ] 208 root - INFO - Filtering valid years
[ 2026-05-26 00:16:58,598 ] 217 root - INFO - Year filtering completed
[ 2026-05-26 00:16:58,598 ] 231 root - INFO - Sorting dataframe
[ 2026-05-26 00:16:58,600 ] 242 root - INFO - Sorting completed
[ 2026-05-26 00:16:58,600 ] 432 root - INFO - Preprocessing pipeline completed
[ 2026-05-26 00:16:58,602 ] 382 root - INFO - Processed dataframe saved at artifacts\data_processing\processed_data\gdp_data.csv
[ 2026-05-26 00:16:58,604 ] 354 root - INFO - Metadata saved at artifacts\data_processing\metadata\gdp_metadata.json
[ 2026-05-26 00:16:58,604 ] 484 root - INFO - GDP processing completed
[ 2026-05-26 00:16:58,605 ] 22 root - INFO - Loading data from artifacts\data_ingestion\raw_data\gdp_per_capita_raw.csv
[ 2026-05-26 00:16:58,607 ] 26 root - INFO - Data loaded successfully
[ 2026-05-26 00:16:58,607 ] 396 root - INFO - Starting preprocessing pipeline
[ 2026-05-26 00:16:58,608 ] 53 root - INFO - Schema validation successful
[ 2026-05-26 00:16:58,608 ] 65 root - INFO - Standardizing columns
[ 2026-05-26 00:16:58,609 ] 94 root - INFO - Column standardization completed
[ 2026-05-26 00:16:58,609 ] 108 root - INFO - Converting datatypes
[ 2026-05-26 00:16:58,609 ] 125 root - INFO - Datatype conversion completed
[ 2026-05-26 00:16:58,610 ] 139 root - INFO - Handling missing values
[ 2026-05-26 00:16:58,612 ] 156 root - INFO - Missing value handling completed from (66, 5) to (65, 5)
[ 2026-05-26 00:16:58,612 ] 174 root - INFO - Removing duplicates
[ 2026-05-26 00:16:58,613 ] 188 root - INFO - Duplicates removed from (65, 5) to (65, 5)
[ 2026-05-26 00:16:58,613 ] 208 root - INFO - Filtering valid years
[ 2026-05-26 00:16:58,613 ] 217 root - INFO - Year filtering completed
[ 2026-05-26 00:16:58,613 ] 231 root - INFO - Sorting dataframe
[ 2026-05-26 00:16:58,614 ] 242 root - INFO - Sorting completed
[ 2026-05-26 00:16:58,615 ] 432 root - INFO - Preprocessing pipeline completed
[ 2026-05-26 00:16:58,617 ] 382 root - INFO - Processed dataframe saved at artifacts\data_processing\processed_data\gdp_per_capita_data.csv
[ 2026-05-26 00:16:58,617 ] 354 root - INFO - Metadata saved at artifacts\data_processing\metadata\gdp_per_capita_metadata.json
[ 2026-05-26 00:16:58,617 ] 484 root - INFO - GDP_Per_Capita processing completed
[ 2026-05-26 00:16:58,618 ] 22 root - INFO - Loading data from artifacts\data_ingestion\raw_data\inflation_raw.csv
[ 2026-05-26 00:16:58,620 ] 26 root - INFO - Data loaded successfully
[ 2026-05-26 00:16:58,620 ] 396 root - INFO - Starting preprocessing pipeline
[ 2026-05-26 00:16:58,621 ] 53 root - INFO - Schema validation successful
[ 2026-05-26 00:16:58,621 ] 65 root - INFO - Standardizing columns
[ 2026-05-26 00:16:58,622 ] 94 root - INFO - Column standardization completed
[ 2026-05-26 00:16:58,622 ] 108 root - INFO - Converting datatypes
[ 2026-05-26 00:16:58,622 ] 125 root - INFO - Datatype conversion completed
[ 2026-05-26 00:16:58,622 ] 139 root - INFO - Handling missing values
[ 2026-05-26 00:16:58,624 ] 156 root - INFO - Missing value handling completed from (66, 5) to (65, 5)
[ 2026-05-26 00:16:58,624 ] 174 root - INFO - Removing duplicates
[ 2026-05-26 00:16:58,624 ] 188 root - INFO - Duplicates removed from (65, 5) to (65, 5)
[ 2026-05-26 00:16:58,624 ] 208 root - INFO - Filtering valid years
[ 2026-05-26 00:16:58,625 ] 217 root - INFO - Year filtering completed
[ 2026-05-26 00:16:58,625 ] 231 root - INFO - Sorting dataframe
[ 2026-05-26 00:16:58,626 ] 242 root - INFO - Sorting completed
[ 2026-05-26 00:16:58,627 ] 432 root - INFO - Preprocessing pipeline completed
[ 2026-05-26 00:16:58,628 ] 382 root - INFO - Processed dataframe saved at artifacts\data_processing\processed_data\inflation_data.csv
[ 2026-05-26 00:16:58,629 ] 354 root - INFO - Metadata saved at artifacts\data_processing\metadata\inflation_metadata.json
[ 2026-05-26 00:16:58,629 ] 484 root - INFO - Inflation processing completed
[ 2026-05-26 00:16:58,630 ] 22 root - INFO - Loading data from artifacts\data_ingestion\raw_data\interest_rate_raw.csv
[ 2026-05-26 00:16:58,632 ] 26 root - INFO - Data loaded successfully
[ 2026-05-26 00:16:58,632 ] 396 root - INFO - Starting preprocessing pipeline
[ 2026-05-26 00:16:58,632 ] 53 root - INFO - Schema validation successful
[ 2026-05-26 00:16:58,632 ] 65 root - INFO - Standardizing columns
[ 2026-05-26 00:16:58,633 ] 94 root - INFO - Column standardization completed
[ 2026-05-26 00:16:58,633 ] 108 root - INFO - Converting datatypes
[ 2026-05-26 00:16:58,634 ] 125 root - INFO - Datatype conversion completed
[ 2026-05-26 00:16:58,634 ] 139 root - INFO - Handling missing values
[ 2026-05-26 00:16:58,635 ] 156 root - INFO - Missing value handling completed from (66, 5) to (45, 5)
[ 2026-05-26 00:16:58,635 ] 174 root - INFO - Removing duplicates
[ 2026-05-26 00:16:58,636 ] 188 root - INFO - Duplicates removed from (45, 5) to (45, 5)
[ 2026-05-26 00:16:58,636 ] 208 root - INFO - Filtering valid years
[ 2026-05-26 00:16:58,636 ] 217 root - INFO - Year filtering completed
[ 2026-05-26 00:16:58,636 ] 231 root - INFO - Sorting dataframe
[ 2026-05-26 00:16:58,637 ] 242 root - INFO - Sorting completed
[ 2026-05-26 00:16:58,638 ] 432 root - INFO - Preprocessing pipeline completed
[ 2026-05-26 00:16:58,640 ] 382 root - INFO - Processed dataframe saved at artifacts\data_processing\processed_data\interest_rate_data.csv
[ 2026-05-26 00:16:58,640 ] 354 root - INFO - Metadata saved at artifacts\data_processing\metadata\interest_rate_metadata.json
[ 2026-05-26 00:16:58,640 ] 484 root - INFO - Interest_Rate processing completed
[ 2026-05-26 00:16:58,642 ] 22 root - INFO - Loading data from artifacts\data_ingestion\raw_data\forex_reserves_raw.csv
[ 2026-05-26 00:16:58,644 ] 26 root - INFO - Data loaded successfully
[ 2026-05-26 00:16:58,644 ] 396 root - INFO - Starting preprocessing pipeline
[ 2026-05-26 00:16:58,644 ] 53 root - INFO - Schema validation successful
[ 2026-05-26 00:16:58,644 ] 65 root - INFO - Standardizing columns
[ 2026-05-26 00:16:58,645 ] 94 root - INFO - Column standardization completed
[ 2026-05-26 00:16:58,645 ] 108 root - INFO - Converting datatypes
[ 2026-05-26 00:16:58,645 ] 125 root - INFO - Datatype conversion completed
[ 2026-05-26 00:16:58,645 ] 139 root - INFO - Handling missing values
[ 2026-05-26 00:16:58,647 ] 156 root - INFO - Missing value handling completed from (66, 5) to (65, 5)
[ 2026-05-26 00:16:58,647 ] 174 root - INFO - Removing duplicates
[ 2026-05-26 00:16:58,647 ] 188 root - INFO - Duplicates removed from (65, 5) to (65, 5)
[ 2026-05-26 00:16:58,647 ] 208 root - INFO - Filtering valid years
[ 2026-05-26 00:16:58,648 ] 217 root - INFO - Year filtering completed
[ 2026-05-26 00:16:58,648 ] 231 root - INFO - Sorting dataframe
[ 2026-05-26 00:16:58,649 ] 242 root - INFO - Sorting completed
[ 2026-05-26 00:16:58,649 ] 432 root - INFO - Preprocessing pipeline completed
[ 2026-05-26 00:16:58,651 ] 382 root - INFO - Processed dataframe saved at artifacts\data_processing\processed_data\forex_reserves_data.csv
[ 2026-05-26 00:16:58,652 ] 354 root - INFO - Metadata saved at artifacts\data_processing\metadata\forex_reserves_metadata.json
[ 2026-05-26 00:16:58,652 ] 484 root - INFO - Forex_Reserves processing completed
[ 2026-05-26 00:16:58,653 ] 22 root - INFO - Loading data from artifacts\data_ingestion\raw_data\current_account_balance_raw.csv
[ 2026-05-26 00:16:58,654 ] 26 root - INFO - Data loaded successfully
[ 2026-05-26 00:16:58,655 ] 396 root - INFO - Starting preprocessing pipeline
[ 2026-05-26 00:16:58,655 ] 53 root - INFO - Schema validation successful
[ 2026-05-26 00:16:58,655 ] 65 root - INFO - Standardizing columns
[ 2026-05-26 00:16:58,656 ] 94 root - INFO - Column standardization completed
[ 2026-05-26 00:16:58,656 ] 108 root - INFO - Converting datatypes
[ 2026-05-26 00:16:58,656 ] 125 root - INFO - Datatype conversion completed
[ 2026-05-26 00:16:58,656 ] 139 root - INFO - Handling missing values
[ 2026-05-26 00:16:58,658 ] 156 root - INFO - Missing value handling completed from (66, 5) to (50, 5)
[ 2026-05-26 00:16:58,658 ] 174 root - INFO - Removing duplicates
[ 2026-05-26 00:16:58,660 ] 188 root - INFO - Duplicates removed from (50, 5) to (50, 5)
[ 2026-05-26 00:16:58,660 ] 208 root - INFO - Filtering valid years
[ 2026-05-26 00:16:58,660 ] 217 root - INFO - Year filtering completed
[ 2026-05-26 00:16:58,660 ] 231 root - INFO - Sorting dataframe
[ 2026-05-26 00:16:58,660 ] 242 root - INFO - Sorting completed
[ 2026-05-26 00:16:58,661 ] 432 root - INFO - Preprocessing pipeline completed
[ 2026-05-26 00:16:58,663 ] 382 root - INFO - Processed dataframe saved at artifacts\data_processing\processed_data\current_account_balance_data.csv
[ 2026-05-26 00:16:58,664 ] 354 root - INFO - Metadata saved at artifacts\data_processing\metadata\current_account_balance_metadata.json
[ 2026-05-26 00:16:58,664 ] 484 root - INFO - Current_Account_Balance processing completed
[ 2026-05-26 00:16:58,664 ] 22 root - INFO - Loading data from artifacts\data_ingestion\raw_data\fdi_raw.csv
[ 2026-05-26 00:16:58,668 ] 26 root - INFO - Data loaded successfully
[ 2026-05-26 00:16:58,668 ] 396 root - INFO - Starting preprocessing pipeline
[ 2026-05-26 00:16:58,668 ] 53 root - INFO - Schema validation successful
[ 2026-05-26 00:16:58,668 ] 65 root - INFO - Standardizing columns
[ 2026-05-26 00:16:58,669 ] 94 root - INFO - Column standardization completed
[ 2026-05-26 00:16:58,669 ] 108 root - INFO - Converting datatypes
[ 2026-05-26 00:16:58,669 ] 125 root - INFO - Datatype conversion completed
[ 2026-05-26 00:16:58,669 ] 139 root - INFO - Handling missing values
[ 2026-05-26 00:16:58,670 ] 156 root - INFO - Missing value handling completed from (66, 5) to (55, 5)
[ 2026-05-26 00:16:58,670 ] 174 root - INFO - Removing duplicates
[ 2026-05-26 00:16:58,671 ] 188 root - INFO - Duplicates removed from (55, 5) to (55, 5)
[ 2026-05-26 00:16:58,671 ] 208 root - INFO - Filtering valid years
[ 2026-05-26 00:16:58,672 ] 217 root - INFO - Year filtering completed
[ 2026-05-26 00:16:58,672 ] 231 root - INFO - Sorting dataframe
[ 2026-05-26 00:16:58,674 ] 242 root - INFO - Sorting completed
[ 2026-05-26 00:16:58,674 ] 432 root - INFO - Preprocessing pipeline completed
[ 2026-05-26 00:16:58,676 ] 382 root - INFO - Processed dataframe saved at artifacts\data_processing\processed_data\fdi_data.csv
[ 2026-05-26 00:16:58,677 ] 354 root - INFO - Metadata saved at artifacts\data_processing\metadata\fdi_metadata.json
[ 2026-05-26 00:16:58,677 ] 484 root - INFO - FDI processing completed
[ 2026-05-26 00:16:58,678 ] 22 root - INFO - Loading data from artifacts\data_ingestion\raw_data\unemployment_raw.csv
[ 2026-05-26 00:16:58,680 ] 26 root - INFO - Data loaded successfully
[ 2026-05-26 00:16:58,680 ] 396 root - INFO - Starting preprocessing pipeline
[ 2026-05-26 00:16:58,680 ] 53 root - INFO - Schema validation successful
[ 2026-05-26 00:16:58,680 ] 65 root - INFO - Standardizing columns
[ 2026-05-26 00:16:58,681 ] 94 root - INFO - Column standardization completed
[ 2026-05-26 00:16:58,681 ] 108 root - INFO - Converting datatypes
[ 2026-05-26 00:16:58,682 ] 125 root - INFO - Datatype conversion completed
[ 2026-05-26 00:16:58,682 ] 139 root - INFO - Handling missing values
[ 2026-05-26 00:16:58,684 ] 156 root - INFO - Missing value handling completed from (66, 5) to (35, 5)
[ 2026-05-26 00:16:58,684 ] 174 root - INFO - Removing duplicates
[ 2026-05-26 00:16:58,685 ] 188 root - INFO - Duplicates removed from (35, 5) to (35, 5)
[ 2026-05-26 00:16:58,685 ] 208 root - INFO - Filtering valid years
[ 2026-05-26 00:16:58,685 ] 217 root - INFO - Year filtering completed
[ 2026-05-26 00:16:58,685 ] 231 root - INFO - Sorting dataframe
[ 2026-05-26 00:16:58,686 ] 242 root - INFO - Sorting completed
[ 2026-05-26 00:16:58,688 ] 432 root - INFO - Preprocessing pipeline completed
[ 2026-05-26 00:16:58,690 ] 382 root - INFO - Processed dataframe saved at artifacts\data_processing\processed_data\unemployment_data.csv
[ 2026-05-26 00:16:58,691 ] 354 root - INFO - Metadata saved at artifacts\data_processing\metadata\unemployment_metadata.json
[ 2026-05-26 00:16:58,691 ] 484 root - INFO - Unemployment processing completed
[ 2026-05-26 00:16:58,691 ] 22 root - INFO - Loading data from artifacts\data_ingestion\raw_data\population_raw.csv
[ 2026-05-26 00:16:58,694 ] 26 root - INFO - Data loaded successfully
[ 2026-05-26 00:16:58,694 ] 396 root - INFO - Starting preprocessing pipeline
[ 2026-05-26 00:16:58,694 ] 53 root - INFO - Schema validation successful
[ 2026-05-26 00:16:58,694 ] 65 root - INFO - Standardizing columns
[ 2026-05-26 00:16:58,695 ] 94 root - INFO - Column standardization completed
[ 2026-05-26 00:16:58,696 ] 108 root - INFO - Converting datatypes
[ 2026-05-26 00:16:58,696 ] 125 root - INFO - Datatype conversion completed
[ 2026-05-26 00:16:58,696 ] 139 root - INFO - Handling missing values
[ 2026-05-26 00:16:58,698 ] 156 root - INFO - Missing value handling completed from (66, 5) to (65, 5)
[ 2026-05-26 00:16:58,698 ] 174 root - INFO - Removing duplicates
[ 2026-05-26 00:16:58,699 ] 188 root - INFO - Duplicates removed from (65, 5) to (65, 5)
[ 2026-05-26 00:16:58,699 ] 208 root - INFO - Filtering valid years
[ 2026-05-26 00:16:58,699 ] 217 root - INFO - Year filtering completed
[ 2026-05-26 00:16:58,699 ] 231 root - INFO - Sorting dataframe
[ 2026-05-26 00:16:58,701 ] 242 root - INFO - Sorting completed
[ 2026-05-26 00:16:58,701 ] 432 root - INFO - Preprocessing pipeline completed
[ 2026-05-26 00:16:58,703 ] 382 root - INFO - Processed dataframe saved at artifacts\data_processing\processed_data\population_data.csv
[ 2026-05-26 00:16:58,705 ] 354 root - INFO - Metadata saved at artifacts\data_processing\metadata\population_metadata.json
[ 2026-05-26 00:16:58,705 ] 484 root - INFO - Population processing completed
[ 2026-05-26 00:16:58,706 ] 22 root - INFO - Loading data from artifacts\data_ingestion\raw_data\population_growth_raw.csv
[ 2026-05-26 00:16:58,708 ] 26 root - INFO - Data loaded successfully
[ 2026-05-26 00:16:58,708 ] 396 root - INFO - Starting preprocessing pipeline
[ 2026-05-26 00:16:58,708 ] 53 root - INFO - Schema validation successful
[ 2026-05-26 00:16:58,709 ] 65 root - INFO - Standardizing columns
[ 2026-05-26 00:16:58,710 ] 94 root - INFO - Column standardization completed
[ 2026-05-26 00:16:58,710 ] 108 root - INFO - Converting datatypes
[ 2026-05-26 00:16:58,710 ] 125 root - INFO - Datatype conversion completed
[ 2026-05-26 00:16:58,710 ] 139 root - INFO - Handling missing values
[ 2026-05-26 00:16:58,712 ] 156 root - INFO - Missing value handling completed from (66, 5) to (64, 5)
[ 2026-05-26 00:16:58,712 ] 174 root - INFO - Removing duplicates
[ 2026-05-26 00:16:58,713 ] 188 root - INFO - Duplicates removed from (64, 5) to (64, 5)
[ 2026-05-26 00:16:58,713 ] 208 root - INFO - Filtering valid years
[ 2026-05-26 00:16:58,714 ] 217 root - INFO - Year filtering completed
[ 2026-05-26 00:16:58,714 ] 231 root - INFO - Sorting dataframe
[ 2026-05-26 00:16:58,715 ] 242 root - INFO - Sorting completed
[ 2026-05-26 00:16:58,716 ] 432 root - INFO - Preprocessing pipeline completed
[ 2026-05-26 00:16:58,718 ] 382 root - INFO - Processed dataframe saved at artifacts\data_processing\processed_data\population_growth_data.csv
[ 2026-05-26 00:16:58,719 ] 354 root - INFO - Metadata saved at artifacts\data_processing\metadata\population_growth_metadata.json
[ 2026-05-26 00:16:58,719 ] 484 root - INFO - Population_Growth processing completed
[ 2026-05-26 00:16:58,719 ] 22 root - INFO - Loading data from artifacts\data_ingestion\raw_data\population_density_raw.csv
[ 2026-05-26 00:16:58,722 ] 26 root - INFO - Data loaded successfully
[ 2026-05-26 00:16:58,722 ] 396 root - INFO - Starting preprocessing pipeline
[ 2026-05-26 00:16:58,722 ] 53 root - INFO - Schema validation successful
[ 2026-05-26 00:16:58,722 ] 65 root - INFO - Standardizing columns
[ 2026-05-26 00:16:58,723 ] 94 root - INFO - Column standardization completed
[ 2026-05-26 00:16:58,723 ] 108 root - INFO - Converting datatypes
[ 2026-05-26 00:16:58,724 ] 125 root - INFO - Datatype conversion completed
[ 2026-05-26 00:16:58,724 ] 139 root - INFO - Handling missing values
[ 2026-05-26 00:16:58,725 ] 156 root - INFO - Missing value handling completed from (66, 5) to (63, 5)
[ 2026-05-26 00:16:58,725 ] 174 root - INFO - Removing duplicates
[ 2026-05-26 00:16:58,726 ] 188 root - INFO - Duplicates removed from (63, 5) to (63, 5)
[ 2026-05-26 00:16:58,726 ] 208 root - INFO - Filtering valid years
[ 2026-05-26 00:16:58,727 ] 217 root - INFO - Year filtering completed
[ 2026-05-26 00:16:58,727 ] 231 root - INFO - Sorting dataframe
[ 2026-05-26 00:16:58,728 ] 242 root - INFO - Sorting completed
[ 2026-05-26 00:16:58,728 ] 432 root - INFO - Preprocessing pipeline completed
[ 2026-05-26 00:16:58,730 ] 382 root - INFO - Processed dataframe saved at artifacts\data_processing\processed_data\population_density_data.csv
[ 2026-05-26 00:16:58,731 ] 354 root - INFO - Metadata saved at artifacts\data_processing\metadata\population_density_metadata.json
[ 2026-05-26 00:16:58,731 ] 484 root - INFO - Population_Density processing completed
[ 2026-05-26 00:16:58,732 ] 22 root - INFO - Loading data from artifacts\data_ingestion\raw_data\urbanization_raw.csv
[ 2026-05-26 00:16:58,734 ] 26 root - INFO - Data loaded successfully
[ 2026-05-26 00:16:58,734 ] 396 root - INFO - Starting preprocessing pipeline
[ 2026-05-26 00:16:58,734 ] 53 root - INFO - Schema validation successful
[ 2026-05-26 00:16:58,734 ] 65 root - INFO - Standardizing columns
[ 2026-05-26 00:16:58,735 ] 94 root - INFO - Column standardization completed
[ 2026-05-26 00:16:58,735 ] 108 root - INFO - Converting datatypes
[ 2026-05-26 00:16:58,736 ] 125 root - INFO - Datatype conversion completed
[ 2026-05-26 00:16:58,736 ] 139 root - INFO - Handling missing values
[ 2026-05-26 00:16:58,738 ] 156 root - INFO - Missing value handling completed from (66, 5) to (65, 5)
[ 2026-05-26 00:16:58,738 ] 174 root - INFO - Removing duplicates
[ 2026-05-26 00:16:58,739 ] 188 root - INFO - Duplicates removed from (65, 5) to (65, 5)
[ 2026-05-26 00:16:58,739 ] 208 root - INFO - Filtering valid years
[ 2026-05-26 00:16:58,739 ] 217 root - INFO - Year filtering completed
[ 2026-05-26 00:16:58,739 ] 231 root - INFO - Sorting dataframe
[ 2026-05-26 00:16:58,740 ] 242 root - INFO - Sorting completed
[ 2026-05-26 00:16:58,741 ] 432 root - INFO - Preprocessing pipeline completed
[ 2026-05-26 00:16:58,743 ] 382 root - INFO - Processed dataframe saved at artifacts\data_processing\processed_data\urbanization_data.csv
[ 2026-05-26 00:16:58,743 ] 354 root - INFO - Metadata saved at artifacts\data_processing\metadata\urbanization_metadata.json
[ 2026-05-26 00:16:58,743 ] 484 root - INFO - Urbanization processing completed
[ 2026-05-26 00:16:58,744 ] 22 root - INFO - Loading data from artifacts\data_ingestion\raw_data\birth_rate_raw.csv
[ 2026-05-26 00:16:58,746 ] 26 root - INFO - Data loaded successfully
[ 2026-05-26 00:16:58,746 ] 396 root - INFO - Starting preprocessing pipeline
[ 2026-05-26 00:16:58,746 ] 53 root - INFO - Schema validation successful
[ 2026-05-26 00:16:58,746 ] 65 root - INFO - Standardizing columns
[ 2026-05-26 00:16:58,748 ] 94 root - INFO - Column standardization completed
[ 2026-05-26 00:16:58,748 ] 108 root - INFO - Converting datatypes
[ 2026-05-26 00:16:58,748 ] 125 root - INFO - Datatype conversion completed
[ 2026-05-26 00:16:58,748 ] 139 root - INFO - Handling missing values
[ 2026-05-26 00:16:58,751 ] 156 root - INFO - Missing value handling completed from (66, 5) to (65, 5)
[ 2026-05-26 00:16:58,751 ] 174 root - INFO - Removing duplicates
[ 2026-05-26 00:16:58,752 ] 188 root - INFO - Duplicates removed from (65, 5) to (65, 5)
[ 2026-05-26 00:16:58,752 ] 208 root - INFO - Filtering valid years
[ 2026-05-26 00:16:58,752 ] 217 root - INFO - Year filtering completed
[ 2026-05-26 00:16:58,752 ] 231 root - INFO - Sorting dataframe
[ 2026-05-26 00:16:58,754 ] 242 root - INFO - Sorting completed
[ 2026-05-26 00:16:58,754 ] 432 root - INFO - Preprocessing pipeline completed
[ 2026-05-26 00:16:58,756 ] 382 root - INFO - Processed dataframe saved at artifacts\data_processing\processed_data\birth_rate_data.csv
[ 2026-05-26 00:16:58,756 ] 354 root - INFO - Metadata saved at artifacts\data_processing\metadata\birth_rate_metadata.json
[ 2026-05-26 00:16:58,756 ] 484 root - INFO - Birth_Rate processing completed
[ 2026-05-26 00:16:58,757 ] 22 root - INFO - Loading data from artifacts\data_ingestion\raw_data\death_rate_raw.csv
[ 2026-05-26 00:16:58,760 ] 26 root - INFO - Data loaded successfully
[ 2026-05-26 00:16:58,760 ] 396 root - INFO - Starting preprocessing pipeline
[ 2026-05-26 00:16:58,760 ] 53 root - INFO - Schema validation successful
[ 2026-05-26 00:16:58,760 ] 65 root - INFO - Standardizing columns
[ 2026-05-26 00:16:58,761 ] 94 root - INFO - Column standardization completed
[ 2026-05-26 00:16:58,761 ] 108 root - INFO - Converting datatypes
[ 2026-05-26 00:16:58,762 ] 125 root - INFO - Datatype conversion completed
[ 2026-05-26 00:16:58,762 ] 139 root - INFO - Handling missing values
[ 2026-05-26 00:16:58,764 ] 156 root - INFO - Missing value handling completed from (66, 5) to (65, 5)
[ 2026-05-26 00:16:58,764 ] 174 root - INFO - Removing duplicates
[ 2026-05-26 00:16:58,765 ] 188 root - INFO - Duplicates removed from (65, 5) to (65, 5)
[ 2026-05-26 00:16:58,765 ] 208 root - INFO - Filtering valid years
[ 2026-05-26 00:16:58,765 ] 217 root - INFO - Year filtering completed
[ 2026-05-26 00:16:58,765 ] 231 root - INFO - Sorting dataframe
[ 2026-05-26 00:16:58,767 ] 242 root - INFO - Sorting completed
[ 2026-05-26 00:16:58,767 ] 432 root - INFO - Preprocessing pipeline completed
[ 2026-05-26 00:16:58,770 ] 382 root - INFO - Processed dataframe saved at artifacts\data_processing\processed_data\death_rate_data.csv
[ 2026-05-26 00:16:58,771 ] 354 root - INFO - Metadata saved at artifacts\data_processing\metadata\death_rate_metadata.json
[ 2026-05-26 00:16:58,771 ] 484 root - INFO - Death_Rate processing completed
[ 2026-05-26 00:16:58,772 ] 22 root - INFO - Loading data from artifacts\data_ingestion\raw_data\life_expectancy_raw.csv
[ 2026-05-26 00:16:58,774 ] 26 root - INFO - Data loaded successfully
[ 2026-05-26 00:16:58,775 ] 396 root - INFO - Starting preprocessing pipeline
[ 2026-05-26 00:16:58,775 ] 53 root - INFO - Schema validation successful
[ 2026-05-26 00:16:58,775 ] 65 root - INFO - Standardizing columns
[ 2026-05-26 00:16:58,776 ] 94 root - INFO - Column standardization completed
[ 2026-05-26 00:16:58,776 ] 108 root - INFO - Converting datatypes
[ 2026-05-26 00:16:58,777 ] 125 root - INFO - Datatype conversion completed
[ 2026-05-26 00:16:58,777 ] 139 root - INFO - Handling missing values
[ 2026-05-26 00:16:58,779 ] 156 root - INFO - Missing value handling completed from (66, 5) to (65, 5)
[ 2026-05-26 00:16:58,779 ] 174 root - INFO - Removing duplicates
[ 2026-05-26 00:16:58,780 ] 188 root - INFO - Duplicates removed from (65, 5) to (65, 5)
[ 2026-05-26 00:16:58,780 ] 208 root - INFO - Filtering valid years
[ 2026-05-26 00:16:58,781 ] 217 root - INFO - Year filtering completed
[ 2026-05-26 00:16:58,781 ] 231 root - INFO - Sorting dataframe
[ 2026-05-26 00:16:58,782 ] 242 root - INFO - Sorting completed
[ 2026-05-26 00:16:58,783 ] 432 root - INFO - Preprocessing pipeline completed
[ 2026-05-26 00:16:58,786 ] 382 root - INFO - Processed dataframe saved at artifacts\data_processing\processed_data\life_expectancy_data.csv
[ 2026-05-26 00:16:58,787 ] 354 root - INFO - Metadata saved at artifacts\data_processing\metadata\life_expectancy_metadata.json
[ 2026-05-26 00:16:58,787 ] 484 root - INFO - Life_Expectancy processing completed
[ 2026-05-26 00:16:58,788 ] 22 root - INFO - Loading data from artifacts\data_ingestion\raw_data\literacy_rate_raw.csv
[ 2026-05-26 00:16:58,791 ] 26 root - INFO - Data loaded successfully
[ 2026-05-26 00:16:58,791 ] 396 root - INFO - Starting preprocessing pipeline
[ 2026-05-26 00:16:58,791 ] 53 root - INFO - Schema validation successful
[ 2026-05-26 00:16:58,791 ] 65 root - INFO - Standardizing columns
[ 2026-05-26 00:16:58,792 ] 94 root - INFO - Column standardization completed
[ 2026-05-26 00:16:58,792 ] 108 root - INFO - Converting datatypes
[ 2026-05-26 00:16:58,793 ] 125 root - INFO - Datatype conversion completed
[ 2026-05-26 00:16:58,793 ] 139 root - INFO - Handling missing values
[ 2026-05-26 00:16:58,795 ] 156 root - INFO - Missing value handling completed from (66, 5) to (14, 5)
[ 2026-05-26 00:16:58,795 ] 174 root - INFO - Removing duplicates
[ 2026-05-26 00:16:58,796 ] 188 root - INFO - Duplicates removed from (14, 5) to (14, 5)
[ 2026-05-26 00:16:58,796 ] 208 root - INFO - Filtering valid years
[ 2026-05-26 00:16:58,796 ] 217 root - INFO - Year filtering completed
[ 2026-05-26 00:16:58,796 ] 231 root - INFO - Sorting dataframe
[ 2026-05-26 00:16:58,798 ] 242 root - INFO - Sorting completed
[ 2026-05-26 00:16:58,798 ] 432 root - INFO - Preprocessing pipeline completed
[ 2026-05-26 00:16:58,801 ] 382 root - INFO - Processed dataframe saved at artifacts\data_processing\processed_data\literacy_rate_data.csv
[ 2026-05-26 00:16:58,802 ] 354 root - INFO - Metadata saved at artifacts\data_processing\metadata\literacy_rate_metadata.json
[ 2026-05-26 00:16:58,802 ] 484 root - INFO - Literacy_Rate processing completed
[ 2026-05-26 00:16:58,803 ] 22 root - INFO - Loading data from artifacts\data_ingestion\raw_data\exports_raw.csv
[ 2026-05-26 00:16:58,805 ] 26 root - INFO - Data loaded successfully
[ 2026-05-26 00:16:58,805 ] 396 root - INFO - Starting preprocessing pipeline
[ 2026-05-26 00:16:58,805 ] 53 root - INFO - Schema validation successful
[ 2026-05-26 00:16:58,805 ] 65 root - INFO - Standardizing columns
[ 2026-05-26 00:16:58,807 ] 94 root - INFO - Column standardization completed
[ 2026-05-26 00:16:58,807 ] 108 root - INFO - Converting datatypes
[ 2026-05-26 00:16:58,807 ] 125 root - INFO - Datatype conversion completed
[ 2026-05-26 00:16:58,807 ] 139 root - INFO - Handling missing values
[ 2026-05-26 00:16:58,809 ] 156 root - INFO - Missing value handling completed from (66, 5) to (65, 5)
[ 2026-05-26 00:16:58,809 ] 174 root - INFO - Removing duplicates
[ 2026-05-26 00:16:58,810 ] 188 root - INFO - Duplicates removed from (65, 5) to (65, 5)
[ 2026-05-26 00:16:58,810 ] 208 root - INFO - Filtering valid years
[ 2026-05-26 00:16:58,811 ] 217 root - INFO - Year filtering completed
[ 2026-05-26 00:16:58,811 ] 231 root - INFO - Sorting dataframe
[ 2026-05-26 00:16:58,812 ] 242 root - INFO - Sorting completed
[ 2026-05-26 00:16:58,813 ] 432 root - INFO - Preprocessing pipeline completed
[ 2026-05-26 00:16:58,815 ] 382 root - INFO - Processed dataframe saved at artifacts\data_processing\processed_data\exports_data.csv
[ 2026-05-26 00:16:58,816 ] 354 root - INFO - Metadata saved at artifacts\data_processing\metadata\exports_metadata.json
[ 2026-05-26 00:16:58,816 ] 484 root - INFO - Exports processing completed
[ 2026-05-26 00:16:58,817 ] 22 root - INFO - Loading data from artifacts\data_ingestion\raw_data\imports_raw.csv
[ 2026-05-26 00:16:58,819 ] 26 root - INFO - Data loaded successfully
[ 2026-05-26 00:16:58,819 ] 396 root - INFO - Starting preprocessing pipeline
[ 2026-05-26 00:16:58,819 ] 53 root - INFO - Schema validation successful
[ 2026-05-26 00:16:58,819 ] 65 root - INFO - Standardizing columns
[ 2026-05-26 00:16:58,821 ] 94 root - INFO - Column standardization completed
[ 2026-05-26 00:16:58,821 ] 108 root - INFO - Converting datatypes
[ 2026-05-26 00:16:58,821 ] 125 root - INFO - Datatype conversion completed
[ 2026-05-26 00:16:58,821 ] 139 root - INFO - Handling missing values
[ 2026-05-26 00:16:58,823 ] 156 root - INFO - Missing value handling completed from (66, 5) to (65, 5)
[ 2026-05-26 00:16:58,823 ] 174 root - INFO - Removing duplicates
[ 2026-05-26 00:16:58,824 ] 188 root - INFO - Duplicates removed from (65, 5) to (65, 5)
[ 2026-05-26 00:16:58,824 ] 208 root - INFO - Filtering valid years
[ 2026-05-26 00:16:58,825 ] 217 root - INFO - Year filtering completed
[ 2026-05-26 00:16:58,825 ] 231 root - INFO - Sorting dataframe
[ 2026-05-26 00:16:58,826 ] 242 root - INFO - Sorting completed
[ 2026-05-26 00:16:58,827 ] 432 root - INFO - Preprocessing pipeline completed
[ 2026-05-26 00:16:58,829 ] 382 root - INFO - Processed dataframe saved at artifacts\data_processing\processed_data\imports_data.csv
[ 2026-05-26 00:16:58,830 ] 354 root - INFO - Metadata saved at artifacts\data_processing\metadata\imports_metadata.json
[ 2026-05-26 00:16:58,830 ] 484 root - INFO - Imports processing completed
[ 2026-05-26 00:16:58,830 ] 22 root - INFO - Loading data from artifacts\data_ingestion\raw_data\trade_percent_gdp_raw.csv
[ 2026-05-26 00:16:58,833 ] 26 root - INFO - Data loaded successfully
[ 2026-05-26 00:16:58,833 ] 396 root - INFO - Starting preprocessing pipeline
[ 2026-05-26 00:16:58,833 ] 53 root - INFO - Schema validation successful
[ 2026-05-26 00:16:58,833 ] 65 root - INFO - Standardizing columns
[ 2026-05-26 00:16:58,834 ] 94 root - INFO - Column standardization completed
[ 2026-05-26 00:16:58,834 ] 108 root - INFO - Converting datatypes
[ 2026-05-26 00:16:58,834 ] 125 root - INFO - Datatype conversion completed
[ 2026-05-26 00:16:58,834 ] 139 root - INFO - Handling missing values
[ 2026-05-26 00:16:58,836 ] 156 root - INFO - Missing value handling completed from (66, 5) to (65, 5)
[ 2026-05-26 00:16:58,836 ] 174 root - INFO - Removing duplicates
[ 2026-05-26 00:16:58,837 ] 188 root - INFO - Duplicates removed from (65, 5) to (65, 5)
[ 2026-05-26 00:16:58,837 ] 208 root - INFO - Filtering valid years
[ 2026-05-26 00:16:58,837 ] 217 root - INFO - Year filtering completed
[ 2026-05-26 00:16:58,837 ] 231 root - INFO - Sorting dataframe
[ 2026-05-26 00:16:58,838 ] 242 root - INFO - Sorting completed
[ 2026-05-26 00:16:58,839 ] 432 root - INFO - Preprocessing pipeline completed
[ 2026-05-26 00:16:58,841 ] 382 root - INFO - Processed dataframe saved at artifacts\data_processing\processed_data\trade_percent_gdp_data.csv
[ 2026-05-26 00:16:58,842 ] 354 root - INFO - Metadata saved at artifacts\data_processing\metadata\trade_percent_gdp_metadata.json
[ 2026-05-26 00:16:58,842 ] 484 root - INFO - Trade_Percent_GDP processing completed
[ 2026-05-26 00:16:58,843 ] 22 root - INFO - Loading data from artifacts\data_ingestion\raw_data\high_tech_exports_raw.csv
[ 2026-05-26 00:16:58,845 ] 26 root - INFO - Data loaded successfully
[ 2026-05-26 00:16:58,845 ] 396 root - INFO - Starting preprocessing pipeline
[ 2026-05-26 00:16:58,845 ] 53 root - INFO - Schema validation successful
[ 2026-05-26 00:16:58,845 ] 65 root - INFO - Standardizing columns
[ 2026-05-26 00:16:58,846 ] 94 root - INFO - Column standardization completed
[ 2026-05-26 00:16:58,846 ] 108 root - INFO - Converting datatypes
[ 2026-05-26 00:16:58,847 ] 125 root - INFO - Datatype conversion completed
[ 2026-05-26 00:16:58,847 ] 139 root - INFO - Handling missing values
[ 2026-05-26 00:16:58,849 ] 156 root - INFO - Missing value handling completed from (66, 5) to (16, 5)
[ 2026-05-26 00:16:58,849 ] 174 root - INFO - Removing duplicates
[ 2026-05-26 00:16:58,849 ] 188 root - INFO - Duplicates removed from (16, 5) to (16, 5)
[ 2026-05-26 00:16:58,849 ] 208 root - INFO - Filtering valid years
[ 2026-05-26 00:16:58,850 ] 217 root - INFO - Year filtering completed
[ 2026-05-26 00:16:58,850 ] 231 root - INFO - Sorting dataframe
[ 2026-05-26 00:16:58,851 ] 242 root - INFO - Sorting completed
[ 2026-05-26 00:16:58,851 ] 432 root - INFO - Preprocessing pipeline completed
[ 2026-05-26 00:16:58,853 ] 382 root - INFO - Processed dataframe saved at artifacts\data_processing\processed_data\high_tech_exports_data.csv
[ 2026-05-26 00:16:58,854 ] 354 root - INFO - Metadata saved at artifacts\data_processing\metadata\high_tech_exports_metadata.json
[ 2026-05-26 00:16:58,854 ] 484 root - INFO - High_Tech_Exports processing completed
[ 2026-05-26 00:16:58,855 ] 22 root - INFO - Loading data from artifacts\data_ingestion\raw_data\internet_users_raw.csv
[ 2026-05-26 00:16:58,857 ] 26 root - INFO - Data loaded successfully
[ 2026-05-26 00:16:58,857 ] 396 root - INFO - Starting preprocessing pipeline
[ 2026-05-26 00:16:58,857 ] 53 root - INFO - Schema validation successful
[ 2026-05-26 00:16:58,857 ] 65 root - INFO - Standardizing columns
[ 2026-05-26 00:16:58,858 ] 94 root - INFO - Column standardization completed
[ 2026-05-26 00:16:58,858 ] 108 root - INFO - Converting datatypes
[ 2026-05-26 00:16:58,859 ] 125 root - INFO - Datatype conversion completed
[ 2026-05-26 00:16:58,859 ] 139 root - INFO - Handling missing values
[ 2026-05-26 00:16:58,861 ] 156 root - INFO - Missing value handling completed from (66, 5) to (35, 5)
[ 2026-05-26 00:16:58,861 ] 174 root - INFO - Removing duplicates
[ 2026-05-26 00:16:58,861 ] 188 root - INFO - Duplicates removed from (35, 5) to (35, 5)
[ 2026-05-26 00:16:58,862 ] 208 root - INFO - Filtering valid years
[ 2026-05-26 00:16:58,862 ] 217 root - INFO - Year filtering completed
[ 2026-05-26 00:16:58,862 ] 231 root - INFO - Sorting dataframe
[ 2026-05-26 00:16:58,863 ] 242 root - INFO - Sorting completed
[ 2026-05-26 00:16:58,864 ] 432 root - INFO - Preprocessing pipeline completed
[ 2026-05-26 00:16:58,866 ] 382 root - INFO - Processed dataframe saved at artifacts\data_processing\processed_data\internet_users_data.csv
[ 2026-05-26 00:16:58,867 ] 354 root - INFO - Metadata saved at artifacts\data_processing\metadata\internet_users_metadata.json
[ 2026-05-26 00:16:58,867 ] 484 root - INFO - Internet_Users processing completed
[ 2026-05-26 00:16:58,867 ] 22 root - INFO - Loading data from artifacts\data_ingestion\raw_data\mobile_subscriptions_raw.csv
[ 2026-05-26 00:16:58,878 ] 26 root - INFO - Data loaded successfully
[ 2026-05-26 00:16:58,879 ] 396 root - INFO - Starting preprocessing pipeline
[ 2026-05-26 00:16:58,879 ] 53 root - INFO - Schema validation successful
[ 2026-05-26 00:16:58,879 ] 65 root - INFO - Standardizing columns
[ 2026-05-26 00:16:58,880 ] 94 root - INFO - Column standardization completed
[ 2026-05-26 00:16:58,880 ] 108 root - INFO - Converting datatypes
[ 2026-05-26 00:16:58,880 ] 125 root - INFO - Datatype conversion completed
[ 2026-05-26 00:16:58,880 ] 139 root - INFO - Handling missing values
[ 2026-05-26 00:16:58,882 ] 156 root - INFO - Missing value handling completed from (66, 5) to (53, 5)
[ 2026-05-26 00:16:58,882 ] 174 root - INFO - Removing duplicates
[ 2026-05-26 00:16:58,883 ] 188 root - INFO - Duplicates removed from (53, 5) to (53, 5)
[ 2026-05-26 00:16:58,883 ] 208 root - INFO - Filtering valid years
[ 2026-05-26 00:16:58,884 ] 217 root - INFO - Year filtering completed
[ 2026-05-26 00:16:58,884 ] 231 root - INFO - Sorting dataframe
[ 2026-05-26 00:16:58,885 ] 242 root - INFO - Sorting completed
[ 2026-05-26 00:16:58,885 ] 432 root - INFO - Preprocessing pipeline completed
[ 2026-05-26 00:16:58,887 ] 382 root - INFO - Processed dataframe saved at artifacts\data_processing\processed_data\mobile_subscriptions_data.csv
[ 2026-05-26 00:16:58,888 ] 354 root - INFO - Metadata saved at artifacts\data_processing\metadata\mobile_subscriptions_metadata.json
[ 2026-05-26 00:16:58,888 ] 484 root - INFO - Mobile_Subscriptions processing completed
[ 2026-05-26 00:16:58,889 ] 22 root - INFO - Loading data from artifacts\data_ingestion\raw_data\broadband_subscriptions_raw.csv
[ 2026-05-26 00:16:58,891 ] 26 root - INFO - Data loaded successfully
[ 2026-05-26 00:16:58,891 ] 396 root - INFO - Starting preprocessing pipeline
[ 2026-05-26 00:16:58,892 ] 53 root - INFO - Schema validation successful
[ 2026-05-26 00:16:58,892 ] 65 root - INFO - Standardizing columns
[ 2026-05-26 00:16:58,893 ] 94 root - INFO - Column standardization completed
[ 2026-05-26 00:16:58,893 ] 108 root - INFO - Converting datatypes
[ 2026-05-26 00:16:58,893 ] 125 root - INFO - Datatype conversion completed
[ 2026-05-26 00:16:58,893 ] 139 root - INFO - Handling missing values
[ 2026-05-26 00:16:58,896 ] 156 root - INFO - Missing value handling completed from (66, 5) to (24, 5)
[ 2026-05-26 00:16:58,896 ] 174 root - INFO - Removing duplicates
[ 2026-05-26 00:16:58,897 ] 188 root - INFO - Duplicates removed from (24, 5) to (24, 5)
[ 2026-05-26 00:16:58,897 ] 208 root - INFO - Filtering valid years
[ 2026-05-26 00:16:58,897 ] 217 root - INFO - Year filtering completed
[ 2026-05-26 00:16:58,897 ] 231 root - INFO - Sorting dataframe
[ 2026-05-26 00:16:58,898 ] 242 root - INFO - Sorting completed
[ 2026-05-26 00:16:58,899 ] 432 root - INFO - Preprocessing pipeline completed
[ 2026-05-26 00:16:58,901 ] 382 root - INFO - Processed dataframe saved at artifacts\data_processing\processed_data\broadband_subscriptions_data.csv
[ 2026-05-26 00:16:58,902 ] 354 root - INFO - Metadata saved at artifacts\data_processing\metadata\broadband_subscriptions_metadata.json
[ 2026-05-26 00:16:58,902 ] 484 root - INFO - Broadband_Subscriptions processing completed
[ 2026-05-26 00:16:58,903 ] 22 root - INFO - Loading data from artifacts\data_ingestion\raw_data\secure_servers_raw.csv
[ 2026-05-26 00:16:58,905 ] 26 root - INFO - Data loaded successfully
[ 2026-05-26 00:16:58,905 ] 396 root - INFO - Starting preprocessing pipeline
[ 2026-05-26 00:16:58,905 ] 53 root - INFO - Schema validation successful
[ 2026-05-26 00:16:58,905 ] 65 root - INFO - Standardizing columns
[ 2026-05-26 00:16:58,906 ] 94 root - INFO - Column standardization completed
[ 2026-05-26 00:16:58,906 ] 108 root - INFO - Converting datatypes
[ 2026-05-26 00:16:58,906 ] 125 root - INFO - Datatype conversion completed
[ 2026-05-26 00:16:58,907 ] 139 root - INFO - Handling missing values
[ 2026-05-26 00:16:58,908 ] 156 root - INFO - Missing value handling completed from (66, 5) to (15, 5)
[ 2026-05-26 00:16:58,908 ] 174 root - INFO - Removing duplicates
[ 2026-05-26 00:16:58,909 ] 188 root - INFO - Duplicates removed from (15, 5) to (15, 5)
[ 2026-05-26 00:16:58,909 ] 208 root - INFO - Filtering valid years
[ 2026-05-26 00:16:58,910 ] 217 root - INFO - Year filtering completed
[ 2026-05-26 00:16:58,910 ] 231 root - INFO - Sorting dataframe
[ 2026-05-26 00:16:58,911 ] 242 root - INFO - Sorting completed
[ 2026-05-26 00:16:58,911 ] 432 root - INFO - Preprocessing pipeline completed
[ 2026-05-26 00:16:58,913 ] 382 root - INFO - Processed dataframe saved at artifacts\data_processing\processed_data\secure_servers_data.csv
[ 2026-05-26 00:16:58,915 ] 354 root - INFO - Metadata saved at artifacts\data_processing\metadata\secure_servers_metadata.json
[ 2026-05-26 00:16:58,915 ] 484 root - INFO - Secure_Servers processing completed
[ 2026-05-26 00:16:58,915 ] 22 root - INFO - Loading data from artifacts\data_ingestion\raw_data\rnd_expenditure_raw.csv
[ 2026-05-26 00:16:58,918 ] 26 root - INFO - Data loaded successfully
[ 2026-05-26 00:16:58,918 ] 396 root - INFO - Starting preprocessing pipeline
[ 2026-05-26 00:16:58,918 ] 53 root - INFO - Schema validation successful
[ 2026-05-26 00:16:58,918 ] 65 root - INFO - Standardizing columns
[ 2026-05-26 00:16:58,919 ] 94 root - INFO - Column standardization completed
[ 2026-05-26 00:16:58,919 ] 108 root - INFO - Converting datatypes
[ 2026-05-26 00:16:58,920 ] 125 root - INFO - Datatype conversion completed
[ 2026-05-26 00:16:58,920 ] 139 root - INFO - Handling missing values
[ 2026-05-26 00:16:58,922 ] 156 root - INFO - Missing value handling completed from (66, 5) to (25, 5)
[ 2026-05-26 00:16:58,922 ] 174 root - INFO - Removing duplicates
[ 2026-05-26 00:16:58,923 ] 188 root - INFO - Duplicates removed from (25, 5) to (25, 5)
[ 2026-05-26 00:16:58,923 ] 208 root - INFO - Filtering valid years
[ 2026-05-26 00:16:58,923 ] 217 root - INFO - Year filtering completed
[ 2026-05-26 00:16:58,923 ] 231 root - INFO - Sorting dataframe
[ 2026-05-26 00:16:58,924 ] 242 root - INFO - Sorting completed
[ 2026-05-26 00:16:58,925 ] 432 root - INFO - Preprocessing pipeline completed
[ 2026-05-26 00:16:58,927 ] 382 root - INFO - Processed dataframe saved at artifacts\data_processing\processed_data\rnd_expenditure_data.csv
[ 2026-05-26 00:16:58,928 ] 354 root - INFO - Metadata saved at artifacts\data_processing\metadata\rnd_expenditure_metadata.json
[ 2026-05-26 00:16:58,929 ] 484 root - INFO - RND_Expenditure processing completed
[ 2026-05-26 00:16:58,930 ] 22 root - INFO - Loading data from artifacts\data_ingestion\raw_data\air_pollution_raw.csv
[ 2026-05-26 00:16:58,933 ] 26 root - INFO - Data loaded successfully
[ 2026-05-26 00:16:58,933 ] 396 root - INFO - Starting preprocessing pipeline
[ 2026-05-26 00:16:58,934 ] 53 root - INFO - Schema validation successful
[ 2026-05-26 00:16:58,934 ] 65 root - INFO - Standardizing columns
[ 2026-05-26 00:16:58,935 ] 94 root - INFO - Column standardization completed
[ 2026-05-26 00:16:58,935 ] 108 root - INFO - Converting datatypes
[ 2026-05-26 00:16:58,936 ] 125 root - INFO - Datatype conversion completed
[ 2026-05-26 00:16:58,936 ] 139 root - INFO - Handling missing values
[ 2026-05-26 00:16:58,939 ] 156 root - INFO - Missing value handling completed from (66, 5) to (31, 5)
[ 2026-05-26 00:16:58,939 ] 174 root - INFO - Removing duplicates
[ 2026-05-26 00:16:58,940 ] 188 root - INFO - Duplicates removed from (31, 5) to (31, 5)
[ 2026-05-26 00:16:58,940 ] 208 root - INFO - Filtering valid years
[ 2026-05-26 00:16:58,941 ] 217 root - INFO - Year filtering completed
[ 2026-05-26 00:16:58,941 ] 231 root - INFO - Sorting dataframe
[ 2026-05-26 00:16:58,943 ] 242 root - INFO - Sorting completed
[ 2026-05-26 00:16:58,944 ] 432 root - INFO - Preprocessing pipeline completed
[ 2026-05-26 00:16:58,948 ] 382 root - INFO - Processed dataframe saved at artifacts\data_processing\processed_data\air_pollution_data.csv
[ 2026-05-26 00:16:58,949 ] 354 root - INFO - Metadata saved at artifacts\data_processing\metadata\air_pollution_metadata.json
[ 2026-05-26 00:16:58,950 ] 484 root - INFO - Air_Pollution processing completed
[ 2026-05-26 00:16:58,951 ] 22 root - INFO - Loading data from artifacts\data_ingestion\raw_data\forest_area_raw.csv
[ 2026-05-26 00:16:58,954 ] 26 root - INFO - Data loaded successfully
[ 2026-05-26 00:16:58,954 ] 396 root - INFO - Starting preprocessing pipeline
[ 2026-05-26 00:16:58,956 ] 53 root - INFO - Schema validation successful
[ 2026-05-26 00:16:58,956 ] 65 root - INFO - Standardizing columns
[ 2026-05-26 00:16:58,958 ] 94 root - INFO - Column standardization completed
[ 2026-05-26 00:16:58,958 ] 108 root - INFO - Converting datatypes
[ 2026-05-26 00:16:58,958 ] 125 root - INFO - Datatype conversion completed
[ 2026-05-26 00:16:58,959 ] 139 root - INFO - Handling missing values
[ 2026-05-26 00:16:58,964 ] 156 root - INFO - Missing value handling completed from (66, 5) to (34, 5)
[ 2026-05-26 00:16:58,964 ] 174 root - INFO - Removing duplicates
[ 2026-05-26 00:16:58,966 ] 188 root - INFO - Duplicates removed from (34, 5) to (34, 5)
[ 2026-05-26 00:16:58,966 ] 208 root - INFO - Filtering valid years
[ 2026-05-26 00:16:58,967 ] 217 root - INFO - Year filtering completed
[ 2026-05-26 00:16:58,968 ] 231 root - INFO - Sorting dataframe
[ 2026-05-26 00:16:58,971 ] 242 root - INFO - Sorting completed
[ 2026-05-26 00:16:58,972 ] 432 root - INFO - Preprocessing pipeline completed
[ 2026-05-26 00:16:58,977 ] 382 root - INFO - Processed dataframe saved at artifacts\data_processing\processed_data\forest_area_data.csv
[ 2026-05-26 00:16:58,979 ] 354 root - INFO - Metadata saved at artifacts\data_processing\metadata\forest_area_metadata.json
[ 2026-05-26 00:16:58,979 ] 484 root - INFO - Forest_Area processing completed
[ 2026-05-26 00:16:58,981 ] 22 root - INFO - Loading data from artifacts\data_ingestion\raw_data\renewable_energy_raw.csv
[ 2026-05-26 00:16:58,986 ] 26 root - INFO - Data loaded successfully
[ 2026-05-26 00:16:58,986 ] 396 root - INFO - Starting preprocessing pipeline
[ 2026-05-26 00:16:58,987 ] 53 root - INFO - Schema validation successful
[ 2026-05-26 00:16:58,987 ] 65 root - INFO - Standardizing columns
[ 2026-05-26 00:16:58,989 ] 94 root - INFO - Column standardization completed
[ 2026-05-26 00:16:58,990 ] 108 root - INFO - Converting datatypes
[ 2026-05-26 00:16:58,991 ] 125 root - INFO - Datatype conversion completed
[ 2026-05-26 00:16:58,991 ] 139 root - INFO - Handling missing values
[ 2026-05-26 00:16:58,995 ] 156 root - INFO - Missing value handling completed from (66, 5) to (32, 5)
[ 2026-05-26 00:16:58,996 ] 174 root - INFO - Removing duplicates
[ 2026-05-26 00:16:58,997 ] 188 root - INFO - Duplicates removed from (32, 5) to (32, 5)
[ 2026-05-26 00:16:58,998 ] 208 root - INFO - Filtering valid years
[ 2026-05-26 00:16:58,999 ] 217 root - INFO - Year filtering completed
[ 2026-05-26 00:16:58,999 ] 231 root - INFO - Sorting dataframe
[ 2026-05-26 00:16:59,001 ] 242 root - INFO - Sorting completed
[ 2026-05-26 00:16:59,003 ] 432 root - INFO - Preprocessing pipeline completed
[ 2026-05-26 00:16:59,009 ] 382 root - INFO - Processed dataframe saved at artifacts\data_processing\processed_data\renewable_energy_data.csv
[ 2026-05-26 00:16:59,012 ] 354 root - INFO - Metadata saved at artifacts\data_processing\metadata\renewable_energy_metadata.json
[ 2026-05-26 00:16:59,012 ] 484 root - INFO - Renewable_Energy processing completed
[ 2026-05-26 00:16:59,015 ] 22 root - INFO - Loading data from artifacts\data_ingestion\raw_data\electricity_access_raw.csv
[ 2026-05-26 00:16:59,024 ] 26 root - INFO - Data loaded successfully
[ 2026-05-26 00:16:59,024 ] 396 root - INFO - Starting preprocessing pipeline
[ 2026-05-26 00:16:59,024 ] 53 root - INFO - Schema validation successful
[ 2026-05-26 00:16:59,025 ] 65 root - INFO - Standardizing columns
[ 2026-05-26 00:16:59,029 ] 94 root - INFO - Column standardization completed
[ 2026-05-26 00:16:59,029 ] 108 root - INFO - Converting datatypes
[ 2026-05-26 00:16:59,031 ] 125 root - INFO - Datatype conversion completed
[ 2026-05-26 00:16:59,031 ] 139 root - INFO - Handling missing values
[ 2026-05-26 00:16:59,039 ] 156 root - INFO - Missing value handling completed from (66, 5) to (31, 5)
[ 2026-05-26 00:16:59,040 ] 174 root - INFO - Removing duplicates
[ 2026-05-26 00:16:59,042 ] 188 root - INFO - Duplicates removed from (31, 5) to (31, 5)
[ 2026-05-26 00:16:59,042 ] 208 root - INFO - Filtering valid years
[ 2026-05-26 00:16:59,043 ] 217 root - INFO - Year filtering completed
[ 2026-05-26 00:16:59,044 ] 231 root - INFO - Sorting dataframe
[ 2026-05-26 00:16:59,047 ] 242 root - INFO - Sorting completed
[ 2026-05-26 00:16:59,049 ] 432 root - INFO - Preprocessing pipeline completed
[ 2026-05-26 00:16:59,054 ] 382 root - INFO - Processed dataframe saved at artifacts\data_processing\processed_data\electricity_access_data.csv
[ 2026-05-26 00:16:59,056 ] 354 root - INFO - Metadata saved at artifacts\data_processing\metadata\electricity_access_metadata.json
[ 2026-05-26 00:16:59,057 ] 484 root - INFO - Electricity_Access processing completed
[ 2026-05-26 00:16:59,059 ] 22 root - INFO - Loading data from artifacts\data_ingestion\raw_data\agriculture_raw.csv
[ 2026-05-26 00:16:59,064 ] 26 root - INFO - Data loaded successfully
[ 2026-05-26 00:16:59,065 ] 396 root - INFO - Starting preprocessing pipeline
[ 2026-05-26 00:16:59,065 ] 53 root - INFO - Schema validation successful
[ 2026-05-26 00:16:59,065 ] 65 root - INFO - Standardizing columns
[ 2026-05-26 00:16:59,068 ] 94 root - INFO - Column standardization completed
[ 2026-05-26 00:16:59,068 ] 108 root - INFO - Converting datatypes
[ 2026-05-26 00:16:59,069 ] 125 root - INFO - Datatype conversion completed
[ 2026-05-26 00:16:59,070 ] 139 root - INFO - Handling missing values
[ 2026-05-26 00:16:59,074 ] 156 root - INFO - Missing value handling completed from (66, 5) to (65, 5)
[ 2026-05-26 00:16:59,074 ] 174 root - INFO - Removing duplicates
[ 2026-05-26 00:16:59,076 ] 188 root - INFO - Duplicates removed from (65, 5) to (65, 5)
[ 2026-05-26 00:16:59,076 ] 208 root - INFO - Filtering valid years
[ 2026-05-26 00:16:59,077 ] 217 root - INFO - Year filtering completed
[ 2026-05-26 00:16:59,077 ] 231 root - INFO - Sorting dataframe
[ 2026-05-26 00:16:59,079 ] 242 root - INFO - Sorting completed
[ 2026-05-26 00:16:59,080 ] 432 root - INFO - Preprocessing pipeline completed
[ 2026-05-26 00:16:59,084 ] 382 root - INFO - Processed dataframe saved at artifacts\data_processing\processed_data\agriculture_data.csv
[ 2026-05-26 00:16:59,086 ] 354 root - INFO - Metadata saved at artifacts\data_processing\metadata\agriculture_metadata.json
[ 2026-05-26 00:16:59,086 ] 484 root - INFO - Agriculture processing completed
[ 2026-05-26 00:16:59,087 ] 22 root - INFO - Loading data from artifacts\data_ingestion\raw_data\industry_raw.csv
[ 2026-05-26 00:16:59,092 ] 26 root - INFO - Data loaded successfully
[ 2026-05-26 00:16:59,093 ] 396 root - INFO - Starting preprocessing pipeline
[ 2026-05-26 00:16:59,093 ] 53 root - INFO - Schema validation successful
[ 2026-05-26 00:16:59,093 ] 65 root - INFO - Standardizing columns
[ 2026-05-26 00:16:59,095 ] 94 root - INFO - Column standardization completed
[ 2026-05-26 00:16:59,096 ] 108 root - INFO - Converting datatypes
[ 2026-05-26 00:16:59,096 ] 125 root - INFO - Datatype conversion completed
[ 2026-05-26 00:16:59,096 ] 139 root - INFO - Handling missing values
[ 2026-05-26 00:16:59,101 ] 156 root - INFO - Missing value handling completed from (66, 5) to (65, 5)
[ 2026-05-26 00:16:59,101 ] 174 root - INFO - Removing duplicates
[ 2026-05-26 00:16:59,103 ] 188 root - INFO - Duplicates removed from (65, 5) to (65, 5)
[ 2026-05-26 00:16:59,103 ] 208 root - INFO - Filtering valid years
[ 2026-05-26 00:16:59,104 ] 217 root - INFO - Year filtering completed
[ 2026-05-26 00:16:59,104 ] 231 root - INFO - Sorting dataframe
[ 2026-05-26 00:16:59,107 ] 242 root - INFO - Sorting completed
[ 2026-05-26 00:16:59,109 ] 432 root - INFO - Preprocessing pipeline completed
[ 2026-05-26 00:16:59,113 ] 382 root - INFO - Processed dataframe saved at artifacts\data_processing\processed_data\industry_data.csv
[ 2026-05-26 00:16:59,116 ] 354 root - INFO - Metadata saved at artifacts\data_processing\metadata\industry_metadata.json
[ 2026-05-26 00:16:59,116 ] 484 root - INFO - Industry processing completed
[ 2026-05-26 00:16:59,118 ] 22 root - INFO - Loading data from artifacts\data_ingestion\raw_data\services_raw.csv
[ 2026-05-26 00:16:59,124 ] 26 root - INFO - Data loaded successfully
[ 2026-05-26 00:16:59,124 ] 396 root - INFO - Starting preprocessing pipeline
[ 2026-05-26 00:16:59,124 ] 53 root - INFO - Schema validation successful
[ 2026-05-26 00:16:59,124 ] 65 root - INFO - Standardizing columns
[ 2026-05-26 00:16:59,128 ] 94 root - INFO - Column standardization completed
[ 2026-05-26 00:16:59,128 ] 108 root - INFO - Converting datatypes
[ 2026-05-26 00:16:59,129 ] 125 root - INFO - Datatype conversion completed
[ 2026-05-26 00:16:59,130 ] 139 root - INFO - Handling missing values
[ 2026-05-26 00:16:59,137 ] 156 root - INFO - Missing value handling completed from (66, 5) to (65, 5)
[ 2026-05-26 00:16:59,137 ] 174 root - INFO - Removing duplicates
[ 2026-05-26 00:16:59,140 ] 188 root - INFO - Duplicates removed from (65, 5) to (65, 5)
[ 2026-05-26 00:16:59,140 ] 208 root - INFO - Filtering valid years
[ 2026-05-26 00:16:59,141 ] 217 root - INFO - Year filtering completed
[ 2026-05-26 00:16:59,141 ] 231 root - INFO - Sorting dataframe
[ 2026-05-26 00:16:59,145 ] 242 root - INFO - Sorting completed
[ 2026-05-26 00:16:59,147 ] 432 root - INFO - Preprocessing pipeline completed
[ 2026-05-26 00:16:59,152 ] 382 root - INFO - Processed dataframe saved at artifacts\data_processing\processed_data\services_data.csv
[ 2026-05-26 00:16:59,153 ] 354 root - INFO - Metadata saved at artifacts\data_processing\metadata\services_metadata.json
[ 2026-05-26 00:16:59,154 ] 484 root - INFO - Services processing completed
[ 2026-05-26 00:16:59,156 ] 22 root - INFO - Loading data from artifacts\data_ingestion\raw_data\military_expenditure_raw.csv
[ 2026-05-26 00:16:59,161 ] 26 root - INFO - Data loaded successfully
[ 2026-05-26 00:16:59,162 ] 396 root - INFO - Starting preprocessing pipeline
[ 2026-05-26 00:16:59,162 ] 53 root - INFO - Schema validation successful
[ 2026-05-26 00:16:59,162 ] 65 root - INFO - Standardizing columns
[ 2026-05-26 00:16:59,165 ] 94 root - INFO - Column standardization completed
[ 2026-05-26 00:16:59,165 ] 108 root - INFO - Converting datatypes
[ 2026-05-26 00:16:59,167 ] 125 root - INFO - Datatype conversion completed
[ 2026-05-26 00:16:59,167 ] 139 root - INFO - Handling missing values
[ 2026-05-26 00:16:59,171 ] 156 root - INFO - Missing value handling completed from (66, 5) to (65, 5)
[ 2026-05-26 00:16:59,172 ] 174 root - INFO - Removing duplicates
[ 2026-05-26 00:16:59,174 ] 188 root - INFO - Duplicates removed from (65, 5) to (65, 5)
[ 2026-05-26 00:16:59,174 ] 208 root - INFO - Filtering valid years
[ 2026-05-26 00:16:59,175 ] 217 root - INFO - Year filtering completed
[ 2026-05-26 00:16:59,175 ] 231 root - INFO - Sorting dataframe
[ 2026-05-26 00:16:59,178 ] 242 root - INFO - Sorting completed
[ 2026-05-26 00:16:59,181 ] 432 root - INFO - Preprocessing pipeline completed
[ 2026-05-26 00:16:59,187 ] 382 root - INFO - Processed dataframe saved at artifacts\data_processing\processed_data\military_expenditure_data.csv
[ 2026-05-26 00:16:59,189 ] 354 root - INFO - Metadata saved at artifacts\data_processing\metadata\military_expenditure_metadata.json
[ 2026-05-26 00:16:59,189 ] 484 root - INFO - Military_Expenditure processing completed
[ 2026-05-26 00:16:59,192 ] 22 root - INFO - Loading data from artifacts\data_ingestion\raw_data\military_percent_gdp_raw.csv
[ 2026-05-26 00:16:59,198 ] 26 root - INFO - Data loaded successfully
[ 2026-05-26 00:16:59,198 ] 396 root - INFO - Starting preprocessing pipeline
[ 2026-05-26 00:16:59,198 ] 53 root - INFO - Schema validation successful
[ 2026-05-26 00:16:59,198 ] 65 root - INFO - Standardizing columns
[ 2026-05-26 00:16:59,201 ] 94 root - INFO - Column standardization completed
[ 2026-05-26 00:16:59,201 ] 108 root - INFO - Converting datatypes
[ 2026-05-26 00:16:59,202 ] 125 root - INFO - Datatype conversion completed
[ 2026-05-26 00:16:59,203 ] 139 root - INFO - Handling missing values
[ 2026-05-26 00:16:59,207 ] 156 root - INFO - Missing value handling completed from (66, 5) to (65, 5)
[ 2026-05-26 00:16:59,207 ] 174 root - INFO - Removing duplicates
[ 2026-05-26 00:16:59,210 ] 188 root - INFO - Duplicates removed from (65, 5) to (65, 5)
[ 2026-05-26 00:16:59,211 ] 208 root - INFO - Filtering valid years
[ 2026-05-26 00:16:59,212 ] 217 root - INFO - Year filtering completed
[ 2026-05-26 00:16:59,213 ] 231 root - INFO - Sorting dataframe
[ 2026-05-26 00:16:59,215 ] 242 root - INFO - Sorting completed
[ 2026-05-26 00:16:59,217 ] 432 root - INFO - Preprocessing pipeline completed
[ 2026-05-26 00:16:59,223 ] 382 root - INFO - Processed dataframe saved at artifacts\data_processing\processed_data\military_percent_gdp_data.csv
[ 2026-05-26 00:16:59,225 ] 354 root - INFO - Metadata saved at artifacts\data_processing\metadata\military_percent_gdp_metadata.json
[ 2026-05-26 00:16:59,226 ] 484 root - INFO - Military_Percent_GDP processing completed
[ 2026-05-26 00:16:59,227 ] 22 root - INFO - Loading data from artifacts\data_ingestion\raw_data\armed_forces_personnel_raw.csv
[ 2026-05-26 00:16:59,232 ] 26 root - INFO - Data loaded successfully
[ 2026-05-26 00:16:59,232 ] 396 root - INFO - Starting preprocessing pipeline
[ 2026-05-26 00:16:59,233 ] 53 root - INFO - Schema validation successful
[ 2026-05-26 00:16:59,233 ] 65 root - INFO - Standardizing columns
[ 2026-05-26 00:16:59,236 ] 94 root - INFO - Column standardization completed
[ 2026-05-26 00:16:59,236 ] 108 root - INFO - Converting datatypes
[ 2026-05-26 00:16:59,237 ] 125 root - INFO - Datatype conversion completed
[ 2026-05-26 00:16:59,237 ] 139 root - INFO - Handling missing values
[ 2026-05-26 00:16:59,240 ] 156 root - INFO - Missing value handling completed from (66, 5) to (33, 5)
[ 2026-05-26 00:16:59,240 ] 174 root - INFO - Removing duplicates
[ 2026-05-26 00:16:59,242 ] 188 root - INFO - Duplicates removed from (33, 5) to (33, 5)
[ 2026-05-26 00:16:59,242 ] 208 root - INFO - Filtering valid years
[ 2026-05-26 00:16:59,243 ] 217 root - INFO - Year filtering completed
[ 2026-05-26 00:16:59,243 ] 231 root - INFO - Sorting dataframe
[ 2026-05-26 00:16:59,245 ] 242 root - INFO - Sorting completed
[ 2026-05-26 00:16:59,247 ] 432 root - INFO - Preprocessing pipeline completed
[ 2026-05-26 00:16:59,251 ] 382 root - INFO - Processed dataframe saved at artifacts\data_processing\processed_data\armed_forces_personnel_data.csv
[ 2026-05-26 00:16:59,253 ] 354 root - INFO - Metadata saved at artifacts\data_processing\metadata\armed_forces_personnel_metadata.json
[ 2026-05-26 00:16:59,253 ] 484 root - INFO - Armed_Forces_Personnel processing completed
[ 2026-05-26 00:16:59,253 ] 46 root - INFO - Economy Section Processing Started
[ 2026-05-26 00:16:59,253 ] 53 root - INFO - economy section processing started
[ 2026-05-26 00:16:59,304 ] 65 root - INFO - economy csv files fetched to dataframes.
[ 2026-05-26 00:16:59,350 ] 57 root - INFO - economy section processing completed
[ 2026-05-26 00:16:59,350 ] 53 root - INFO - demographics section processing started
[ 2026-05-26 00:16:59,528 ] 65 root - INFO - demographics csv files fetched to dataframes.
[ 2026-05-26 00:16:59,549 ] 57 root - INFO - demographics section processing completed
[ 2026-05-26 00:16:59,549 ] 53 root - INFO - trade section processing started
[ 2026-05-26 00:16:59,683 ] 65 root - INFO - trade csv files fetched to dataframes.
[ 2026-05-26 00:16:59,703 ] 57 root - INFO - trade section processing completed
[ 2026-05-26 00:16:59,703 ] 53 root - INFO - technology section processing started
[ 2026-05-26 00:16:59,925 ] 65 root - INFO - technology csv files fetched to dataframes.
[ 2026-05-26 00:16:59,952 ] 57 root - INFO - technology section processing completed
[ 2026-05-26 00:16:59,952 ] 53 root - INFO - environment section processing started
[ 2026-05-26 00:17:00,087 ] 65 root - INFO - environment csv files fetched to dataframes.
[ 2026-05-26 00:17:00,102 ] 57 root - INFO - environment section processing completed
[ 2026-05-26 00:17:00,102 ] 53 root - INFO - industry section processing started
[ 2026-05-26 00:17:00,185 ] 65 root - INFO - industry csv files fetched to dataframes.
[ 2026-05-26 00:17:00,196 ] 57 root - INFO - industry section processing completed
[ 2026-05-26 00:17:00,196 ] 53 root - INFO - military section processing started
[ 2026-05-26 00:17:00,286 ] 65 root - INFO - military csv files fetched to dataframes.
[ 2026-05-26 00:17:00,302 ] 57 root - INFO - military section processing completed
[ 2026-05-26 00:17:00,302 ] 59 root - INFO - Economy Section Processing Completed
