[ 2026-05-26 01:20:07,003 ] 21 root - INFO - Data Ingestion Started
[ 2026-05-26 01:20:07,003 ] 41 root - INFO - Fetching gdp
[ 2026-05-26 01:20:07,112 ] 110 root - INFO - Saved gdp_raw.csv
[ 2026-05-26 01:20:07,112 ] 41 root - INFO - Fetching gdp_per_capita
[ 2026-05-26 01:20:07,193 ] 110 root - INFO - Saved gdp_per_capita_raw.csv
[ 2026-05-26 01:20:07,194 ] 41 root - INFO - Fetching population
[ 2026-05-26 01:20:07,290 ] 110 root - INFO - Saved population_raw.csv
[ 2026-05-26 01:20:07,290 ] 41 root - INFO - Fetching inflation
[ 2026-05-26 01:20:07,368 ] 110 root - INFO - Saved inflation_raw.csv
[ 2026-05-26 01:20:07,369 ] 41 root - INFO - Fetching unemployment
[ 2026-05-26 01:20:07,449 ] 110 root - INFO - Saved unemployment_raw.csv
[ 2026-05-26 01:20:07,449 ] 41 root - INFO - Fetching life_expectancy
[ 2026-05-26 01:20:07,524 ] 110 root - INFO - Saved life_expectancy_raw.csv
[ 2026-05-26 01:20:07,524 ] 41 root - INFO - Fetching exports
[ 2026-05-26 01:20:07,623 ] 110 root - INFO - Saved exports_raw.csv
[ 2026-05-26 01:20:07,623 ] 41 root - INFO - Fetching imports
[ 2026-05-26 01:20:07,706 ] 110 root - INFO - Saved imports_raw.csv
[ 2026-05-26 01:20:07,706 ] 41 root - INFO - Fetching forex_reserves
[ 2026-05-26 01:20:07,766 ] 110 root - INFO - Saved forex_reserves_raw.csv
[ 2026-05-26 01:20:07,768 ] 41 root - INFO - Fetching agriculture
[ 2026-05-26 01:20:07,841 ] 110 root - INFO - Saved agriculture_raw.csv
[ 2026-05-26 01:20:07,841 ] 41 root - INFO - Fetching industry
[ 2026-05-26 01:20:07,926 ] 110 root - INFO - Saved industry_raw.csv
[ 2026-05-26 01:20:07,926 ] 41 root - INFO - Fetching services
[ 2026-05-26 01:20:08,000 ] 110 root - INFO - Saved services_raw.csv
[ 2026-05-26 01:20:08,001 ] 41 root - INFO - Fetching trade_percent_gdp
[ 2026-05-26 01:20:08,094 ] 110 root - INFO - Saved trade_percent_gdp_raw.csv
[ 2026-05-26 01:20:08,094 ] 41 root - INFO - Fetching fdi
[ 2026-05-26 01:20:08,161 ] 110 root - INFO - Saved fdi_raw.csv
[ 2026-05-26 01:20:08,161 ] 41 root - INFO - Fetching interest_rate
[ 2026-05-26 01:20:08,222 ] 110 root - INFO - Saved interest_rate_raw.csv
[ 2026-05-26 01:20:08,222 ] 41 root - INFO - Fetching current_account_balance
[ 2026-05-26 01:20:08,298 ] 110 root - INFO - Saved current_account_balance_raw.csv
[ 2026-05-26 01:20:08,298 ] 41 root - INFO - Fetching population_growth
[ 2026-05-26 01:20:08,368 ] 110 root - INFO - Saved population_growth_raw.csv
[ 2026-05-26 01:20:08,368 ] 41 root - INFO - Fetching urbanization
[ 2026-05-26 01:20:08,448 ] 110 root - INFO - Saved urbanization_raw.csv
[ 2026-05-26 01:20:08,448 ] 41 root - INFO - Fetching birth_rate
[ 2026-05-26 01:20:08,537 ] 110 root - INFO - Saved birth_rate_raw.csv
[ 2026-05-26 01:20:08,537 ] 41 root - INFO - Fetching death_rate
[ 2026-05-26 01:20:08,665 ] 110 root - INFO - Saved death_rate_raw.csv
[ 2026-05-26 01:20:08,665 ] 41 root - INFO - Fetching population_density
[ 2026-05-26 01:20:08,743 ] 110 root - INFO - Saved population_density_raw.csv
[ 2026-05-26 01:20:08,743 ] 41 root - INFO - Fetching literacy_rate
[ 2026-05-26 01:20:08,832 ] 110 root - INFO - Saved literacy_rate_raw.csv
[ 2026-05-26 01:20:08,832 ] 41 root - INFO - Fetching internet_users
[ 2026-05-26 01:20:08,912 ] 110 root - INFO - Saved internet_users_raw.csv
[ 2026-05-26 01:20:08,912 ] 41 root - INFO - Fetching mobile_subscriptions
[ 2026-05-26 01:20:08,974 ] 110 root - INFO - Saved mobile_subscriptions_raw.csv
[ 2026-05-26 01:20:08,974 ] 41 root - INFO - Fetching broadband_subscriptions
[ 2026-05-26 01:20:09,047 ] 110 root - INFO - Saved broadband_subscriptions_raw.csv
[ 2026-05-26 01:20:09,047 ] 41 root - INFO - Fetching secure_servers
[ 2026-05-26 01:20:09,154 ] 110 root - INFO - Saved secure_servers_raw.csv
[ 2026-05-26 01:20:09,154 ] 41 root - INFO - Fetching high_tech_exports
[ 2026-05-26 01:20:09,453 ] 110 root - INFO - Saved high_tech_exports_raw.csv
[ 2026-05-26 01:20:09,453 ] 41 root - INFO - Fetching rnd_expenditure
[ 2026-05-26 01:20:09,532 ] 110 root - INFO - Saved rnd_expenditure_raw.csv
[ 2026-05-26 01:20:09,532 ] 41 root - INFO - Fetching renewable_energy
[ 2026-05-26 01:20:09,617 ] 110 root - INFO - Saved renewable_energy_raw.csv
[ 2026-05-26 01:20:09,617 ] 41 root - INFO - Fetching forest_area
[ 2026-05-26 01:20:09,705 ] 110 root - INFO - Saved forest_area_raw.csv
[ 2026-05-26 01:20:09,705 ] 41 root - INFO - Fetching air_pollution
[ 2026-05-26 01:20:09,785 ] 110 root - INFO - Saved air_pollution_raw.csv
[ 2026-05-26 01:20:09,786 ] 41 root - INFO - Fetching electricity_access
[ 2026-05-26 01:20:09,858 ] 110 root - INFO - Saved electricity_access_raw.csv
[ 2026-05-26 01:20:09,858 ] 41 root - INFO - Fetching military_expenditure
[ 2026-05-26 01:20:09,953 ] 110 root - INFO - Saved military_expenditure_raw.csv
[ 2026-05-26 01:20:09,953 ] 41 root - INFO - Fetching military_percent_gdp
[ 2026-05-26 01:20:10,028 ] 110 root - INFO - Saved military_percent_gdp_raw.csv
[ 2026-05-26 01:20:10,028 ] 41 root - INFO - Fetching armed_forces_personnel
[ 2026-05-26 01:20:10,118 ] 110 root - INFO - Saved armed_forces_personnel_raw.csv
[ 2026-05-26 01:20:10,120 ] 23 root - INFO - Data Ingestion Completed
[ 2026-05-26 01:20:10,122 ] 22 root - INFO - Loading data from artifacts\data_ingestion\raw_data\gdp_raw.csv
[ 2026-05-26 01:20:10,125 ] 26 root - INFO - Data loaded successfully
[ 2026-05-26 01:20:10,125 ] 396 root - INFO - Starting preprocessing pipeline
[ 2026-05-26 01:20:10,126 ] 53 root - INFO - Schema validation successful
[ 2026-05-26 01:20:10,126 ] 65 root - INFO - Standardizing columns
[ 2026-05-26 01:20:10,130 ] 94 root - INFO - Column standardization completed
[ 2026-05-26 01:20:10,130 ] 108 root - INFO - Converting datatypes
[ 2026-05-26 01:20:10,132 ] 125 root - INFO - Datatype conversion completed
[ 2026-05-26 01:20:10,132 ] 139 root - INFO - Handling missing values
[ 2026-05-26 01:20:10,136 ] 156 root - INFO - Missing value handling completed from (66, 5) to (65, 5)
[ 2026-05-26 01:20:10,136 ] 174 root - INFO - Removing duplicates
[ 2026-05-26 01:20:10,137 ] 188 root - INFO - Duplicates removed from (65, 5) to (65, 5)
[ 2026-05-26 01:20:10,138 ] 208 root - INFO - Filtering valid years
[ 2026-05-26 01:20:10,139 ] 217 root - INFO - Year filtering completed
[ 2026-05-26 01:20:10,139 ] 231 root - INFO - Sorting dataframe
[ 2026-05-26 01:20:10,142 ] 242 root - INFO - Sorting completed
[ 2026-05-26 01:20:10,143 ] 432 root - INFO - Preprocessing pipeline completed
[ 2026-05-26 01:20:10,146 ] 382 root - INFO - Processed dataframe saved at artifacts\data_processing\processed_data\gdp_data.csv
[ 2026-05-26 01:20:10,148 ] 354 root - INFO - Metadata saved at artifacts\data_processing\metadata\gdp_metadata.json
[ 2026-05-26 01:20:10,148 ] 484 root - INFO - GDP processing completed
[ 2026-05-26 01:20:10,150 ] 22 root - INFO - Loading data from artifacts\data_ingestion\raw_data\gdp_per_capita_raw.csv
[ 2026-05-26 01:20:10,153 ] 26 root - INFO - Data loaded successfully
[ 2026-05-26 01:20:10,153 ] 396 root - INFO - Starting preprocessing pipeline
[ 2026-05-26 01:20:10,153 ] 53 root - INFO - Schema validation successful
[ 2026-05-26 01:20:10,153 ] 65 root - INFO - Standardizing columns
[ 2026-05-26 01:20:10,155 ] 94 root - INFO - Column standardization completed
[ 2026-05-26 01:20:10,155 ] 108 root - INFO - Converting datatypes
[ 2026-05-26 01:20:10,156 ] 125 root - INFO - Datatype conversion completed
[ 2026-05-26 01:20:10,156 ] 139 root - INFO - Handling missing values
[ 2026-05-26 01:20:10,159 ] 156 root - INFO - Missing value handling completed from (66, 5) to (65, 5)
[ 2026-05-26 01:20:10,159 ] 174 root - INFO - Removing duplicates
[ 2026-05-26 01:20:10,160 ] 188 root - INFO - Duplicates removed from (65, 5) to (65, 5)
[ 2026-05-26 01:20:10,160 ] 208 root - INFO - Filtering valid years
[ 2026-05-26 01:20:10,161 ] 217 root - INFO - Year filtering completed
[ 2026-05-26 01:20:10,161 ] 231 root - INFO - Sorting dataframe
[ 2026-05-26 01:20:10,162 ] 242 root - INFO - Sorting completed
[ 2026-05-26 01:20:10,163 ] 432 root - INFO - Preprocessing pipeline completed
[ 2026-05-26 01:20:10,166 ] 382 root - INFO - Processed dataframe saved at artifacts\data_processing\processed_data\gdp_per_capita_data.csv
[ 2026-05-26 01:20:10,168 ] 354 root - INFO - Metadata saved at artifacts\data_processing\metadata\gdp_per_capita_metadata.json
[ 2026-05-26 01:20:10,168 ] 484 root - INFO - GDP_Per_Capita processing completed
[ 2026-05-26 01:20:10,169 ] 22 root - INFO - Loading data from artifacts\data_ingestion\raw_data\inflation_raw.csv
[ 2026-05-26 01:20:10,172 ] 26 root - INFO - Data loaded successfully
[ 2026-05-26 01:20:10,172 ] 396 root - INFO - Starting preprocessing pipeline
[ 2026-05-26 01:20:10,172 ] 53 root - INFO - Schema validation successful
[ 2026-05-26 01:20:10,173 ] 65 root - INFO - Standardizing columns
[ 2026-05-26 01:20:10,174 ] 94 root - INFO - Column standardization completed
[ 2026-05-26 01:20:10,174 ] 108 root - INFO - Converting datatypes
[ 2026-05-26 01:20:10,174 ] 125 root - INFO - Datatype conversion completed
[ 2026-05-26 01:20:10,174 ] 139 root - INFO - Handling missing values
[ 2026-05-26 01:20:10,177 ] 156 root - INFO - Missing value handling completed from (66, 5) to (65, 5)
[ 2026-05-26 01:20:10,177 ] 174 root - INFO - Removing duplicates
[ 2026-05-26 01:20:10,178 ] 188 root - INFO - Duplicates removed from (65, 5) to (65, 5)
[ 2026-05-26 01:20:10,178 ] 208 root - INFO - Filtering valid years
[ 2026-05-26 01:20:10,179 ] 217 root - INFO - Year filtering completed
[ 2026-05-26 01:20:10,179 ] 231 root - INFO - Sorting dataframe
[ 2026-05-26 01:20:10,180 ] 242 root - INFO - Sorting completed
[ 2026-05-26 01:20:10,181 ] 432 root - INFO - Preprocessing pipeline completed
[ 2026-05-26 01:20:10,184 ] 382 root - INFO - Processed dataframe saved at artifacts\data_processing\processed_data\inflation_data.csv
[ 2026-05-26 01:20:10,185 ] 354 root - INFO - Metadata saved at artifacts\data_processing\metadata\inflation_metadata.json
[ 2026-05-26 01:20:10,185 ] 484 root - INFO - Inflation processing completed
[ 2026-05-26 01:20:10,186 ] 22 root - INFO - Loading data from artifacts\data_ingestion\raw_data\interest_rate_raw.csv
[ 2026-05-26 01:20:10,189 ] 26 root - INFO - Data loaded successfully
[ 2026-05-26 01:20:10,189 ] 396 root - INFO - Starting preprocessing pipeline
[ 2026-05-26 01:20:10,189 ] 53 root - INFO - Schema validation successful
[ 2026-05-26 01:20:10,189 ] 65 root - INFO - Standardizing columns
[ 2026-05-26 01:20:10,190 ] 94 root - INFO - Column standardization completed
[ 2026-05-26 01:20:10,190 ] 108 root - INFO - Converting datatypes
[ 2026-05-26 01:20:10,191 ] 125 root - INFO - Datatype conversion completed
[ 2026-05-26 01:20:10,191 ] 139 root - INFO - Handling missing values
[ 2026-05-26 01:20:10,193 ] 156 root - INFO - Missing value handling completed from (66, 5) to (45, 5)
[ 2026-05-26 01:20:10,193 ] 174 root - INFO - Removing duplicates
[ 2026-05-26 01:20:10,194 ] 188 root - INFO - Duplicates removed from (45, 5) to (45, 5)
[ 2026-05-26 01:20:10,194 ] 208 root - INFO - Filtering valid years
[ 2026-05-26 01:20:10,194 ] 217 root - INFO - Year filtering completed
[ 2026-05-26 01:20:10,194 ] 231 root - INFO - Sorting dataframe
[ 2026-05-26 01:20:10,196 ] 242 root - INFO - Sorting completed
[ 2026-05-26 01:20:10,197 ] 432 root - INFO - Preprocessing pipeline completed
[ 2026-05-26 01:20:10,200 ] 382 root - INFO - Processed dataframe saved at artifacts\data_processing\processed_data\interest_rate_data.csv
[ 2026-05-26 01:20:10,201 ] 354 root - INFO - Metadata saved at artifacts\data_processing\metadata\interest_rate_metadata.json
[ 2026-05-26 01:20:10,201 ] 484 root - INFO - Interest_Rate processing completed
[ 2026-05-26 01:20:10,202 ] 22 root - INFO - Loading data from artifacts\data_ingestion\raw_data\forex_reserves_raw.csv
[ 2026-05-26 01:20:10,204 ] 26 root - INFO - Data loaded successfully
[ 2026-05-26 01:20:10,204 ] 396 root - INFO - Starting preprocessing pipeline
[ 2026-05-26 01:20:10,204 ] 53 root - INFO - Schema validation successful
[ 2026-05-26 01:20:10,204 ] 65 root - INFO - Standardizing columns
[ 2026-05-26 01:20:10,205 ] 94 root - INFO - Column standardization completed
[ 2026-05-26 01:20:10,205 ] 108 root - INFO - Converting datatypes
[ 2026-05-26 01:20:10,206 ] 125 root - INFO - Datatype conversion completed
[ 2026-05-26 01:20:10,206 ] 139 root - INFO - Handling missing values
[ 2026-05-26 01:20:10,208 ] 156 root - INFO - Missing value handling completed from (66, 5) to (65, 5)
[ 2026-05-26 01:20:10,208 ] 174 root - INFO - Removing duplicates
[ 2026-05-26 01:20:10,209 ] 188 root - INFO - Duplicates removed from (65, 5) to (65, 5)
[ 2026-05-26 01:20:10,209 ] 208 root - INFO - Filtering valid years
[ 2026-05-26 01:20:10,209 ] 217 root - INFO - Year filtering completed
[ 2026-05-26 01:20:10,209 ] 231 root - INFO - Sorting dataframe
[ 2026-05-26 01:20:10,210 ] 242 root - INFO - Sorting completed
[ 2026-05-26 01:20:10,211 ] 432 root - INFO - Preprocessing pipeline completed
[ 2026-05-26 01:20:10,213 ] 382 root - INFO - Processed dataframe saved at artifacts\data_processing\processed_data\forex_reserves_data.csv
[ 2026-05-26 01:20:10,214 ] 354 root - INFO - Metadata saved at artifacts\data_processing\metadata\forex_reserves_metadata.json
[ 2026-05-26 01:20:10,214 ] 484 root - INFO - Forex_Reserves processing completed
[ 2026-05-26 01:20:10,215 ] 22 root - INFO - Loading data from artifacts\data_ingestion\raw_data\current_account_balance_raw.csv
[ 2026-05-26 01:20:10,218 ] 26 root - INFO - Data loaded successfully
[ 2026-05-26 01:20:10,218 ] 396 root - INFO - Starting preprocessing pipeline
[ 2026-05-26 01:20:10,218 ] 53 root - INFO - Schema validation successful
[ 2026-05-26 01:20:10,218 ] 65 root - INFO - Standardizing columns
[ 2026-05-26 01:20:10,219 ] 94 root - INFO - Column standardization completed
[ 2026-05-26 01:20:10,219 ] 108 root - INFO - Converting datatypes
[ 2026-05-26 01:20:10,220 ] 125 root - INFO - Datatype conversion completed
[ 2026-05-26 01:20:10,220 ] 139 root - INFO - Handling missing values
[ 2026-05-26 01:20:10,221 ] 156 root - INFO - Missing value handling completed from (66, 5) to (50, 5)
[ 2026-05-26 01:20:10,221 ] 174 root - INFO - Removing duplicates
[ 2026-05-26 01:20:10,222 ] 188 root - INFO - Duplicates removed from (50, 5) to (50, 5)
[ 2026-05-26 01:20:10,222 ] 208 root - INFO - Filtering valid years
[ 2026-05-26 01:20:10,223 ] 217 root - INFO - Year filtering completed
[ 2026-05-26 01:20:10,223 ] 231 root - INFO - Sorting dataframe
[ 2026-05-26 01:20:10,224 ] 242 root - INFO - Sorting completed
[ 2026-05-26 01:20:10,224 ] 432 root - INFO - Preprocessing pipeline completed
[ 2026-05-26 01:20:10,226 ] 382 root - INFO - Processed dataframe saved at artifacts\data_processing\processed_data\current_account_balance_data.csv
[ 2026-05-26 01:20:10,227 ] 354 root - INFO - Metadata saved at artifacts\data_processing\metadata\current_account_balance_metadata.json
[ 2026-05-26 01:20:10,227 ] 484 root - INFO - Current_Account_Balance processing completed
[ 2026-05-26 01:20:10,227 ] 22 root - INFO - Loading data from artifacts\data_ingestion\raw_data\fdi_raw.csv
[ 2026-05-26 01:20:10,245 ] 26 root - INFO - Data loaded successfully
[ 2026-05-26 01:20:10,245 ] 396 root - INFO - Starting preprocessing pipeline
[ 2026-05-26 01:20:10,245 ] 53 root - INFO - Schema validation successful
[ 2026-05-26 01:20:10,245 ] 65 root - INFO - Standardizing columns
[ 2026-05-26 01:20:10,247 ] 94 root - INFO - Column standardization completed
[ 2026-05-26 01:20:10,247 ] 108 root - INFO - Converting datatypes
[ 2026-05-26 01:20:10,248 ] 125 root - INFO - Datatype conversion completed
[ 2026-05-26 01:20:10,248 ] 139 root - INFO - Handling missing values
[ 2026-05-26 01:20:10,250 ] 156 root - INFO - Missing value handling completed from (66, 5) to (55, 5)
[ 2026-05-26 01:20:10,250 ] 174 root - INFO - Removing duplicates
[ 2026-05-26 01:20:10,251 ] 188 root - INFO - Duplicates removed from (55, 5) to (55, 5)
[ 2026-05-26 01:20:10,251 ] 208 root - INFO - Filtering valid years
[ 2026-05-26 01:20:10,252 ] 217 root - INFO - Year filtering completed
[ 2026-05-26 01:20:10,252 ] 231 root - INFO - Sorting dataframe
[ 2026-05-26 01:20:10,253 ] 242 root - INFO - Sorting completed
[ 2026-05-26 01:20:10,254 ] 432 root - INFO - Preprocessing pipeline completed
[ 2026-05-26 01:20:10,257 ] 382 root - INFO - Processed dataframe saved at artifacts\data_processing\processed_data\fdi_data.csv
[ 2026-05-26 01:20:10,257 ] 354 root - INFO - Metadata saved at artifacts\data_processing\metadata\fdi_metadata.json
[ 2026-05-26 01:20:10,257 ] 484 root - INFO - FDI processing completed
[ 2026-05-26 01:20:10,258 ] 22 root - INFO - Loading data from artifacts\data_ingestion\raw_data\unemployment_raw.csv
[ 2026-05-26 01:20:10,262 ] 26 root - INFO - Data loaded successfully
[ 2026-05-26 01:20:10,262 ] 396 root - INFO - Starting preprocessing pipeline
[ 2026-05-26 01:20:10,262 ] 53 root - INFO - Schema validation successful
[ 2026-05-26 01:20:10,262 ] 65 root - INFO - Standardizing columns
[ 2026-05-26 01:20:10,263 ] 94 root - INFO - Column standardization completed
[ 2026-05-26 01:20:10,263 ] 108 root - INFO - Converting datatypes
[ 2026-05-26 01:20:10,264 ] 125 root - INFO - Datatype conversion completed
[ 2026-05-26 01:20:10,264 ] 139 root - INFO - Handling missing values
[ 2026-05-26 01:20:10,266 ] 156 root - INFO - Missing value handling completed from (66, 5) to (35, 5)
[ 2026-05-26 01:20:10,266 ] 174 root - INFO - Removing duplicates
[ 2026-05-26 01:20:10,267 ] 188 root - INFO - Duplicates removed from (35, 5) to (35, 5)
[ 2026-05-26 01:20:10,267 ] 208 root - INFO - Filtering valid years
[ 2026-05-26 01:20:10,268 ] 217 root - INFO - Year filtering completed
[ 2026-05-26 01:20:10,268 ] 231 root - INFO - Sorting dataframe
[ 2026-05-26 01:20:10,270 ] 242 root - INFO - Sorting completed
[ 2026-05-26 01:20:10,271 ] 432 root - INFO - Preprocessing pipeline completed
[ 2026-05-26 01:20:10,286 ] 382 root - INFO - Processed dataframe saved at artifacts\data_processing\processed_data\unemployment_data.csv
[ 2026-05-26 01:20:10,312 ] 354 root - INFO - Metadata saved at artifacts\data_processing\metadata\unemployment_metadata.json
[ 2026-05-26 01:20:10,312 ] 484 root - INFO - Unemployment processing completed
[ 2026-05-26 01:20:10,355 ] 22 root - INFO - Loading data from artifacts\data_ingestion\raw_data\population_raw.csv
[ 2026-05-26 01:20:10,385 ] 26 root - INFO - Data loaded successfully
[ 2026-05-26 01:20:10,385 ] 396 root - INFO - Starting preprocessing pipeline
[ 2026-05-26 01:20:10,385 ] 53 root - INFO - Schema validation successful
[ 2026-05-26 01:20:10,386 ] 65 root - INFO - Standardizing columns
[ 2026-05-26 01:20:10,388 ] 94 root - INFO - Column standardization completed
[ 2026-05-26 01:20:10,388 ] 108 root - INFO - Converting datatypes
[ 2026-05-26 01:20:10,389 ] 125 root - INFO - Datatype conversion completed
[ 2026-05-26 01:20:10,389 ] 139 root - INFO - Handling missing values
[ 2026-05-26 01:20:10,393 ] 156 root - INFO - Missing value handling completed from (66, 5) to (65, 5)
[ 2026-05-26 01:20:10,393 ] 174 root - INFO - Removing duplicates
[ 2026-05-26 01:20:10,395 ] 188 root - INFO - Duplicates removed from (65, 5) to (65, 5)
[ 2026-05-26 01:20:10,395 ] 208 root - INFO - Filtering valid years
[ 2026-05-26 01:20:10,397 ] 217 root - INFO - Year filtering completed
[ 2026-05-26 01:20:10,397 ] 231 root - INFO - Sorting dataframe
[ 2026-05-26 01:20:10,400 ] 242 root - INFO - Sorting completed
[ 2026-05-26 01:20:10,402 ] 432 root - INFO - Preprocessing pipeline completed
[ 2026-05-26 01:20:10,408 ] 382 root - INFO - Processed dataframe saved at artifacts\data_processing\processed_data\population_data.csv
[ 2026-05-26 01:20:10,410 ] 354 root - INFO - Metadata saved at artifacts\data_processing\metadata\population_metadata.json
[ 2026-05-26 01:20:10,410 ] 484 root - INFO - Population processing completed
[ 2026-05-26 01:20:10,412 ] 22 root - INFO - Loading data from artifacts\data_ingestion\raw_data\population_growth_raw.csv
[ 2026-05-26 01:20:10,423 ] 26 root - INFO - Data loaded successfully
[ 2026-05-26 01:20:10,423 ] 396 root - INFO - Starting preprocessing pipeline
[ 2026-05-26 01:20:10,424 ] 53 root - INFO - Schema validation successful
[ 2026-05-26 01:20:10,424 ] 65 root - INFO - Standardizing columns
[ 2026-05-26 01:20:10,426 ] 94 root - INFO - Column standardization completed
[ 2026-05-26 01:20:10,426 ] 108 root - INFO - Converting datatypes
[ 2026-05-26 01:20:10,427 ] 125 root - INFO - Datatype conversion completed
[ 2026-05-26 01:20:10,427 ] 139 root - INFO - Handling missing values
[ 2026-05-26 01:20:10,432 ] 156 root - INFO - Missing value handling completed from (66, 5) to (64, 5)
[ 2026-05-26 01:20:10,432 ] 174 root - INFO - Removing duplicates
[ 2026-05-26 01:20:10,434 ] 188 root - INFO - Duplicates removed from (64, 5) to (64, 5)
[ 2026-05-26 01:20:10,434 ] 208 root - INFO - Filtering valid years
[ 2026-05-26 01:20:10,435 ] 217 root - INFO - Year filtering completed
[ 2026-05-26 01:20:10,435 ] 231 root - INFO - Sorting dataframe
[ 2026-05-26 01:20:10,437 ] 242 root - INFO - Sorting completed
[ 2026-05-26 01:20:10,439 ] 432 root - INFO - Preprocessing pipeline completed
[ 2026-05-26 01:20:10,442 ] 382 root - INFO - Processed dataframe saved at artifacts\data_processing\processed_data\population_growth_data.csv
[ 2026-05-26 01:20:10,443 ] 354 root - INFO - Metadata saved at artifacts\data_processing\metadata\population_growth_metadata.json
[ 2026-05-26 01:20:10,443 ] 484 root - INFO - Population_Growth processing completed
[ 2026-05-26 01:20:10,444 ] 22 root - INFO - Loading data from artifacts\data_ingestion\raw_data\population_density_raw.csv
[ 2026-05-26 01:20:10,448 ] 26 root - INFO - Data loaded successfully
[ 2026-05-26 01:20:10,448 ] 396 root - INFO - Starting preprocessing pipeline
[ 2026-05-26 01:20:10,449 ] 53 root - INFO - Schema validation successful
[ 2026-05-26 01:20:10,449 ] 65 root - INFO - Standardizing columns
[ 2026-05-26 01:20:10,451 ] 94 root - INFO - Column standardization completed
[ 2026-05-26 01:20:10,451 ] 108 root - INFO - Converting datatypes
[ 2026-05-26 01:20:10,451 ] 125 root - INFO - Datatype conversion completed
[ 2026-05-26 01:20:10,452 ] 139 root - INFO - Handling missing values
[ 2026-05-26 01:20:10,454 ] 156 root - INFO - Missing value handling completed from (66, 5) to (63, 5)
[ 2026-05-26 01:20:10,454 ] 174 root - INFO - Removing duplicates
[ 2026-05-26 01:20:10,456 ] 188 root - INFO - Duplicates removed from (63, 5) to (63, 5)
[ 2026-05-26 01:20:10,456 ] 208 root - INFO - Filtering valid years
[ 2026-05-26 01:20:10,456 ] 217 root - INFO - Year filtering completed
[ 2026-05-26 01:20:10,456 ] 231 root - INFO - Sorting dataframe
[ 2026-05-26 01:20:10,458 ] 242 root - INFO - Sorting completed
[ 2026-05-26 01:20:10,459 ] 432 root - INFO - Preprocessing pipeline completed
[ 2026-05-26 01:20:10,462 ] 382 root - INFO - Processed dataframe saved at artifacts\data_processing\processed_data\population_density_data.csv
[ 2026-05-26 01:20:10,463 ] 354 root - INFO - Metadata saved at artifacts\data_processing\metadata\population_density_metadata.json
[ 2026-05-26 01:20:10,463 ] 484 root - INFO - Population_Density processing completed
[ 2026-05-26 01:20:10,465 ] 22 root - INFO - Loading data from artifacts\data_ingestion\raw_data\urbanization_raw.csv
[ 2026-05-26 01:20:10,468 ] 26 root - INFO - Data loaded successfully
[ 2026-05-26 01:20:10,468 ] 396 root - INFO - Starting preprocessing pipeline
[ 2026-05-26 01:20:10,468 ] 53 root - INFO - Schema validation successful
[ 2026-05-26 01:20:10,468 ] 65 root - INFO - Standardizing columns
[ 2026-05-26 01:20:10,469 ] 94 root - INFO - Column standardization completed
[ 2026-05-26 01:20:10,469 ] 108 root - INFO - Converting datatypes
[ 2026-05-26 01:20:10,470 ] 125 root - INFO - Datatype conversion completed
[ 2026-05-26 01:20:10,470 ] 139 root - INFO - Handling missing values
[ 2026-05-26 01:20:10,473 ] 156 root - INFO - Missing value handling completed from (66, 5) to (65, 5)
[ 2026-05-26 01:20:10,473 ] 174 root - INFO - Removing duplicates
[ 2026-05-26 01:20:10,474 ] 188 root - INFO - Duplicates removed from (65, 5) to (65, 5)
[ 2026-05-26 01:20:10,474 ] 208 root - INFO - Filtering valid years
[ 2026-05-26 01:20:10,475 ] 217 root - INFO - Year filtering completed
[ 2026-05-26 01:20:10,475 ] 231 root - INFO - Sorting dataframe
[ 2026-05-26 01:20:10,476 ] 242 root - INFO - Sorting completed
[ 2026-05-26 01:20:10,477 ] 432 root - INFO - Preprocessing pipeline completed
[ 2026-05-26 01:20:10,479 ] 382 root - INFO - Processed dataframe saved at artifacts\data_processing\processed_data\urbanization_data.csv
[ 2026-05-26 01:20:10,480 ] 354 root - INFO - Metadata saved at artifacts\data_processing\metadata\urbanization_metadata.json
[ 2026-05-26 01:20:10,481 ] 484 root - INFO - Urbanization processing completed
[ 2026-05-26 01:20:10,482 ] 22 root - INFO - Loading data from artifacts\data_ingestion\raw_data\birth_rate_raw.csv
[ 2026-05-26 01:20:10,484 ] 26 root - INFO - Data loaded successfully
[ 2026-05-26 01:20:10,484 ] 396 root - INFO - Starting preprocessing pipeline
[ 2026-05-26 01:20:10,485 ] 53 root - INFO - Schema validation successful
[ 2026-05-26 01:20:10,485 ] 65 root - INFO - Standardizing columns
[ 2026-05-26 01:20:10,486 ] 94 root - INFO - Column standardization completed
[ 2026-05-26 01:20:10,486 ] 108 root - INFO - Converting datatypes
[ 2026-05-26 01:20:10,487 ] 125 root - INFO - Datatype conversion completed
[ 2026-05-26 01:20:10,487 ] 139 root - INFO - Handling missing values
[ 2026-05-26 01:20:10,489 ] 156 root - INFO - Missing value handling completed from (66, 5) to (65, 5)
[ 2026-05-26 01:20:10,489 ] 174 root - INFO - Removing duplicates
[ 2026-05-26 01:20:10,490 ] 188 root - INFO - Duplicates removed from (65, 5) to (65, 5)
[ 2026-05-26 01:20:10,490 ] 208 root - INFO - Filtering valid years
[ 2026-05-26 01:20:10,490 ] 217 root - INFO - Year filtering completed
[ 2026-05-26 01:20:10,490 ] 231 root - INFO - Sorting dataframe
[ 2026-05-26 01:20:10,491 ] 242 root - INFO - Sorting completed
[ 2026-05-26 01:20:10,492 ] 432 root - INFO - Preprocessing pipeline completed
[ 2026-05-26 01:20:10,494 ] 382 root - INFO - Processed dataframe saved at artifacts\data_processing\processed_data\birth_rate_data.csv
[ 2026-05-26 01:20:10,496 ] 354 root - INFO - Metadata saved at artifacts\data_processing\metadata\birth_rate_metadata.json
[ 2026-05-26 01:20:10,496 ] 484 root - INFO - Birth_Rate processing completed
[ 2026-05-26 01:20:10,497 ] 22 root - INFO - Loading data from artifacts\data_ingestion\raw_data\death_rate_raw.csv
[ 2026-05-26 01:20:10,501 ] 26 root - INFO - Data loaded successfully
[ 2026-05-26 01:20:10,501 ] 396 root - INFO - Starting preprocessing pipeline
[ 2026-05-26 01:20:10,501 ] 53 root - INFO - Schema validation successful
[ 2026-05-26 01:20:10,501 ] 65 root - INFO - Standardizing columns
[ 2026-05-26 01:20:10,503 ] 94 root - INFO - Column standardization completed
[ 2026-05-26 01:20:10,503 ] 108 root - INFO - Converting datatypes
[ 2026-05-26 01:20:10,504 ] 125 root - INFO - Datatype conversion completed
[ 2026-05-26 01:20:10,504 ] 139 root - INFO - Handling missing values
[ 2026-05-26 01:20:10,507 ] 156 root - INFO - Missing value handling completed from (66, 5) to (65, 5)
[ 2026-05-26 01:20:10,507 ] 174 root - INFO - Removing duplicates
[ 2026-05-26 01:20:10,508 ] 188 root - INFO - Duplicates removed from (65, 5) to (65, 5)
[ 2026-05-26 01:20:10,508 ] 208 root - INFO - Filtering valid years
[ 2026-05-26 01:20:10,508 ] 217 root - INFO - Year filtering completed
[ 2026-05-26 01:20:10,508 ] 231 root - INFO - Sorting dataframe
[ 2026-05-26 01:20:10,510 ] 242 root - INFO - Sorting completed
[ 2026-05-26 01:20:10,512 ] 432 root - INFO - Preprocessing pipeline completed
[ 2026-05-26 01:20:10,515 ] 382 root - INFO - Processed dataframe saved at artifacts\data_processing\processed_data\death_rate_data.csv
[ 2026-05-26 01:20:10,517 ] 354 root - INFO - Metadata saved at artifacts\data_processing\metadata\death_rate_metadata.json
[ 2026-05-26 01:20:10,517 ] 484 root - INFO - Death_Rate processing completed
[ 2026-05-26 01:20:10,518 ] 22 root - INFO - Loading data from artifacts\data_ingestion\raw_data\life_expectancy_raw.csv
[ 2026-05-26 01:20:10,520 ] 26 root - INFO - Data loaded successfully
[ 2026-05-26 01:20:10,520 ] 396 root - INFO - Starting preprocessing pipeline
[ 2026-05-26 01:20:10,521 ] 53 root - INFO - Schema validation successful
[ 2026-05-26 01:20:10,521 ] 65 root - INFO - Standardizing columns
[ 2026-05-26 01:20:10,522 ] 94 root - INFO - Column standardization completed
[ 2026-05-26 01:20:10,522 ] 108 root - INFO - Converting datatypes
[ 2026-05-26 01:20:10,523 ] 125 root - INFO - Datatype conversion completed
[ 2026-05-26 01:20:10,523 ] 139 root - INFO - Handling missing values
[ 2026-05-26 01:20:10,525 ] 156 root - INFO - Missing value handling completed from (66, 5) to (65, 5)
[ 2026-05-26 01:20:10,525 ] 174 root - INFO - Removing duplicates
[ 2026-05-26 01:20:10,526 ] 188 root - INFO - Duplicates removed from (65, 5) to (65, 5)
[ 2026-05-26 01:20:10,526 ] 208 root - INFO - Filtering valid years
[ 2026-05-26 01:20:10,526 ] 217 root - INFO - Year filtering completed
[ 2026-05-26 01:20:10,526 ] 231 root - INFO - Sorting dataframe
[ 2026-05-26 01:20:10,528 ] 242 root - INFO - Sorting completed
[ 2026-05-26 01:20:10,528 ] 432 root - INFO - Preprocessing pipeline completed
[ 2026-05-26 01:20:10,531 ] 382 root - INFO - Processed dataframe saved at artifacts\data_processing\processed_data\life_expectancy_data.csv
[ 2026-05-26 01:20:10,532 ] 354 root - INFO - Metadata saved at artifacts\data_processing\metadata\life_expectancy_metadata.json
[ 2026-05-26 01:20:10,532 ] 484 root - INFO - Life_Expectancy processing completed
[ 2026-05-26 01:20:10,533 ] 22 root - INFO - Loading data from artifacts\data_ingestion\raw_data\literacy_rate_raw.csv
[ 2026-05-26 01:20:10,536 ] 26 root - INFO - Data loaded successfully
[ 2026-05-26 01:20:10,536 ] 396 root - INFO - Starting preprocessing pipeline
[ 2026-05-26 01:20:10,536 ] 53 root - INFO - Schema validation successful
[ 2026-05-26 01:20:10,536 ] 65 root - INFO - Standardizing columns
[ 2026-05-26 01:20:10,537 ] 94 root - INFO - Column standardization completed
[ 2026-05-26 01:20:10,537 ] 108 root - INFO - Converting datatypes
[ 2026-05-26 01:20:10,538 ] 125 root - INFO - Datatype conversion completed
[ 2026-05-26 01:20:10,538 ] 139 root - INFO - Handling missing values
[ 2026-05-26 01:20:10,542 ] 156 root - INFO - Missing value handling completed from (66, 5) to (14, 5)
[ 2026-05-26 01:20:10,542 ] 174 root - INFO - Removing duplicates
[ 2026-05-26 01:20:10,543 ] 188 root - INFO - Duplicates removed from (14, 5) to (14, 5)
[ 2026-05-26 01:20:10,543 ] 208 root - INFO - Filtering valid years
[ 2026-05-26 01:20:10,544 ] 217 root - INFO - Year filtering completed
[ 2026-05-26 01:20:10,544 ] 231 root - INFO - Sorting dataframe
[ 2026-05-26 01:20:10,545 ] 242 root - INFO - Sorting completed
[ 2026-05-26 01:20:10,546 ] 432 root - INFO - Preprocessing pipeline completed
[ 2026-05-26 01:20:10,550 ] 382 root - INFO - Processed dataframe saved at artifacts\data_processing\processed_data\literacy_rate_data.csv
[ 2026-05-26 01:20:10,551 ] 354 root - INFO - Metadata saved at artifacts\data_processing\metadata\literacy_rate_metadata.json
[ 2026-05-26 01:20:10,551 ] 484 root - INFO - Literacy_Rate processing completed
[ 2026-05-26 01:20:10,553 ] 22 root - INFO - Loading data from artifacts\data_ingestion\raw_data\exports_raw.csv
[ 2026-05-26 01:20:10,555 ] 26 root - INFO - Data loaded successfully
[ 2026-05-26 01:20:10,556 ] 396 root - INFO - Starting preprocessing pipeline
[ 2026-05-26 01:20:10,556 ] 53 root - INFO - Schema validation successful
[ 2026-05-26 01:20:10,556 ] 65 root - INFO - Standardizing columns
[ 2026-05-26 01:20:10,557 ] 94 root - INFO - Column standardization completed
[ 2026-05-26 01:20:10,557 ] 108 root - INFO - Converting datatypes
[ 2026-05-26 01:20:10,558 ] 125 root - INFO - Datatype conversion completed
[ 2026-05-26 01:20:10,558 ] 139 root - INFO - Handling missing values
[ 2026-05-26 01:20:10,560 ] 156 root - INFO - Missing value handling completed from (66, 5) to (65, 5)
[ 2026-05-26 01:20:10,560 ] 174 root - INFO - Removing duplicates
[ 2026-05-26 01:20:10,561 ] 188 root - INFO - Duplicates removed from (65, 5) to (65, 5)
[ 2026-05-26 01:20:10,561 ] 208 root - INFO - Filtering valid years
[ 2026-05-26 01:20:10,562 ] 217 root - INFO - Year filtering completed
[ 2026-05-26 01:20:10,562 ] 231 root - INFO - Sorting dataframe
[ 2026-05-26 01:20:10,563 ] 242 root - INFO - Sorting completed
[ 2026-05-26 01:20:10,564 ] 432 root - INFO - Preprocessing pipeline completed
[ 2026-05-26 01:20:10,567 ] 382 root - INFO - Processed dataframe saved at artifacts\data_processing\processed_data\exports_data.csv
[ 2026-05-26 01:20:10,569 ] 354 root - INFO - Metadata saved at artifacts\data_processing\metadata\exports_metadata.json
[ 2026-05-26 01:20:10,569 ] 484 root - INFO - Exports processing completed
[ 2026-05-26 01:20:10,570 ] 22 root - INFO - Loading data from artifacts\data_ingestion\raw_data\imports_raw.csv
[ 2026-05-26 01:20:10,573 ] 26 root - INFO - Data loaded successfully
[ 2026-05-26 01:20:10,573 ] 396 root - INFO - Starting preprocessing pipeline
[ 2026-05-26 01:20:10,574 ] 53 root - INFO - Schema validation successful
[ 2026-05-26 01:20:10,574 ] 65 root - INFO - Standardizing columns
[ 2026-05-26 01:20:10,575 ] 94 root - INFO - Column standardization completed
[ 2026-05-26 01:20:10,575 ] 108 root - INFO - Converting datatypes
[ 2026-05-26 01:20:10,576 ] 125 root - INFO - Datatype conversion completed
[ 2026-05-26 01:20:10,576 ] 139 root - INFO - Handling missing values
[ 2026-05-26 01:20:10,579 ] 156 root - INFO - Missing value handling completed from (66, 5) to (65, 5)
[ 2026-05-26 01:20:10,579 ] 174 root - INFO - Removing duplicates
[ 2026-05-26 01:20:10,580 ] 188 root - INFO - Duplicates removed from (65, 5) to (65, 5)
[ 2026-05-26 01:20:10,581 ] 208 root - INFO - Filtering valid years
[ 2026-05-26 01:20:10,582 ] 217 root - INFO - Year filtering completed
[ 2026-05-26 01:20:10,582 ] 231 root - INFO - Sorting dataframe
[ 2026-05-26 01:20:10,584 ] 242 root - INFO - Sorting completed
[ 2026-05-26 01:20:10,585 ] 432 root - INFO - Preprocessing pipeline completed
[ 2026-05-26 01:20:10,588 ] 382 root - INFO - Processed dataframe saved at artifacts\data_processing\processed_data\imports_data.csv
[ 2026-05-26 01:20:10,589 ] 354 root - INFO - Metadata saved at artifacts\data_processing\metadata\imports_metadata.json
[ 2026-05-26 01:20:10,589 ] 484 root - INFO - Imports processing completed
[ 2026-05-26 01:20:10,591 ] 22 root - INFO - Loading data from artifacts\data_ingestion\raw_data\trade_percent_gdp_raw.csv
[ 2026-05-26 01:20:10,593 ] 26 root - INFO - Data loaded successfully
[ 2026-05-26 01:20:10,593 ] 396 root - INFO - Starting preprocessing pipeline
[ 2026-05-26 01:20:10,593 ] 53 root - INFO - Schema validation successful
[ 2026-05-26 01:20:10,594 ] 65 root - INFO - Standardizing columns
[ 2026-05-26 01:20:10,595 ] 94 root - INFO - Column standardization completed
[ 2026-05-26 01:20:10,595 ] 108 root - INFO - Converting datatypes
[ 2026-05-26 01:20:10,595 ] 125 root - INFO - Datatype conversion completed
[ 2026-05-26 01:20:10,595 ] 139 root - INFO - Handling missing values
[ 2026-05-26 01:20:10,598 ] 156 root - INFO - Missing value handling completed from (66, 5) to (65, 5)
[ 2026-05-26 01:20:10,599 ] 174 root - INFO - Removing duplicates
[ 2026-05-26 01:20:10,600 ] 188 root - INFO - Duplicates removed from (65, 5) to (65, 5)
[ 2026-05-26 01:20:10,600 ] 208 root - INFO - Filtering valid years
[ 2026-05-26 01:20:10,601 ] 217 root - INFO - Year filtering completed
[ 2026-05-26 01:20:10,601 ] 231 root - INFO - Sorting dataframe
[ 2026-05-26 01:20:10,602 ] 242 root - INFO - Sorting completed
[ 2026-05-26 01:20:10,603 ] 432 root - INFO - Preprocessing pipeline completed
[ 2026-05-26 01:20:10,605 ] 382 root - INFO - Processed dataframe saved at artifacts\data_processing\processed_data\trade_percent_gdp_data.csv
[ 2026-05-26 01:20:10,605 ] 354 root - INFO - Metadata saved at artifacts\data_processing\metadata\trade_percent_gdp_metadata.json
[ 2026-05-26 01:20:10,605 ] 484 root - INFO - Trade_Percent_GDP processing completed
[ 2026-05-26 01:20:10,607 ] 22 root - INFO - Loading data from artifacts\data_ingestion\raw_data\high_tech_exports_raw.csv
[ 2026-05-26 01:20:10,610 ] 26 root - INFO - Data loaded successfully
[ 2026-05-26 01:20:10,610 ] 396 root - INFO - Starting preprocessing pipeline
[ 2026-05-26 01:20:10,610 ] 53 root - INFO - Schema validation successful
[ 2026-05-26 01:20:10,610 ] 65 root - INFO - Standardizing columns
[ 2026-05-26 01:20:10,611 ] 94 root - INFO - Column standardization completed
[ 2026-05-26 01:20:10,611 ] 108 root - INFO - Converting datatypes
[ 2026-05-26 01:20:10,611 ] 125 root - INFO - Datatype conversion completed
[ 2026-05-26 01:20:10,611 ] 139 root - INFO - Handling missing values
[ 2026-05-26 01:20:10,614 ] 156 root - INFO - Missing value handling completed from (66, 5) to (16, 5)
[ 2026-05-26 01:20:10,614 ] 174 root - INFO - Removing duplicates
[ 2026-05-26 01:20:10,615 ] 188 root - INFO - Duplicates removed from (16, 5) to (16, 5)
[ 2026-05-26 01:20:10,615 ] 208 root - INFO - Filtering valid years
[ 2026-05-26 01:20:10,615 ] 217 root - INFO - Year filtering completed
[ 2026-05-26 01:20:10,615 ] 231 root - INFO - Sorting dataframe
[ 2026-05-26 01:20:10,617 ] 242 root - INFO - Sorting completed
[ 2026-05-26 01:20:10,617 ] 432 root - INFO - Preprocessing pipeline completed
[ 2026-05-26 01:20:10,619 ] 382 root - INFO - Processed dataframe saved at artifacts\data_processing\processed_data\high_tech_exports_data.csv
[ 2026-05-26 01:20:10,620 ] 354 root - INFO - Metadata saved at artifacts\data_processing\metadata\high_tech_exports_metadata.json
[ 2026-05-26 01:20:10,620 ] 484 root - INFO - High_Tech_Exports processing completed
[ 2026-05-26 01:20:10,621 ] 22 root - INFO - Loading data from artifacts\data_ingestion\raw_data\internet_users_raw.csv
[ 2026-05-26 01:20:10,623 ] 26 root - INFO - Data loaded successfully
[ 2026-05-26 01:20:10,623 ] 396 root - INFO - Starting preprocessing pipeline
[ 2026-05-26 01:20:10,623 ] 53 root - INFO - Schema validation successful
[ 2026-05-26 01:20:10,623 ] 65 root - INFO - Standardizing columns
[ 2026-05-26 01:20:10,625 ] 94 root - INFO - Column standardization completed
[ 2026-05-26 01:20:10,625 ] 108 root - INFO - Converting datatypes
[ 2026-05-26 01:20:10,625 ] 125 root - INFO - Datatype conversion completed
[ 2026-05-26 01:20:10,625 ] 139 root - INFO - Handling missing values
[ 2026-05-26 01:20:10,627 ] 156 root - INFO - Missing value handling completed from (66, 5) to (35, 5)
[ 2026-05-26 01:20:10,627 ] 174 root - INFO - Removing duplicates
[ 2026-05-26 01:20:10,628 ] 188 root - INFO - Duplicates removed from (35, 5) to (35, 5)
[ 2026-05-26 01:20:10,628 ] 208 root - INFO - Filtering valid years
[ 2026-05-26 01:20:10,629 ] 217 root - INFO - Year filtering completed
[ 2026-05-26 01:20:10,629 ] 231 root - INFO - Sorting dataframe
[ 2026-05-26 01:20:10,630 ] 242 root - INFO - Sorting completed
[ 2026-05-26 01:20:10,631 ] 432 root - INFO - Preprocessing pipeline completed
[ 2026-05-26 01:20:10,633 ] 382 root - INFO - Processed dataframe saved at artifacts\data_processing\processed_data\internet_users_data.csv
[ 2026-05-26 01:20:10,634 ] 354 root - INFO - Metadata saved at artifacts\data_processing\metadata\internet_users_metadata.json
[ 2026-05-26 01:20:10,634 ] 484 root - INFO - Internet_Users processing completed
[ 2026-05-26 01:20:10,635 ] 22 root - INFO - Loading data from artifacts\data_ingestion\raw_data\mobile_subscriptions_raw.csv
[ 2026-05-26 01:20:10,638 ] 26 root - INFO - Data loaded successfully
[ 2026-05-26 01:20:10,639 ] 396 root - INFO - Starting preprocessing pipeline
[ 2026-05-26 01:20:10,639 ] 53 root - INFO - Schema validation successful
[ 2026-05-26 01:20:10,639 ] 65 root - INFO - Standardizing columns
[ 2026-05-26 01:20:10,640 ] 94 root - INFO - Column standardization completed
[ 2026-05-26 01:20:10,640 ] 108 root - INFO - Converting datatypes
[ 2026-05-26 01:20:10,640 ] 125 root - INFO - Datatype conversion completed
[ 2026-05-26 01:20:10,641 ] 139 root - INFO - Handling missing values
[ 2026-05-26 01:20:10,643 ] 156 root - INFO - Missing value handling completed from (66, 5) to (53, 5)
[ 2026-05-26 01:20:10,643 ] 174 root - INFO - Removing duplicates
[ 2026-05-26 01:20:10,645 ] 188 root - INFO - Duplicates removed from (53, 5) to (53, 5)
[ 2026-05-26 01:20:10,645 ] 208 root - INFO - Filtering valid years
[ 2026-05-26 01:20:10,645 ] 217 root - INFO - Year filtering completed
[ 2026-05-26 01:20:10,645 ] 231 root - INFO - Sorting dataframe
[ 2026-05-26 01:20:10,645 ] 242 root - INFO - Sorting completed
[ 2026-05-26 01:20:10,647 ] 432 root - INFO - Preprocessing pipeline completed
[ 2026-05-26 01:20:10,649 ] 382 root - INFO - Processed dataframe saved at artifacts\data_processing\processed_data\mobile_subscriptions_data.csv
[ 2026-05-26 01:20:10,650 ] 354 root - INFO - Metadata saved at artifacts\data_processing\metadata\mobile_subscriptions_metadata.json
[ 2026-05-26 01:20:10,650 ] 484 root - INFO - Mobile_Subscriptions processing completed
[ 2026-05-26 01:20:10,651 ] 22 root - INFO - Loading data from artifacts\data_ingestion\raw_data\broadband_subscriptions_raw.csv
[ 2026-05-26 01:20:10,654 ] 26 root - INFO - Data loaded successfully
[ 2026-05-26 01:20:10,654 ] 396 root - INFO - Starting preprocessing pipeline
[ 2026-05-26 01:20:10,654 ] 53 root - INFO - Schema validation successful
[ 2026-05-26 01:20:10,654 ] 65 root - INFO - Standardizing columns
[ 2026-05-26 01:20:10,656 ] 94 root - INFO - Column standardization completed
[ 2026-05-26 01:20:10,656 ] 108 root - INFO - Converting datatypes
[ 2026-05-26 01:20:10,656 ] 125 root - INFO - Datatype conversion completed
[ 2026-05-26 01:20:10,656 ] 139 root - INFO - Handling missing values
[ 2026-05-26 01:20:10,659 ] 156 root - INFO - Missing value handling completed from (66, 5) to (24, 5)
[ 2026-05-26 01:20:10,659 ] 174 root - INFO - Removing duplicates
[ 2026-05-26 01:20:10,660 ] 188 root - INFO - Duplicates removed from (24, 5) to (24, 5)
[ 2026-05-26 01:20:10,660 ] 208 root - INFO - Filtering valid years
[ 2026-05-26 01:20:10,661 ] 217 root - INFO - Year filtering completed
[ 2026-05-26 01:20:10,661 ] 231 root - INFO - Sorting dataframe
[ 2026-05-26 01:20:10,662 ] 242 root - INFO - Sorting completed
[ 2026-05-26 01:20:10,663 ] 432 root - INFO - Preprocessing pipeline completed
[ 2026-05-26 01:20:10,666 ] 382 root - INFO - Processed dataframe saved at artifacts\data_processing\processed_data\broadband_subscriptions_data.csv
[ 2026-05-26 01:20:10,667 ] 354 root - INFO - Metadata saved at artifacts\data_processing\metadata\broadband_subscriptions_metadata.json
[ 2026-05-26 01:20:10,667 ] 484 root - INFO - Broadband_Subscriptions processing completed
[ 2026-05-26 01:20:10,670 ] 22 root - INFO - Loading data from artifacts\data_ingestion\raw_data\secure_servers_raw.csv
[ 2026-05-26 01:20:10,673 ] 26 root - INFO - Data loaded successfully
[ 2026-05-26 01:20:10,673 ] 396 root - INFO - Starting preprocessing pipeline
[ 2026-05-26 01:20:10,673 ] 53 root - INFO - Schema validation successful
[ 2026-05-26 01:20:10,673 ] 65 root - INFO - Standardizing columns
[ 2026-05-26 01:20:10,674 ] 94 root - INFO - Column standardization completed
[ 2026-05-26 01:20:10,674 ] 108 root - INFO - Converting datatypes
[ 2026-05-26 01:20:10,675 ] 125 root - INFO - Datatype conversion completed
[ 2026-05-26 01:20:10,675 ] 139 root - INFO - Handling missing values
[ 2026-05-26 01:20:10,679 ] 156 root - INFO - Missing value handling completed from (66, 5) to (15, 5)
[ 2026-05-26 01:20:10,679 ] 174 root - INFO - Removing duplicates
[ 2026-05-26 01:20:10,680 ] 188 root - INFO - Duplicates removed from (15, 5) to (15, 5)
[ 2026-05-26 01:20:10,680 ] 208 root - INFO - Filtering valid years
[ 2026-05-26 01:20:10,681 ] 217 root - INFO - Year filtering completed
[ 2026-05-26 01:20:10,681 ] 231 root - INFO - Sorting dataframe
[ 2026-05-26 01:20:10,683 ] 242 root - INFO - Sorting completed
[ 2026-05-26 01:20:10,684 ] 432 root - INFO - Preprocessing pipeline completed
[ 2026-05-26 01:20:10,687 ] 382 root - INFO - Processed dataframe saved at artifacts\data_processing\processed_data\secure_servers_data.csv
[ 2026-05-26 01:20:10,689 ] 354 root - INFO - Metadata saved at artifacts\data_processing\metadata\secure_servers_metadata.json
[ 2026-05-26 01:20:10,689 ] 484 root - INFO - Secure_Servers processing completed
[ 2026-05-26 01:20:10,690 ] 22 root - INFO - Loading data from artifacts\data_ingestion\raw_data\rnd_expenditure_raw.csv
[ 2026-05-26 01:20:10,693 ] 26 root - INFO - Data loaded successfully
[ 2026-05-26 01:20:10,693 ] 396 root - INFO - Starting preprocessing pipeline
[ 2026-05-26 01:20:10,693 ] 53 root - INFO - Schema validation successful
[ 2026-05-26 01:20:10,693 ] 65 root - INFO - Standardizing columns
[ 2026-05-26 01:20:10,695 ] 94 root - INFO - Column standardization completed
[ 2026-05-26 01:20:10,695 ] 108 root - INFO - Converting datatypes
[ 2026-05-26 01:20:10,695 ] 125 root - INFO - Datatype conversion completed
[ 2026-05-26 01:20:10,695 ] 139 root - INFO - Handling missing values
[ 2026-05-26 01:20:10,699 ] 156 root - INFO - Missing value handling completed from (66, 5) to (25, 5)
[ 2026-05-26 01:20:10,699 ] 174 root - INFO - Removing duplicates
[ 2026-05-26 01:20:10,701 ] 188 root - INFO - Duplicates removed from (25, 5) to (25, 5)
[ 2026-05-26 01:20:10,701 ] 208 root - INFO - Filtering valid years
[ 2026-05-26 01:20:10,702 ] 217 root - INFO - Year filtering completed
[ 2026-05-26 01:20:10,702 ] 231 root - INFO - Sorting dataframe
[ 2026-05-26 01:20:10,704 ] 242 root - INFO - Sorting completed
[ 2026-05-26 01:20:10,706 ] 432 root - INFO - Preprocessing pipeline completed
[ 2026-05-26 01:20:10,709 ] 382 root - INFO - Processed dataframe saved at artifacts\data_processing\processed_data\rnd_expenditure_data.csv
[ 2026-05-26 01:20:10,710 ] 354 root - INFO - Metadata saved at artifacts\data_processing\metadata\rnd_expenditure_metadata.json
[ 2026-05-26 01:20:10,710 ] 484 root - INFO - RND_Expenditure processing completed
[ 2026-05-26 01:20:10,711 ] 22 root - INFO - Loading data from artifacts\data_ingestion\raw_data\air_pollution_raw.csv
[ 2026-05-26 01:20:10,715 ] 26 root - INFO - Data loaded successfully
[ 2026-05-26 01:20:10,715 ] 396 root - INFO - Starting preprocessing pipeline
[ 2026-05-26 01:20:10,715 ] 53 root - INFO - Schema validation successful
[ 2026-05-26 01:20:10,715 ] 65 root - INFO - Standardizing columns
[ 2026-05-26 01:20:10,717 ] 94 root - INFO - Column standardization completed
[ 2026-05-26 01:20:10,717 ] 108 root - INFO - Converting datatypes
[ 2026-05-26 01:20:10,717 ] 125 root - INFO - Datatype conversion completed
[ 2026-05-26 01:20:10,717 ] 139 root - INFO - Handling missing values
[ 2026-05-26 01:20:10,720 ] 156 root - INFO - Missing value handling completed from (66, 5) to (31, 5)
[ 2026-05-26 01:20:10,720 ] 174 root - INFO - Removing duplicates
[ 2026-05-26 01:20:10,721 ] 188 root - INFO - Duplicates removed from (31, 5) to (31, 5)
[ 2026-05-26 01:20:10,721 ] 208 root - INFO - Filtering valid years
[ 2026-05-26 01:20:10,721 ] 217 root - INFO - Year filtering completed
[ 2026-05-26 01:20:10,721 ] 231 root - INFO - Sorting dataframe
[ 2026-05-26 01:20:10,723 ] 242 root - INFO - Sorting completed
[ 2026-05-26 01:20:10,724 ] 432 root - INFO - Preprocessing pipeline completed
[ 2026-05-26 01:20:10,762 ] 382 root - INFO - Processed dataframe saved at artifacts\data_processing\processed_data\air_pollution_data.csv
[ 2026-05-26 01:20:10,768 ] 354 root - INFO - Metadata saved at artifacts\data_processing\metadata\air_pollution_metadata.json
[ 2026-05-26 01:20:10,768 ] 484 root - INFO - Air_Pollution processing completed
[ 2026-05-26 01:20:10,770 ] 22 root - INFO - Loading data from artifacts\data_ingestion\raw_data\forest_area_raw.csv
[ 2026-05-26 01:20:10,811 ] 26 root - INFO - Data loaded successfully
[ 2026-05-26 01:20:10,812 ] 396 root - INFO - Starting preprocessing pipeline
[ 2026-05-26 01:20:10,812 ] 53 root - INFO - Schema validation successful
[ 2026-05-26 01:20:10,825 ] 65 root - INFO - Standardizing columns
[ 2026-05-26 01:20:10,839 ] 94 root - INFO - Column standardization completed
[ 2026-05-26 01:20:10,840 ] 108 root - INFO - Converting datatypes
[ 2026-05-26 01:20:10,842 ] 125 root - INFO - Datatype conversion completed
[ 2026-05-26 01:20:10,842 ] 139 root - INFO - Handling missing values
[ 2026-05-26 01:20:10,850 ] 156 root - INFO - Missing value handling completed from (66, 5) to (34, 5)
[ 2026-05-26 01:20:10,852 ] 174 root - INFO - Removing duplicates
[ 2026-05-26 01:20:10,854 ] 188 root - INFO - Duplicates removed from (34, 5) to (34, 5)
[ 2026-05-26 01:20:10,854 ] 208 root - INFO - Filtering valid years
[ 2026-05-26 01:20:10,876 ] 217 root - INFO - Year filtering completed
[ 2026-05-26 01:20:10,877 ] 231 root - INFO - Sorting dataframe
[ 2026-05-26 01:20:10,880 ] 242 root - INFO - Sorting completed
[ 2026-05-26 01:20:10,882 ] 432 root - INFO - Preprocessing pipeline completed
[ 2026-05-26 01:20:10,887 ] 382 root - INFO - Processed dataframe saved at artifacts\data_processing\processed_data\forest_area_data.csv
[ 2026-05-26 01:20:10,889 ] 354 root - INFO - Metadata saved at artifacts\data_processing\metadata\forest_area_metadata.json
[ 2026-05-26 01:20:10,889 ] 484 root - INFO - Forest_Area processing completed
[ 2026-05-26 01:20:10,891 ] 22 root - INFO - Loading data from artifacts\data_ingestion\raw_data\renewable_energy_raw.csv
[ 2026-05-26 01:20:10,895 ] 26 root - INFO - Data loaded successfully
[ 2026-05-26 01:20:10,896 ] 396 root - INFO - Starting preprocessing pipeline
[ 2026-05-26 01:20:10,896 ] 53 root - INFO - Schema validation successful
[ 2026-05-26 01:20:10,896 ] 65 root - INFO - Standardizing columns
[ 2026-05-26 01:20:10,901 ] 94 root - INFO - Column standardization completed
[ 2026-05-26 01:20:10,901 ] 108 root - INFO - Converting datatypes
[ 2026-05-26 01:20:10,903 ] 125 root - INFO - Datatype conversion completed
[ 2026-05-26 01:20:10,903 ] 139 root - INFO - Handling missing values
[ 2026-05-26 01:20:10,906 ] 156 root - INFO - Missing value handling completed from (66, 5) to (32, 5)
[ 2026-05-26 01:20:10,906 ] 174 root - INFO - Removing duplicates
[ 2026-05-26 01:20:10,908 ] 188 root - INFO - Duplicates removed from (32, 5) to (32, 5)
[ 2026-05-26 01:20:10,908 ] 208 root - INFO - Filtering valid years
[ 2026-05-26 01:20:10,909 ] 217 root - INFO - Year filtering completed
[ 2026-05-26 01:20:10,909 ] 231 root - INFO - Sorting dataframe
[ 2026-05-26 01:20:10,911 ] 242 root - INFO - Sorting completed
[ 2026-05-26 01:20:10,912 ] 432 root - INFO - Preprocessing pipeline completed
[ 2026-05-26 01:20:10,917 ] 382 root - INFO - Processed dataframe saved at artifacts\data_processing\processed_data\renewable_energy_data.csv
[ 2026-05-26 01:20:10,919 ] 354 root - INFO - Metadata saved at artifacts\data_processing\metadata\renewable_energy_metadata.json
[ 2026-05-26 01:20:10,919 ] 484 root - INFO - Renewable_Energy processing completed
[ 2026-05-26 01:20:10,921 ] 22 root - INFO - Loading data from artifacts\data_ingestion\raw_data\electricity_access_raw.csv
[ 2026-05-26 01:20:10,925 ] 26 root - INFO - Data loaded successfully
[ 2026-05-26 01:20:10,925 ] 396 root - INFO - Starting preprocessing pipeline
[ 2026-05-26 01:20:10,926 ] 53 root - INFO - Schema validation successful
[ 2026-05-26 01:20:10,926 ] 65 root - INFO - Standardizing columns
[ 2026-05-26 01:20:10,928 ] 94 root - INFO - Column standardization completed
[ 2026-05-26 01:20:10,928 ] 108 root - INFO - Converting datatypes
[ 2026-05-26 01:20:10,928 ] 125 root - INFO - Datatype conversion completed
[ 2026-05-26 01:20:10,929 ] 139 root - INFO - Handling missing values
[ 2026-05-26 01:20:10,933 ] 156 root - INFO - Missing value handling completed from (66, 5) to (31, 5)
[ 2026-05-26 01:20:10,933 ] 174 root - INFO - Removing duplicates
[ 2026-05-26 01:20:10,934 ] 188 root - INFO - Duplicates removed from (31, 5) to (31, 5)
[ 2026-05-26 01:20:10,934 ] 208 root - INFO - Filtering valid years
[ 2026-05-26 01:20:10,936 ] 217 root - INFO - Year filtering completed
[ 2026-05-26 01:20:10,937 ] 231 root - INFO - Sorting dataframe
[ 2026-05-26 01:20:10,939 ] 242 root - INFO - Sorting completed
[ 2026-05-26 01:20:10,940 ] 432 root - INFO - Preprocessing pipeline completed
[ 2026-05-26 01:20:10,944 ] 382 root - INFO - Processed dataframe saved at artifacts\data_processing\processed_data\electricity_access_data.csv
[ 2026-05-26 01:20:10,945 ] 354 root - INFO - Metadata saved at artifacts\data_processing\metadata\electricity_access_metadata.json
[ 2026-05-26 01:20:10,945 ] 484 root - INFO - Electricity_Access processing completed
[ 2026-05-26 01:20:10,946 ] 22 root - INFO - Loading data from artifacts\data_ingestion\raw_data\agriculture_raw.csv
[ 2026-05-26 01:20:10,951 ] 26 root - INFO - Data loaded successfully
[ 2026-05-26 01:20:10,951 ] 396 root - INFO - Starting preprocessing pipeline
[ 2026-05-26 01:20:10,951 ] 53 root - INFO - Schema validation successful
[ 2026-05-26 01:20:10,952 ] 65 root - INFO - Standardizing columns
[ 2026-05-26 01:20:10,953 ] 94 root - INFO - Column standardization completed
[ 2026-05-26 01:20:10,954 ] 108 root - INFO - Converting datatypes
[ 2026-05-26 01:20:10,954 ] 125 root - INFO - Datatype conversion completed
[ 2026-05-26 01:20:10,954 ] 139 root - INFO - Handling missing values
[ 2026-05-26 01:20:10,956 ] 156 root - INFO - Missing value handling completed from (66, 5) to (65, 5)
[ 2026-05-26 01:20:10,957 ] 174 root - INFO - Removing duplicates
[ 2026-05-26 01:20:10,958 ] 188 root - INFO - Duplicates removed from (65, 5) to (65, 5)
[ 2026-05-26 01:20:10,958 ] 208 root - INFO - Filtering valid years
[ 2026-05-26 01:20:10,958 ] 217 root - INFO - Year filtering completed
[ 2026-05-26 01:20:10,958 ] 231 root - INFO - Sorting dataframe
[ 2026-05-26 01:20:10,960 ] 242 root - INFO - Sorting completed
[ 2026-05-26 01:20:10,961 ] 432 root - INFO - Preprocessing pipeline completed
[ 2026-05-26 01:20:10,965 ] 382 root - INFO - Processed dataframe saved at artifacts\data_processing\processed_data\agriculture_data.csv
[ 2026-05-26 01:20:10,968 ] 354 root - INFO - Metadata saved at artifacts\data_processing\metadata\agriculture_metadata.json
[ 2026-05-26 01:20:10,968 ] 484 root - INFO - Agriculture processing completed
[ 2026-05-26 01:20:10,968 ] 22 root - INFO - Loading data from artifacts\data_ingestion\raw_data\industry_raw.csv
[ 2026-05-26 01:20:10,972 ] 26 root - INFO - Data loaded successfully
[ 2026-05-26 01:20:10,972 ] 396 root - INFO - Starting preprocessing pipeline
[ 2026-05-26 01:20:10,973 ] 53 root - INFO - Schema validation successful
[ 2026-05-26 01:20:10,973 ] 65 root - INFO - Standardizing columns
[ 2026-05-26 01:20:10,975 ] 94 root - INFO - Column standardization completed
[ 2026-05-26 01:20:10,975 ] 108 root - INFO - Converting datatypes
[ 2026-05-26 01:20:10,975 ] 125 root - INFO - Datatype conversion completed
[ 2026-05-26 01:20:10,976 ] 139 root - INFO - Handling missing values
[ 2026-05-26 01:20:10,977 ] 156 root - INFO - Missing value handling completed from (66, 5) to (65, 5)
[ 2026-05-26 01:20:10,979 ] 174 root - INFO - Removing duplicates
[ 2026-05-26 01:20:10,980 ] 188 root - INFO - Duplicates removed from (65, 5) to (65, 5)
[ 2026-05-26 01:20:10,980 ] 208 root - INFO - Filtering valid years
[ 2026-05-26 01:20:10,981 ] 217 root - INFO - Year filtering completed
[ 2026-05-26 01:20:10,981 ] 231 root - INFO - Sorting dataframe
[ 2026-05-26 01:20:10,985 ] 242 root - INFO - Sorting completed
[ 2026-05-26 01:20:10,986 ] 432 root - INFO - Preprocessing pipeline completed
[ 2026-05-26 01:20:10,990 ] 382 root - INFO - Processed dataframe saved at artifacts\data_processing\processed_data\industry_data.csv
[ 2026-05-26 01:20:10,991 ] 354 root - INFO - Metadata saved at artifacts\data_processing\metadata\industry_metadata.json
[ 2026-05-26 01:20:10,991 ] 484 root - INFO - Industry processing completed
[ 2026-05-26 01:20:10,992 ] 22 root - INFO - Loading data from artifacts\data_ingestion\raw_data\services_raw.csv
[ 2026-05-26 01:20:10,997 ] 26 root - INFO - Data loaded successfully
[ 2026-05-26 01:20:10,997 ] 396 root - INFO - Starting preprocessing pipeline
[ 2026-05-26 01:20:10,999 ] 53 root - INFO - Schema validation successful
[ 2026-05-26 01:20:10,999 ] 65 root - INFO - Standardizing columns
[ 2026-05-26 01:20:11,000 ] 94 root - INFO - Column standardization completed
[ 2026-05-26 01:20:11,001 ] 108 root - INFO - Converting datatypes
[ 2026-05-26 01:20:11,001 ] 125 root - INFO - Datatype conversion completed
[ 2026-05-26 01:20:11,001 ] 139 root - INFO - Handling missing values
[ 2026-05-26 01:20:11,005 ] 156 root - INFO - Missing value handling completed from (66, 5) to (65, 5)
[ 2026-05-26 01:20:11,005 ] 174 root - INFO - Removing duplicates
[ 2026-05-26 01:20:11,006 ] 188 root - INFO - Duplicates removed from (65, 5) to (65, 5)
[ 2026-05-26 01:20:11,006 ] 208 root - INFO - Filtering valid years
[ 2026-05-26 01:20:11,007 ] 217 root - INFO - Year filtering completed
[ 2026-05-26 01:20:11,007 ] 231 root - INFO - Sorting dataframe
[ 2026-05-26 01:20:11,009 ] 242 root - INFO - Sorting completed
[ 2026-05-26 01:20:11,010 ] 432 root - INFO - Preprocessing pipeline completed
[ 2026-05-26 01:20:11,013 ] 382 root - INFO - Processed dataframe saved at artifacts\data_processing\processed_data\services_data.csv
[ 2026-05-26 01:20:11,015 ] 354 root - INFO - Metadata saved at artifacts\data_processing\metadata\services_metadata.json
[ 2026-05-26 01:20:11,015 ] 484 root - INFO - Services processing completed
[ 2026-05-26 01:20:11,017 ] 22 root - INFO - Loading data from artifacts\data_ingestion\raw_data\military_expenditure_raw.csv
[ 2026-05-26 01:20:11,020 ] 26 root - INFO - Data loaded successfully
[ 2026-05-26 01:20:11,020 ] 396 root - INFO - Starting preprocessing pipeline
[ 2026-05-26 01:20:11,020 ] 53 root - INFO - Schema validation successful
[ 2026-05-26 01:20:11,020 ] 65 root - INFO - Standardizing columns
[ 2026-05-26 01:20:11,022 ] 94 root - INFO - Column standardization completed
[ 2026-05-26 01:20:11,022 ] 108 root - INFO - Converting datatypes
[ 2026-05-26 01:20:11,022 ] 125 root - INFO - Datatype conversion completed
[ 2026-05-26 01:20:11,022 ] 139 root - INFO - Handling missing values
[ 2026-05-26 01:20:11,025 ] 156 root - INFO - Missing value handling completed from (66, 5) to (65, 5)
[ 2026-05-26 01:20:11,025 ] 174 root - INFO - Removing duplicates
[ 2026-05-26 01:20:11,026 ] 188 root - INFO - Duplicates removed from (65, 5) to (65, 5)
[ 2026-05-26 01:20:11,026 ] 208 root - INFO - Filtering valid years
[ 2026-05-26 01:20:11,027 ] 217 root - INFO - Year filtering completed
[ 2026-05-26 01:20:11,027 ] 231 root - INFO - Sorting dataframe
[ 2026-05-26 01:20:11,029 ] 242 root - INFO - Sorting completed
[ 2026-05-26 01:20:11,031 ] 432 root - INFO - Preprocessing pipeline completed
[ 2026-05-26 01:20:11,034 ] 382 root - INFO - Processed dataframe saved at artifacts\data_processing\processed_data\military_expenditure_data.csv
[ 2026-05-26 01:20:11,035 ] 354 root - INFO - Metadata saved at artifacts\data_processing\metadata\military_expenditure_metadata.json
[ 2026-05-26 01:20:11,035 ] 484 root - INFO - Military_Expenditure processing completed
[ 2026-05-26 01:20:11,036 ] 22 root - INFO - Loading data from artifacts\data_ingestion\raw_data\military_percent_gdp_raw.csv
[ 2026-05-26 01:20:11,040 ] 26 root - INFO - Data loaded successfully
[ 2026-05-26 01:20:11,040 ] 396 root - INFO - Starting preprocessing pipeline
[ 2026-05-26 01:20:11,040 ] 53 root - INFO - Schema validation successful
[ 2026-05-26 01:20:11,040 ] 65 root - INFO - Standardizing columns
[ 2026-05-26 01:20:11,042 ] 94 root - INFO - Column standardization completed
[ 2026-05-26 01:20:11,042 ] 108 root - INFO - Converting datatypes
[ 2026-05-26 01:20:11,043 ] 125 root - INFO - Datatype conversion completed
[ 2026-05-26 01:20:11,043 ] 139 root - INFO - Handling missing values
[ 2026-05-26 01:20:11,045 ] 156 root - INFO - Missing value handling completed from (66, 5) to (65, 5)
[ 2026-05-26 01:20:11,045 ] 174 root - INFO - Removing duplicates
[ 2026-05-26 01:20:11,048 ] 188 root - INFO - Duplicates removed from (65, 5) to (65, 5)
[ 2026-05-26 01:20:11,049 ] 208 root - INFO - Filtering valid years
[ 2026-05-26 01:20:11,050 ] 217 root - INFO - Year filtering completed
[ 2026-05-26 01:20:11,050 ] 231 root - INFO - Sorting dataframe
[ 2026-05-26 01:20:11,052 ] 242 root - INFO - Sorting completed
[ 2026-05-26 01:20:11,054 ] 432 root - INFO - Preprocessing pipeline completed
[ 2026-05-26 01:20:11,057 ] 382 root - INFO - Processed dataframe saved at artifacts\data_processing\processed_data\military_percent_gdp_data.csv
[ 2026-05-26 01:20:11,058 ] 354 root - INFO - Metadata saved at artifacts\data_processing\metadata\military_percent_gdp_metadata.json
[ 2026-05-26 01:20:11,058 ] 484 root - INFO - Military_Percent_GDP processing completed
[ 2026-05-26 01:20:11,060 ] 22 root - INFO - Loading data from artifacts\data_ingestion\raw_data\armed_forces_personnel_raw.csv
[ 2026-05-26 01:20:11,063 ] 26 root - INFO - Data loaded successfully
[ 2026-05-26 01:20:11,063 ] 396 root - INFO - Starting preprocessing pipeline
[ 2026-05-26 01:20:11,063 ] 53 root - INFO - Schema validation successful
[ 2026-05-26 01:20:11,063 ] 65 root - INFO - Standardizing columns
[ 2026-05-26 01:20:11,066 ] 94 root - INFO - Column standardization completed
[ 2026-05-26 01:20:11,066 ] 108 root - INFO - Converting datatypes
[ 2026-05-26 01:20:11,066 ] 125 root - INFO - Datatype conversion completed
[ 2026-05-26 01:20:11,066 ] 139 root - INFO - Handling missing values
[ 2026-05-26 01:20:11,070 ] 156 root - INFO - Missing value handling completed from (66, 5) to (33, 5)
[ 2026-05-26 01:20:11,070 ] 174 root - INFO - Removing duplicates
[ 2026-05-26 01:20:11,072 ] 188 root - INFO - Duplicates removed from (33, 5) to (33, 5)
[ 2026-05-26 01:20:11,072 ] 208 root - INFO - Filtering valid years
[ 2026-05-26 01:20:11,072 ] 217 root - INFO - Year filtering completed
[ 2026-05-26 01:20:11,072 ] 231 root - INFO - Sorting dataframe
[ 2026-05-26 01:20:11,074 ] 242 root - INFO - Sorting completed
[ 2026-05-26 01:20:11,075 ] 432 root - INFO - Preprocessing pipeline completed
[ 2026-05-26 01:20:11,078 ] 382 root - INFO - Processed dataframe saved at artifacts\data_processing\processed_data\armed_forces_personnel_data.csv
[ 2026-05-26 01:20:11,079 ] 354 root - INFO - Metadata saved at artifacts\data_processing\metadata\armed_forces_personnel_metadata.json
[ 2026-05-26 01:20:11,079 ] 484 root - INFO - Armed_Forces_Personnel processing completed
[ 2026-05-26 01:20:11,081 ] 46 root - INFO - Economy Section Processing Started
[ 2026-05-26 01:20:11,081 ] 53 root - INFO - economy section processing started
[ 2026-05-26 01:20:11,129 ] 65 root - INFO - economy csv files fetched to dataframes.
[ 2026-05-26 01:20:11,173 ] 57 root - INFO - economy section processing completed
[ 2026-05-26 01:20:11,173 ] 53 root - INFO - demographics section processing started
[ 2026-05-26 01:20:11,265 ] 65 root - INFO - demographics csv files fetched to dataframes.
[ 2026-05-26 01:20:11,319 ] 57 root - INFO - demographics section processing completed
[ 2026-05-26 01:20:11,319 ] 53 root - INFO - trade section processing started
[ 2026-05-26 01:20:11,368 ] 65 root - INFO - trade csv files fetched to dataframes.
[ 2026-05-26 01:20:11,392 ] 57 root - INFO - trade section processing completed
[ 2026-05-26 01:20:11,392 ] 53 root - INFO - technology section processing started
[ 2026-05-26 01:20:11,443 ] 65 root - INFO - technology csv files fetched to dataframes.
[ 2026-05-26 01:20:11,484 ] 57 root - INFO - technology section processing completed
[ 2026-05-26 01:20:11,484 ] 53 root - INFO - environment section processing started
[ 2026-05-26 01:20:11,526 ] 65 root - INFO - environment csv files fetched to dataframes.
[ 2026-05-26 01:20:11,556 ] 57 root - INFO - environment section processing completed
[ 2026-05-26 01:20:11,556 ] 53 root - INFO - industry section processing started
[ 2026-05-26 01:20:11,579 ] 65 root - INFO - industry csv files fetched to dataframes.
[ 2026-05-26 01:20:11,592 ] 57 root - INFO - industry section processing completed
[ 2026-05-26 01:20:11,592 ] 53 root - INFO - military section processing started
[ 2026-05-26 01:20:11,613 ] 65 root - INFO - military csv files fetched to dataframes.
[ 2026-05-26 01:20:11,626 ] 57 root - INFO - military section processing completed
[ 2026-05-26 01:20:11,626 ] 59 root - INFO - Economy Section Processing Completed
